2023-06-30T00:45:55+00:00 CRITICAL Uncaught ArgumentCountError: Too few arguments to function WpOrg\Requests\Exception::__construct(), 1 passed in /home/vr488025/yapposushi.com/www/wp-content/themes/storefront/webhooks/poster/handler/transaction.php on line 434 and at least 2 expected in /home/vr488025/yapposushi.com/www/wp-includes/Requests/src/Exception.php:40
Stack trace:
#0 /home/vr488025/yapposushi.com/www/wp-content/themes/storefront/webhooks/poster/handler/transaction.php(434): WpOrg\Requests\Exception->__construct('\xD0\x9F\xD0\xBE\xD0\xBC\xD0\xB8\xD0\xBB\xD0\xBA\xD0\xB0 ...')
#1 /home/vr488025/yapposushi.com/www/wp-content/themes/storefront/webhooks/poster/handler/transaction.php(41): Poster\Handler\Transaction->createDealInPipe()
#2 /home/vr488025/yapposushi.com/www/wp-content/themes/storefront/webhooks/poster/init.php(24): Poster\Handler\Transaction->init()
#3 {main}
  thrown у /home/vr488025/yapposushi.com/www/wp-includes/Requests/src/Exception.php доступно 40

2023-06-30T00:45:55+00:00 CRITICAL Uncaught ArgumentCountError: Too few arguments to function WpOrg\Requests\Exception::__construct(), 1 passed in /home/vr488025/yapposushi.com/www/wp-content/themes/storefront/webhooks/poster/handler/transaction.php on line 434 and at least 2 expected in /home/vr488025/yapposushi.com/www/wp-includes/Requests/src/Exception.php:40
Stack trace:
#0 /home/vr488025/yapposushi.com/www/wp-content/themes/storefront/webhooks/poster/handler/transaction.php(434): WpOrg\Requests\Exception->__construct('\xD0\x9F\xD0\xBE\xD0\xBC\xD0\xB8\xD0\xBB\xD0\xBA\xD0\xB0 ...')
#1 /home/vr488025/yapposushi.com/www/wp-content/themes/storefront/webhooks/poster/handler/transaction.php(41): Poster\Handler\Transaction->createDealInPipe()
#2 /home/vr488025/yapposushi.com/www/wp-content/themes/storefront/webhooks/poster/init.php(24): Poster\Handler\Transaction->init()
#3 {main}
  thrown у /home/vr488025/yapposushi.com/www/wp-includes/Requests/src/Exception.php доступно 40

2023-06-30T03:46:01+00:00 CRITICAL Uncaught ArgumentCountError: Too few arguments to function WpOrg\Requests\Exception::__construct(), 1 passed in /home/vr488025/yapposushi.com/www/wp-content/themes/storefront/webhooks/poster/handler/transaction.php on line 434 and at least 2 expected in /home/vr488025/yapposushi.com/www/wp-includes/Requests/src/Exception.php:40
Stack trace:
#0 /home/vr488025/yapposushi.com/www/wp-content/themes/storefront/webhooks/poster/handler/transaction.php(434): WpOrg\Requests\Exception->__construct('\xD0\x9F\xD0\xBE\xD0\xBC\xD0\xB8\xD0\xBB\xD0\xBA\xD0\xB0 ...')
#1 /home/vr488025/yapposushi.com/www/wp-content/themes/storefront/webhooks/poster/handler/transaction.php(41): Poster\Handler\Transaction->createDealInPipe()
#2 /home/vr488025/yapposushi.com/www/wp-content/themes/storefront/webhooks/poster/init.php(24): Poster\Handler\Transaction->init()
#3 {main}
  thrown у /home/vr488025/yapposushi.com/www/wp-includes/Requests/src/Exception.php доступно 40

2023-06-30T03:46:01+00:00 CRITICAL Uncaught ArgumentCountError: Too few arguments to function WpOrg\Requests\Exception::__construct(), 1 passed in /home/vr488025/yapposushi.com/www/wp-content/themes/storefront/webhooks/poster/handler/transaction.php on line 434 and at least 2 expected in /home/vr488025/yapposushi.com/www/wp-includes/Requests/src/Exception.php:40
Stack trace:
#0 /home/vr488025/yapposushi.com/www/wp-content/themes/storefront/webhooks/poster/handler/transaction.php(434): WpOrg\Requests\Exception->__construct('\xD0\x9F\xD0\xBE\xD0\xBC\xD0\xB8\xD0\xBB\xD0\xBA\xD0\xB0 ...')
#1 /home/vr488025/yapposushi.com/www/wp-content/themes/storefront/webhooks/poster/handler/transaction.php(41): Poster\Handler\Transaction->createDealInPipe()
#2 /home/vr488025/yapposushi.com/www/wp-content/themes/storefront/webhooks/poster/init.php(24): Poster\Handler\Transaction->init()
#3 {main}
  thrown у /home/vr488025/yapposushi.com/www/wp-includes/Requests/src/Exception.php доступно 40

2023-06-30T06:46:09+00:00 CRITICAL Uncaught ArgumentCountError: Too few arguments to function WpOrg\Requests\Exception::__construct(), 1 passed in /home/vr488025/yapposushi.com/www/wp-content/themes/storefront/webhooks/poster/handler/transaction.php on line 434 and at least 2 expected in /home/vr488025/yapposushi.com/www/wp-includes/Requests/src/Exception.php:40
Stack trace:
#0 /home/vr488025/yapposushi.com/www/wp-content/themes/storefront/webhooks/poster/handler/transaction.php(434): WpOrg\Requests\Exception->__construct('\xD0\x9F\xD0\xBE\xD0\xBC\xD0\xB8\xD0\xBB\xD0\xBA\xD0\xB0 ...')
#1 /home/vr488025/yapposushi.com/www/wp-content/themes/storefront/webhooks/poster/handler/transaction.php(41): Poster\Handler\Transaction->createDealInPipe()
#2 /home/vr488025/yapposushi.com/www/wp-content/themes/storefront/webhooks/poster/init.php(24): Poster\Handler\Transaction->init()
#3 {main}
  thrown у /home/vr488025/yapposushi.com/www/wp-includes/Requests/src/Exception.php доступно 40

2023-06-30T06:46:09+00:00 CRITICAL Uncaught ArgumentCountError: Too few arguments to function WpOrg\Requests\Exception::__construct(), 1 passed in /home/vr488025/yapposushi.com/www/wp-content/themes/storefront/webhooks/poster/handler/transaction.php on line 434 and at least 2 expected in /home/vr488025/yapposushi.com/www/wp-includes/Requests/src/Exception.php:40
Stack trace:
#0 /home/vr488025/yapposushi.com/www/wp-content/themes/storefront/webhooks/poster/handler/transaction.php(434): WpOrg\Requests\Exception->__construct('\xD0\x9F\xD0\xBE\xD0\xBC\xD0\xB8\xD0\xBB\xD0\xBA\xD0\xB0 ...')
#1 /home/vr488025/yapposushi.com/www/wp-content/themes/storefront/webhooks/poster/handler/transaction.php(41): Poster\Handler\Transaction->createDealInPipe()
#2 /home/vr488025/yapposushi.com/www/wp-content/themes/storefront/webhooks/poster/init.php(24): Poster\Handler\Transaction->init()
#3 {main}
  thrown у /home/vr488025/yapposushi.com/www/wp-includes/Requests/src/Exception.php доступно 40

2023-06-30T09:46:17+00:00 CRITICAL Uncaught ArgumentCountError: Too few arguments to function WpOrg\Requests\Exception::__construct(), 1 passed in /home/vr488025/yapposushi.com/www/wp-content/themes/storefront/webhooks/poster/handler/transaction.php on line 434 and at least 2 expected in /home/vr488025/yapposushi.com/www/wp-includes/Requests/src/Exception.php:40
Stack trace:
#0 /home/vr488025/yapposushi.com/www/wp-content/themes/storefront/webhooks/poster/handler/transaction.php(434): WpOrg\Requests\Exception->__construct('\xD0\x9F\xD0\xBE\xD0\xBC\xD0\xB8\xD0\xBB\xD0\xBA\xD0\xB0 ...')
#1 /home/vr488025/yapposushi.com/www/wp-content/themes/storefront/webhooks/poster/handler/transaction.php(41): Poster\Handler\Transaction->createDealInPipe()
#2 /home/vr488025/yapposushi.com/www/wp-content/themes/storefront/webhooks/poster/init.php(24): Poster\Handler\Transaction->init()
#3 {main}
  thrown у /home/vr488025/yapposushi.com/www/wp-includes/Requests/src/Exception.php доступно 40

2023-06-30T09:46:17+00:00 CRITICAL Uncaught ArgumentCountError: Too few arguments to function WpOrg\Requests\Exception::__construct(), 1 passed in /home/vr488025/yapposushi.com/www/wp-content/themes/storefront/webhooks/poster/handler/transaction.php on line 434 and at least 2 expected in /home/vr488025/yapposushi.com/www/wp-includes/Requests/src/Exception.php:40
Stack trace:
#0 /home/vr488025/yapposushi.com/www/wp-content/themes/storefront/webhooks/poster/handler/transaction.php(434): WpOrg\Requests\Exception->__construct('\xD0\x9F\xD0\xBE\xD0\xBC\xD0\xB8\xD0\xBB\xD0\xBA\xD0\xB0 ...')
#1 /home/vr488025/yapposushi.com/www/wp-content/themes/storefront/webhooks/poster/handler/transaction.php(41): Poster\Handler\Transaction->createDealInPipe()
#2 /home/vr488025/yapposushi.com/www/wp-content/themes/storefront/webhooks/poster/init.php(24): Poster\Handler\Transaction->init()
#3 {main}
  thrown у /home/vr488025/yapposushi.com/www/wp-includes/Requests/src/Exception.php доступно 40

2023-06-30T12:47:00+00:00 CRITICAL Uncaught ArgumentCountError: Too few arguments to function WpOrg\Requests\Exception::__construct(), 1 passed in /home/vr488025/yapposushi.com/www/wp-content/themes/storefront/webhooks/poster/handler/transaction.php on line 429 and at least 2 expected in /home/vr488025/yapposushi.com/www/wp-includes/Requests/src/Exception.php:40
Stack trace:
#0 /home/vr488025/yapposushi.com/www/wp-content/themes/storefront/webhooks/poster/handler/transaction.php(429): WpOrg\Requests\Exception->__construct('\xD0\x9F\xD0\xBE\xD0\xBC\xD0\xB8\xD0\xBB\xD0\xBA\xD0\xB0 ...')
#1 /home/vr488025/yapposushi.com/www/wp-content/themes/storefront/webhooks/poster/handler/transaction.php(41): Poster\Handler\Transaction->createDealInPipe()
#2 /home/vr488025/yapposushi.com/www/wp-content/themes/storefront/webhooks/poster/init.php(25): Poster\Handler\Transaction->init()
#3 {main}
  thrown у /home/vr488025/yapposushi.com/www/wp-includes/Requests/src/Exception.php доступно 40

2023-06-30T12:47:00+00:00 CRITICAL Uncaught ArgumentCountError: Too few arguments to function WpOrg\Requests\Exception::__construct(), 1 passed in /home/vr488025/yapposushi.com/www/wp-content/themes/storefront/webhooks/poster/handler/transaction.php on line 429 and at least 2 expected in /home/vr488025/yapposushi.com/www/wp-includes/Requests/src/Exception.php:40
Stack trace:
#0 /home/vr488025/yapposushi.com/www/wp-content/themes/storefront/webhooks/poster/handler/transaction.php(429): WpOrg\Requests\Exception->__construct('\xD0\x9F\xD0\xBE\xD0\xBC\xD0\xB8\xD0\xBB\xD0\xBA\xD0\xB0 ...')
#1 /home/vr488025/yapposushi.com/www/wp-content/themes/storefront/webhooks/poster/handler/transaction.php(41): Poster\Handler\Transaction->createDealInPipe()
#2 /home/vr488025/yapposushi.com/www/wp-content/themes/storefront/webhooks/poster/init.php(25): Poster\Handler\Transaction->init()
#3 {main}
  thrown у /home/vr488025/yapposushi.com/www/wp-includes/Requests/src/Exception.php доступно 40

2023-06-30T12:47:50+00:00 CRITICAL Uncaught ArgumentCountError: Too few arguments to function WpOrg\Requests\Exception::__construct(), 1 passed in /home/vr488025/yapposushi.com/www/wp-content/themes/storefront/webhooks/poster/handler/transaction.php on line 398 and at least 2 expected in /home/vr488025/yapposushi.com/www/wp-includes/Requests/src/Exception.php:40
Stack trace:
#0 /home/vr488025/yapposushi.com/www/wp-content/themes/storefront/webhooks/poster/handler/transaction.php(398): WpOrg\Requests\Exception->__construct('\xD0\x9F\xD0\xBE\xD0\xBC\xD0\xB8\xD0\xBB\xD0\xBA\xD0\xB0 ...')
#1 /home/vr488025/yapposushi.com/www/wp-content/themes/storefront/webhooks/poster/handler/transaction.php(41): Poster\Handler\Transaction->createDealInPipe()
#2 /home/vr488025/yapposushi.com/www/wp-content/themes/storefront/webhooks/poster/init.php(25): Poster\Handler\Transaction->init()
#3 {main}
  thrown у /home/vr488025/yapposushi.com/www/wp-includes/Requests/src/Exception.php доступно 40

2023-06-30T12:47:50+00:00 CRITICAL Uncaught ArgumentCountError: Too few arguments to function WpOrg\Requests\Exception::__construct(), 1 passed in /home/vr488025/yapposushi.com/www/wp-content/themes/storefront/webhooks/poster/handler/transaction.php on line 398 and at least 2 expected in /home/vr488025/yapposushi.com/www/wp-includes/Requests/src/Exception.php:40
Stack trace:
#0 /home/vr488025/yapposushi.com/www/wp-content/themes/storefront/webhooks/poster/handler/transaction.php(398): WpOrg\Requests\Exception->__construct('\xD0\x9F\xD0\xBE\xD0\xBC\xD0\xB8\xD0\xBB\xD0\xBA\xD0\xB0 ...')
#1 /home/vr488025/yapposushi.com/www/wp-content/themes/storefront/webhooks/poster/handler/transaction.php(41): Poster\Handler\Transaction->createDealInPipe()
#2 /home/vr488025/yapposushi.com/www/wp-content/themes/storefront/webhooks/poster/init.php(25): Poster\Handler\Transaction->init()
#3 {main}
  thrown у /home/vr488025/yapposushi.com/www/wp-includes/Requests/src/Exception.php доступно 40

2023-06-30T12:48:57+00:00 CRITICAL Uncaught ArgumentCountError: Too few arguments to function WpOrg\Requests\Exception::__construct(), 1 passed in /home/vr488025/yapposushi.com/www/wp-content/themes/storefront/webhooks/poster/handler/transaction.php on line 398 and at least 2 expected in /home/vr488025/yapposushi.com/www/wp-includes/Requests/src/Exception.php:40
Stack trace:
#0 /home/vr488025/yapposushi.com/www/wp-content/themes/storefront/webhooks/poster/handler/transaction.php(398): WpOrg\Requests\Exception->__construct('\xD0\x9F\xD0\xBE\xD0\xBC\xD0\xB8\xD0\xBB\xD0\xBA\xD0\xB0 ...')
#1 /home/vr488025/yapposushi.com/www/wp-content/themes/storefront/webhooks/poster/handler/transaction.php(41): Poster\Handler\Transaction->createDealInPipe()
#2 /home/vr488025/yapposushi.com/www/wp-content/themes/storefront/webhooks/poster/init.php(25): Poster\Handler\Transaction->init()
#3 {main}
  thrown у /home/vr488025/yapposushi.com/www/wp-includes/Requests/src/Exception.php доступно 40

2023-06-30T12:48:57+00:00 CRITICAL Uncaught ArgumentCountError: Too few arguments to function WpOrg\Requests\Exception::__construct(), 1 passed in /home/vr488025/yapposushi.com/www/wp-content/themes/storefront/webhooks/poster/handler/transaction.php on line 398 and at least 2 expected in /home/vr488025/yapposushi.com/www/wp-includes/Requests/src/Exception.php:40
Stack trace:
#0 /home/vr488025/yapposushi.com/www/wp-content/themes/storefront/webhooks/poster/handler/transaction.php(398): WpOrg\Requests\Exception->__construct('\xD0\x9F\xD0\xBE\xD0\xBC\xD0\xB8\xD0\xBB\xD0\xBA\xD0\xB0 ...')
#1 /home/vr488025/yapposushi.com/www/wp-content/themes/storefront/webhooks/poster/handler/transaction.php(41): Poster\Handler\Transaction->createDealInPipe()
#2 /home/vr488025/yapposushi.com/www/wp-content/themes/storefront/webhooks/poster/init.php(25): Poster\Handler\Transaction->init()
#3 {main}
  thrown у /home/vr488025/yapposushi.com/www/wp-includes/Requests/src/Exception.php доступно 40

2023-06-30T12:49:37+00:00 CRITICAL Uncaught ArgumentCountError: Too few arguments to function WpOrg\Requests\Exception::__construct(), 1 passed in /home/vr488025/yapposushi.com/www/wp-content/themes/storefront/webhooks/poster/handler/transaction.php on line 429 and at least 2 expected in /home/vr488025/yapposushi.com/www/wp-includes/Requests/src/Exception.php:40
Stack trace:
#0 /home/vr488025/yapposushi.com/www/wp-content/themes/storefront/webhooks/poster/handler/transaction.php(429): WpOrg\Requests\Exception->__construct('\xD0\x9F\xD0\xBE\xD0\xBC\xD0\xB8\xD0\xBB\xD0\xBA\xD0\xB0 ...')
#1 /home/vr488025/yapposushi.com/www/wp-content/themes/storefront/webhooks/poster/handler/transaction.php(41): Poster\Handler\Transaction->createDealInPipe()
#2 /home/vr488025/yapposushi.com/www/wp-content/themes/storefront/webhooks/poster/init.php(25): Poster\Handler\Transaction->init()
#3 {main}
  thrown у /home/vr488025/yapposushi.com/www/wp-includes/Requests/src/Exception.php доступно 40

2023-06-30T12:49:37+00:00 CRITICAL Uncaught ArgumentCountError: Too few arguments to function WpOrg\Requests\Exception::__construct(), 1 passed in /home/vr488025/yapposushi.com/www/wp-content/themes/storefront/webhooks/poster/handler/transaction.php on line 429 and at least 2 expected in /home/vr488025/yapposushi.com/www/wp-includes/Requests/src/Exception.php:40
Stack trace:
#0 /home/vr488025/yapposushi.com/www/wp-content/themes/storefront/webhooks/poster/handler/transaction.php(429): WpOrg\Requests\Exception->__construct('\xD0\x9F\xD0\xBE\xD0\xBC\xD0\xB8\xD0\xBB\xD0\xBA\xD0\xB0 ...')
#1 /home/vr488025/yapposushi.com/www/wp-content/themes/storefront/webhooks/poster/handler/transaction.php(41): Poster\Handler\Transaction->createDealInPipe()
#2 /home/vr488025/yapposushi.com/www/wp-content/themes/storefront/webhooks/poster/init.php(25): Poster\Handler\Transaction->init()
#3 {main}
  thrown у /home/vr488025/yapposushi.com/www/wp-includes/Requests/src/Exception.php доступно 40

2023-06-30T12:50:44+00:00 CRITICAL Uncaught ArgumentCountError: Too few arguments to function WpOrg\Requests\Exception::__construct(), 1 passed in /home/vr488025/yapposushi.com/www/wp-content/themes/storefront/webhooks/poster/handler/transaction.php on line 398 and at least 2 expected in /home/vr488025/yapposushi.com/www/wp-includes/Requests/src/Exception.php:40
Stack trace:
#0 /home/vr488025/yapposushi.com/www/wp-content/themes/storefront/webhooks/poster/handler/transaction.php(398): WpOrg\Requests\Exception->__construct('\xD0\x9F\xD0\xBE\xD0\xBC\xD0\xB8\xD0\xBB\xD0\xBA\xD0\xB0 ...')
#1 /home/vr488025/yapposushi.com/www/wp-content/themes/storefront/webhooks/poster/handler/transaction.php(41): Poster\Handler\Transaction->createDealInPipe()
#2 /home/vr488025/yapposushi.com/www/wp-content/themes/storefront/webhooks/poster/init.php(25): Poster\Handler\Transaction->init()
#3 {main}
  thrown у /home/vr488025/yapposushi.com/www/wp-includes/Requests/src/Exception.php доступно 40

2023-06-30T12:50:44+00:00 CRITICAL Uncaught ArgumentCountError: Too few arguments to function WpOrg\Requests\Exception::__construct(), 1 passed in /home/vr488025/yapposushi.com/www/wp-content/themes/storefront/webhooks/poster/handler/transaction.php on line 398 and at least 2 expected in /home/vr488025/yapposushi.com/www/wp-includes/Requests/src/Exception.php:40
Stack trace:
#0 /home/vr488025/yapposushi.com/www/wp-content/themes/storefront/webhooks/poster/handler/transaction.php(398): WpOrg\Requests\Exception->__construct('\xD0\x9F\xD0\xBE\xD0\xBC\xD0\xB8\xD0\xBB\xD0\xBA\xD0\xB0 ...')
#1 /home/vr488025/yapposushi.com/www/wp-content/themes/storefront/webhooks/poster/handler/transaction.php(41): Poster\Handler\Transaction->createDealInPipe()
#2 /home/vr488025/yapposushi.com/www/wp-content/themes/storefront/webhooks/poster/init.php(25): Poster\Handler\Transaction->init()
#3 {main}
  thrown у /home/vr488025/yapposushi.com/www/wp-includes/Requests/src/Exception.php доступно 40

