2023-06-23T14:16:49+00:00 CRITICAL Uncaught Error: Call to a member function get_permalink() on bool in /home/shypelyk/ninesquares.studio/yappo/wp-content/themes/yappo/asp/isotopic.php:35
Stack trace:
#0 /home/shypelyk/ninesquares.studio/yappo/wp-content/plugins/ajax-search-pro/includes/classes/Utils/Search.php(128): include()
#1 /home/shypelyk/ninesquares.studio/yappo/wp-content/plugins/ajax-search-pro/includes/classes/Hooks/Ajax/Search.php(92): WPDRMS\ASP\Utils\Search::generateHTMLResults(Array, Array, 1, 'to')
#2 /home/shypelyk/ninesquares.studio/yappo/wp-includes/class-wp-hook.php(308): WPDRMS\ASP\Hooks\Ajax\Search->handle('')
#3 /home/shypelyk/ninesquares.studio/yappo/wp-includes/class-wp-hook.php(332): WP_Hook->apply_filters('', Array)
#4 /home/shypelyk/ninesquares.studio/yappo/wp-includes/plugin.php(517): WP_Hook->do_action(Array)
#5 /home/shypelyk/ninesquares.studio/yappo/wp-admin/admin-ajax.php(188): do_action('wp_ajax_ajaxsea...')
#6 {main}
  thrown у /home/shypelyk/ninesquares.studio/yappo/wp-content/themes/yappo/asp/isotopic.php доступно 35

2023-06-23T14:16:49+00:00 CRITICAL Uncaught Error: Call to a member function get_permalink() on bool in /home/shypelyk/ninesquares.studio/yappo/wp-content/themes/yappo/asp/isotopic.php:35
Stack trace:
#0 /home/shypelyk/ninesquares.studio/yappo/wp-content/plugins/ajax-search-pro/includes/classes/Utils/Search.php(128): include()
#1 /home/shypelyk/ninesquares.studio/yappo/wp-content/plugins/ajax-search-pro/includes/classes/Hooks/Ajax/Search.php(92): WPDRMS\ASP\Utils\Search::generateHTMLResults(Array, Array, 1, 'to')
#2 /home/shypelyk/ninesquares.studio/yappo/wp-includes/class-wp-hook.php(308): WPDRMS\ASP\Hooks\Ajax\Search->handle('')
#3 /home/shypelyk/ninesquares.studio/yappo/wp-includes/class-wp-hook.php(332): WP_Hook->apply_filters('', Array)
#4 /home/shypelyk/ninesquares.studio/yappo/wp-includes/plugin.php(517): WP_Hook->do_action(Array)
#5 /home/shypelyk/ninesquares.studio/yappo/wp-admin/admin-ajax.php(188): do_action('wp_ajax_ajaxsea...')
#6 {main}
  thrown у /home/shypelyk/ninesquares.studio/yappo/wp-content/themes/yappo/asp/isotopic.php доступно 35

2023-06-23T14:16:51+00:00 CRITICAL Uncaught Error: Call to a member function get_permalink() on bool in /home/shypelyk/ninesquares.studio/yappo/wp-content/themes/yappo/asp/isotopic.php:35
Stack trace:
#0 /home/shypelyk/ninesquares.studio/yappo/wp-content/plugins/ajax-search-pro/includes/classes/Utils/Search.php(128): include()
#1 /home/shypelyk/ninesquares.studio/yappo/wp-content/plugins/ajax-search-pro/includes/classes/Hooks/Ajax/Search.php(92): WPDRMS\ASP\Utils\Search::generateHTMLResults(Array, Array, 1, '')
#2 /home/shypelyk/ninesquares.studio/yappo/wp-includes/class-wp-hook.php(308): WPDRMS\ASP\Hooks\Ajax\Search->handle('')
#3 /home/shypelyk/ninesquares.studio/yappo/wp-includes/class-wp-hook.php(332): WP_Hook->apply_filters('', Array)
#4 /home/shypelyk/ninesquares.studio/yappo/wp-includes/plugin.php(517): WP_Hook->do_action(Array)
#5 /home/shypelyk/ninesquares.studio/yappo/wp-admin/admin-ajax.php(188): do_action('wp_ajax_ajaxsea...')
#6 {main}
  thrown у /home/shypelyk/ninesquares.studio/yappo/wp-content/themes/yappo/asp/isotopic.php доступно 35

2023-06-23T14:16:51+00:00 CRITICAL Uncaught Error: Call to a member function get_permalink() on bool in /home/shypelyk/ninesquares.studio/yappo/wp-content/themes/yappo/asp/isotopic.php:35
Stack trace:
#0 /home/shypelyk/ninesquares.studio/yappo/wp-content/plugins/ajax-search-pro/includes/classes/Utils/Search.php(128): include()
#1 /home/shypelyk/ninesquares.studio/yappo/wp-content/plugins/ajax-search-pro/includes/classes/Hooks/Ajax/Search.php(92): WPDRMS\ASP\Utils\Search::generateHTMLResults(Array, Array, 1, '')
#2 /home/shypelyk/ninesquares.studio/yappo/wp-includes/class-wp-hook.php(308): WPDRMS\ASP\Hooks\Ajax\Search->handle('')
#3 /home/shypelyk/ninesquares.studio/yappo/wp-includes/class-wp-hook.php(332): WP_Hook->apply_filters('', Array)
#4 /home/shypelyk/ninesquares.studio/yappo/wp-includes/plugin.php(517): WP_Hook->do_action(Array)
#5 /home/shypelyk/ninesquares.studio/yappo/wp-admin/admin-ajax.php(188): do_action('wp_ajax_ajaxsea...')
#6 {main}
  thrown у /home/shypelyk/ninesquares.studio/yappo/wp-content/themes/yappo/asp/isotopic.php доступно 35

2023-06-23T14:16:54+00:00 CRITICAL Uncaught Error: Call to a member function get_permalink() on bool in /home/shypelyk/ninesquares.studio/yappo/wp-content/themes/yappo/asp/isotopic.php:35
Stack trace:
#0 /home/shypelyk/ninesquares.studio/yappo/wp-content/plugins/ajax-search-pro/includes/classes/Utils/Search.php(128): include()
#1 /home/shypelyk/ninesquares.studio/yappo/wp-content/plugins/ajax-search-pro/includes/classes/Hooks/Ajax/Search.php(92): WPDRMS\ASP\Utils\Search::generateHTMLResults(Array, Array, 1, '')
#2 /home/shypelyk/ninesquares.studio/yappo/wp-includes/class-wp-hook.php(308): WPDRMS\ASP\Hooks\Ajax\Search->handle('')
#3 /home/shypelyk/ninesquares.studio/yappo/wp-includes/class-wp-hook.php(332): WP_Hook->apply_filters('', Array)
#4 /home/shypelyk/ninesquares.studio/yappo/wp-includes/plugin.php(517): WP_Hook->do_action(Array)
#5 /home/shypelyk/ninesquares.studio/yappo/wp-admin/admin-ajax.php(188): do_action('wp_ajax_ajaxsea...')
#6 {main}
  thrown у /home/shypelyk/ninesquares.studio/yappo/wp-content/themes/yappo/asp/isotopic.php доступно 35

2023-06-23T14:16:54+00:00 CRITICAL Uncaught Error: Call to a member function get_permalink() on bool in /home/shypelyk/ninesquares.studio/yappo/wp-content/themes/yappo/asp/isotopic.php:35
Stack trace:
#0 /home/shypelyk/ninesquares.studio/yappo/wp-content/plugins/ajax-search-pro/includes/classes/Utils/Search.php(128): include()
#1 /home/shypelyk/ninesquares.studio/yappo/wp-content/plugins/ajax-search-pro/includes/classes/Hooks/Ajax/Search.php(92): WPDRMS\ASP\Utils\Search::generateHTMLResults(Array, Array, 1, '')
#2 /home/shypelyk/ninesquares.studio/yappo/wp-includes/class-wp-hook.php(308): WPDRMS\ASP\Hooks\Ajax\Search->handle('')
#3 /home/shypelyk/ninesquares.studio/yappo/wp-includes/class-wp-hook.php(332): WP_Hook->apply_filters('', Array)
#4 /home/shypelyk/ninesquares.studio/yappo/wp-includes/plugin.php(517): WP_Hook->do_action(Array)
#5 /home/shypelyk/ninesquares.studio/yappo/wp-admin/admin-ajax.php(188): do_action('wp_ajax_ajaxsea...')
#6 {main}
  thrown у /home/shypelyk/ninesquares.studio/yappo/wp-content/themes/yappo/asp/isotopic.php доступно 35

2023-06-23T14:16:56+00:00 CRITICAL Uncaught Error: Call to a member function get_permalink() on bool in /home/shypelyk/ninesquares.studio/yappo/wp-content/themes/yappo/asp/isotopic.php:35
Stack trace:
#0 /home/shypelyk/ninesquares.studio/yappo/wp-content/plugins/ajax-search-pro/includes/classes/Utils/Search.php(128): include()
#1 /home/shypelyk/ninesquares.studio/yappo/wp-content/plugins/ajax-search-pro/includes/classes/Hooks/Ajax/Search.php(92): WPDRMS\ASP\Utils\Search::generateHTMLResults(Array, Array, 1, '')
#2 /home/shypelyk/ninesquares.studio/yappo/wp-includes/class-wp-hook.php(308): WPDRMS\ASP\Hooks\Ajax\Search->handle('')
#3 /home/shypelyk/ninesquares.studio/yappo/wp-includes/class-wp-hook.php(332): WP_Hook->apply_filters('', Array)
#4 /home/shypelyk/ninesquares.studio/yappo/wp-includes/plugin.php(517): WP_Hook->do_action(Array)
#5 /home/shypelyk/ninesquares.studio/yappo/wp-admin/admin-ajax.php(188): do_action('wp_ajax_ajaxsea...')
#6 {main}
  thrown у /home/shypelyk/ninesquares.studio/yappo/wp-content/themes/yappo/asp/isotopic.php доступно 35

2023-06-23T14:16:56+00:00 CRITICAL Uncaught Error: Call to a member function get_permalink() on bool in /home/shypelyk/ninesquares.studio/yappo/wp-content/themes/yappo/asp/isotopic.php:35
Stack trace:
#0 /home/shypelyk/ninesquares.studio/yappo/wp-content/plugins/ajax-search-pro/includes/classes/Utils/Search.php(128): include()
#1 /home/shypelyk/ninesquares.studio/yappo/wp-content/plugins/ajax-search-pro/includes/classes/Hooks/Ajax/Search.php(92): WPDRMS\ASP\Utils\Search::generateHTMLResults(Array, Array, 1, '')
#2 /home/shypelyk/ninesquares.studio/yappo/wp-includes/class-wp-hook.php(308): WPDRMS\ASP\Hooks\Ajax\Search->handle('')
#3 /home/shypelyk/ninesquares.studio/yappo/wp-includes/class-wp-hook.php(332): WP_Hook->apply_filters('', Array)
#4 /home/shypelyk/ninesquares.studio/yappo/wp-includes/plugin.php(517): WP_Hook->do_action(Array)
#5 /home/shypelyk/ninesquares.studio/yappo/wp-admin/admin-ajax.php(188): do_action('wp_ajax_ajaxsea...')
#6 {main}
  thrown у /home/shypelyk/ninesquares.studio/yappo/wp-content/themes/yappo/asp/isotopic.php доступно 35

2023-06-23T15:51:23+00:00 CRITICAL Uncaught Error: Cannot use object of type WP_Term as array in /home/shypelyk/ninesquares.studio/yappo/wp-content/themes/yappo/inc/checkout.php:120
Stack trace:
#0 /home/shypelyk/ninesquares.studio/yappo/wp-includes/class-wp-hook.php(308): change_default_checkout_state('')
#1 /home/shypelyk/ninesquares.studio/yappo/wp-includes/class-wp-hook.php(332): WP_Hook->apply_filters('vyshgorod-naber...', Array)
#2 /home/shypelyk/ninesquares.studio/yappo/wp-includes/plugin.php(517): WP_Hook->do_action(Array)
#3 /home/shypelyk/ninesquares.studio/yappo/wp-content/plugins/woocommerce/includes/class-woocommerce.php(686): do_action('woocommerce_ini...')
#4 /home/shypelyk/ninesquares.studio/yappo/wp-includes/class-wp-hook.php(308): WooCommerce->init('')
#5 /home/shypelyk/ninesquares.studio/yappo/wp-includes/class-wp-hook.php(332): WP_Hook->apply_filters(NULL, Array)
#6 /home/shypelyk/ninesquares.studio/yappo/wp-includes/plugin.php(517): WP_Hook->do_action(Array)
#7 /home/shypelyk/ninesquares.studio/yappo/wp-settings.php(623):  у /home/shypelyk/ninesquares.studio/yappo/wp-content/themes/yappo/inc/checkout.php доступно 120

2023-06-23T15:51:23+00:00 CRITICAL Uncaught Error: Cannot use object of type WP_Term as array in /home/shypelyk/ninesquares.studio/yappo/wp-content/themes/yappo/inc/checkout.php:120
Stack trace:
#0 /home/shypelyk/ninesquares.studio/yappo/wp-includes/class-wp-hook.php(308): change_default_checkout_state('')
#1 /home/shypelyk/ninesquares.studio/yappo/wp-includes/class-wp-hook.php(332): WP_Hook->apply_filters('vyshgorod-naber...', Array)
#2 /home/shypelyk/ninesquares.studio/yappo/wp-includes/plugin.php(517): WP_Hook->do_action(Array)
#3 /home/shypelyk/ninesquares.studio/yappo/wp-content/plugins/woocommerce/includes/class-woocommerce.php(686): do_action('woocommerce_ini...')
#4 /home/shypelyk/ninesquares.studio/yappo/wp-includes/class-wp-hook.php(308): WooCommerce->init('')
#5 /home/shypelyk/ninesquares.studio/yappo/wp-includes/class-wp-hook.php(332): WP_Hook->apply_filters(NULL, Array)
#6 /home/shypelyk/ninesquares.studio/yappo/wp-includes/plugin.php(517): WP_Hook->do_action(Array)
#7 /home/shypelyk/ninesquares.studio/yappo/wp-settings.php(623):  у /home/shypelyk/ninesquares.studio/yappo/wp-content/themes/yappo/inc/checkout.php доступно 120

2023-06-23T15:51:24+00:00 CRITICAL Uncaught Error: Cannot use object of type WP_Term as array in /home/shypelyk/ninesquares.studio/yappo/wp-content/themes/yappo/inc/checkout.php:120
Stack trace:
#0 /home/shypelyk/ninesquares.studio/yappo/wp-includes/class-wp-hook.php(308): change_default_checkout_state('')
#1 /home/shypelyk/ninesquares.studio/yappo/wp-includes/class-wp-hook.php(332): WP_Hook->apply_filters('vyshgorod-naber...', Array)
#2 /home/shypelyk/ninesquares.studio/yappo/wp-includes/plugin.php(517): WP_Hook->do_action(Array)
#3 /home/shypelyk/ninesquares.studio/yappo/wp-content/plugins/woocommerce/includes/class-woocommerce.php(686): do_action('woocommerce_ini...')
#4 /home/shypelyk/ninesquares.studio/yappo/wp-includes/class-wp-hook.php(308): WooCommerce->init('')
#5 /home/shypelyk/ninesquares.studio/yappo/wp-includes/class-wp-hook.php(332): WP_Hook->apply_filters(NULL, Array)
#6 /home/shypelyk/ninesquares.studio/yappo/wp-includes/plugin.php(517): WP_Hook->do_action(Array)
#7 /home/shypelyk/ninesquares.studio/yappo/wp-settings.php(623):  у /home/shypelyk/ninesquares.studio/yappo/wp-content/themes/yappo/inc/checkout.php доступно 120

2023-06-23T15:51:24+00:00 CRITICAL Uncaught Error: Cannot use object of type WP_Term as array in /home/shypelyk/ninesquares.studio/yappo/wp-content/themes/yappo/inc/checkout.php:120
Stack trace:
#0 /home/shypelyk/ninesquares.studio/yappo/wp-includes/class-wp-hook.php(308): change_default_checkout_state('')
#1 /home/shypelyk/ninesquares.studio/yappo/wp-includes/class-wp-hook.php(332): WP_Hook->apply_filters('vyshgorod-naber...', Array)
#2 /home/shypelyk/ninesquares.studio/yappo/wp-includes/plugin.php(517): WP_Hook->do_action(Array)
#3 /home/shypelyk/ninesquares.studio/yappo/wp-content/plugins/woocommerce/includes/class-woocommerce.php(686): do_action('woocommerce_ini...')
#4 /home/shypelyk/ninesquares.studio/yappo/wp-includes/class-wp-hook.php(308): WooCommerce->init('')
#5 /home/shypelyk/ninesquares.studio/yappo/wp-includes/class-wp-hook.php(332): WP_Hook->apply_filters(NULL, Array)
#6 /home/shypelyk/ninesquares.studio/yappo/wp-includes/plugin.php(517): WP_Hook->do_action(Array)
#7 /home/shypelyk/ninesquares.studio/yappo/wp-settings.php(623):  у /home/shypelyk/ninesquares.studio/yappo/wp-content/themes/yappo/inc/checkout.php доступно 120

2023-06-23T15:51:51+00:00 CRITICAL Uncaught Error: Cannot use object of type WP_Term as array in /home/shypelyk/ninesquares.studio/yappo/wp-content/themes/yappo/inc/checkout.php:120
Stack trace:
#0 /home/shypelyk/ninesquares.studio/yappo/wp-includes/class-wp-hook.php(308): change_default_checkout_state('')
#1 /home/shypelyk/ninesquares.studio/yappo/wp-includes/class-wp-hook.php(332): WP_Hook->apply_filters('vyshgorod-naber...', Array)
#2 /home/shypelyk/ninesquares.studio/yappo/wp-includes/plugin.php(517): WP_Hook->do_action(Array)
#3 /home/shypelyk/ninesquares.studio/yappo/wp-content/plugins/woocommerce/includes/class-woocommerce.php(686): do_action('woocommerce_ini...')
#4 /home/shypelyk/ninesquares.studio/yappo/wp-includes/class-wp-hook.php(308): WooCommerce->init('')
#5 /home/shypelyk/ninesquares.studio/yappo/wp-includes/class-wp-hook.php(332): WP_Hook->apply_filters(NULL, Array)
#6 /home/shypelyk/ninesquares.studio/yappo/wp-includes/plugin.php(517): WP_Hook->do_action(Array)
#7 /home/shypelyk/ninesquares.studio/yappo/wp-settings.php(623):  у /home/shypelyk/ninesquares.studio/yappo/wp-content/themes/yappo/inc/checkout.php доступно 120

2023-06-23T15:51:51+00:00 CRITICAL Uncaught Error: Cannot use object of type WP_Term as array in /home/shypelyk/ninesquares.studio/yappo/wp-content/themes/yappo/inc/checkout.php:120
Stack trace:
#0 /home/shypelyk/ninesquares.studio/yappo/wp-includes/class-wp-hook.php(308): change_default_checkout_state('')
#1 /home/shypelyk/ninesquares.studio/yappo/wp-includes/class-wp-hook.php(332): WP_Hook->apply_filters('vyshgorod-naber...', Array)
#2 /home/shypelyk/ninesquares.studio/yappo/wp-includes/plugin.php(517): WP_Hook->do_action(Array)
#3 /home/shypelyk/ninesquares.studio/yappo/wp-content/plugins/woocommerce/includes/class-woocommerce.php(686): do_action('woocommerce_ini...')
#4 /home/shypelyk/ninesquares.studio/yappo/wp-includes/class-wp-hook.php(308): WooCommerce->init('')
#5 /home/shypelyk/ninesquares.studio/yappo/wp-includes/class-wp-hook.php(332): WP_Hook->apply_filters(NULL, Array)
#6 /home/shypelyk/ninesquares.studio/yappo/wp-includes/plugin.php(517): WP_Hook->do_action(Array)
#7 /home/shypelyk/ninesquares.studio/yappo/wp-settings.php(623):  у /home/shypelyk/ninesquares.studio/yappo/wp-content/themes/yappo/inc/checkout.php доступно 120

2023-06-23T15:51:51+00:00 CRITICAL Uncaught Error: Cannot use object of type WP_Term as array in /home/shypelyk/ninesquares.studio/yappo/wp-content/themes/yappo/inc/checkout.php:120
Stack trace:
#0 /home/shypelyk/ninesquares.studio/yappo/wp-includes/class-wp-hook.php(308): change_default_checkout_state('')
#1 /home/shypelyk/ninesquares.studio/yappo/wp-includes/class-wp-hook.php(332): WP_Hook->apply_filters('vyshgorod-naber...', Array)
#2 /home/shypelyk/ninesquares.studio/yappo/wp-includes/plugin.php(517): WP_Hook->do_action(Array)
#3 /home/shypelyk/ninesquares.studio/yappo/wp-content/plugins/woocommerce/includes/class-woocommerce.php(686): do_action('woocommerce_ini...')
#4 /home/shypelyk/ninesquares.studio/yappo/wp-includes/class-wp-hook.php(308): WooCommerce->init('')
#5 /home/shypelyk/ninesquares.studio/yappo/wp-includes/class-wp-hook.php(332): WP_Hook->apply_filters(NULL, Array)
#6 /home/shypelyk/ninesquares.studio/yappo/wp-includes/plugin.php(517): WP_Hook->do_action(Array)
#7 /home/shypelyk/ninesquares.studio/yappo/wp-settings.php(623):  у /home/shypelyk/ninesquares.studio/yappo/wp-content/themes/yappo/inc/checkout.php доступно 120

2023-06-23T15:51:51+00:00 CRITICAL Uncaught Error: Cannot use object of type WP_Term as array in /home/shypelyk/ninesquares.studio/yappo/wp-content/themes/yappo/inc/checkout.php:120
Stack trace:
#0 /home/shypelyk/ninesquares.studio/yappo/wp-includes/class-wp-hook.php(308): change_default_checkout_state('')
#1 /home/shypelyk/ninesquares.studio/yappo/wp-includes/class-wp-hook.php(332): WP_Hook->apply_filters('vyshgorod-naber...', Array)
#2 /home/shypelyk/ninesquares.studio/yappo/wp-includes/plugin.php(517): WP_Hook->do_action(Array)
#3 /home/shypelyk/ninesquares.studio/yappo/wp-content/plugins/woocommerce/includes/class-woocommerce.php(686): do_action('woocommerce_ini...')
#4 /home/shypelyk/ninesquares.studio/yappo/wp-includes/class-wp-hook.php(308): WooCommerce->init('')
#5 /home/shypelyk/ninesquares.studio/yappo/wp-includes/class-wp-hook.php(332): WP_Hook->apply_filters(NULL, Array)
#6 /home/shypelyk/ninesquares.studio/yappo/wp-includes/plugin.php(517): WP_Hook->do_action(Array)
#7 /home/shypelyk/ninesquares.studio/yappo/wp-settings.php(623):  у /home/shypelyk/ninesquares.studio/yappo/wp-content/themes/yappo/inc/checkout.php доступно 120

2023-06-23T15:52:44+00:00 CRITICAL Uncaught Error: Cannot use object of type WP_Term as array in /home/shypelyk/ninesquares.studio/yappo/wp-content/themes/yappo/inc/checkout.php:125
Stack trace:
#0 /home/shypelyk/ninesquares.studio/yappo/wp-includes/class-wp-hook.php(308): change_default_checkout_state('')
#1 /home/shypelyk/ninesquares.studio/yappo/wp-includes/class-wp-hook.php(332): WP_Hook->apply_filters('vyshgorod-naber...', Array)
#2 /home/shypelyk/ninesquares.studio/yappo/wp-includes/plugin.php(517): WP_Hook->do_action(Array)
#3 /home/shypelyk/ninesquares.studio/yappo/wp-content/plugins/woocommerce/includes/class-woocommerce.php(686): do_action('woocommerce_ini...')
#4 /home/shypelyk/ninesquares.studio/yappo/wp-includes/class-wp-hook.php(308): WooCommerce->init('')
#5 /home/shypelyk/ninesquares.studio/yappo/wp-includes/class-wp-hook.php(332): WP_Hook->apply_filters(NULL, Array)
#6 /home/shypelyk/ninesquares.studio/yappo/wp-includes/plugin.php(517): WP_Hook->do_action(Array)
#7 /home/shypelyk/ninesquares.studio/yappo/wp-settings.php(623):  у /home/shypelyk/ninesquares.studio/yappo/wp-content/themes/yappo/inc/checkout.php доступно 125

2023-06-23T15:52:44+00:00 CRITICAL Uncaught Error: Cannot use object of type WP_Term as array in /home/shypelyk/ninesquares.studio/yappo/wp-content/themes/yappo/inc/checkout.php:125
Stack trace:
#0 /home/shypelyk/ninesquares.studio/yappo/wp-includes/class-wp-hook.php(308): change_default_checkout_state('')
#1 /home/shypelyk/ninesquares.studio/yappo/wp-includes/class-wp-hook.php(332): WP_Hook->apply_filters('vyshgorod-naber...', Array)
#2 /home/shypelyk/ninesquares.studio/yappo/wp-includes/plugin.php(517): WP_Hook->do_action(Array)
#3 /home/shypelyk/ninesquares.studio/yappo/wp-content/plugins/woocommerce/includes/class-woocommerce.php(686): do_action('woocommerce_ini...')
#4 /home/shypelyk/ninesquares.studio/yappo/wp-includes/class-wp-hook.php(308): WooCommerce->init('')
#5 /home/shypelyk/ninesquares.studio/yappo/wp-includes/class-wp-hook.php(332): WP_Hook->apply_filters(NULL, Array)
#6 /home/shypelyk/ninesquares.studio/yappo/wp-includes/plugin.php(517): WP_Hook->do_action(Array)
#7 /home/shypelyk/ninesquares.studio/yappo/wp-settings.php(623):  у /home/shypelyk/ninesquares.studio/yappo/wp-content/themes/yappo/inc/checkout.php доступно 125

2023-06-23T15:52:45+00:00 CRITICAL Uncaught Error: Cannot use object of type WP_Term as array in /home/shypelyk/ninesquares.studio/yappo/wp-content/themes/yappo/inc/checkout.php:125
Stack trace:
#0 /home/shypelyk/ninesquares.studio/yappo/wp-includes/class-wp-hook.php(308): change_default_checkout_state('')
#1 /home/shypelyk/ninesquares.studio/yappo/wp-includes/class-wp-hook.php(332): WP_Hook->apply_filters('vyshgorod-naber...', Array)
#2 /home/shypelyk/ninesquares.studio/yappo/wp-includes/plugin.php(517): WP_Hook->do_action(Array)
#3 /home/shypelyk/ninesquares.studio/yappo/wp-content/plugins/woocommerce/includes/class-woocommerce.php(686): do_action('woocommerce_ini...')
#4 /home/shypelyk/ninesquares.studio/yappo/wp-includes/class-wp-hook.php(308): WooCommerce->init('')
#5 /home/shypelyk/ninesquares.studio/yappo/wp-includes/class-wp-hook.php(332): WP_Hook->apply_filters(NULL, Array)
#6 /home/shypelyk/ninesquares.studio/yappo/wp-includes/plugin.php(517): WP_Hook->do_action(Array)
#7 /home/shypelyk/ninesquares.studio/yappo/wp-settings.php(623):  у /home/shypelyk/ninesquares.studio/yappo/wp-content/themes/yappo/inc/checkout.php доступно 125

2023-06-23T15:52:45+00:00 CRITICAL Uncaught Error: Cannot use object of type WP_Term as array in /home/shypelyk/ninesquares.studio/yappo/wp-content/themes/yappo/inc/checkout.php:125
Stack trace:
#0 /home/shypelyk/ninesquares.studio/yappo/wp-includes/class-wp-hook.php(308): change_default_checkout_state('')
#1 /home/shypelyk/ninesquares.studio/yappo/wp-includes/class-wp-hook.php(332): WP_Hook->apply_filters('vyshgorod-naber...', Array)
#2 /home/shypelyk/ninesquares.studio/yappo/wp-includes/plugin.php(517): WP_Hook->do_action(Array)
#3 /home/shypelyk/ninesquares.studio/yappo/wp-content/plugins/woocommerce/includes/class-woocommerce.php(686): do_action('woocommerce_ini...')
#4 /home/shypelyk/ninesquares.studio/yappo/wp-includes/class-wp-hook.php(308): WooCommerce->init('')
#5 /home/shypelyk/ninesquares.studio/yappo/wp-includes/class-wp-hook.php(332): WP_Hook->apply_filters(NULL, Array)
#6 /home/shypelyk/ninesquares.studio/yappo/wp-includes/plugin.php(517): WP_Hook->do_action(Array)
#7 /home/shypelyk/ninesquares.studio/yappo/wp-settings.php(623):  у /home/shypelyk/ninesquares.studio/yappo/wp-content/themes/yappo/inc/checkout.php доступно 125

