2023-07-16T09:08:47+00:00 CRITICAL Uncaught Error: Call to a member function get_items() on bool in /home/vr488025/yapposushi.com/www/wp-content/themes/yappo/footer.php:81
Stack trace:
#0 /home/vr488025/yapposushi.com/www/wp-includes/template.php(783): require_once()
#1 /home/vr488025/yapposushi.com/www/wp-includes/template.php(718): load_template('/home/vr488025/...', true, Array)
#2 /home/vr488025/yapposushi.com/www/wp-includes/general-template.php(92): locate_template(Array, true, true, Array)
#3 /home/vr488025/yapposushi.com/www/wp-content/themes/yappo/page.php(37): get_footer()
#4 /home/vr488025/yapposushi.com/www/wp-includes/template-loader.php(106): include('/home/vr488025/...')
#5 /home/vr488025/yapposushi.com/www/wp-blog-header.php(19): require_once('/home/vr488025/...')
#6 /home/vr488025/yapposushi.com/www/index.php(17): require('/home/vr488025/...')
#7 {main}
  thrown у /home/vr488025/yapposushi.com/www/wp-content/themes/yappo/footer.php доступно 81

2023-07-16T09:08:47+00:00 CRITICAL Uncaught Error: Call to a member function get_items() on bool in /home/vr488025/yapposushi.com/www/wp-content/themes/yappo/footer.php:81
Stack trace:
#0 /home/vr488025/yapposushi.com/www/wp-includes/template.php(783): require_once()
#1 /home/vr488025/yapposushi.com/www/wp-includes/template.php(718): load_template('/home/vr488025/...', true, Array)
#2 /home/vr488025/yapposushi.com/www/wp-includes/general-template.php(92): locate_template(Array, true, true, Array)
#3 /home/vr488025/yapposushi.com/www/wp-content/themes/yappo/page.php(37): get_footer()
#4 /home/vr488025/yapposushi.com/www/wp-includes/template-loader.php(106): include('/home/vr488025/...')
#5 /home/vr488025/yapposushi.com/www/wp-blog-header.php(19): require_once('/home/vr488025/...')
#6 /home/vr488025/yapposushi.com/www/index.php(17): require('/home/vr488025/...')
#7 {main}
  thrown у /home/vr488025/yapposushi.com/www/wp-content/themes/yappo/footer.php доступно 81

2023-07-16T10:04:35+00:00 CRITICAL Uncaught Error: Call to a member function get_items() on bool in /home/vr488025/yapposushi.com/www/wp-content/themes/yappo/footer.php:81
Stack trace:
#0 /home/vr488025/yapposushi.com/www/wp-includes/template.php(783): require_once()
#1 /home/vr488025/yapposushi.com/www/wp-includes/template.php(718): load_template('/home/vr488025/...', true, Array)
#2 /home/vr488025/yapposushi.com/www/wp-includes/general-template.php(92): locate_template(Array, true, true, Array)
#3 /home/vr488025/yapposushi.com/www/wp-content/themes/yappo/page.php(37): get_footer()
#4 /home/vr488025/yapposushi.com/www/wp-includes/template-loader.php(106): include('/home/vr488025/...')
#5 /home/vr488025/yapposushi.com/www/wp-blog-header.php(19): require_once('/home/vr488025/...')
#6 /home/vr488025/yapposushi.com/www/index.php(17): require('/home/vr488025/...')
#7 {main}
  thrown у /home/vr488025/yapposushi.com/www/wp-content/themes/yappo/footer.php доступно 81

2023-07-16T10:04:35+00:00 CRITICAL Uncaught Error: Call to a member function get_items() on bool in /home/vr488025/yapposushi.com/www/wp-content/themes/yappo/footer.php:81
Stack trace:
#0 /home/vr488025/yapposushi.com/www/wp-includes/template.php(783): require_once()
#1 /home/vr488025/yapposushi.com/www/wp-includes/template.php(718): load_template('/home/vr488025/...', true, Array)
#2 /home/vr488025/yapposushi.com/www/wp-includes/general-template.php(92): locate_template(Array, true, true, Array)
#3 /home/vr488025/yapposushi.com/www/wp-content/themes/yappo/page.php(37): get_footer()
#4 /home/vr488025/yapposushi.com/www/wp-includes/template-loader.php(106): include('/home/vr488025/...')
#5 /home/vr488025/yapposushi.com/www/wp-blog-header.php(19): require_once('/home/vr488025/...')
#6 /home/vr488025/yapposushi.com/www/index.php(17): require('/home/vr488025/...')
#7 {main}
  thrown у /home/vr488025/yapposushi.com/www/wp-content/themes/yappo/footer.php доступно 81

2023-07-16T13:16:21+00:00 CRITICAL Uncaught ArgumentCountError: Too few arguments to function WpOrg\Requests\Exception::__construct(), 1 passed in /home/vr488025/yapposushi.com/www/wp-content/plugins/webvision-webhook/handler/transaction.php on line 453 and at least 2 expected in /home/vr488025/yapposushi.com/www/wp-includes/Requests/src/Exception.php:40
Stack trace:
#0 /home/vr488025/yapposushi.com/www/wp-content/plugins/webvision-webhook/handler/transaction.php(453): WpOrg\Requests\Exception->__construct('\xD0\x9F\xD0\xBE\xD0\xBC\xD0\xB8\xD0\xBB\xD0\xBA\xD0\xB0 ...')
#1 /home/vr488025/yapposushi.com/www/wp-content/plugins/webvision-webhook/handler/transaction.php(42): Poster\Handler\Transaction->createDealInPipe()
#2 /home/vr488025/yapposushi.com/www/wp-content/plugins/webvision-webhook/webvision-webhook.php(91): Poster\Handler\Transaction->init()
#3 /home/vr488025/yapposushi.com/www/wp-includes/rest-api/class-wp-rest-server.php(1181): webvision_webhook_endpoint_callback_poster(Object(WP_REST_Request))
#4 /home/vr488025/yapposushi.com/www/wp у /home/vr488025/yapposushi.com/www/wp-includes/Requests/src/Exception.php доступно 40

2023-07-16T13:16:21+00:00 CRITICAL Uncaught ArgumentCountError: Too few arguments to function WpOrg\Requests\Exception::__construct(), 1 passed in /home/vr488025/yapposushi.com/www/wp-content/plugins/webvision-webhook/handler/transaction.php on line 453 and at least 2 expected in /home/vr488025/yapposushi.com/www/wp-includes/Requests/src/Exception.php:40
Stack trace:
#0 /home/vr488025/yapposushi.com/www/wp-content/plugins/webvision-webhook/handler/transaction.php(453): WpOrg\Requests\Exception->__construct('\xD0\x9F\xD0\xBE\xD0\xBC\xD0\xB8\xD0\xBB\xD0\xBA\xD0\xB0 ...')
#1 /home/vr488025/yapposushi.com/www/wp-content/plugins/webvision-webhook/handler/transaction.php(42): Poster\Handler\Transaction->createDealInPipe()
#2 /home/vr488025/yapposushi.com/www/wp-content/plugins/webvision-webhook/webvision-webhook.php(91): Poster\Handler\Transaction->init()
#3 /home/vr488025/yapposushi.com/www/wp-includes/rest-api/class-wp-rest-server.php(1181): webvision_webhook_endpoint_callback_poster(Object(WP_REST_Request))
#4 /home/vr488025/yapposushi.com/www/wp у /home/vr488025/yapposushi.com/www/wp-includes/Requests/src/Exception.php доступно 40

2023-07-16T16:55:26+00:00 CRITICAL Uncaught Error: Call to a member function get_items() on bool in /home/vr488025/yapposushi.com/www/wp-content/themes/yappo/footer.php:81
Stack trace:
#0 /home/vr488025/yapposushi.com/www/wp-includes/template.php(783): require_once()
#1 /home/vr488025/yapposushi.com/www/wp-includes/template.php(718): load_template('/home/vr488025/...', true, Array)
#2 /home/vr488025/yapposushi.com/www/wp-includes/general-template.php(92): locate_template(Array, true, true, Array)
#3 /home/vr488025/yapposushi.com/www/wp-content/themes/yappo/page.php(37): get_footer()
#4 /home/vr488025/yapposushi.com/www/wp-includes/template-loader.php(106): include('/home/vr488025/...')
#5 /home/vr488025/yapposushi.com/www/wp-blog-header.php(19): require_once('/home/vr488025/...')
#6 /home/vr488025/yapposushi.com/www/index.php(17): require('/home/vr488025/...')
#7 {main}
  thrown у /home/vr488025/yapposushi.com/www/wp-content/themes/yappo/footer.php доступно 81

2023-07-16T16:55:26+00:00 CRITICAL Uncaught Error: Call to a member function get_items() on bool in /home/vr488025/yapposushi.com/www/wp-content/themes/yappo/footer.php:81
Stack trace:
#0 /home/vr488025/yapposushi.com/www/wp-includes/template.php(783): require_once()
#1 /home/vr488025/yapposushi.com/www/wp-includes/template.php(718): load_template('/home/vr488025/...', true, Array)
#2 /home/vr488025/yapposushi.com/www/wp-includes/general-template.php(92): locate_template(Array, true, true, Array)
#3 /home/vr488025/yapposushi.com/www/wp-content/themes/yappo/page.php(37): get_footer()
#4 /home/vr488025/yapposushi.com/www/wp-includes/template-loader.php(106): include('/home/vr488025/...')
#5 /home/vr488025/yapposushi.com/www/wp-blog-header.php(19): require_once('/home/vr488025/...')
#6 /home/vr488025/yapposushi.com/www/index.php(17): require('/home/vr488025/...')
#7 {main}
  thrown у /home/vr488025/yapposushi.com/www/wp-content/themes/yappo/footer.php доступно 81

