2023-07-10T00:28:09+00:00 CRITICAL Uncaught Error: Call to a member function get_items() on bool in /home/vr488025/yapposushi.com/www/wp-content/themes/yappo/footer.php:76
Stack trace:
#0 /home/vr488025/yapposushi.com/www/wp-includes/template.php(783): require_once()
#1 /home/vr488025/yapposushi.com/www/wp-includes/template.php(718): load_template('/home/vr488025/...', true, Array)
#2 /home/vr488025/yapposushi.com/www/wp-includes/general-template.php(92): locate_template(Array, true, true, Array)
#3 /home/vr488025/yapposushi.com/www/wp-content/themes/yappo/page.php(37): get_footer()
#4 /home/vr488025/yapposushi.com/www/wp-includes/template-loader.php(106): include('/home/vr488025/...')
#5 /home/vr488025/yapposushi.com/www/wp-blog-header.php(19): require_once('/home/vr488025/...')
#6 /home/vr488025/yapposushi.com/www/index.php(17): require('/home/vr488025/...')
#7 {main}
  thrown у /home/vr488025/yapposushi.com/www/wp-content/themes/yappo/footer.php доступно 76

2023-07-10T07:42:56+00:00 CRITICAL Uncaught TypeError: Argument 1 passed to WPML\Core\BackgroundTask\Repository\BackgroundTaskRepository::createFromQueryResult() must be of the type array, null given, called in /home/vr488025/yapposushi.com/www/wp-content/plugins/sitepress-multilingual-cms/vendor/wpml/core-api/core/BackgroundTask/Repository/BackgroundTaskRepository.php on line 29 and defined in /home/vr488025/yapposushi.com/www/wp-content/plugins/sitepress-multilingual-cms/vendor/wpml/core-api/core/BackgroundTask/Repository/BackgroundTaskRepository.php:101
Stack trace:
#0 /home/vr488025/yapposushi.com/www/wp-content/plugins/sitepress-multilingual-cms/vendor/wpml/core-api/core/BackgroundTask/Repository/BackgroundTaskRepository.php(29): WPML\Core\BackgroundTask\Repository\BackgroundTaskRepository->createFromQueryResult(NULL)
#1 /home/vr488025/yapposushi.com/www/wp-content/plugins/sitepress-multilingual-cms/vendor/wpml/core-api/core/BackgroundTask/Service/BackgroundTaskService.php(54): WPML\Core\BackgroundTask\Repository\BackgroundTaskRepository- у /home/vr488025/yapposushi.com/www/wp-content/plugins/sitepress-multilingual-cms/vendor/wpml/core-api/core/BackgroundTask/Repository/BackgroundTaskRepository.php доступно 101

2023-07-10T09:02:16+00:00 CRITICAL Uncaught Error: Call to a member function get_items() on bool in /home/vr488025/yapposushi.com/www/wp-content/themes/yappo/footer.php:76
Stack trace:
#0 /home/vr488025/yapposushi.com/www/wp-includes/template.php(783): require_once()
#1 /home/vr488025/yapposushi.com/www/wp-includes/template.php(718): load_template('/home/vr488025/...', true, Array)
#2 /home/vr488025/yapposushi.com/www/wp-includes/general-template.php(92): locate_template(Array, true, true, Array)
#3 /home/vr488025/yapposushi.com/www/wp-content/themes/yappo/page.php(37): get_footer()
#4 /home/vr488025/yapposushi.com/www/wp-includes/template-loader.php(106): include('/home/vr488025/...')
#5 /home/vr488025/yapposushi.com/www/wp-blog-header.php(19): require_once('/home/vr488025/...')
#6 /home/vr488025/yapposushi.com/www/index.php(17): require('/home/vr488025/...')
#7 {main}
  thrown у /home/vr488025/yapposushi.com/www/wp-content/themes/yappo/footer.php доступно 76

2023-07-10T09:02:16+00:00 CRITICAL Uncaught Error: Call to a member function get_items() on bool in /home/vr488025/yapposushi.com/www/wp-content/themes/yappo/footer.php:76
Stack trace:
#0 /home/vr488025/yapposushi.com/www/wp-includes/template.php(783): require_once()
#1 /home/vr488025/yapposushi.com/www/wp-includes/template.php(718): load_template('/home/vr488025/...', true, Array)
#2 /home/vr488025/yapposushi.com/www/wp-includes/general-template.php(92): locate_template(Array, true, true, Array)
#3 /home/vr488025/yapposushi.com/www/wp-content/themes/yappo/page.php(37): get_footer()
#4 /home/vr488025/yapposushi.com/www/wp-includes/template-loader.php(106): include('/home/vr488025/...')
#5 /home/vr488025/yapposushi.com/www/wp-blog-header.php(19): require_once('/home/vr488025/...')
#6 /home/vr488025/yapposushi.com/www/index.php(17): require('/home/vr488025/...')
#7 {main}
  thrown у /home/vr488025/yapposushi.com/www/wp-content/themes/yappo/footer.php доступно 76

2023-07-10T09:02:16+00:00 CRITICAL Uncaught Error: Call to a member function get_items() on bool in /home/vr488025/yapposushi.com/www/wp-content/themes/yappo/footer.php:76
Stack trace:
#0 /home/vr488025/yapposushi.com/www/wp-includes/template.php(783): require_once()
#1 /home/vr488025/yapposushi.com/www/wp-includes/template.php(718): load_template('/home/vr488025/...', true, Array)
#2 /home/vr488025/yapposushi.com/www/wp-includes/general-template.php(92): locate_template(Array, true, true, Array)
#3 /home/vr488025/yapposushi.com/www/wp-content/themes/yappo/page.php(37): get_footer()
#4 /home/vr488025/yapposushi.com/www/wp-includes/template-loader.php(106): include('/home/vr488025/...')
#5 /home/vr488025/yapposushi.com/www/wp-blog-header.php(19): require_once('/home/vr488025/...')
#6 /home/vr488025/yapposushi.com/www/index.php(17): require('/home/vr488025/...')
#7 {main}
  thrown у /home/vr488025/yapposushi.com/www/wp-content/themes/yappo/footer.php доступно 76

2023-07-10T09:02:16+00:00 CRITICAL Uncaught Error: Call to a member function get_items() on bool in /home/vr488025/yapposushi.com/www/wp-content/themes/yappo/footer.php:76
Stack trace:
#0 /home/vr488025/yapposushi.com/www/wp-includes/template.php(783): require_once()
#1 /home/vr488025/yapposushi.com/www/wp-includes/template.php(718): load_template('/home/vr488025/...', true, Array)
#2 /home/vr488025/yapposushi.com/www/wp-includes/general-template.php(92): locate_template(Array, true, true, Array)
#3 /home/vr488025/yapposushi.com/www/wp-content/themes/yappo/page.php(37): get_footer()
#4 /home/vr488025/yapposushi.com/www/wp-includes/template-loader.php(106): include('/home/vr488025/...')
#5 /home/vr488025/yapposushi.com/www/wp-blog-header.php(19): require_once('/home/vr488025/...')
#6 /home/vr488025/yapposushi.com/www/index.php(17): require('/home/vr488025/...')
#7 {main}
  thrown у /home/vr488025/yapposushi.com/www/wp-content/themes/yappo/footer.php доступно 76

2023-07-10T09:02:16+00:00 CRITICAL Uncaught Error: Call to a member function get_items() on bool in /home/vr488025/yapposushi.com/www/wp-content/themes/yappo/footer.php:76
Stack trace:
#0 /home/vr488025/yapposushi.com/www/wp-includes/template.php(783): require_once()
#1 /home/vr488025/yapposushi.com/www/wp-includes/template.php(718): load_template('/home/vr488025/...', true, Array)
#2 /home/vr488025/yapposushi.com/www/wp-includes/general-template.php(92): locate_template(Array, true, true, Array)
#3 /home/vr488025/yapposushi.com/www/wp-content/themes/yappo/page.php(37): get_footer()
#4 /home/vr488025/yapposushi.com/www/wp-includes/template-loader.php(106): include('/home/vr488025/...')
#5 /home/vr488025/yapposushi.com/www/wp-blog-header.php(19): require_once('/home/vr488025/...')
#6 /home/vr488025/yapposushi.com/www/index.php(17): require('/home/vr488025/...')
#7 {main}
  thrown у /home/vr488025/yapposushi.com/www/wp-content/themes/yappo/footer.php доступно 76

2023-07-10T09:02:16+00:00 CRITICAL Uncaught Error: Call to a member function get_items() on bool in /home/vr488025/yapposushi.com/www/wp-content/themes/yappo/footer.php:76
Stack trace:
#0 /home/vr488025/yapposushi.com/www/wp-includes/template.php(783): require_once()
#1 /home/vr488025/yapposushi.com/www/wp-includes/template.php(718): load_template('/home/vr488025/...', true, Array)
#2 /home/vr488025/yapposushi.com/www/wp-includes/general-template.php(92): locate_template(Array, true, true, Array)
#3 /home/vr488025/yapposushi.com/www/wp-content/themes/yappo/page.php(37): get_footer()
#4 /home/vr488025/yapposushi.com/www/wp-includes/template-loader.php(106): include('/home/vr488025/...')
#5 /home/vr488025/yapposushi.com/www/wp-blog-header.php(19): require_once('/home/vr488025/...')
#6 /home/vr488025/yapposushi.com/www/index.php(17): require('/home/vr488025/...')
#7 {main}
  thrown у /home/vr488025/yapposushi.com/www/wp-content/themes/yappo/footer.php доступно 76

2023-07-10T09:02:16+00:00 CRITICAL Uncaught Error: Call to a member function get_items() on bool in /home/vr488025/yapposushi.com/www/wp-content/themes/yappo/footer.php:76
Stack trace:
#0 /home/vr488025/yapposushi.com/www/wp-includes/template.php(783): require_once()
#1 /home/vr488025/yapposushi.com/www/wp-includes/template.php(718): load_template('/home/vr488025/...', true, Array)
#2 /home/vr488025/yapposushi.com/www/wp-includes/general-template.php(92): locate_template(Array, true, true, Array)
#3 /home/vr488025/yapposushi.com/www/wp-content/themes/yappo/page.php(37): get_footer()
#4 /home/vr488025/yapposushi.com/www/wp-includes/template-loader.php(106): include('/home/vr488025/...')
#5 /home/vr488025/yapposushi.com/www/wp-blog-header.php(19): require_once('/home/vr488025/...')
#6 /home/vr488025/yapposushi.com/www/index.php(17): require('/home/vr488025/...')
#7 {main}
  thrown у /home/vr488025/yapposushi.com/www/wp-content/themes/yappo/footer.php доступно 76

2023-07-10T09:02:16+00:00 CRITICAL Uncaught Error: Call to a member function get_items() on bool in /home/vr488025/yapposushi.com/www/wp-content/themes/yappo/footer.php:76
Stack trace:
#0 /home/vr488025/yapposushi.com/www/wp-includes/template.php(783): require_once()
#1 /home/vr488025/yapposushi.com/www/wp-includes/template.php(718): load_template('/home/vr488025/...', true, Array)
#2 /home/vr488025/yapposushi.com/www/wp-includes/general-template.php(92): locate_template(Array, true, true, Array)
#3 /home/vr488025/yapposushi.com/www/wp-content/themes/yappo/page.php(37): get_footer()
#4 /home/vr488025/yapposushi.com/www/wp-includes/template-loader.php(106): include('/home/vr488025/...')
#5 /home/vr488025/yapposushi.com/www/wp-blog-header.php(19): require_once('/home/vr488025/...')
#6 /home/vr488025/yapposushi.com/www/index.php(17): require('/home/vr488025/...')
#7 {main}
  thrown у /home/vr488025/yapposushi.com/www/wp-content/themes/yappo/footer.php доступно 76

2023-07-10T09:02:17+00:00 CRITICAL Uncaught Error: Call to a member function get_items() on bool in /home/vr488025/yapposushi.com/www/wp-content/themes/yappo/footer.php:76
Stack trace:
#0 /home/vr488025/yapposushi.com/www/wp-includes/template.php(783): require_once()
#1 /home/vr488025/yapposushi.com/www/wp-includes/template.php(718): load_template('/home/vr488025/...', true, Array)
#2 /home/vr488025/yapposushi.com/www/wp-includes/general-template.php(92): locate_template(Array, true, true, Array)
#3 /home/vr488025/yapposushi.com/www/wp-content/themes/yappo/page.php(37): get_footer()
#4 /home/vr488025/yapposushi.com/www/wp-includes/template-loader.php(106): include('/home/vr488025/...')
#5 /home/vr488025/yapposushi.com/www/wp-blog-header.php(19): require_once('/home/vr488025/...')
#6 /home/vr488025/yapposushi.com/www/index.php(17): require('/home/vr488025/...')
#7 {main}
  thrown у /home/vr488025/yapposushi.com/www/wp-content/themes/yappo/footer.php доступно 76

2023-07-10T09:02:17+00:00 CRITICAL Uncaught Error: Call to a member function get_items() on bool in /home/vr488025/yapposushi.com/www/wp-content/themes/yappo/footer.php:76
Stack trace:
#0 /home/vr488025/yapposushi.com/www/wp-includes/template.php(783): require_once()
#1 /home/vr488025/yapposushi.com/www/wp-includes/template.php(718): load_template('/home/vr488025/...', true, Array)
#2 /home/vr488025/yapposushi.com/www/wp-includes/general-template.php(92): locate_template(Array, true, true, Array)
#3 /home/vr488025/yapposushi.com/www/wp-content/themes/yappo/page.php(37): get_footer()
#4 /home/vr488025/yapposushi.com/www/wp-includes/template-loader.php(106): include('/home/vr488025/...')
#5 /home/vr488025/yapposushi.com/www/wp-blog-header.php(19): require_once('/home/vr488025/...')
#6 /home/vr488025/yapposushi.com/www/index.php(17): require('/home/vr488025/...')
#7 {main}
  thrown у /home/vr488025/yapposushi.com/www/wp-content/themes/yappo/footer.php доступно 76

2023-07-10T09:02:17+00:00 CRITICAL Uncaught Error: Call to a member function get_items() on bool in /home/vr488025/yapposushi.com/www/wp-content/themes/yappo/footer.php:76
Stack trace:
#0 /home/vr488025/yapposushi.com/www/wp-includes/template.php(783): require_once()
#1 /home/vr488025/yapposushi.com/www/wp-includes/template.php(718): load_template('/home/vr488025/...', true, Array)
#2 /home/vr488025/yapposushi.com/www/wp-includes/general-template.php(92): locate_template(Array, true, true, Array)
#3 /home/vr488025/yapposushi.com/www/wp-content/themes/yappo/page.php(37): get_footer()
#4 /home/vr488025/yapposushi.com/www/wp-includes/template-loader.php(106): include('/home/vr488025/...')
#5 /home/vr488025/yapposushi.com/www/wp-blog-header.php(19): require_once('/home/vr488025/...')
#6 /home/vr488025/yapposushi.com/www/index.php(17): require('/home/vr488025/...')
#7 {main}
  thrown у /home/vr488025/yapposushi.com/www/wp-content/themes/yappo/footer.php доступно 76

2023-07-10T09:02:17+00:00 CRITICAL Uncaught Error: Call to a member function get_items() on bool in /home/vr488025/yapposushi.com/www/wp-content/themes/yappo/footer.php:76
Stack trace:
#0 /home/vr488025/yapposushi.com/www/wp-includes/template.php(783): require_once()
#1 /home/vr488025/yapposushi.com/www/wp-includes/template.php(718): load_template('/home/vr488025/...', true, Array)
#2 /home/vr488025/yapposushi.com/www/wp-includes/general-template.php(92): locate_template(Array, true, true, Array)
#3 /home/vr488025/yapposushi.com/www/wp-content/themes/yappo/page.php(37): get_footer()
#4 /home/vr488025/yapposushi.com/www/wp-includes/template-loader.php(106): include('/home/vr488025/...')
#5 /home/vr488025/yapposushi.com/www/wp-blog-header.php(19): require_once('/home/vr488025/...')
#6 /home/vr488025/yapposushi.com/www/index.php(17): require('/home/vr488025/...')
#7 {main}
  thrown у /home/vr488025/yapposushi.com/www/wp-content/themes/yappo/footer.php доступно 76

2023-07-10T09:02:17+00:00 CRITICAL Uncaught Error: Call to a member function get_items() on bool in /home/vr488025/yapposushi.com/www/wp-content/themes/yappo/footer.php:76
Stack trace:
#0 /home/vr488025/yapposushi.com/www/wp-includes/template.php(783): require_once()
#1 /home/vr488025/yapposushi.com/www/wp-includes/template.php(718): load_template('/home/vr488025/...', true, Array)
#2 /home/vr488025/yapposushi.com/www/wp-includes/general-template.php(92): locate_template(Array, true, true, Array)
#3 /home/vr488025/yapposushi.com/www/wp-content/themes/yappo/page.php(37): get_footer()
#4 /home/vr488025/yapposushi.com/www/wp-includes/template-loader.php(106): include('/home/vr488025/...')
#5 /home/vr488025/yapposushi.com/www/wp-blog-header.php(19): require_once('/home/vr488025/...')
#6 /home/vr488025/yapposushi.com/www/index.php(17): require('/home/vr488025/...')
#7 {main}
  thrown у /home/vr488025/yapposushi.com/www/wp-content/themes/yappo/footer.php доступно 76

2023-07-10T09:02:17+00:00 CRITICAL Uncaught Error: Call to a member function get_items() on bool in /home/vr488025/yapposushi.com/www/wp-content/themes/yappo/footer.php:76
Stack trace:
#0 /home/vr488025/yapposushi.com/www/wp-includes/template.php(783): require_once()
#1 /home/vr488025/yapposushi.com/www/wp-includes/template.php(718): load_template('/home/vr488025/...', true, Array)
#2 /home/vr488025/yapposushi.com/www/wp-includes/general-template.php(92): locate_template(Array, true, true, Array)
#3 /home/vr488025/yapposushi.com/www/wp-content/themes/yappo/page.php(37): get_footer()
#4 /home/vr488025/yapposushi.com/www/wp-includes/template-loader.php(106): include('/home/vr488025/...')
#5 /home/vr488025/yapposushi.com/www/wp-blog-header.php(19): require_once('/home/vr488025/...')
#6 /home/vr488025/yapposushi.com/www/index.php(17): require('/home/vr488025/...')
#7 {main}
  thrown у /home/vr488025/yapposushi.com/www/wp-content/themes/yappo/footer.php доступно 76

2023-07-10T09:02:18+00:00 CRITICAL Uncaught Error: Call to a member function get_items() on bool in /home/vr488025/yapposushi.com/www/wp-content/themes/yappo/footer.php:76
Stack trace:
#0 /home/vr488025/yapposushi.com/www/wp-includes/template.php(783): require_once()
#1 /home/vr488025/yapposushi.com/www/wp-includes/template.php(718): load_template('/home/vr488025/...', true, Array)
#2 /home/vr488025/yapposushi.com/www/wp-includes/general-template.php(92): locate_template(Array, true, true, Array)
#3 /home/vr488025/yapposushi.com/www/wp-content/themes/yappo/page.php(37): get_footer()
#4 /home/vr488025/yapposushi.com/www/wp-includes/template-loader.php(106): include('/home/vr488025/...')
#5 /home/vr488025/yapposushi.com/www/wp-blog-header.php(19): require_once('/home/vr488025/...')
#6 /home/vr488025/yapposushi.com/www/index.php(17): require('/home/vr488025/...')
#7 {main}
  thrown у /home/vr488025/yapposushi.com/www/wp-content/themes/yappo/footer.php доступно 76

2023-07-10T09:02:18+00:00 CRITICAL Uncaught Error: Call to a member function get_items() on bool in /home/vr488025/yapposushi.com/www/wp-content/themes/yappo/footer.php:76
Stack trace:
#0 /home/vr488025/yapposushi.com/www/wp-includes/template.php(783): require_once()
#1 /home/vr488025/yapposushi.com/www/wp-includes/template.php(718): load_template('/home/vr488025/...', true, Array)
#2 /home/vr488025/yapposushi.com/www/wp-includes/general-template.php(92): locate_template(Array, true, true, Array)
#3 /home/vr488025/yapposushi.com/www/wp-content/themes/yappo/page.php(37): get_footer()
#4 /home/vr488025/yapposushi.com/www/wp-includes/template-loader.php(106): include('/home/vr488025/...')
#5 /home/vr488025/yapposushi.com/www/wp-blog-header.php(19): require_once('/home/vr488025/...')
#6 /home/vr488025/yapposushi.com/www/index.php(17): require('/home/vr488025/...')
#7 {main}
  thrown у /home/vr488025/yapposushi.com/www/wp-content/themes/yappo/footer.php доступно 76

2023-07-10T09:18:11+00:00 CRITICAL Uncaught Error: Call to a member function get_items() on bool in /home/vr488025/yapposushi.com/www/wp-content/themes/yappo/footer.php:76
Stack trace:
#0 /home/vr488025/yapposushi.com/www/wp-includes/template.php(783): require_once()
#1 /home/vr488025/yapposushi.com/www/wp-includes/template.php(718): load_template('/home/vr488025/...', true, Array)
#2 /home/vr488025/yapposushi.com/www/wp-includes/general-template.php(92): locate_template(Array, true, true, Array)
#3 /home/vr488025/yapposushi.com/www/wp-content/themes/yappo/page.php(37): get_footer()
#4 /home/vr488025/yapposushi.com/www/wp-includes/template-loader.php(106): include('/home/vr488025/...')
#5 /home/vr488025/yapposushi.com/www/wp-blog-header.php(19): require_once('/home/vr488025/...')
#6 /home/vr488025/yapposushi.com/www/index.php(17): require('/home/vr488025/...')
#7 {main}
  thrown у /home/vr488025/yapposushi.com/www/wp-content/themes/yappo/footer.php доступно 76

2023-07-10T09:18:11+00:00 CRITICAL Uncaught Error: Call to a member function get_items() on bool in /home/vr488025/yapposushi.com/www/wp-content/themes/yappo/footer.php:76
Stack trace:
#0 /home/vr488025/yapposushi.com/www/wp-includes/template.php(783): require_once()
#1 /home/vr488025/yapposushi.com/www/wp-includes/template.php(718): load_template('/home/vr488025/...', true, Array)
#2 /home/vr488025/yapposushi.com/www/wp-includes/general-template.php(92): locate_template(Array, true, true, Array)
#3 /home/vr488025/yapposushi.com/www/wp-content/themes/yappo/page.php(37): get_footer()
#4 /home/vr488025/yapposushi.com/www/wp-includes/template-loader.php(106): include('/home/vr488025/...')
#5 /home/vr488025/yapposushi.com/www/wp-blog-header.php(19): require_once('/home/vr488025/...')
#6 /home/vr488025/yapposushi.com/www/index.php(17): require('/home/vr488025/...')
#7 {main}
  thrown у /home/vr488025/yapposushi.com/www/wp-content/themes/yappo/footer.php доступно 76

2023-07-10T11:16:29+00:00 CRITICAL Uncaught TypeError: Argument 1 passed to WPML\Core\BackgroundTask\Repository\BackgroundTaskRepository::createFromQueryResult() must be of the type array, null given, called in /home/vr488025/yapposushi.com/www/wp-content/plugins/sitepress-multilingual-cms/vendor/wpml/core-api/core/BackgroundTask/Repository/BackgroundTaskRepository.php on line 29 and defined in /home/vr488025/yapposushi.com/www/wp-content/plugins/sitepress-multilingual-cms/vendor/wpml/core-api/core/BackgroundTask/Repository/BackgroundTaskRepository.php:101
Stack trace:
#0 /home/vr488025/yapposushi.com/www/wp-content/plugins/sitepress-multilingual-cms/vendor/wpml/core-api/core/BackgroundTask/Repository/BackgroundTaskRepository.php(29): WPML\Core\BackgroundTask\Repository\BackgroundTaskRepository->createFromQueryResult(NULL)
#1 /home/vr488025/yapposushi.com/www/wp-content/plugins/sitepress-multilingual-cms/vendor/wpml/core-api/core/BackgroundTask/Service/BackgroundTaskService.php(54): WPML\Core\BackgroundTask\Repository\BackgroundTaskRepository- у /home/vr488025/yapposushi.com/www/wp-content/plugins/sitepress-multilingual-cms/vendor/wpml/core-api/core/BackgroundTask/Repository/BackgroundTaskRepository.php доступно 101

2023-07-10T11:16:29+00:00 CRITICAL Uncaught TypeError: Argument 1 passed to WPML\Core\BackgroundTask\Repository\BackgroundTaskRepository::createFromQueryResult() must be of the type array, null given, called in /home/vr488025/yapposushi.com/www/wp-content/plugins/sitepress-multilingual-cms/vendor/wpml/core-api/core/BackgroundTask/Repository/BackgroundTaskRepository.php on line 29 and defined in /home/vr488025/yapposushi.com/www/wp-content/plugins/sitepress-multilingual-cms/vendor/wpml/core-api/core/BackgroundTask/Repository/BackgroundTaskRepository.php:101
Stack trace:
#0 /home/vr488025/yapposushi.com/www/wp-content/plugins/sitepress-multilingual-cms/vendor/wpml/core-api/core/BackgroundTask/Repository/BackgroundTaskRepository.php(29): WPML\Core\BackgroundTask\Repository\BackgroundTaskRepository->createFromQueryResult(NULL)
#1 /home/vr488025/yapposushi.com/www/wp-content/plugins/sitepress-multilingual-cms/vendor/wpml/core-api/core/BackgroundTask/Service/BackgroundTaskService.php(54): WPML\Core\BackgroundTask\Repository\BackgroundTaskRepository- у /home/vr488025/yapposushi.com/www/wp-content/plugins/sitepress-multilingual-cms/vendor/wpml/core-api/core/BackgroundTask/Repository/BackgroundTaskRepository.php доступно 101

2023-07-10T11:35:27+00:00 CRITICAL Uncaught TypeError: Argument 1 passed to WPML\Core\BackgroundTask\Repository\BackgroundTaskRepository::createFromQueryResult() must be of the type array, null given, called in /home/vr488025/yapposushi.com/www/wp-content/plugins/sitepress-multilingual-cms/vendor/wpml/core-api/core/BackgroundTask/Repository/BackgroundTaskRepository.php on line 29 and defined in /home/vr488025/yapposushi.com/www/wp-content/plugins/sitepress-multilingual-cms/vendor/wpml/core-api/core/BackgroundTask/Repository/BackgroundTaskRepository.php:101
Stack trace:
#0 /home/vr488025/yapposushi.com/www/wp-content/plugins/sitepress-multilingual-cms/vendor/wpml/core-api/core/BackgroundTask/Repository/BackgroundTaskRepository.php(29): WPML\Core\BackgroundTask\Repository\BackgroundTaskRepository->createFromQueryResult(NULL)
#1 /home/vr488025/yapposushi.com/www/wp-content/plugins/sitepress-multilingual-cms/vendor/wpml/core-api/core/BackgroundTask/Service/BackgroundTaskService.php(54): WPML\Core\BackgroundTask\Repository\BackgroundTaskRepository- у /home/vr488025/yapposushi.com/www/wp-content/plugins/sitepress-multilingual-cms/vendor/wpml/core-api/core/BackgroundTask/Repository/BackgroundTaskRepository.php доступно 101

2023-07-10T11:35:27+00:00 CRITICAL Uncaught TypeError: Argument 1 passed to WPML\Core\BackgroundTask\Repository\BackgroundTaskRepository::createFromQueryResult() must be of the type array, null given, called in /home/vr488025/yapposushi.com/www/wp-content/plugins/sitepress-multilingual-cms/vendor/wpml/core-api/core/BackgroundTask/Repository/BackgroundTaskRepository.php on line 29 and defined in /home/vr488025/yapposushi.com/www/wp-content/plugins/sitepress-multilingual-cms/vendor/wpml/core-api/core/BackgroundTask/Repository/BackgroundTaskRepository.php:101
Stack trace:
#0 /home/vr488025/yapposushi.com/www/wp-content/plugins/sitepress-multilingual-cms/vendor/wpml/core-api/core/BackgroundTask/Repository/BackgroundTaskRepository.php(29): WPML\Core\BackgroundTask\Repository\BackgroundTaskRepository->createFromQueryResult(NULL)
#1 /home/vr488025/yapposushi.com/www/wp-content/plugins/sitepress-multilingual-cms/vendor/wpml/core-api/core/BackgroundTask/Service/BackgroundTaskService.php(54): WPML\Core\BackgroundTask\Repository\BackgroundTaskRepository- у /home/vr488025/yapposushi.com/www/wp-content/plugins/sitepress-multilingual-cms/vendor/wpml/core-api/core/BackgroundTask/Repository/BackgroundTaskRepository.php доступно 101

2023-07-10T12:00:00+00:00 CRITICAL Uncaught TypeError: Argument 1 passed to WPML\Core\BackgroundTask\Repository\BackgroundTaskRepository::createFromQueryResult() must be of the type array, null given, called in /home/vr488025/yapposushi.com/www/wp-content/plugins/sitepress-multilingual-cms/vendor/wpml/core-api/core/BackgroundTask/Repository/BackgroundTaskRepository.php on line 29 and defined in /home/vr488025/yapposushi.com/www/wp-content/plugins/sitepress-multilingual-cms/vendor/wpml/core-api/core/BackgroundTask/Repository/BackgroundTaskRepository.php:101
Stack trace:
#0 /home/vr488025/yapposushi.com/www/wp-content/plugins/sitepress-multilingual-cms/vendor/wpml/core-api/core/BackgroundTask/Repository/BackgroundTaskRepository.php(29): WPML\Core\BackgroundTask\Repository\BackgroundTaskRepository->createFromQueryResult(NULL)
#1 /home/vr488025/yapposushi.com/www/wp-content/plugins/sitepress-multilingual-cms/vendor/wpml/core-api/core/BackgroundTask/Service/BackgroundTaskService.php(54): WPML\Core\BackgroundTask\Repository\BackgroundTaskRepository- у /home/vr488025/yapposushi.com/www/wp-content/plugins/sitepress-multilingual-cms/vendor/wpml/core-api/core/BackgroundTask/Repository/BackgroundTaskRepository.php доступно 101

2023-07-10T12:00:00+00:00 CRITICAL Uncaught TypeError: Argument 1 passed to WPML\Core\BackgroundTask\Repository\BackgroundTaskRepository::createFromQueryResult() must be of the type array, null given, called in /home/vr488025/yapposushi.com/www/wp-content/plugins/sitepress-multilingual-cms/vendor/wpml/core-api/core/BackgroundTask/Repository/BackgroundTaskRepository.php on line 29 and defined in /home/vr488025/yapposushi.com/www/wp-content/plugins/sitepress-multilingual-cms/vendor/wpml/core-api/core/BackgroundTask/Repository/BackgroundTaskRepository.php:101
Stack trace:
#0 /home/vr488025/yapposushi.com/www/wp-content/plugins/sitepress-multilingual-cms/vendor/wpml/core-api/core/BackgroundTask/Repository/BackgroundTaskRepository.php(29): WPML\Core\BackgroundTask\Repository\BackgroundTaskRepository->createFromQueryResult(NULL)
#1 /home/vr488025/yapposushi.com/www/wp-content/plugins/sitepress-multilingual-cms/vendor/wpml/core-api/core/BackgroundTask/Service/BackgroundTaskService.php(54): WPML\Core\BackgroundTask\Repository\BackgroundTaskRepository- у /home/vr488025/yapposushi.com/www/wp-content/plugins/sitepress-multilingual-cms/vendor/wpml/core-api/core/BackgroundTask/Repository/BackgroundTaskRepository.php доступно 101

2023-07-10T12:04:46+00:00 CRITICAL Uncaught TypeError: Argument 1 passed to WPML\Core\BackgroundTask\Repository\BackgroundTaskRepository::createFromQueryResult() must be of the type array, null given, called in /home/vr488025/yapposushi.com/www/wp-content/plugins/sitepress-multilingual-cms/vendor/wpml/core-api/core/BackgroundTask/Repository/BackgroundTaskRepository.php on line 29 and defined in /home/vr488025/yapposushi.com/www/wp-content/plugins/sitepress-multilingual-cms/vendor/wpml/core-api/core/BackgroundTask/Repository/BackgroundTaskRepository.php:101
Stack trace:
#0 /home/vr488025/yapposushi.com/www/wp-content/plugins/sitepress-multilingual-cms/vendor/wpml/core-api/core/BackgroundTask/Repository/BackgroundTaskRepository.php(29): WPML\Core\BackgroundTask\Repository\BackgroundTaskRepository->createFromQueryResult(NULL)
#1 /home/vr488025/yapposushi.com/www/wp-content/plugins/sitepress-multilingual-cms/vendor/wpml/core-api/core/BackgroundTask/Service/BackgroundTaskService.php(54): WPML\Core\BackgroundTask\Repository\BackgroundTaskRepository- у /home/vr488025/yapposushi.com/www/wp-content/plugins/sitepress-multilingual-cms/vendor/wpml/core-api/core/BackgroundTask/Repository/BackgroundTaskRepository.php доступно 101

2023-07-10T12:04:46+00:00 CRITICAL Uncaught TypeError: Argument 1 passed to WPML\Core\BackgroundTask\Repository\BackgroundTaskRepository::createFromQueryResult() must be of the type array, null given, called in /home/vr488025/yapposushi.com/www/wp-content/plugins/sitepress-multilingual-cms/vendor/wpml/core-api/core/BackgroundTask/Repository/BackgroundTaskRepository.php on line 29 and defined in /home/vr488025/yapposushi.com/www/wp-content/plugins/sitepress-multilingual-cms/vendor/wpml/core-api/core/BackgroundTask/Repository/BackgroundTaskRepository.php:101
Stack trace:
#0 /home/vr488025/yapposushi.com/www/wp-content/plugins/sitepress-multilingual-cms/vendor/wpml/core-api/core/BackgroundTask/Repository/BackgroundTaskRepository.php(29): WPML\Core\BackgroundTask\Repository\BackgroundTaskRepository->createFromQueryResult(NULL)
#1 /home/vr488025/yapposushi.com/www/wp-content/plugins/sitepress-multilingual-cms/vendor/wpml/core-api/core/BackgroundTask/Service/BackgroundTaskService.php(54): WPML\Core\BackgroundTask\Repository\BackgroundTaskRepository- у /home/vr488025/yapposushi.com/www/wp-content/plugins/sitepress-multilingual-cms/vendor/wpml/core-api/core/BackgroundTask/Repository/BackgroundTaskRepository.php доступно 101

2023-07-10T12:53:22+00:00 CRITICAL Uncaught Error: Object of class WP_Error could not be converted to string in /home/vr488025/yapposushi.com/www/wp-content/plugins/custom-gutenberg-plugin/blocks/Menu/template.php:56
Stack trace:
#0 /home/vr488025/yapposushi.com/www/wp-content/plugins/advanced-custom-fields-pro/pro/blocks.php(678): include()
#1 /home/vr488025/yapposushi.com/www/wp-includes/class-wp-hook.php(308): acf_block_render_template(Array, '', false, 2394, Object(WP_Block), Array)
#2 /home/vr488025/yapposushi.com/www/wp-includes/class-wp-hook.php(332): WP_Hook->apply_filters('', Array)
#3 /home/vr488025/yapposushi.com/www/wp-includes/plugin.php(517): WP_Hook->do_action(Array)
#4 /home/vr488025/yapposushi.com/www/wp-content/plugins/advanced-custom-fields-pro/pro/blocks.php(652): do_action('acf_block_rende...', Array, '', false, 2394, Object(WP_Block), Array)
#5 /home/vr488025/yapposushi.com/www/wp-content/plugins/advanced-custom-fields-pro/pro/blocks.php(569): acf_render_block(Array, '', false, 2394, Object(WP_Block), Array)
#6 /home/vr48 в /home/vr488025/yapposushi.com/www/wp-content/plugins/custom-gutenberg-plugin/blocks/Menu/template.php на строке 56

2023-07-10T12:53:22+00:00 CRITICAL Uncaught Error: Object of class WP_Error could not be converted to string in /home/vr488025/yapposushi.com/www/wp-content/plugins/custom-gutenberg-plugin/blocks/Menu/template.php:56
Stack trace:
#0 /home/vr488025/yapposushi.com/www/wp-content/plugins/advanced-custom-fields-pro/pro/blocks.php(678): include()
#1 /home/vr488025/yapposushi.com/www/wp-includes/class-wp-hook.php(308): acf_block_render_template(Array, '', false, 2394, Object(WP_Block), Array)
#2 /home/vr488025/yapposushi.com/www/wp-includes/class-wp-hook.php(332): WP_Hook->apply_filters('', Array)
#3 /home/vr488025/yapposushi.com/www/wp-includes/plugin.php(517): WP_Hook->do_action(Array)
#4 /home/vr488025/yapposushi.com/www/wp-content/plugins/advanced-custom-fields-pro/pro/blocks.php(652): do_action('acf_block_rende...', Array, '', false, 2394, Object(WP_Block), Array)
#5 /home/vr488025/yapposushi.com/www/wp-content/plugins/advanced-custom-fields-pro/pro/blocks.php(569): acf_render_block(Array, '', false, 2394, Object(WP_Block), Array)
#6 /home/vr48 в /home/vr488025/yapposushi.com/www/wp-content/plugins/custom-gutenberg-plugin/blocks/Menu/template.php на строке 56

2023-07-10T14:08:38+00:00 CRITICAL Uncaught Error: Object of class WP_Error could not be converted to string in /home/vr488025/yapposushi.com/www/wp-content/plugins/custom-gutenberg-plugin/blocks/Menu/template.php:56
Stack trace:
#0 /home/vr488025/yapposushi.com/www/wp-content/plugins/advanced-custom-fields-pro/pro/blocks.php(678): include()
#1 /home/vr488025/yapposushi.com/www/wp-includes/class-wp-hook.php(308): acf_block_render_template(Array, '', false, 2394, Object(WP_Block), Array)
#2 /home/vr488025/yapposushi.com/www/wp-includes/class-wp-hook.php(332): WP_Hook->apply_filters('', Array)
#3 /home/vr488025/yapposushi.com/www/wp-includes/plugin.php(517): WP_Hook->do_action(Array)
#4 /home/vr488025/yapposushi.com/www/wp-content/plugins/advanced-custom-fields-pro/pro/blocks.php(652): do_action('acf_block_rende...', Array, '', false, 2394, Object(WP_Block), Array)
#5 /home/vr488025/yapposushi.com/www/wp-content/plugins/advanced-custom-fields-pro/pro/blocks.php(569): acf_render_block(Array, '', false, 2394, Object(WP_Block), Array)
#6 /home/vr48 в /home/vr488025/yapposushi.com/www/wp-content/plugins/custom-gutenberg-plugin/blocks/Menu/template.php на строке 56

2023-07-10T14:08:38+00:00 CRITICAL Uncaught Error: Object of class WP_Error could not be converted to string in /home/vr488025/yapposushi.com/www/wp-content/plugins/custom-gutenberg-plugin/blocks/Menu/template.php:56
Stack trace:
#0 /home/vr488025/yapposushi.com/www/wp-content/plugins/advanced-custom-fields-pro/pro/blocks.php(678): include()
#1 /home/vr488025/yapposushi.com/www/wp-includes/class-wp-hook.php(308): acf_block_render_template(Array, '', false, 2394, Object(WP_Block), Array)
#2 /home/vr488025/yapposushi.com/www/wp-includes/class-wp-hook.php(332): WP_Hook->apply_filters('', Array)
#3 /home/vr488025/yapposushi.com/www/wp-includes/plugin.php(517): WP_Hook->do_action(Array)
#4 /home/vr488025/yapposushi.com/www/wp-content/plugins/advanced-custom-fields-pro/pro/blocks.php(652): do_action('acf_block_rende...', Array, '', false, 2394, Object(WP_Block), Array)
#5 /home/vr488025/yapposushi.com/www/wp-content/plugins/advanced-custom-fields-pro/pro/blocks.php(569): acf_render_block(Array, '', false, 2394, Object(WP_Block), Array)
#6 /home/vr48 в /home/vr488025/yapposushi.com/www/wp-content/plugins/custom-gutenberg-plugin/blocks/Menu/template.php на строке 56

2023-07-10T14:09:12+00:00 CRITICAL Uncaught Error: Object of class WP_Error could not be converted to string in /home/vr488025/yapposushi.com/www/wp-content/plugins/custom-gutenberg-plugin/blocks/Menu/template.php:56
Stack trace:
#0 /home/vr488025/yapposushi.com/www/wp-content/plugins/advanced-custom-fields-pro/pro/blocks.php(678): include()
#1 /home/vr488025/yapposushi.com/www/wp-includes/class-wp-hook.php(308): acf_block_render_template(Array, '', false, 2394, Object(WP_Block), Array)
#2 /home/vr488025/yapposushi.com/www/wp-includes/class-wp-hook.php(332): WP_Hook->apply_filters('', Array)
#3 /home/vr488025/yapposushi.com/www/wp-includes/plugin.php(517): WP_Hook->do_action(Array)
#4 /home/vr488025/yapposushi.com/www/wp-content/plugins/advanced-custom-fields-pro/pro/blocks.php(652): do_action('acf_block_rende...', Array, '', false, 2394, Object(WP_Block), Array)
#5 /home/vr488025/yapposushi.com/www/wp-content/plugins/advanced-custom-fields-pro/pro/blocks.php(569): acf_render_block(Array, '', false, 2394, Object(WP_Block), Array)
#6 /home/vr48 в /home/vr488025/yapposushi.com/www/wp-content/plugins/custom-gutenberg-plugin/blocks/Menu/template.php на строке 56

2023-07-10T14:09:12+00:00 CRITICAL Uncaught Error: Object of class WP_Error could not be converted to string in /home/vr488025/yapposushi.com/www/wp-content/plugins/custom-gutenberg-plugin/blocks/Menu/template.php:56
Stack trace:
#0 /home/vr488025/yapposushi.com/www/wp-content/plugins/advanced-custom-fields-pro/pro/blocks.php(678): include()
#1 /home/vr488025/yapposushi.com/www/wp-includes/class-wp-hook.php(308): acf_block_render_template(Array, '', false, 2394, Object(WP_Block), Array)
#2 /home/vr488025/yapposushi.com/www/wp-includes/class-wp-hook.php(332): WP_Hook->apply_filters('', Array)
#3 /home/vr488025/yapposushi.com/www/wp-includes/plugin.php(517): WP_Hook->do_action(Array)
#4 /home/vr488025/yapposushi.com/www/wp-content/plugins/advanced-custom-fields-pro/pro/blocks.php(652): do_action('acf_block_rende...', Array, '', false, 2394, Object(WP_Block), Array)
#5 /home/vr488025/yapposushi.com/www/wp-content/plugins/advanced-custom-fields-pro/pro/blocks.php(569): acf_render_block(Array, '', false, 2394, Object(WP_Block), Array)
#6 /home/vr48 в /home/vr488025/yapposushi.com/www/wp-content/plugins/custom-gutenberg-plugin/blocks/Menu/template.php на строке 56

2023-07-10T14:09:32+00:00 CRITICAL Uncaught Error: Object of class WP_Error could not be converted to string in /home/vr488025/yapposushi.com/www/wp-content/plugins/custom-gutenberg-plugin/blocks/Menu/template.php:56
Stack trace:
#0 /home/vr488025/yapposushi.com/www/wp-content/plugins/advanced-custom-fields-pro/pro/blocks.php(678): include()
#1 /home/vr488025/yapposushi.com/www/wp-includes/class-wp-hook.php(308): acf_block_render_template(Array, '', false, 2394, Object(WP_Block), Array)
#2 /home/vr488025/yapposushi.com/www/wp-includes/class-wp-hook.php(332): WP_Hook->apply_filters('', Array)
#3 /home/vr488025/yapposushi.com/www/wp-includes/plugin.php(517): WP_Hook->do_action(Array)
#4 /home/vr488025/yapposushi.com/www/wp-content/plugins/advanced-custom-fields-pro/pro/blocks.php(652): do_action('acf_block_rende...', Array, '', false, 2394, Object(WP_Block), Array)
#5 /home/vr488025/yapposushi.com/www/wp-content/plugins/advanced-custom-fields-pro/pro/blocks.php(569): acf_render_block(Array, '', false, 2394, Object(WP_Block), Array)
#6 /home/vr48 в /home/vr488025/yapposushi.com/www/wp-content/plugins/custom-gutenberg-plugin/blocks/Menu/template.php на строке 56

2023-07-10T14:09:32+00:00 CRITICAL Uncaught Error: Object of class WP_Error could not be converted to string in /home/vr488025/yapposushi.com/www/wp-content/plugins/custom-gutenberg-plugin/blocks/Menu/template.php:56
Stack trace:
#0 /home/vr488025/yapposushi.com/www/wp-content/plugins/advanced-custom-fields-pro/pro/blocks.php(678): include()
#1 /home/vr488025/yapposushi.com/www/wp-includes/class-wp-hook.php(308): acf_block_render_template(Array, '', false, 2394, Object(WP_Block), Array)
#2 /home/vr488025/yapposushi.com/www/wp-includes/class-wp-hook.php(332): WP_Hook->apply_filters('', Array)
#3 /home/vr488025/yapposushi.com/www/wp-includes/plugin.php(517): WP_Hook->do_action(Array)
#4 /home/vr488025/yapposushi.com/www/wp-content/plugins/advanced-custom-fields-pro/pro/blocks.php(652): do_action('acf_block_rende...', Array, '', false, 2394, Object(WP_Block), Array)
#5 /home/vr488025/yapposushi.com/www/wp-content/plugins/advanced-custom-fields-pro/pro/blocks.php(569): acf_render_block(Array, '', false, 2394, Object(WP_Block), Array)
#6 /home/vr48 в /home/vr488025/yapposushi.com/www/wp-content/plugins/custom-gutenberg-plugin/blocks/Menu/template.php на строке 56

2023-07-10T14:10:07+00:00 CRITICAL Uncaught Error: Object of class WP_Error could not be converted to string in /home/vr488025/yapposushi.com/www/wp-content/plugins/custom-gutenberg-plugin/blocks/Menu/template.php:56
Stack trace:
#0 /home/vr488025/yapposushi.com/www/wp-content/plugins/advanced-custom-fields-pro/pro/blocks.php(678): include()
#1 /home/vr488025/yapposushi.com/www/wp-includes/class-wp-hook.php(308): acf_block_render_template(Array, '', false, 2394, Object(WP_Block), Array)
#2 /home/vr488025/yapposushi.com/www/wp-includes/class-wp-hook.php(332): WP_Hook->apply_filters('', Array)
#3 /home/vr488025/yapposushi.com/www/wp-includes/plugin.php(517): WP_Hook->do_action(Array)
#4 /home/vr488025/yapposushi.com/www/wp-content/plugins/advanced-custom-fields-pro/pro/blocks.php(652): do_action('acf_block_rende...', Array, '', false, 2394, Object(WP_Block), Array)
#5 /home/vr488025/yapposushi.com/www/wp-content/plugins/advanced-custom-fields-pro/pro/blocks.php(569): acf_render_block(Array, '', false, 2394, Object(WP_Block), Array)
#6 /home/vr48 в /home/vr488025/yapposushi.com/www/wp-content/plugins/custom-gutenberg-plugin/blocks/Menu/template.php на строке 56

2023-07-10T14:10:07+00:00 CRITICAL Uncaught Error: Object of class WP_Error could not be converted to string in /home/vr488025/yapposushi.com/www/wp-content/plugins/custom-gutenberg-plugin/blocks/Menu/template.php:56
Stack trace:
#0 /home/vr488025/yapposushi.com/www/wp-content/plugins/advanced-custom-fields-pro/pro/blocks.php(678): include()
#1 /home/vr488025/yapposushi.com/www/wp-includes/class-wp-hook.php(308): acf_block_render_template(Array, '', false, 2394, Object(WP_Block), Array)
#2 /home/vr488025/yapposushi.com/www/wp-includes/class-wp-hook.php(332): WP_Hook->apply_filters('', Array)
#3 /home/vr488025/yapposushi.com/www/wp-includes/plugin.php(517): WP_Hook->do_action(Array)
#4 /home/vr488025/yapposushi.com/www/wp-content/plugins/advanced-custom-fields-pro/pro/blocks.php(652): do_action('acf_block_rende...', Array, '', false, 2394, Object(WP_Block), Array)
#5 /home/vr488025/yapposushi.com/www/wp-content/plugins/advanced-custom-fields-pro/pro/blocks.php(569): acf_render_block(Array, '', false, 2394, Object(WP_Block), Array)
#6 /home/vr48 в /home/vr488025/yapposushi.com/www/wp-content/plugins/custom-gutenberg-plugin/blocks/Menu/template.php на строке 56

2023-07-10T14:10:24+00:00 CRITICAL Uncaught Error: Object of class WP_Error could not be converted to string in /home/vr488025/yapposushi.com/www/wp-content/plugins/custom-gutenberg-plugin/blocks/Menu/template.php:56
Stack trace:
#0 /home/vr488025/yapposushi.com/www/wp-content/plugins/advanced-custom-fields-pro/pro/blocks.php(678): include()
#1 /home/vr488025/yapposushi.com/www/wp-includes/class-wp-hook.php(308): acf_block_render_template(Array, '', false, 2394, Object(WP_Block), Array)
#2 /home/vr488025/yapposushi.com/www/wp-includes/class-wp-hook.php(332): WP_Hook->apply_filters('', Array)
#3 /home/vr488025/yapposushi.com/www/wp-includes/plugin.php(517): WP_Hook->do_action(Array)
#4 /home/vr488025/yapposushi.com/www/wp-content/plugins/advanced-custom-fields-pro/pro/blocks.php(652): do_action('acf_block_rende...', Array, '', false, 2394, Object(WP_Block), Array)
#5 /home/vr488025/yapposushi.com/www/wp-content/plugins/advanced-custom-fields-pro/pro/blocks.php(569): acf_render_block(Array, '', false, 2394, Object(WP_Block), Array)
#6 /home/vr48 в /home/vr488025/yapposushi.com/www/wp-content/plugins/custom-gutenberg-plugin/blocks/Menu/template.php на строке 56

2023-07-10T14:10:24+00:00 CRITICAL Uncaught Error: Object of class WP_Error could not be converted to string in /home/vr488025/yapposushi.com/www/wp-content/plugins/custom-gutenberg-plugin/blocks/Menu/template.php:56
Stack trace:
#0 /home/vr488025/yapposushi.com/www/wp-content/plugins/advanced-custom-fields-pro/pro/blocks.php(678): include()
#1 /home/vr488025/yapposushi.com/www/wp-includes/class-wp-hook.php(308): acf_block_render_template(Array, '', false, 2394, Object(WP_Block), Array)
#2 /home/vr488025/yapposushi.com/www/wp-includes/class-wp-hook.php(332): WP_Hook->apply_filters('', Array)
#3 /home/vr488025/yapposushi.com/www/wp-includes/plugin.php(517): WP_Hook->do_action(Array)
#4 /home/vr488025/yapposushi.com/www/wp-content/plugins/advanced-custom-fields-pro/pro/blocks.php(652): do_action('acf_block_rende...', Array, '', false, 2394, Object(WP_Block), Array)
#5 /home/vr488025/yapposushi.com/www/wp-content/plugins/advanced-custom-fields-pro/pro/blocks.php(569): acf_render_block(Array, '', false, 2394, Object(WP_Block), Array)
#6 /home/vr48 в /home/vr488025/yapposushi.com/www/wp-content/plugins/custom-gutenberg-plugin/blocks/Menu/template.php на строке 56

2023-07-10T14:10:31+00:00 CRITICAL Uncaught Error: Object of class WP_Error could not be converted to string in /home/vr488025/yapposushi.com/www/wp-content/plugins/custom-gutenberg-plugin/blocks/Menu/template.php:56
Stack trace:
#0 /home/vr488025/yapposushi.com/www/wp-content/plugins/advanced-custom-fields-pro/pro/blocks.php(678): include()
#1 /home/vr488025/yapposushi.com/www/wp-includes/class-wp-hook.php(308): acf_block_render_template(Array, '', false, 2394, Object(WP_Block), Array)
#2 /home/vr488025/yapposushi.com/www/wp-includes/class-wp-hook.php(332): WP_Hook->apply_filters('', Array)
#3 /home/vr488025/yapposushi.com/www/wp-includes/plugin.php(517): WP_Hook->do_action(Array)
#4 /home/vr488025/yapposushi.com/www/wp-content/plugins/advanced-custom-fields-pro/pro/blocks.php(652): do_action('acf_block_rende...', Array, '', false, 2394, Object(WP_Block), Array)
#5 /home/vr488025/yapposushi.com/www/wp-content/plugins/advanced-custom-fields-pro/pro/blocks.php(569): acf_render_block(Array, '', false, 2394, Object(WP_Block), Array)
#6 /home/vr48 в /home/vr488025/yapposushi.com/www/wp-content/plugins/custom-gutenberg-plugin/blocks/Menu/template.php на строке 56

2023-07-10T14:10:31+00:00 CRITICAL Uncaught Error: Object of class WP_Error could not be converted to string in /home/vr488025/yapposushi.com/www/wp-content/plugins/custom-gutenberg-plugin/blocks/Menu/template.php:56
Stack trace:
#0 /home/vr488025/yapposushi.com/www/wp-content/plugins/advanced-custom-fields-pro/pro/blocks.php(678): include()
#1 /home/vr488025/yapposushi.com/www/wp-includes/class-wp-hook.php(308): acf_block_render_template(Array, '', false, 2394, Object(WP_Block), Array)
#2 /home/vr488025/yapposushi.com/www/wp-includes/class-wp-hook.php(332): WP_Hook->apply_filters('', Array)
#3 /home/vr488025/yapposushi.com/www/wp-includes/plugin.php(517): WP_Hook->do_action(Array)
#4 /home/vr488025/yapposushi.com/www/wp-content/plugins/advanced-custom-fields-pro/pro/blocks.php(652): do_action('acf_block_rende...', Array, '', false, 2394, Object(WP_Block), Array)
#5 /home/vr488025/yapposushi.com/www/wp-content/plugins/advanced-custom-fields-pro/pro/blocks.php(569): acf_render_block(Array, '', false, 2394, Object(WP_Block), Array)
#6 /home/vr48 в /home/vr488025/yapposushi.com/www/wp-content/plugins/custom-gutenberg-plugin/blocks/Menu/template.php на строке 56

2023-07-10T14:10:51+00:00 CRITICAL Uncaught Error: Object of class WP_Error could not be converted to string in /home/vr488025/yapposushi.com/www/wp-content/plugins/custom-gutenberg-plugin/blocks/Menu/template.php:56
Stack trace:
#0 /home/vr488025/yapposushi.com/www/wp-content/plugins/advanced-custom-fields-pro/pro/blocks.php(678): include()
#1 /home/vr488025/yapposushi.com/www/wp-includes/class-wp-hook.php(308): acf_block_render_template(Array, '', false, 127, Object(WP_Block), Array)
#2 /home/vr488025/yapposushi.com/www/wp-includes/class-wp-hook.php(332): WP_Hook->apply_filters('', Array)
#3 /home/vr488025/yapposushi.com/www/wp-includes/plugin.php(517): WP_Hook->do_action(Array)
#4 /home/vr488025/yapposushi.com/www/wp-content/plugins/advanced-custom-fields-pro/pro/blocks.php(652): do_action('acf_block_rende...', Array, '', false, 127, Object(WP_Block), Array)
#5 /home/vr488025/yapposushi.com/www/wp-content/plugins/advanced-custom-fields-pro/pro/blocks.php(569): acf_render_block(Array, '', false, 127, Object(WP_Block), Array)
#6 /home/vr48802 у /home/vr488025/yapposushi.com/www/wp-content/plugins/custom-gutenberg-plugin/blocks/Menu/template.php доступно 56

2023-07-10T14:10:51+00:00 CRITICAL Uncaught Error: Object of class WP_Error could not be converted to string in /home/vr488025/yapposushi.com/www/wp-content/plugins/custom-gutenberg-plugin/blocks/Menu/template.php:56
Stack trace:
#0 /home/vr488025/yapposushi.com/www/wp-content/plugins/advanced-custom-fields-pro/pro/blocks.php(678): include()
#1 /home/vr488025/yapposushi.com/www/wp-includes/class-wp-hook.php(308): acf_block_render_template(Array, '', false, 127, Object(WP_Block), Array)
#2 /home/vr488025/yapposushi.com/www/wp-includes/class-wp-hook.php(332): WP_Hook->apply_filters('', Array)
#3 /home/vr488025/yapposushi.com/www/wp-includes/plugin.php(517): WP_Hook->do_action(Array)
#4 /home/vr488025/yapposushi.com/www/wp-content/plugins/advanced-custom-fields-pro/pro/blocks.php(652): do_action('acf_block_rende...', Array, '', false, 127, Object(WP_Block), Array)
#5 /home/vr488025/yapposushi.com/www/wp-content/plugins/advanced-custom-fields-pro/pro/blocks.php(569): acf_render_block(Array, '', false, 127, Object(WP_Block), Array)
#6 /home/vr48802 у /home/vr488025/yapposushi.com/www/wp-content/plugins/custom-gutenberg-plugin/blocks/Menu/template.php доступно 56

2023-07-10T14:11:11+00:00 CRITICAL Uncaught Error: Object of class WP_Error could not be converted to string in /home/vr488025/yapposushi.com/www/wp-content/plugins/custom-gutenberg-plugin/blocks/Menu/template.php:56
Stack trace:
#0 /home/vr488025/yapposushi.com/www/wp-content/plugins/advanced-custom-fields-pro/pro/blocks.php(678): include()
#1 /home/vr488025/yapposushi.com/www/wp-includes/class-wp-hook.php(308): acf_block_render_template(Array, '', false, 2394, Object(WP_Block), Array)
#2 /home/vr488025/yapposushi.com/www/wp-includes/class-wp-hook.php(332): WP_Hook->apply_filters('', Array)
#3 /home/vr488025/yapposushi.com/www/wp-includes/plugin.php(517): WP_Hook->do_action(Array)
#4 /home/vr488025/yapposushi.com/www/wp-content/plugins/advanced-custom-fields-pro/pro/blocks.php(652): do_action('acf_block_rende...', Array, '', false, 2394, Object(WP_Block), Array)
#5 /home/vr488025/yapposushi.com/www/wp-content/plugins/advanced-custom-fields-pro/pro/blocks.php(569): acf_render_block(Array, '', false, 2394, Object(WP_Block), Array)
#6 /home/vr48 в /home/vr488025/yapposushi.com/www/wp-content/plugins/custom-gutenberg-plugin/blocks/Menu/template.php на строке 56

2023-07-10T14:11:11+00:00 CRITICAL Uncaught Error: Object of class WP_Error could not be converted to string in /home/vr488025/yapposushi.com/www/wp-content/plugins/custom-gutenberg-plugin/blocks/Menu/template.php:56
Stack trace:
#0 /home/vr488025/yapposushi.com/www/wp-content/plugins/advanced-custom-fields-pro/pro/blocks.php(678): include()
#1 /home/vr488025/yapposushi.com/www/wp-includes/class-wp-hook.php(308): acf_block_render_template(Array, '', false, 2394, Object(WP_Block), Array)
#2 /home/vr488025/yapposushi.com/www/wp-includes/class-wp-hook.php(332): WP_Hook->apply_filters('', Array)
#3 /home/vr488025/yapposushi.com/www/wp-includes/plugin.php(517): WP_Hook->do_action(Array)
#4 /home/vr488025/yapposushi.com/www/wp-content/plugins/advanced-custom-fields-pro/pro/blocks.php(652): do_action('acf_block_rende...', Array, '', false, 2394, Object(WP_Block), Array)
#5 /home/vr488025/yapposushi.com/www/wp-content/plugins/advanced-custom-fields-pro/pro/blocks.php(569): acf_render_block(Array, '', false, 2394, Object(WP_Block), Array)
#6 /home/vr48 в /home/vr488025/yapposushi.com/www/wp-content/plugins/custom-gutenberg-plugin/blocks/Menu/template.php на строке 56

2023-07-10T14:11:42+00:00 CRITICAL Uncaught Error: Object of class WP_Error could not be converted to string in /home/vr488025/yapposushi.com/www/wp-content/plugins/custom-gutenberg-plugin/blocks/Menu/template.php:56
Stack trace:
#0 /home/vr488025/yapposushi.com/www/wp-content/plugins/advanced-custom-fields-pro/pro/blocks.php(678): include()
#1 /home/vr488025/yapposushi.com/www/wp-includes/class-wp-hook.php(308): acf_block_render_template(Array, '', false, 2394, Object(WP_Block), Array)
#2 /home/vr488025/yapposushi.com/www/wp-includes/class-wp-hook.php(332): WP_Hook->apply_filters('', Array)
#3 /home/vr488025/yapposushi.com/www/wp-includes/plugin.php(517): WP_Hook->do_action(Array)
#4 /home/vr488025/yapposushi.com/www/wp-content/plugins/advanced-custom-fields-pro/pro/blocks.php(652): do_action('acf_block_rende...', Array, '', false, 2394, Object(WP_Block), Array)
#5 /home/vr488025/yapposushi.com/www/wp-content/plugins/advanced-custom-fields-pro/pro/blocks.php(569): acf_render_block(Array, '', false, 2394, Object(WP_Block), Array)
#6 /home/vr48 в /home/vr488025/yapposushi.com/www/wp-content/plugins/custom-gutenberg-plugin/blocks/Menu/template.php на строке 56

2023-07-10T14:11:42+00:00 CRITICAL Uncaught Error: Object of class WP_Error could not be converted to string in /home/vr488025/yapposushi.com/www/wp-content/plugins/custom-gutenberg-plugin/blocks/Menu/template.php:56
Stack trace:
#0 /home/vr488025/yapposushi.com/www/wp-content/plugins/advanced-custom-fields-pro/pro/blocks.php(678): include()
#1 /home/vr488025/yapposushi.com/www/wp-includes/class-wp-hook.php(308): acf_block_render_template(Array, '', false, 2394, Object(WP_Block), Array)
#2 /home/vr488025/yapposushi.com/www/wp-includes/class-wp-hook.php(332): WP_Hook->apply_filters('', Array)
#3 /home/vr488025/yapposushi.com/www/wp-includes/plugin.php(517): WP_Hook->do_action(Array)
#4 /home/vr488025/yapposushi.com/www/wp-content/plugins/advanced-custom-fields-pro/pro/blocks.php(652): do_action('acf_block_rende...', Array, '', false, 2394, Object(WP_Block), Array)
#5 /home/vr488025/yapposushi.com/www/wp-content/plugins/advanced-custom-fields-pro/pro/blocks.php(569): acf_render_block(Array, '', false, 2394, Object(WP_Block), Array)
#6 /home/vr48 в /home/vr488025/yapposushi.com/www/wp-content/plugins/custom-gutenberg-plugin/blocks/Menu/template.php на строке 56

2023-07-10T14:12:11+00:00 CRITICAL Uncaught Error: Object of class WP_Error could not be converted to string in /home/vr488025/yapposushi.com/www/wp-content/plugins/custom-gutenberg-plugin/blocks/Menu/template.php:56
Stack trace:
#0 /home/vr488025/yapposushi.com/www/wp-content/plugins/advanced-custom-fields-pro/pro/blocks.php(678): include()
#1 /home/vr488025/yapposushi.com/www/wp-includes/class-wp-hook.php(308): acf_block_render_template(Array, '', false, 2394, Object(WP_Block), Array)
#2 /home/vr488025/yapposushi.com/www/wp-includes/class-wp-hook.php(332): WP_Hook->apply_filters('', Array)
#3 /home/vr488025/yapposushi.com/www/wp-includes/plugin.php(517): WP_Hook->do_action(Array)
#4 /home/vr488025/yapposushi.com/www/wp-content/plugins/advanced-custom-fields-pro/pro/blocks.php(652): do_action('acf_block_rende...', Array, '', false, 2394, Object(WP_Block), Array)
#5 /home/vr488025/yapposushi.com/www/wp-content/plugins/advanced-custom-fields-pro/pro/blocks.php(569): acf_render_block(Array, '', false, 2394, Object(WP_Block), Array)
#6 /home/vr48 в /home/vr488025/yapposushi.com/www/wp-content/plugins/custom-gutenberg-plugin/blocks/Menu/template.php на строке 56

2023-07-10T14:12:11+00:00 CRITICAL Uncaught Error: Object of class WP_Error could not be converted to string in /home/vr488025/yapposushi.com/www/wp-content/plugins/custom-gutenberg-plugin/blocks/Menu/template.php:56
Stack trace:
#0 /home/vr488025/yapposushi.com/www/wp-content/plugins/advanced-custom-fields-pro/pro/blocks.php(678): include()
#1 /home/vr488025/yapposushi.com/www/wp-includes/class-wp-hook.php(308): acf_block_render_template(Array, '', false, 2394, Object(WP_Block), Array)
#2 /home/vr488025/yapposushi.com/www/wp-includes/class-wp-hook.php(332): WP_Hook->apply_filters('', Array)
#3 /home/vr488025/yapposushi.com/www/wp-includes/plugin.php(517): WP_Hook->do_action(Array)
#4 /home/vr488025/yapposushi.com/www/wp-content/plugins/advanced-custom-fields-pro/pro/blocks.php(652): do_action('acf_block_rende...', Array, '', false, 2394, Object(WP_Block), Array)
#5 /home/vr488025/yapposushi.com/www/wp-content/plugins/advanced-custom-fields-pro/pro/blocks.php(569): acf_render_block(Array, '', false, 2394, Object(WP_Block), Array)
#6 /home/vr48 в /home/vr488025/yapposushi.com/www/wp-content/plugins/custom-gutenberg-plugin/blocks/Menu/template.php на строке 56

2023-07-10T14:12:16+00:00 CRITICAL Uncaught TypeError: Argument 1 passed to WPML\Core\BackgroundTask\Repository\BackgroundTaskRepository::createFromQueryResult() must be of the type array, null given, called in /home/vr488025/yapposushi.com/www/wp-content/plugins/sitepress-multilingual-cms/vendor/wpml/core-api/core/BackgroundTask/Repository/BackgroundTaskRepository.php on line 29 and defined in /home/vr488025/yapposushi.com/www/wp-content/plugins/sitepress-multilingual-cms/vendor/wpml/core-api/core/BackgroundTask/Repository/BackgroundTaskRepository.php:101
Stack trace:
#0 /home/vr488025/yapposushi.com/www/wp-content/plugins/sitepress-multilingual-cms/vendor/wpml/core-api/core/BackgroundTask/Repository/BackgroundTaskRepository.php(29): WPML\Core\BackgroundTask\Repository\BackgroundTaskRepository->createFromQueryResult(NULL)
#1 /home/vr488025/yapposushi.com/www/wp-content/plugins/sitepress-multilingual-cms/vendor/wpml/core-api/core/BackgroundTask/Service/BackgroundTaskService.php(54): WPML\Core\BackgroundTask\Repository\BackgroundTaskRepository- у /home/vr488025/yapposushi.com/www/wp-content/plugins/sitepress-multilingual-cms/vendor/wpml/core-api/core/BackgroundTask/Repository/BackgroundTaskRepository.php доступно 101

2023-07-10T14:12:16+00:00 CRITICAL Uncaught TypeError: Argument 1 passed to WPML\Core\BackgroundTask\Repository\BackgroundTaskRepository::createFromQueryResult() must be of the type array, null given, called in /home/vr488025/yapposushi.com/www/wp-content/plugins/sitepress-multilingual-cms/vendor/wpml/core-api/core/BackgroundTask/Repository/BackgroundTaskRepository.php on line 29 and defined in /home/vr488025/yapposushi.com/www/wp-content/plugins/sitepress-multilingual-cms/vendor/wpml/core-api/core/BackgroundTask/Repository/BackgroundTaskRepository.php:101
Stack trace:
#0 /home/vr488025/yapposushi.com/www/wp-content/plugins/sitepress-multilingual-cms/vendor/wpml/core-api/core/BackgroundTask/Repository/BackgroundTaskRepository.php(29): WPML\Core\BackgroundTask\Repository\BackgroundTaskRepository->createFromQueryResult(NULL)
#1 /home/vr488025/yapposushi.com/www/wp-content/plugins/sitepress-multilingual-cms/vendor/wpml/core-api/core/BackgroundTask/Service/BackgroundTaskService.php(54): WPML\Core\BackgroundTask\Repository\BackgroundTaskRepository- у /home/vr488025/yapposushi.com/www/wp-content/plugins/sitepress-multilingual-cms/vendor/wpml/core-api/core/BackgroundTask/Repository/BackgroundTaskRepository.php доступно 101

2023-07-10T14:18:47+00:00 CRITICAL Uncaught Error: Object of class WP_Error could not be converted to string in /home/vr488025/yapposushi.com/www/wp-content/plugins/custom-gutenberg-plugin/blocks/Menu/template.php:56
Stack trace:
#0 /home/vr488025/yapposushi.com/www/wp-content/plugins/advanced-custom-fields-pro/pro/blocks.php(678): include()
#1 /home/vr488025/yapposushi.com/www/wp-includes/class-wp-hook.php(308): acf_block_render_template(Array, '', false, 2394, Object(WP_Block), Array)
#2 /home/vr488025/yapposushi.com/www/wp-includes/class-wp-hook.php(332): WP_Hook->apply_filters('', Array)
#3 /home/vr488025/yapposushi.com/www/wp-includes/plugin.php(517): WP_Hook->do_action(Array)
#4 /home/vr488025/yapposushi.com/www/wp-content/plugins/advanced-custom-fields-pro/pro/blocks.php(652): do_action('acf_block_rende...', Array, '', false, 2394, Object(WP_Block), Array)
#5 /home/vr488025/yapposushi.com/www/wp-content/plugins/advanced-custom-fields-pro/pro/blocks.php(569): acf_render_block(Array, '', false, 2394, Object(WP_Block), Array)
#6 /home/vr48 в /home/vr488025/yapposushi.com/www/wp-content/plugins/custom-gutenberg-plugin/blocks/Menu/template.php на строке 56

2023-07-10T14:18:47+00:00 CRITICAL Uncaught Error: Object of class WP_Error could not be converted to string in /home/vr488025/yapposushi.com/www/wp-content/plugins/custom-gutenberg-plugin/blocks/Menu/template.php:56
Stack trace:
#0 /home/vr488025/yapposushi.com/www/wp-content/plugins/advanced-custom-fields-pro/pro/blocks.php(678): include()
#1 /home/vr488025/yapposushi.com/www/wp-includes/class-wp-hook.php(308): acf_block_render_template(Array, '', false, 2394, Object(WP_Block), Array)
#2 /home/vr488025/yapposushi.com/www/wp-includes/class-wp-hook.php(332): WP_Hook->apply_filters('', Array)
#3 /home/vr488025/yapposushi.com/www/wp-includes/plugin.php(517): WP_Hook->do_action(Array)
#4 /home/vr488025/yapposushi.com/www/wp-content/plugins/advanced-custom-fields-pro/pro/blocks.php(652): do_action('acf_block_rende...', Array, '', false, 2394, Object(WP_Block), Array)
#5 /home/vr488025/yapposushi.com/www/wp-content/plugins/advanced-custom-fields-pro/pro/blocks.php(569): acf_render_block(Array, '', false, 2394, Object(WP_Block), Array)
#6 /home/vr48 в /home/vr488025/yapposushi.com/www/wp-content/plugins/custom-gutenberg-plugin/blocks/Menu/template.php на строке 56

2023-07-10T14:20:07+00:00 CRITICAL Uncaught Error: Object of class WP_Error could not be converted to string in /home/vr488025/yapposushi.com/www/wp-content/plugins/custom-gutenberg-plugin/blocks/Menu/template.php:56
Stack trace:
#0 /home/vr488025/yapposushi.com/www/wp-content/plugins/advanced-custom-fields-pro/pro/blocks.php(678): include()
#1 /home/vr488025/yapposushi.com/www/wp-includes/class-wp-hook.php(308): acf_block_render_template(Array, '', false, 127, Object(WP_Block), Array)
#2 /home/vr488025/yapposushi.com/www/wp-includes/class-wp-hook.php(332): WP_Hook->apply_filters('', Array)
#3 /home/vr488025/yapposushi.com/www/wp-includes/plugin.php(517): WP_Hook->do_action(Array)
#4 /home/vr488025/yapposushi.com/www/wp-content/plugins/advanced-custom-fields-pro/pro/blocks.php(652): do_action('acf_block_rende...', Array, '', false, 127, Object(WP_Block), Array)
#5 /home/vr488025/yapposushi.com/www/wp-content/plugins/advanced-custom-fields-pro/pro/blocks.php(569): acf_render_block(Array, '', false, 127, Object(WP_Block), Array)
#6 /home/vr48802 у /home/vr488025/yapposushi.com/www/wp-content/plugins/custom-gutenberg-plugin/blocks/Menu/template.php доступно 56

2023-07-10T14:20:07+00:00 CRITICAL Uncaught Error: Object of class WP_Error could not be converted to string in /home/vr488025/yapposushi.com/www/wp-content/plugins/custom-gutenberg-plugin/blocks/Menu/template.php:56
Stack trace:
#0 /home/vr488025/yapposushi.com/www/wp-content/plugins/advanced-custom-fields-pro/pro/blocks.php(678): include()
#1 /home/vr488025/yapposushi.com/www/wp-includes/class-wp-hook.php(308): acf_block_render_template(Array, '', false, 127, Object(WP_Block), Array)
#2 /home/vr488025/yapposushi.com/www/wp-includes/class-wp-hook.php(332): WP_Hook->apply_filters('', Array)
#3 /home/vr488025/yapposushi.com/www/wp-includes/plugin.php(517): WP_Hook->do_action(Array)
#4 /home/vr488025/yapposushi.com/www/wp-content/plugins/advanced-custom-fields-pro/pro/blocks.php(652): do_action('acf_block_rende...', Array, '', false, 127, Object(WP_Block), Array)
#5 /home/vr488025/yapposushi.com/www/wp-content/plugins/advanced-custom-fields-pro/pro/blocks.php(569): acf_render_block(Array, '', false, 127, Object(WP_Block), Array)
#6 /home/vr48802 у /home/vr488025/yapposushi.com/www/wp-content/plugins/custom-gutenberg-plugin/blocks/Menu/template.php доступно 56

2023-07-10T14:20:24+00:00 CRITICAL Uncaught Error: Object of class WP_Error could not be converted to string in /home/vr488025/yapposushi.com/www/wp-content/plugins/custom-gutenberg-plugin/blocks/Menu/template.php:56
Stack trace:
#0 /home/vr488025/yapposushi.com/www/wp-content/plugins/advanced-custom-fields-pro/pro/blocks.php(678): include()
#1 /home/vr488025/yapposushi.com/www/wp-includes/class-wp-hook.php(308): acf_block_render_template(Array, '', false, 127, Object(WP_Block), Array)
#2 /home/vr488025/yapposushi.com/www/wp-includes/class-wp-hook.php(332): WP_Hook->apply_filters('', Array)
#3 /home/vr488025/yapposushi.com/www/wp-includes/plugin.php(517): WP_Hook->do_action(Array)
#4 /home/vr488025/yapposushi.com/www/wp-content/plugins/advanced-custom-fields-pro/pro/blocks.php(652): do_action('acf_block_rende...', Array, '', false, 127, Object(WP_Block), Array)
#5 /home/vr488025/yapposushi.com/www/wp-content/plugins/advanced-custom-fields-pro/pro/blocks.php(569): acf_render_block(Array, '', false, 127, Object(WP_Block), Array)
#6 /home/vr48802 у /home/vr488025/yapposushi.com/www/wp-content/plugins/custom-gutenberg-plugin/blocks/Menu/template.php доступно 56

2023-07-10T14:20:24+00:00 CRITICAL Uncaught Error: Object of class WP_Error could not be converted to string in /home/vr488025/yapposushi.com/www/wp-content/plugins/custom-gutenberg-plugin/blocks/Menu/template.php:56
Stack trace:
#0 /home/vr488025/yapposushi.com/www/wp-content/plugins/advanced-custom-fields-pro/pro/blocks.php(678): include()
#1 /home/vr488025/yapposushi.com/www/wp-includes/class-wp-hook.php(308): acf_block_render_template(Array, '', false, 127, Object(WP_Block), Array)
#2 /home/vr488025/yapposushi.com/www/wp-includes/class-wp-hook.php(332): WP_Hook->apply_filters('', Array)
#3 /home/vr488025/yapposushi.com/www/wp-includes/plugin.php(517): WP_Hook->do_action(Array)
#4 /home/vr488025/yapposushi.com/www/wp-content/plugins/advanced-custom-fields-pro/pro/blocks.php(652): do_action('acf_block_rende...', Array, '', false, 127, Object(WP_Block), Array)
#5 /home/vr488025/yapposushi.com/www/wp-content/plugins/advanced-custom-fields-pro/pro/blocks.php(569): acf_render_block(Array, '', false, 127, Object(WP_Block), Array)
#6 /home/vr48802 у /home/vr488025/yapposushi.com/www/wp-content/plugins/custom-gutenberg-plugin/blocks/Menu/template.php доступно 56

2023-07-10T14:20:38+00:00 CRITICAL Uncaught Error: Object of class WP_Error could not be converted to string in /home/vr488025/yapposushi.com/www/wp-content/plugins/custom-gutenberg-plugin/blocks/Menu/template.php:56
Stack trace:
#0 /home/vr488025/yapposushi.com/www/wp-content/plugins/advanced-custom-fields-pro/pro/blocks.php(678): include()
#1 /home/vr488025/yapposushi.com/www/wp-includes/class-wp-hook.php(308): acf_block_render_template(Array, '', false, 2394, Object(WP_Block), Array)
#2 /home/vr488025/yapposushi.com/www/wp-includes/class-wp-hook.php(332): WP_Hook->apply_filters('', Array)
#3 /home/vr488025/yapposushi.com/www/wp-includes/plugin.php(517): WP_Hook->do_action(Array)
#4 /home/vr488025/yapposushi.com/www/wp-content/plugins/advanced-custom-fields-pro/pro/blocks.php(652): do_action('acf_block_rende...', Array, '', false, 2394, Object(WP_Block), Array)
#5 /home/vr488025/yapposushi.com/www/wp-content/plugins/advanced-custom-fields-pro/pro/blocks.php(569): acf_render_block(Array, '', false, 2394, Object(WP_Block), Array)
#6 /home/vr48 в /home/vr488025/yapposushi.com/www/wp-content/plugins/custom-gutenberg-plugin/blocks/Menu/template.php на строке 56

2023-07-10T14:20:38+00:00 CRITICAL Uncaught Error: Object of class WP_Error could not be converted to string in /home/vr488025/yapposushi.com/www/wp-content/plugins/custom-gutenberg-plugin/blocks/Menu/template.php:56
Stack trace:
#0 /home/vr488025/yapposushi.com/www/wp-content/plugins/advanced-custom-fields-pro/pro/blocks.php(678): include()
#1 /home/vr488025/yapposushi.com/www/wp-includes/class-wp-hook.php(308): acf_block_render_template(Array, '', false, 2394, Object(WP_Block), Array)
#2 /home/vr488025/yapposushi.com/www/wp-includes/class-wp-hook.php(332): WP_Hook->apply_filters('', Array)
#3 /home/vr488025/yapposushi.com/www/wp-includes/plugin.php(517): WP_Hook->do_action(Array)
#4 /home/vr488025/yapposushi.com/www/wp-content/plugins/advanced-custom-fields-pro/pro/blocks.php(652): do_action('acf_block_rende...', Array, '', false, 2394, Object(WP_Block), Array)
#5 /home/vr488025/yapposushi.com/www/wp-content/plugins/advanced-custom-fields-pro/pro/blocks.php(569): acf_render_block(Array, '', false, 2394, Object(WP_Block), Array)
#6 /home/vr48 в /home/vr488025/yapposushi.com/www/wp-content/plugins/custom-gutenberg-plugin/blocks/Menu/template.php на строке 56

2023-07-10T14:21:01+00:00 CRITICAL Uncaught Error: Object of class WP_Error could not be converted to string in /home/vr488025/yapposushi.com/www/wp-content/plugins/custom-gutenberg-plugin/blocks/Menu/template.php:56
Stack trace:
#0 /home/vr488025/yapposushi.com/www/wp-content/plugins/advanced-custom-fields-pro/pro/blocks.php(678): include()
#1 /home/vr488025/yapposushi.com/www/wp-includes/class-wp-hook.php(308): acf_block_render_template(Array, '', false, 2394, Object(WP_Block), Array)
#2 /home/vr488025/yapposushi.com/www/wp-includes/class-wp-hook.php(332): WP_Hook->apply_filters('', Array)
#3 /home/vr488025/yapposushi.com/www/wp-includes/plugin.php(517): WP_Hook->do_action(Array)
#4 /home/vr488025/yapposushi.com/www/wp-content/plugins/advanced-custom-fields-pro/pro/blocks.php(652): do_action('acf_block_rende...', Array, '', false, 2394, Object(WP_Block), Array)
#5 /home/vr488025/yapposushi.com/www/wp-content/plugins/advanced-custom-fields-pro/pro/blocks.php(569): acf_render_block(Array, '', false, 2394, Object(WP_Block), Array)
#6 /home/vr48 в /home/vr488025/yapposushi.com/www/wp-content/plugins/custom-gutenberg-plugin/blocks/Menu/template.php на строке 56

2023-07-10T14:21:01+00:00 CRITICAL Uncaught Error: Object of class WP_Error could not be converted to string in /home/vr488025/yapposushi.com/www/wp-content/plugins/custom-gutenberg-plugin/blocks/Menu/template.php:56
Stack trace:
#0 /home/vr488025/yapposushi.com/www/wp-content/plugins/advanced-custom-fields-pro/pro/blocks.php(678): include()
#1 /home/vr488025/yapposushi.com/www/wp-includes/class-wp-hook.php(308): acf_block_render_template(Array, '', false, 2394, Object(WP_Block), Array)
#2 /home/vr488025/yapposushi.com/www/wp-includes/class-wp-hook.php(332): WP_Hook->apply_filters('', Array)
#3 /home/vr488025/yapposushi.com/www/wp-includes/plugin.php(517): WP_Hook->do_action(Array)
#4 /home/vr488025/yapposushi.com/www/wp-content/plugins/advanced-custom-fields-pro/pro/blocks.php(652): do_action('acf_block_rende...', Array, '', false, 2394, Object(WP_Block), Array)
#5 /home/vr488025/yapposushi.com/www/wp-content/plugins/advanced-custom-fields-pro/pro/blocks.php(569): acf_render_block(Array, '', false, 2394, Object(WP_Block), Array)
#6 /home/vr48 в /home/vr488025/yapposushi.com/www/wp-content/plugins/custom-gutenberg-plugin/blocks/Menu/template.php на строке 56

2023-07-10T14:26:53+00:00 CRITICAL Uncaught TypeError: Argument 1 passed to WPML\Core\BackgroundTask\Repository\BackgroundTaskRepository::createFromQueryResult() must be of the type array, null given, called in /home/vr488025/yapposushi.com/www/wp-content/plugins/sitepress-multilingual-cms/vendor/wpml/core-api/core/BackgroundTask/Repository/BackgroundTaskRepository.php on line 29 and defined in /home/vr488025/yapposushi.com/www/wp-content/plugins/sitepress-multilingual-cms/vendor/wpml/core-api/core/BackgroundTask/Repository/BackgroundTaskRepository.php:101
Stack trace:
#0 /home/vr488025/yapposushi.com/www/wp-content/plugins/sitepress-multilingual-cms/vendor/wpml/core-api/core/BackgroundTask/Repository/BackgroundTaskRepository.php(29): WPML\Core\BackgroundTask\Repository\BackgroundTaskRepository->createFromQueryResult(NULL)
#1 /home/vr488025/yapposushi.com/www/wp-content/plugins/sitepress-multilingual-cms/vendor/wpml/core-api/core/BackgroundTask/Service/BackgroundTaskService.php(54): WPML\Core\BackgroundTask\Repository\BackgroundTaskRepository- у /home/vr488025/yapposushi.com/www/wp-content/plugins/sitepress-multilingual-cms/vendor/wpml/core-api/core/BackgroundTask/Repository/BackgroundTaskRepository.php доступно 101

2023-07-10T14:26:53+00:00 CRITICAL Uncaught TypeError: Argument 1 passed to WPML\Core\BackgroundTask\Repository\BackgroundTaskRepository::createFromQueryResult() must be of the type array, null given, called in /home/vr488025/yapposushi.com/www/wp-content/plugins/sitepress-multilingual-cms/vendor/wpml/core-api/core/BackgroundTask/Repository/BackgroundTaskRepository.php on line 29 and defined in /home/vr488025/yapposushi.com/www/wp-content/plugins/sitepress-multilingual-cms/vendor/wpml/core-api/core/BackgroundTask/Repository/BackgroundTaskRepository.php:101
Stack trace:
#0 /home/vr488025/yapposushi.com/www/wp-content/plugins/sitepress-multilingual-cms/vendor/wpml/core-api/core/BackgroundTask/Repository/BackgroundTaskRepository.php(29): WPML\Core\BackgroundTask\Repository\BackgroundTaskRepository->createFromQueryResult(NULL)
#1 /home/vr488025/yapposushi.com/www/wp-content/plugins/sitepress-multilingual-cms/vendor/wpml/core-api/core/BackgroundTask/Service/BackgroundTaskService.php(54): WPML\Core\BackgroundTask\Repository\BackgroundTaskRepository- у /home/vr488025/yapposushi.com/www/wp-content/plugins/sitepress-multilingual-cms/vendor/wpml/core-api/core/BackgroundTask/Repository/BackgroundTaskRepository.php доступно 101

2023-07-10T14:41:47+00:00 CRITICAL Uncaught TypeError: Argument 1 passed to WPML\Core\BackgroundTask\Repository\BackgroundTaskRepository::createFromQueryResult() must be of the type array, null given, called in /home/vr488025/yapposushi.com/www/wp-content/plugins/sitepress-multilingual-cms/vendor/wpml/core-api/core/BackgroundTask/Repository/BackgroundTaskRepository.php on line 29 and defined in /home/vr488025/yapposushi.com/www/wp-content/plugins/sitepress-multilingual-cms/vendor/wpml/core-api/core/BackgroundTask/Repository/BackgroundTaskRepository.php:101
Stack trace:
#0 /home/vr488025/yapposushi.com/www/wp-content/plugins/sitepress-multilingual-cms/vendor/wpml/core-api/core/BackgroundTask/Repository/BackgroundTaskRepository.php(29): WPML\Core\BackgroundTask\Repository\BackgroundTaskRepository->createFromQueryResult(NULL)
#1 /home/vr488025/yapposushi.com/www/wp-content/plugins/sitepress-multilingual-cms/vendor/wpml/core-api/core/BackgroundTask/Service/BackgroundTaskService.php(54): WPML\Core\BackgroundTask\Repository\BackgroundTaskRepository- у /home/vr488025/yapposushi.com/www/wp-content/plugins/sitepress-multilingual-cms/vendor/wpml/core-api/core/BackgroundTask/Repository/BackgroundTaskRepository.php доступно 101

2023-07-10T14:41:47+00:00 CRITICAL Uncaught TypeError: Argument 1 passed to WPML\Core\BackgroundTask\Repository\BackgroundTaskRepository::createFromQueryResult() must be of the type array, null given, called in /home/vr488025/yapposushi.com/www/wp-content/plugins/sitepress-multilingual-cms/vendor/wpml/core-api/core/BackgroundTask/Repository/BackgroundTaskRepository.php on line 29 and defined in /home/vr488025/yapposushi.com/www/wp-content/plugins/sitepress-multilingual-cms/vendor/wpml/core-api/core/BackgroundTask/Repository/BackgroundTaskRepository.php:101
Stack trace:
#0 /home/vr488025/yapposushi.com/www/wp-content/plugins/sitepress-multilingual-cms/vendor/wpml/core-api/core/BackgroundTask/Repository/BackgroundTaskRepository.php(29): WPML\Core\BackgroundTask\Repository\BackgroundTaskRepository->createFromQueryResult(NULL)
#1 /home/vr488025/yapposushi.com/www/wp-content/plugins/sitepress-multilingual-cms/vendor/wpml/core-api/core/BackgroundTask/Service/BackgroundTaskService.php(54): WPML\Core\BackgroundTask\Repository\BackgroundTaskRepository- у /home/vr488025/yapposushi.com/www/wp-content/plugins/sitepress-multilingual-cms/vendor/wpml/core-api/core/BackgroundTask/Repository/BackgroundTaskRepository.php доступно 101

