2023-06-26T08:13:31+00:00 CRITICAL Uncaught Error: Call to a member function get_permalink() on bool in /home/shypelyk/ninesquares.studio/yappo/wp-content/themes/yappo/asp/isotopic.php:35
Stack trace:
#0 /home/shypelyk/ninesquares.studio/yappo/wp-content/plugins/ajax-search-pro/includes/classes/Utils/Search.php(128): include()
#1 /home/shypelyk/ninesquares.studio/yappo/wp-content/plugins/ajax-search-pro/includes/classes/Hooks/Ajax/Search.php(92): WPDRMS\ASP\Utils\Search::generateHTMLResults(Array, Array, 1, '')
#2 /home/shypelyk/ninesquares.studio/yappo/wp-includes/class-wp-hook.php(308): WPDRMS\ASP\Hooks\Ajax\Search->handle('')
#3 /home/shypelyk/ninesquares.studio/yappo/wp-includes/class-wp-hook.php(332): WP_Hook->apply_filters('', Array)
#4 /home/shypelyk/ninesquares.studio/yappo/wp-includes/plugin.php(517): WP_Hook->do_action(Array)
#5 /home/shypelyk/ninesquares.studio/yappo/wp-admin/admin-ajax.php(188): do_action('wp_ajax_ajaxsea...')
#6 {main}
  thrown у /home/shypelyk/ninesquares.studio/yappo/wp-content/themes/yappo/asp/isotopic.php доступно 35

2023-06-26T08:13:31+00:00 CRITICAL Uncaught Error: Call to a member function get_permalink() on bool in /home/shypelyk/ninesquares.studio/yappo/wp-content/themes/yappo/asp/isotopic.php:35
Stack trace:
#0 /home/shypelyk/ninesquares.studio/yappo/wp-content/plugins/ajax-search-pro/includes/classes/Utils/Search.php(128): include()
#1 /home/shypelyk/ninesquares.studio/yappo/wp-content/plugins/ajax-search-pro/includes/classes/Hooks/Ajax/Search.php(92): WPDRMS\ASP\Utils\Search::generateHTMLResults(Array, Array, 1, '')
#2 /home/shypelyk/ninesquares.studio/yappo/wp-includes/class-wp-hook.php(308): WPDRMS\ASP\Hooks\Ajax\Search->handle('')
#3 /home/shypelyk/ninesquares.studio/yappo/wp-includes/class-wp-hook.php(332): WP_Hook->apply_filters('', Array)
#4 /home/shypelyk/ninesquares.studio/yappo/wp-includes/plugin.php(517): WP_Hook->do_action(Array)
#5 /home/shypelyk/ninesquares.studio/yappo/wp-admin/admin-ajax.php(188): do_action('wp_ajax_ajaxsea...')
#6 {main}
  thrown у /home/shypelyk/ninesquares.studio/yappo/wp-content/themes/yappo/asp/isotopic.php доступно 35

2023-06-26T08:13:32+00:00 CRITICAL Uncaught Error: Call to a member function get_permalink() on bool in /home/shypelyk/ninesquares.studio/yappo/wp-content/themes/yappo/asp/isotopic.php:35
Stack trace:
#0 /home/shypelyk/ninesquares.studio/yappo/wp-content/plugins/ajax-search-pro/includes/classes/Utils/Search.php(128): include()
#1 /home/shypelyk/ninesquares.studio/yappo/wp-content/plugins/ajax-search-pro/includes/classes/Hooks/Ajax/Search.php(92): WPDRMS\ASP\Utils\Search::generateHTMLResults(Array, Array, 1, '\xD1\x81\xD1\x83')
#2 /home/shypelyk/ninesquares.studio/yappo/wp-includes/class-wp-hook.php(308): WPDRMS\ASP\Hooks\Ajax\Search->handle('')
#3 /home/shypelyk/ninesquares.studio/yappo/wp-includes/class-wp-hook.php(332): WP_Hook->apply_filters('', Array)
#4 /home/shypelyk/ninesquares.studio/yappo/wp-includes/plugin.php(517): WP_Hook->do_action(Array)
#5 /home/shypelyk/ninesquares.studio/yappo/wp-admin/admin-ajax.php(188): do_action('wp_ajax_ajaxsea...')
#6 {main}
  thrown у /home/shypelyk/ninesquares.studio/yappo/wp-content/themes/yappo/asp/isotopic.php доступно 35

2023-06-26T08:13:32+00:00 CRITICAL Uncaught Error: Call to a member function get_permalink() on bool in /home/shypelyk/ninesquares.studio/yappo/wp-content/themes/yappo/asp/isotopic.php:35
Stack trace:
#0 /home/shypelyk/ninesquares.studio/yappo/wp-content/plugins/ajax-search-pro/includes/classes/Utils/Search.php(128): include()
#1 /home/shypelyk/ninesquares.studio/yappo/wp-content/plugins/ajax-search-pro/includes/classes/Hooks/Ajax/Search.php(92): WPDRMS\ASP\Utils\Search::generateHTMLResults(Array, Array, 1, '\xD1\x81\xD1\x83')
#2 /home/shypelyk/ninesquares.studio/yappo/wp-includes/class-wp-hook.php(308): WPDRMS\ASP\Hooks\Ajax\Search->handle('')
#3 /home/shypelyk/ninesquares.studio/yappo/wp-includes/class-wp-hook.php(332): WP_Hook->apply_filters('', Array)
#4 /home/shypelyk/ninesquares.studio/yappo/wp-includes/plugin.php(517): WP_Hook->do_action(Array)
#5 /home/shypelyk/ninesquares.studio/yappo/wp-admin/admin-ajax.php(188): do_action('wp_ajax_ajaxsea...')
#6 {main}
  thrown у /home/shypelyk/ninesquares.studio/yappo/wp-content/themes/yappo/asp/isotopic.php доступно 35

2023-06-26T08:13:37+00:00 CRITICAL Uncaught Error: Call to a member function get_permalink() on bool in /home/shypelyk/ninesquares.studio/yappo/wp-content/themes/yappo/asp/isotopic.php:35
Stack trace:
#0 /home/shypelyk/ninesquares.studio/yappo/wp-content/plugins/ajax-search-pro/includes/classes/Utils/Search.php(128): include()
#1 /home/shypelyk/ninesquares.studio/yappo/wp-content/plugins/ajax-search-pro/includes/classes/Hooks/Ajax/Search.php(92): WPDRMS\ASP\Utils\Search::generateHTMLResults(Array, Array, 1, '')
#2 /home/shypelyk/ninesquares.studio/yappo/wp-includes/class-wp-hook.php(308): WPDRMS\ASP\Hooks\Ajax\Search->handle('')
#3 /home/shypelyk/ninesquares.studio/yappo/wp-includes/class-wp-hook.php(332): WP_Hook->apply_filters('', Array)
#4 /home/shypelyk/ninesquares.studio/yappo/wp-includes/plugin.php(517): WP_Hook->do_action(Array)
#5 /home/shypelyk/ninesquares.studio/yappo/wp-admin/admin-ajax.php(188): do_action('wp_ajax_ajaxsea...')
#6 {main}
  thrown у /home/shypelyk/ninesquares.studio/yappo/wp-content/themes/yappo/asp/isotopic.php доступно 35

2023-06-26T08:13:37+00:00 CRITICAL Uncaught Error: Call to a member function get_permalink() on bool in /home/shypelyk/ninesquares.studio/yappo/wp-content/themes/yappo/asp/isotopic.php:35
Stack trace:
#0 /home/shypelyk/ninesquares.studio/yappo/wp-content/plugins/ajax-search-pro/includes/classes/Utils/Search.php(128): include()
#1 /home/shypelyk/ninesquares.studio/yappo/wp-content/plugins/ajax-search-pro/includes/classes/Hooks/Ajax/Search.php(92): WPDRMS\ASP\Utils\Search::generateHTMLResults(Array, Array, 1, '')
#2 /home/shypelyk/ninesquares.studio/yappo/wp-includes/class-wp-hook.php(308): WPDRMS\ASP\Hooks\Ajax\Search->handle('')
#3 /home/shypelyk/ninesquares.studio/yappo/wp-includes/class-wp-hook.php(332): WP_Hook->apply_filters('', Array)
#4 /home/shypelyk/ninesquares.studio/yappo/wp-includes/plugin.php(517): WP_Hook->do_action(Array)
#5 /home/shypelyk/ninesquares.studio/yappo/wp-admin/admin-ajax.php(188): do_action('wp_ajax_ajaxsea...')
#6 {main}
  thrown у /home/shypelyk/ninesquares.studio/yappo/wp-content/themes/yappo/asp/isotopic.php доступно 35

2023-06-26T08:50:15+00:00 CRITICAL Uncaught TypeError: Argument 1 passed to WPML\Core\BackgroundTask\Repository\BackgroundTaskRepository::createFromQueryResult() must be of the type array, null given, called in /home/shypelyk/ninesquares.studio/yappo/wp-content/plugins/sitepress-multilingual-cms/vendor/wpml/core-api/core/BackgroundTask/Repository/BackgroundTaskRepository.php on line 29 and defined in /home/shypelyk/ninesquares.studio/yappo/wp-content/plugins/sitepress-multilingual-cms/vendor/wpml/core-api/core/BackgroundTask/Repository/BackgroundTaskRepository.php:101
Stack trace:
#0 /home/shypelyk/ninesquares.studio/yappo/wp-content/plugins/sitepress-multilingual-cms/vendor/wpml/core-api/core/BackgroundTask/Repository/BackgroundTaskRepository.php(29): WPML\Core\BackgroundTask\Repository\BackgroundTaskRepository->createFromQueryResult(NULL)
#1 /home/shypelyk/ninesquares.studio/yappo/wp-content/plugins/sitepress-multilingual-cms/vendor/wpml/core-api/core/BackgroundTask/Service/BackgroundTaskService.php(54): WPML\Core\BackgroundTask\Repository\B у /home/shypelyk/ninesquares.studio/yappo/wp-content/plugins/sitepress-multilingual-cms/vendor/wpml/core-api/core/BackgroundTask/Repository/BackgroundTaskRepository.php доступно 101

2023-06-26T08:50:15+00:00 CRITICAL Uncaught TypeError: Argument 1 passed to WPML\Core\BackgroundTask\Repository\BackgroundTaskRepository::createFromQueryResult() must be of the type array, null given, called in /home/shypelyk/ninesquares.studio/yappo/wp-content/plugins/sitepress-multilingual-cms/vendor/wpml/core-api/core/BackgroundTask/Repository/BackgroundTaskRepository.php on line 29 and defined in /home/shypelyk/ninesquares.studio/yappo/wp-content/plugins/sitepress-multilingual-cms/vendor/wpml/core-api/core/BackgroundTask/Repository/BackgroundTaskRepository.php:101
Stack trace:
#0 /home/shypelyk/ninesquares.studio/yappo/wp-content/plugins/sitepress-multilingual-cms/vendor/wpml/core-api/core/BackgroundTask/Repository/BackgroundTaskRepository.php(29): WPML\Core\BackgroundTask\Repository\BackgroundTaskRepository->createFromQueryResult(NULL)
#1 /home/shypelyk/ninesquares.studio/yappo/wp-content/plugins/sitepress-multilingual-cms/vendor/wpml/core-api/core/BackgroundTask/Service/BackgroundTaskService.php(54): WPML\Core\BackgroundTask\Repository\B у /home/shypelyk/ninesquares.studio/yappo/wp-content/plugins/sitepress-multilingual-cms/vendor/wpml/core-api/core/BackgroundTask/Repository/BackgroundTaskRepository.php доступно 101

