2023-07-03T07:34:28+00:00 CRITICAL Uncaught Error: Call to undefined function yappo_get_chosen_header_adress() in /home/vr488025/yapposushi.com/www/wp-content/themes/yappo/header.php:73
Stack trace:
#0 /home/vr488025/yapposushi.com/www/wp-includes/template.php(783): require_once()
#1 /home/vr488025/yapposushi.com/www/wp-includes/template.php(718): load_template('/home/vr488025/...', true, Array)
#2 /home/vr488025/yapposushi.com/www/wp-includes/general-template.php(48): locate_template(Array, true, true, Array)
#3 /home/vr488025/yapposushi.com/www/wp-content/themes/yappo/page.php(15): get_header()
#4 /home/vr488025/yapposushi.com/www/wp-includes/template-loader.php(106): include('/home/vr488025/...')
#5 /home/vr488025/yapposushi.com/www/wp-blog-header.php(19): require_once('/home/vr488025/...')
#6 /home/vr488025/yapposushi.com/www/index.php(17): require('/home/vr488025/...')
#7 {main}
  thrown у /home/vr488025/yapposushi.com/www/wp-content/themes/yappo/header.php доступно 73

2023-07-03T07:34:28+00:00 CRITICAL Uncaught Error: Call to undefined function yappo_get_chosen_header_adress() in /home/vr488025/yapposushi.com/www/wp-content/themes/yappo/header.php:73
Stack trace:
#0 /home/vr488025/yapposushi.com/www/wp-includes/template.php(783): require_once()
#1 /home/vr488025/yapposushi.com/www/wp-includes/template.php(718): load_template('/home/vr488025/...', true, Array)
#2 /home/vr488025/yapposushi.com/www/wp-includes/general-template.php(48): locate_template(Array, true, true, Array)
#3 /home/vr488025/yapposushi.com/www/wp-content/themes/yappo/page.php(15): get_header()
#4 /home/vr488025/yapposushi.com/www/wp-includes/template-loader.php(106): include('/home/vr488025/...')
#5 /home/vr488025/yapposushi.com/www/wp-blog-header.php(19): require_once('/home/vr488025/...')
#6 /home/vr488025/yapposushi.com/www/index.php(17): require('/home/vr488025/...')
#7 {main}
  thrown у /home/vr488025/yapposushi.com/www/wp-content/themes/yappo/header.php доступно 73

2023-07-03T07:35:53+00:00 CRITICAL Uncaught Error: Call to undefined function yappo_get_chosen_header_adress() in /home/vr488025/yapposushi.com/www/wp-content/themes/yappo/header.php:401
Stack trace:
#0 /home/vr488025/yapposushi.com/www/wp-includes/template.php(783): require_once()
#1 /home/vr488025/yapposushi.com/www/wp-includes/template.php(718): load_template('/home/vr488025/...', true, Array)
#2 /home/vr488025/yapposushi.com/www/wp-includes/general-template.php(48): locate_template(Array, true, true, Array)
#3 /home/vr488025/yapposushi.com/www/wp-content/themes/yappo/page.php(15): get_header()
#4 /home/vr488025/yapposushi.com/www/wp-includes/template-loader.php(106): include('/home/vr488025/...')
#5 /home/vr488025/yapposushi.com/www/wp-blog-header.php(19): require_once('/home/vr488025/...')
#6 /home/vr488025/yapposushi.com/www/index.php(17): require('/home/vr488025/...')
#7 {main}
  thrown у /home/vr488025/yapposushi.com/www/wp-content/themes/yappo/header.php доступно 401

2023-07-03T07:35:53+00:00 CRITICAL Uncaught Error: Call to undefined function yappo_get_chosen_header_adress() in /home/vr488025/yapposushi.com/www/wp-content/themes/yappo/header.php:401
Stack trace:
#0 /home/vr488025/yapposushi.com/www/wp-includes/template.php(783): require_once()
#1 /home/vr488025/yapposushi.com/www/wp-includes/template.php(718): load_template('/home/vr488025/...', true, Array)
#2 /home/vr488025/yapposushi.com/www/wp-includes/general-template.php(48): locate_template(Array, true, true, Array)
#3 /home/vr488025/yapposushi.com/www/wp-content/themes/yappo/page.php(15): get_header()
#4 /home/vr488025/yapposushi.com/www/wp-includes/template-loader.php(106): include('/home/vr488025/...')
#5 /home/vr488025/yapposushi.com/www/wp-blog-header.php(19): require_once('/home/vr488025/...')
#6 /home/vr488025/yapposushi.com/www/index.php(17): require('/home/vr488025/...')
#7 {main}
  thrown у /home/vr488025/yapposushi.com/www/wp-content/themes/yappo/header.php доступно 401

2023-07-03T07:36:31+00:00 CRITICAL Uncaught Error: Call to undefined function yappo_get_chosen_header_adress() in /home/vr488025/yapposushi.com/www/wp-content/themes/yappo/header.php:401
Stack trace:
#0 /home/vr488025/yapposushi.com/www/wp-includes/template.php(783): require_once()
#1 /home/vr488025/yapposushi.com/www/wp-includes/template.php(718): load_template('/home/vr488025/...', true, Array)
#2 /home/vr488025/yapposushi.com/www/wp-includes/general-template.php(48): locate_template(Array, true, true, Array)
#3 /home/vr488025/yapposushi.com/www/wp-content/themes/yappo/woocommerce/archive-product.php(19): get_header('shop')
#4 /home/vr488025/yapposushi.com/www/wp-content/plugins/woocommerce/includes/wc-core-functions.php(345): include('/home/vr488025/...')
#5 /home/vr488025/yapposushi.com/www/wp-content/plugins/woocommerce/templates/taxonomy-product-cat.php(22): wc_get_template('archive-product...')
#6 /home/vr488025/yapposushi.com/www/wp-includes/template-loader.php(106): include('/home/vr488025/...')
#7 /home/vr488025/yapposushi.com/www/wp у /home/vr488025/yapposushi.com/www/wp-content/themes/yappo/header.php доступно 401

2023-07-03T07:36:31+00:00 CRITICAL Uncaught Error: Call to undefined function yappo_get_chosen_header_adress() in /home/vr488025/yapposushi.com/www/wp-content/themes/yappo/header.php:401
Stack trace:
#0 /home/vr488025/yapposushi.com/www/wp-includes/template.php(783): require_once()
#1 /home/vr488025/yapposushi.com/www/wp-includes/template.php(718): load_template('/home/vr488025/...', true, Array)
#2 /home/vr488025/yapposushi.com/www/wp-includes/general-template.php(48): locate_template(Array, true, true, Array)
#3 /home/vr488025/yapposushi.com/www/wp-content/themes/yappo/woocommerce/archive-product.php(19): get_header('shop')
#4 /home/vr488025/yapposushi.com/www/wp-content/plugins/woocommerce/includes/wc-core-functions.php(345): include('/home/vr488025/...')
#5 /home/vr488025/yapposushi.com/www/wp-content/plugins/woocommerce/templates/taxonomy-product-cat.php(22): wc_get_template('archive-product...')
#6 /home/vr488025/yapposushi.com/www/wp-includes/template-loader.php(106): include('/home/vr488025/...')
#7 /home/vr488025/yapposushi.com/www/wp у /home/vr488025/yapposushi.com/www/wp-content/themes/yappo/header.php доступно 401

2023-07-03T07:36:37+00:00 CRITICAL Uncaught Error: Call to undefined function yappo_get_chosen_header_adress() in /home/vr488025/yapposushi.com/www/wp-content/themes/yappo/header.php:401
Stack trace:
#0 /home/vr488025/yapposushi.com/www/wp-includes/template.php(783): require_once()
#1 /home/vr488025/yapposushi.com/www/wp-includes/template.php(718): load_template('/home/vr488025/...', true, Array)
#2 /home/vr488025/yapposushi.com/www/wp-includes/general-template.php(48): locate_template(Array, true, true, Array)
#3 /home/vr488025/yapposushi.com/www/wp-content/themes/yappo/404.php(10): get_header()
#4 /home/vr488025/yapposushi.com/www/wp-includes/template-loader.php(106): include('/home/vr488025/...')
#5 /home/vr488025/yapposushi.com/www/wp-blog-header.php(19): require_once('/home/vr488025/...')
#6 /home/vr488025/yapposushi.com/www/index.php(17): require('/home/vr488025/...')
#7 {main}
  thrown у /home/vr488025/yapposushi.com/www/wp-content/themes/yappo/header.php доступно 401

2023-07-03T07:36:37+00:00 CRITICAL Uncaught Error: Call to undefined function yappo_get_chosen_header_adress() in /home/vr488025/yapposushi.com/www/wp-content/themes/yappo/header.php:401
Stack trace:
#0 /home/vr488025/yapposushi.com/www/wp-includes/template.php(783): require_once()
#1 /home/vr488025/yapposushi.com/www/wp-includes/template.php(718): load_template('/home/vr488025/...', true, Array)
#2 /home/vr488025/yapposushi.com/www/wp-includes/general-template.php(48): locate_template(Array, true, true, Array)
#3 /home/vr488025/yapposushi.com/www/wp-content/themes/yappo/404.php(10): get_header()
#4 /home/vr488025/yapposushi.com/www/wp-includes/template-loader.php(106): include('/home/vr488025/...')
#5 /home/vr488025/yapposushi.com/www/wp-blog-header.php(19): require_once('/home/vr488025/...')
#6 /home/vr488025/yapposushi.com/www/index.php(17): require('/home/vr488025/...')
#7 {main}
  thrown у /home/vr488025/yapposushi.com/www/wp-content/themes/yappo/header.php доступно 401

2023-07-03T07:36:37+00:00 CRITICAL Uncaught Error: Call to undefined function yappo_get_chosen_header_adress() in /home/vr488025/yapposushi.com/www/wp-content/themes/yappo/header.php:401
Stack trace:
#0 /home/vr488025/yapposushi.com/www/wp-includes/template.php(783): require_once()
#1 /home/vr488025/yapposushi.com/www/wp-includes/template.php(718): load_template('/home/vr488025/...', true, Array)
#2 /home/vr488025/yapposushi.com/www/wp-includes/general-template.php(48): locate_template(Array, true, true, Array)
#3 /home/vr488025/yapposushi.com/www/wp-content/themes/yappo/page.php(15): get_header()
#4 /home/vr488025/yapposushi.com/www/wp-includes/template-loader.php(106): include('/home/vr488025/...')
#5 /home/vr488025/yapposushi.com/www/wp-blog-header.php(19): require_once('/home/vr488025/...')
#6 /home/vr488025/yapposushi.com/www/index.php(17): require('/home/vr488025/...')
#7 {main}
  thrown у /home/vr488025/yapposushi.com/www/wp-content/themes/yappo/header.php доступно 401

2023-07-03T07:36:37+00:00 CRITICAL Uncaught Error: Call to undefined function yappo_get_chosen_header_adress() in /home/vr488025/yapposushi.com/www/wp-content/themes/yappo/header.php:401
Stack trace:
#0 /home/vr488025/yapposushi.com/www/wp-includes/template.php(783): require_once()
#1 /home/vr488025/yapposushi.com/www/wp-includes/template.php(718): load_template('/home/vr488025/...', true, Array)
#2 /home/vr488025/yapposushi.com/www/wp-includes/general-template.php(48): locate_template(Array, true, true, Array)
#3 /home/vr488025/yapposushi.com/www/wp-content/themes/yappo/page.php(15): get_header()
#4 /home/vr488025/yapposushi.com/www/wp-includes/template-loader.php(106): include('/home/vr488025/...')
#5 /home/vr488025/yapposushi.com/www/wp-blog-header.php(19): require_once('/home/vr488025/...')
#6 /home/vr488025/yapposushi.com/www/index.php(17): require('/home/vr488025/...')
#7 {main}
  thrown у /home/vr488025/yapposushi.com/www/wp-content/themes/yappo/header.php доступно 401

2023-07-03T07:37:06+00:00 CRITICAL Uncaught Error: Call to undefined function yappo_get_chosen_header_adress() in /home/vr488025/yapposushi.com/www/wp-content/themes/yappo/header.php:401
Stack trace:
#0 /home/vr488025/yapposushi.com/www/wp-includes/template.php(783): require_once()
#1 /home/vr488025/yapposushi.com/www/wp-includes/template.php(718): load_template('/home/vr488025/...', true, Array)
#2 /home/vr488025/yapposushi.com/www/wp-includes/general-template.php(48): locate_template(Array, true, true, Array)
#3 /home/vr488025/yapposushi.com/www/wp-content/themes/yappo/page.php(15): get_header()
#4 /home/vr488025/yapposushi.com/www/wp-includes/template-loader.php(106): include('/home/vr488025/...')
#5 /home/vr488025/yapposushi.com/www/wp-blog-header.php(19): require_once('/home/vr488025/...')
#6 /home/vr488025/yapposushi.com/www/index.php(17): require('/home/vr488025/...')
#7 {main}
  thrown у /home/vr488025/yapposushi.com/www/wp-content/themes/yappo/header.php доступно 401

2023-07-03T07:37:06+00:00 CRITICAL Uncaught Error: Call to undefined function yappo_get_chosen_header_adress() in /home/vr488025/yapposushi.com/www/wp-content/themes/yappo/header.php:401
Stack trace:
#0 /home/vr488025/yapposushi.com/www/wp-includes/template.php(783): require_once()
#1 /home/vr488025/yapposushi.com/www/wp-includes/template.php(718): load_template('/home/vr488025/...', true, Array)
#2 /home/vr488025/yapposushi.com/www/wp-includes/general-template.php(48): locate_template(Array, true, true, Array)
#3 /home/vr488025/yapposushi.com/www/wp-content/themes/yappo/page.php(15): get_header()
#4 /home/vr488025/yapposushi.com/www/wp-includes/template-loader.php(106): include('/home/vr488025/...')
#5 /home/vr488025/yapposushi.com/www/wp-blog-header.php(19): require_once('/home/vr488025/...')
#6 /home/vr488025/yapposushi.com/www/index.php(17): require('/home/vr488025/...')
#7 {main}
  thrown у /home/vr488025/yapposushi.com/www/wp-content/themes/yappo/header.php доступно 401

2023-07-03T07:41:12+00:00 CRITICAL Uncaught Error: Call to undefined function yappo_get_chosen_adress() in /home/vr488025/yapposushi.com/www/wp-content/themes/yappo/woocommerce/checkout/form-billing.php:138
Stack trace:
#0 /home/vr488025/yapposushi.com/www/wp-content/plugins/woocommerce/includes/wc-core-functions.php(345): include()
#1 /home/vr488025/yapposushi.com/www/wp-content/plugins/woocommerce/includes/class-wc-checkout.php(335): wc_get_template('checkout/form-b...', Array)
#2 /home/vr488025/yapposushi.com/www/wp-includes/class-wp-hook.php(308): WC_Checkout->checkout_form_billing('')
#3 /home/vr488025/yapposushi.com/www/wp-includes/class-wp-hook.php(332): WP_Hook->apply_filters('', Array)
#4 /home/vr488025/yapposushi.com/www/wp-includes/plugin.php(517): WP_Hook->do_action(Array)
#5 /home/vr488025/yapposushi.com/www/wp-content/themes/yappo/woocommerce/checkout/form-checkout.php(78): do_action('woocommerce_che...')
#6 /home/vr488025/yapposushi.com/www/wp-content/plugins/woocommerce/includes/wc-core-functions.php(345): include('/home/vr4880 у /home/vr488025/yapposushi.com/www/wp-content/themes/yappo/woocommerce/checkout/form-billing.php доступно 138

2023-07-03T07:41:12+00:00 CRITICAL Uncaught Error: Call to undefined function yappo_get_chosen_adress() in /home/vr488025/yapposushi.com/www/wp-content/themes/yappo/woocommerce/checkout/form-billing.php:138
Stack trace:
#0 /home/vr488025/yapposushi.com/www/wp-content/plugins/woocommerce/includes/wc-core-functions.php(345): include()
#1 /home/vr488025/yapposushi.com/www/wp-content/plugins/woocommerce/includes/class-wc-checkout.php(335): wc_get_template('checkout/form-b...', Array)
#2 /home/vr488025/yapposushi.com/www/wp-includes/class-wp-hook.php(308): WC_Checkout->checkout_form_billing('')
#3 /home/vr488025/yapposushi.com/www/wp-includes/class-wp-hook.php(332): WP_Hook->apply_filters('', Array)
#4 /home/vr488025/yapposushi.com/www/wp-includes/plugin.php(517): WP_Hook->do_action(Array)
#5 /home/vr488025/yapposushi.com/www/wp-content/themes/yappo/woocommerce/checkout/form-checkout.php(78): do_action('woocommerce_che...')
#6 /home/vr488025/yapposushi.com/www/wp-content/plugins/woocommerce/includes/wc-core-functions.php(345): include('/home/vr4880 у /home/vr488025/yapposushi.com/www/wp-content/themes/yappo/woocommerce/checkout/form-billing.php доступно 138

2023-07-03T07:41:29+00:00 CRITICAL Uncaught Error: Call to undefined function yappo_get_chosen_adress() in /home/vr488025/yapposushi.com/www/wp-content/themes/yappo/woocommerce/checkout/form-billing.php:138
Stack trace:
#0 /home/vr488025/yapposushi.com/www/wp-content/plugins/woocommerce/includes/wc-core-functions.php(345): include()
#1 /home/vr488025/yapposushi.com/www/wp-content/plugins/woocommerce/includes/class-wc-checkout.php(335): wc_get_template('checkout/form-b...', Array)
#2 /home/vr488025/yapposushi.com/www/wp-includes/class-wp-hook.php(308): WC_Checkout->checkout_form_billing('')
#3 /home/vr488025/yapposushi.com/www/wp-includes/class-wp-hook.php(332): WP_Hook->apply_filters('', Array)
#4 /home/vr488025/yapposushi.com/www/wp-includes/plugin.php(517): WP_Hook->do_action(Array)
#5 /home/vr488025/yapposushi.com/www/wp-content/themes/yappo/woocommerce/checkout/form-checkout.php(78): do_action('woocommerce_che...')
#6 /home/vr488025/yapposushi.com/www/wp-content/plugins/woocommerce/includes/wc-core-functions.php(345): include('/home/vr4880 у /home/vr488025/yapposushi.com/www/wp-content/themes/yappo/woocommerce/checkout/form-billing.php доступно 138

2023-07-03T07:41:29+00:00 CRITICAL Uncaught Error: Call to undefined function yappo_get_chosen_adress() in /home/vr488025/yapposushi.com/www/wp-content/themes/yappo/woocommerce/checkout/form-billing.php:138
Stack trace:
#0 /home/vr488025/yapposushi.com/www/wp-content/plugins/woocommerce/includes/wc-core-functions.php(345): include()
#1 /home/vr488025/yapposushi.com/www/wp-content/plugins/woocommerce/includes/class-wc-checkout.php(335): wc_get_template('checkout/form-b...', Array)
#2 /home/vr488025/yapposushi.com/www/wp-includes/class-wp-hook.php(308): WC_Checkout->checkout_form_billing('')
#3 /home/vr488025/yapposushi.com/www/wp-includes/class-wp-hook.php(332): WP_Hook->apply_filters('', Array)
#4 /home/vr488025/yapposushi.com/www/wp-includes/plugin.php(517): WP_Hook->do_action(Array)
#5 /home/vr488025/yapposushi.com/www/wp-content/themes/yappo/woocommerce/checkout/form-checkout.php(78): do_action('woocommerce_che...')
#6 /home/vr488025/yapposushi.com/www/wp-content/plugins/woocommerce/includes/wc-core-functions.php(345): include('/home/vr4880 у /home/vr488025/yapposushi.com/www/wp-content/themes/yappo/woocommerce/checkout/form-billing.php доступно 138

2023-07-03T07:42:39+00:00 CRITICAL Uncaught Error: Call to undefined function yappo_get_chosen_adress() in /home/vr488025/yapposushi.com/www/wp-content/themes/yappo/woocommerce/checkout/form-billing.php:138
Stack trace:
#0 /home/vr488025/yapposushi.com/www/wp-content/plugins/woocommerce/includes/wc-core-functions.php(345): include()
#1 /home/vr488025/yapposushi.com/www/wp-content/plugins/woocommerce/includes/class-wc-checkout.php(335): wc_get_template('checkout/form-b...', Array)
#2 /home/vr488025/yapposushi.com/www/wp-includes/class-wp-hook.php(308): WC_Checkout->checkout_form_billing('')
#3 /home/vr488025/yapposushi.com/www/wp-includes/class-wp-hook.php(332): WP_Hook->apply_filters('', Array)
#4 /home/vr488025/yapposushi.com/www/wp-includes/plugin.php(517): WP_Hook->do_action(Array)
#5 /home/vr488025/yapposushi.com/www/wp-content/themes/yappo/woocommerce/checkout/form-checkout.php(78): do_action('woocommerce_che...')
#6 /home/vr488025/yapposushi.com/www/wp-content/plugins/woocommerce/includes/wc-core-functions.php(345): include('/home/vr4880 у /home/vr488025/yapposushi.com/www/wp-content/themes/yappo/woocommerce/checkout/form-billing.php доступно 138

2023-07-03T07:42:39+00:00 CRITICAL Uncaught Error: Call to undefined function yappo_get_chosen_adress() in /home/vr488025/yapposushi.com/www/wp-content/themes/yappo/woocommerce/checkout/form-billing.php:138
Stack trace:
#0 /home/vr488025/yapposushi.com/www/wp-content/plugins/woocommerce/includes/wc-core-functions.php(345): include()
#1 /home/vr488025/yapposushi.com/www/wp-content/plugins/woocommerce/includes/class-wc-checkout.php(335): wc_get_template('checkout/form-b...', Array)
#2 /home/vr488025/yapposushi.com/www/wp-includes/class-wp-hook.php(308): WC_Checkout->checkout_form_billing('')
#3 /home/vr488025/yapposushi.com/www/wp-includes/class-wp-hook.php(332): WP_Hook->apply_filters('', Array)
#4 /home/vr488025/yapposushi.com/www/wp-includes/plugin.php(517): WP_Hook->do_action(Array)
#5 /home/vr488025/yapposushi.com/www/wp-content/themes/yappo/woocommerce/checkout/form-checkout.php(78): do_action('woocommerce_che...')
#6 /home/vr488025/yapposushi.com/www/wp-content/plugins/woocommerce/includes/wc-core-functions.php(345): include('/home/vr4880 у /home/vr488025/yapposushi.com/www/wp-content/themes/yappo/woocommerce/checkout/form-billing.php доступно 138

2023-07-03T07:43:19+00:00 CRITICAL Uncaught Error: Call to undefined function pointsLabel() in /home/vr488025/yapposushi.com/www/wp-content/themes/yappo/woocommerce/checkout/review-order.php:32
Stack trace:
#0 /home/vr488025/yapposushi.com/www/wp-content/plugins/woocommerce/includes/wc-core-functions.php(345): include()
#1 /home/vr488025/yapposushi.com/www/wp-content/plugins/woocommerce/includes/wc-template-functions.php(2368): wc_get_template('checkout/review...', Array)
#2 /home/vr488025/yapposushi.com/www/wp-includes/class-wp-hook.php(308): woocommerce_order_review('')
#3 /home/vr488025/yapposushi.com/www/wp-includes/class-wp-hook.php(332): WP_Hook->apply_filters('', Array)
#4 /home/vr488025/yapposushi.com/www/wp-includes/plugin.php(517): WP_Hook->do_action(Array)
#5 /home/vr488025/yapposushi.com/www/wp-content/themes/yappo/woocommerce/checkout/form-checkout.php(278): do_action('woocommerce_che...')
#6 /home/vr488025/yapposushi.com/www/wp-content/plugins/woocommerce/includes/wc-core-functions.php(345): include('/home/vr488025/...')
#7 /home у /home/vr488025/yapposushi.com/www/wp-content/themes/yappo/woocommerce/checkout/review-order.php доступно 32

2023-07-03T07:43:19+00:00 CRITICAL Uncaught Error: Call to undefined function pointsLabel() in /home/vr488025/yapposushi.com/www/wp-content/themes/yappo/woocommerce/checkout/review-order.php:32
Stack trace:
#0 /home/vr488025/yapposushi.com/www/wp-content/plugins/woocommerce/includes/wc-core-functions.php(345): include()
#1 /home/vr488025/yapposushi.com/www/wp-content/plugins/woocommerce/includes/wc-template-functions.php(2368): wc_get_template('checkout/review...', Array)
#2 /home/vr488025/yapposushi.com/www/wp-includes/class-wp-hook.php(308): woocommerce_order_review('')
#3 /home/vr488025/yapposushi.com/www/wp-includes/class-wp-hook.php(332): WP_Hook->apply_filters('', Array)
#4 /home/vr488025/yapposushi.com/www/wp-includes/plugin.php(517): WP_Hook->do_action(Array)
#5 /home/vr488025/yapposushi.com/www/wp-content/themes/yappo/woocommerce/checkout/form-checkout.php(278): do_action('woocommerce_che...')
#6 /home/vr488025/yapposushi.com/www/wp-content/plugins/woocommerce/includes/wc-core-functions.php(345): include('/home/vr488025/...')
#7 /home у /home/vr488025/yapposushi.com/www/wp-content/themes/yappo/woocommerce/checkout/review-order.php доступно 32

2023-07-03T07:44:08+00:00 CRITICAL Uncaught Error: Call to undefined function get_choosed_city_data() in /home/vr488025/yapposushi.com/www/wp-content/themes/yappo/footer.php:183
Stack trace:
#0 /home/vr488025/yapposushi.com/www/wp-includes/template.php(783): require_once()
#1 /home/vr488025/yapposushi.com/www/wp-includes/template.php(718): load_template('/home/vr488025/...', true, Array)
#2 /home/vr488025/yapposushi.com/www/wp-includes/general-template.php(92): locate_template(Array, true, true, Array)
#3 /home/vr488025/yapposushi.com/www/wp-content/themes/yappo/page.php(37): get_footer()
#4 /home/vr488025/yapposushi.com/www/wp-includes/template-loader.php(106): include('/home/vr488025/...')
#5 /home/vr488025/yapposushi.com/www/wp-blog-header.php(19): require_once('/home/vr488025/...')
#6 /home/vr488025/yapposushi.com/www/index.php(17): require('/home/vr488025/...')
#7 {main}
  thrown у /home/vr488025/yapposushi.com/www/wp-content/themes/yappo/footer.php доступно 183

2023-07-03T07:44:08+00:00 CRITICAL Uncaught Error: Call to undefined function get_choosed_city_data() in /home/vr488025/yapposushi.com/www/wp-content/themes/yappo/footer.php:183
Stack trace:
#0 /home/vr488025/yapposushi.com/www/wp-includes/template.php(783): require_once()
#1 /home/vr488025/yapposushi.com/www/wp-includes/template.php(718): load_template('/home/vr488025/...', true, Array)
#2 /home/vr488025/yapposushi.com/www/wp-includes/general-template.php(92): locate_template(Array, true, true, Array)
#3 /home/vr488025/yapposushi.com/www/wp-content/themes/yappo/page.php(37): get_footer()
#4 /home/vr488025/yapposushi.com/www/wp-includes/template-loader.php(106): include('/home/vr488025/...')
#5 /home/vr488025/yapposushi.com/www/wp-blog-header.php(19): require_once('/home/vr488025/...')
#6 /home/vr488025/yapposushi.com/www/index.php(17): require('/home/vr488025/...')
#7 {main}
  thrown у /home/vr488025/yapposushi.com/www/wp-content/themes/yappo/footer.php доступно 183

2023-07-03T16:17:02+00:00 CRITICAL Uncaught WC_Data_Exception: Хибний або продубльований артикул (SKU). in /home/vr488025/yapposushi.com/www/wp-content/plugins/woocommerce/includes/abstracts/abstract-wc-data.php:900
Stack trace:
#0 /home/vr488025/yapposushi.com/www/wp-content/plugins/woocommerce/includes/abstracts/abstract-wc-product.php(829): WC_Data->error('product_invalid...', '\xD0\xA5\xD0\xB8\xD0\xB1\xD0\xBD\xD0\xB8\xD0\xB9 \xD0\xB0...', 400, Array)
#1 /home/vr488025/yapposushi.com/www/update_shop_products.php(42): WC_Product->set_sku('296_1')
#2 {main}
  thrown у /home/vr488025/yapposushi.com/www/wp-content/plugins/woocommerce/includes/abstracts/abstract-wc-data.php доступно 900

2023-07-03T16:17:02+00:00 CRITICAL Uncaught WC_Data_Exception: Хибний або продубльований артикул (SKU). in /home/vr488025/yapposushi.com/www/wp-content/plugins/woocommerce/includes/abstracts/abstract-wc-data.php:900
Stack trace:
#0 /home/vr488025/yapposushi.com/www/wp-content/plugins/woocommerce/includes/abstracts/abstract-wc-product.php(829): WC_Data->error('product_invalid...', '\xD0\xA5\xD0\xB8\xD0\xB1\xD0\xBD\xD0\xB8\xD0\xB9 \xD0\xB0...', 400, Array)
#1 /home/vr488025/yapposushi.com/www/update_shop_products.php(42): WC_Product->set_sku('296_1')
#2 {main}
  thrown у /home/vr488025/yapposushi.com/www/wp-content/plugins/woocommerce/includes/abstracts/abstract-wc-data.php доступно 900

