2023-07-18T07:15:27+00:00 CRITICAL Uncaught Error: Call to a member function get_billing_state() on null in /home/vr488025/yapposushi.com/www/wp-content/themes/yappo/inc/checkout.php:185
Stack trace:
#0 /home/vr488025/yapposushi.com/www/wp-content/themes/yappo/inc/checkout.php(207): yappo_get_chosen_region()
#1 /home/vr488025/yapposushi.com/www/wp-content/themes/yappo/header.php(97): yappo_get_chosen_header_adress()
#2 /home/vr488025/yapposushi.com/www/wp-includes/template.php(783): require_once('/home/vr488025/...')
#3 /home/vr488025/yapposushi.com/www/wp-includes/template.php(718): load_template('/home/vr488025/...', true, Array)
#4 /home/vr488025/yapposushi.com/www/wp-includes/general-template.php(48): locate_template(Array, true, true, Array)
#5 /home/vr488025/yapposushi.com/www/wp-content/themes/yappo/404.php(10): get_header()
#6 /home/vr488025/yapposushi.com/www/wp-includes/template-loader.php(106): include('/home/vr488025/...')
#7 /home/vr488025/yapposushi.com/www/wp-blog-header.php(19): require_once('/home/vr488025/...')
#8 /home/vr488 у /home/vr488025/yapposushi.com/www/wp-content/themes/yappo/inc/checkout.php доступно 185

2023-07-18T07:15:27+00:00 CRITICAL Uncaught Error: Call to a member function get_billing_state() on null in /home/vr488025/yapposushi.com/www/wp-content/themes/yappo/inc/checkout.php:185
Stack trace:
#0 /home/vr488025/yapposushi.com/www/wp-content/themes/yappo/inc/checkout.php(207): yappo_get_chosen_region()
#1 /home/vr488025/yapposushi.com/www/wp-content/themes/yappo/header.php(97): yappo_get_chosen_header_adress()
#2 /home/vr488025/yapposushi.com/www/wp-includes/template.php(783): require_once('/home/vr488025/...')
#3 /home/vr488025/yapposushi.com/www/wp-includes/template.php(718): load_template('/home/vr488025/...', true, Array)
#4 /home/vr488025/yapposushi.com/www/wp-includes/general-template.php(48): locate_template(Array, true, true, Array)
#5 /home/vr488025/yapposushi.com/www/wp-content/themes/yappo/404.php(10): get_header()
#6 /home/vr488025/yapposushi.com/www/wp-includes/template-loader.php(106): include('/home/vr488025/...')
#7 /home/vr488025/yapposushi.com/www/wp-blog-header.php(19): require_once('/home/vr488025/...')
#8 /home/vr488 у /home/vr488025/yapposushi.com/www/wp-content/themes/yappo/inc/checkout.php доступно 185

2023-07-18T07:15:29+00:00 CRITICAL Uncaught Error: Call to a member function get_billing_state() on null in /home/vr488025/yapposushi.com/www/wp-content/themes/yappo/inc/checkout.php:185
Stack trace:
#0 /home/vr488025/yapposushi.com/www/wp-content/themes/yappo/inc/checkout.php(207): yappo_get_chosen_region()
#1 /home/vr488025/yapposushi.com/www/wp-content/themes/yappo/header.php(97): yappo_get_chosen_header_adress()
#2 /home/vr488025/yapposushi.com/www/wp-includes/template.php(783): require_once('/home/vr488025/...')
#3 /home/vr488025/yapposushi.com/www/wp-includes/template.php(718): load_template('/home/vr488025/...', true, Array)
#4 /home/vr488025/yapposushi.com/www/wp-includes/general-template.php(48): locate_template(Array, true, true, Array)
#5 /home/vr488025/yapposushi.com/www/wp-content/themes/yappo/404.php(10): get_header()
#6 /home/vr488025/yapposushi.com/www/wp-includes/template-loader.php(106): include('/home/vr488025/...')
#7 /home/vr488025/yapposushi.com/www/wp-blog-header.php(19): require_once('/home/vr488025/...')
#8 /home/vr488 у /home/vr488025/yapposushi.com/www/wp-content/themes/yappo/inc/checkout.php доступно 185

2023-07-18T07:15:29+00:00 CRITICAL Uncaught Error: Call to a member function get_billing_state() on null in /home/vr488025/yapposushi.com/www/wp-content/themes/yappo/inc/checkout.php:185
Stack trace:
#0 /home/vr488025/yapposushi.com/www/wp-content/themes/yappo/inc/checkout.php(207): yappo_get_chosen_region()
#1 /home/vr488025/yapposushi.com/www/wp-content/themes/yappo/header.php(97): yappo_get_chosen_header_adress()
#2 /home/vr488025/yapposushi.com/www/wp-includes/template.php(783): require_once('/home/vr488025/...')
#3 /home/vr488025/yapposushi.com/www/wp-includes/template.php(718): load_template('/home/vr488025/...', true, Array)
#4 /home/vr488025/yapposushi.com/www/wp-includes/general-template.php(48): locate_template(Array, true, true, Array)
#5 /home/vr488025/yapposushi.com/www/wp-content/themes/yappo/404.php(10): get_header()
#6 /home/vr488025/yapposushi.com/www/wp-includes/template-loader.php(106): include('/home/vr488025/...')
#7 /home/vr488025/yapposushi.com/www/wp-blog-header.php(19): require_once('/home/vr488025/...')
#8 /home/vr488 у /home/vr488025/yapposushi.com/www/wp-content/themes/yappo/inc/checkout.php доступно 185

2023-07-18T20:56:42+00:00 CRITICAL Uncaught Error: Call to a member function get_items() on bool in /home/vr488025/yapposushi.com/www/wp-content/themes/yappo/footer.php:81
Stack trace:
#0 /home/vr488025/yapposushi.com/www/wp-includes/template.php(783): require_once()
#1 /home/vr488025/yapposushi.com/www/wp-includes/template.php(718): load_template('/home/vr488025/...', true, Array)
#2 /home/vr488025/yapposushi.com/www/wp-includes/general-template.php(92): locate_template(Array, true, true, Array)
#3 /home/vr488025/yapposushi.com/www/wp-content/themes/yappo/page.php(37): get_footer()
#4 /home/vr488025/yapposushi.com/www/wp-includes/template-loader.php(106): include('/home/vr488025/...')
#5 /home/vr488025/yapposushi.com/www/wp-blog-header.php(19): require_once('/home/vr488025/...')
#6 /home/vr488025/yapposushi.com/www/index.php(17): require('/home/vr488025/...')
#7 {main}
  thrown у /home/vr488025/yapposushi.com/www/wp-content/themes/yappo/footer.php доступно 81

2023-07-18T20:56:42+00:00 CRITICAL Uncaught Error: Call to a member function get_items() on bool in /home/vr488025/yapposushi.com/www/wp-content/themes/yappo/footer.php:81
Stack trace:
#0 /home/vr488025/yapposushi.com/www/wp-includes/template.php(783): require_once()
#1 /home/vr488025/yapposushi.com/www/wp-includes/template.php(718): load_template('/home/vr488025/...', true, Array)
#2 /home/vr488025/yapposushi.com/www/wp-includes/general-template.php(92): locate_template(Array, true, true, Array)
#3 /home/vr488025/yapposushi.com/www/wp-content/themes/yappo/page.php(37): get_footer()
#4 /home/vr488025/yapposushi.com/www/wp-includes/template-loader.php(106): include('/home/vr488025/...')
#5 /home/vr488025/yapposushi.com/www/wp-blog-header.php(19): require_once('/home/vr488025/...')
#6 /home/vr488025/yapposushi.com/www/index.php(17): require('/home/vr488025/...')
#7 {main}
  thrown у /home/vr488025/yapposushi.com/www/wp-content/themes/yappo/footer.php доступно 81

