2023-07-09T15:17:48+00:00 CRITICAL Uncaught Error: Call to a member function get_items() on bool in /home/vr488025/yapposushi.com/www/wp-content/themes/yappo/footer.php:76
Stack trace:
#0 /home/vr488025/yapposushi.com/www/wp-includes/template.php(783): require_once()
#1 /home/vr488025/yapposushi.com/www/wp-includes/template.php(718): load_template('/home/vr488025/...', true, Array)
#2 /home/vr488025/yapposushi.com/www/wp-includes/general-template.php(92): locate_template(Array, true, true, Array)
#3 /home/vr488025/yapposushi.com/www/wp-content/themes/yappo/page.php(37): get_footer()
#4 /home/vr488025/yapposushi.com/www/wp-includes/template-loader.php(106): include('/home/vr488025/...')
#5 /home/vr488025/yapposushi.com/www/wp-blog-header.php(19): require_once('/home/vr488025/...')
#6 /home/vr488025/yapposushi.com/www/index.php(17): require('/home/vr488025/...')
#7 {main}
  thrown у /home/vr488025/yapposushi.com/www/wp-content/themes/yappo/footer.php доступно 76

2023-07-09T15:17:49+00:00 CRITICAL Uncaught Error: Call to a member function get_items() on bool in /home/vr488025/yapposushi.com/www/wp-content/themes/yappo/footer.php:76
Stack trace:
#0 /home/vr488025/yapposushi.com/www/wp-includes/template.php(783): require_once()
#1 /home/vr488025/yapposushi.com/www/wp-includes/template.php(718): load_template('/home/vr488025/...', true, Array)
#2 /home/vr488025/yapposushi.com/www/wp-includes/general-template.php(92): locate_template(Array, true, true, Array)
#3 /home/vr488025/yapposushi.com/www/wp-content/themes/yappo/page.php(37): get_footer()
#4 /home/vr488025/yapposushi.com/www/wp-includes/template-loader.php(106): include('/home/vr488025/...')
#5 /home/vr488025/yapposushi.com/www/wp-blog-header.php(19): require_once('/home/vr488025/...')
#6 /home/vr488025/yapposushi.com/www/index.php(17): require('/home/vr488025/...')
#7 {main}
  thrown у /home/vr488025/yapposushi.com/www/wp-content/themes/yappo/footer.php доступно 76

2023-07-09T15:31:54+00:00 CRITICAL Uncaught Error: Call to a member function get_items() on bool in /home/vr488025/yapposushi.com/www/wp-content/themes/yappo/footer.php:76
Stack trace:
#0 /home/vr488025/yapposushi.com/www/wp-includes/template.php(783): require_once()
#1 /home/vr488025/yapposushi.com/www/wp-includes/template.php(718): load_template('/home/vr488025/...', true, Array)
#2 /home/vr488025/yapposushi.com/www/wp-includes/general-template.php(92): locate_template(Array, true, true, Array)
#3 /home/vr488025/yapposushi.com/www/wp-content/themes/yappo/page.php(37): get_footer()
#4 /home/vr488025/yapposushi.com/www/wp-includes/template-loader.php(106): include('/home/vr488025/...')
#5 /home/vr488025/yapposushi.com/www/wp-blog-header.php(19): require_once('/home/vr488025/...')
#6 /home/vr488025/yapposushi.com/www/index.php(17): require('/home/vr488025/...')
#7 {main}
  thrown у /home/vr488025/yapposushi.com/www/wp-content/themes/yappo/footer.php доступно 76

2023-07-09T16:19:42+00:00 CRITICAL Uncaught Error: Call to a member function get_items() on bool in /home/vr488025/yapposushi.com/www/wp-content/themes/yappo/footer.php:76
Stack trace:
#0 /home/vr488025/yapposushi.com/www/wp-includes/template.php(783): require_once()
#1 /home/vr488025/yapposushi.com/www/wp-includes/template.php(718): load_template('/home/vr488025/...', true, Array)
#2 /home/vr488025/yapposushi.com/www/wp-includes/general-template.php(92): locate_template(Array, true, true, Array)
#3 /home/vr488025/yapposushi.com/www/wp-content/themes/yappo/page.php(37): get_footer()
#4 /home/vr488025/yapposushi.com/www/wp-includes/template-loader.php(106): include('/home/vr488025/...')
#5 /home/vr488025/yapposushi.com/www/wp-blog-header.php(19): require_once('/home/vr488025/...')
#6 /home/vr488025/yapposushi.com/www/index.php(17): require('/home/vr488025/...')
#7 {main}
  thrown у /home/vr488025/yapposushi.com/www/wp-content/themes/yappo/footer.php доступно 76

2023-07-09T16:47:23+00:00 CRITICAL Uncaught Error: Call to a member function get_items() on bool in /home/vr488025/yapposushi.com/www/wp-content/themes/yappo/footer.php:76
Stack trace:
#0 /home/vr488025/yapposushi.com/www/wp-includes/template.php(783): require_once()
#1 /home/vr488025/yapposushi.com/www/wp-includes/template.php(718): load_template('/home/vr488025/...', true, Array)
#2 /home/vr488025/yapposushi.com/www/wp-includes/general-template.php(92): locate_template(Array, true, true, Array)
#3 /home/vr488025/yapposushi.com/www/wp-content/themes/yappo/page.php(37): get_footer()
#4 /home/vr488025/yapposushi.com/www/wp-includes/template-loader.php(106): include('/home/vr488025/...')
#5 /home/vr488025/yapposushi.com/www/wp-blog-header.php(19): require_once('/home/vr488025/...')
#6 /home/vr488025/yapposushi.com/www/index.php(17): require('/home/vr488025/...')
#7 {main}
  thrown у /home/vr488025/yapposushi.com/www/wp-content/themes/yappo/footer.php доступно 76

2023-07-09T18:52:33+00:00 CRITICAL Uncaught Error: Call to a member function get_items() on bool in /home/vr488025/yapposushi.com/www/wp-content/themes/yappo/footer.php:76
Stack trace:
#0 /home/vr488025/yapposushi.com/www/wp-includes/template.php(783): require_once()
#1 /home/vr488025/yapposushi.com/www/wp-includes/template.php(718): load_template('/home/vr488025/...', true, Array)
#2 /home/vr488025/yapposushi.com/www/wp-includes/general-template.php(92): locate_template(Array, true, true, Array)
#3 /home/vr488025/yapposushi.com/www/wp-content/themes/yappo/page.php(37): get_footer()
#4 /home/vr488025/yapposushi.com/www/wp-includes/template-loader.php(106): include('/home/vr488025/...')
#5 /home/vr488025/yapposushi.com/www/wp-blog-header.php(19): require_once('/home/vr488025/...')
#6 /home/vr488025/yapposushi.com/www/index.php(17): require('/home/vr488025/...')
#7 {main}
  thrown у /home/vr488025/yapposushi.com/www/wp-content/themes/yappo/footer.php доступно 76

