2023-06-29T06:13:34+00:00 CRITICAL Uncaught TypeError: Argument 1 passed to WPML\Core\BackgroundTask\Repository\BackgroundTaskRepository::createFromQueryResult() must be of the type array, null given, called in /home/vr488025/yapposushi.com/www/wp-content/plugins/sitepress-multilingual-cms/vendor/wpml/core-api/core/BackgroundTask/Repository/BackgroundTaskRepository.php on line 29 and defined in /home/vr488025/yapposushi.com/www/wp-content/plugins/sitepress-multilingual-cms/vendor/wpml/core-api/core/BackgroundTask/Repository/BackgroundTaskRepository.php:101
Stack trace:
#0 /home/vr488025/yapposushi.com/www/wp-content/plugins/sitepress-multilingual-cms/vendor/wpml/core-api/core/BackgroundTask/Repository/BackgroundTaskRepository.php(29): WPML\Core\BackgroundTask\Repository\BackgroundTaskRepository->createFromQueryResult(NULL)
#1 /home/vr488025/yapposushi.com/www/wp-content/plugins/sitepress-multilingual-cms/vendor/wpml/core-api/core/BackgroundTask/Service/BackgroundTaskService.php(54): WPML\Core\BackgroundTask\Repository\BackgroundTaskRepository- у /home/vr488025/yapposushi.com/www/wp-content/plugins/sitepress-multilingual-cms/vendor/wpml/core-api/core/BackgroundTask/Repository/BackgroundTaskRepository.php доступно 101

2023-06-29T06:13:34+00:00 CRITICAL Uncaught TypeError: Argument 1 passed to WPML\Core\BackgroundTask\Repository\BackgroundTaskRepository::createFromQueryResult() must be of the type array, null given, called in /home/vr488025/yapposushi.com/www/wp-content/plugins/sitepress-multilingual-cms/vendor/wpml/core-api/core/BackgroundTask/Repository/BackgroundTaskRepository.php on line 29 and defined in /home/vr488025/yapposushi.com/www/wp-content/plugins/sitepress-multilingual-cms/vendor/wpml/core-api/core/BackgroundTask/Repository/BackgroundTaskRepository.php:101
Stack trace:
#0 /home/vr488025/yapposushi.com/www/wp-content/plugins/sitepress-multilingual-cms/vendor/wpml/core-api/core/BackgroundTask/Repository/BackgroundTaskRepository.php(29): WPML\Core\BackgroundTask\Repository\BackgroundTaskRepository->createFromQueryResult(NULL)
#1 /home/vr488025/yapposushi.com/www/wp-content/plugins/sitepress-multilingual-cms/vendor/wpml/core-api/core/BackgroundTask/Service/BackgroundTaskService.php(54): WPML\Core\BackgroundTask\Repository\BackgroundTaskRepository- у /home/vr488025/yapposushi.com/www/wp-content/plugins/sitepress-multilingual-cms/vendor/wpml/core-api/core/BackgroundTask/Repository/BackgroundTaskRepository.php доступно 101

2023-06-29T07:06:54+00:00 CRITICAL Uncaught Error: Call to undefined function yappo_about() in /home/vr488025/yapposushi.com/www/wp-content/themes/storefront/page-home.php:190
Stack trace:
#0 /home/vr488025/yapposushi.com/www/wp-includes/template-loader.php(106): include()
#1 /home/vr488025/yapposushi.com/www/wp-blog-header.php(19): require_once('/home/vr488025/...')
#2 /home/vr488025/yapposushi.com/www/index.php(17): require('/home/vr488025/...')
#3 {main}
  thrown у /home/vr488025/yapposushi.com/www/wp-content/themes/storefront/page-home.php доступно 190

2023-06-29T07:06:58+00:00 CRITICAL Uncaught Error: Call to undefined function yappo_about() in /home/vr488025/yapposushi.com/www/wp-content/themes/storefront/page-home.php:190
Stack trace:
#0 /home/vr488025/yapposushi.com/www/wp-includes/template-loader.php(106): include()
#1 /home/vr488025/yapposushi.com/www/wp-blog-header.php(19): require_once('/home/vr488025/...')
#2 /home/vr488025/yapposushi.com/www/index.php(17): require('/home/vr488025/...')
#3 {main}
  thrown у /home/vr488025/yapposushi.com/www/wp-content/themes/storefront/page-home.php доступно 190

2023-06-29T07:07:07+00:00 CRITICAL Uncaught Error: Call to undefined function yappo_about() in /home/vr488025/yapposushi.com/www/wp-content/themes/storefront/page-home.php:190
Stack trace:
#0 /home/vr488025/yapposushi.com/www/wp-includes/template-loader.php(106): include()
#1 /home/vr488025/yapposushi.com/www/wp-blog-header.php(19): require_once('/home/vr488025/...')
#2 /home/vr488025/yapposushi.com/www/index.php(17): require('/home/vr488025/...')
#3 {main}
  thrown у /home/vr488025/yapposushi.com/www/wp-content/themes/storefront/page-home.php доступно 190

2023-06-29T07:07:08+00:00 CRITICAL Uncaught Error: Call to undefined function yappo_about() in /home/vr488025/yapposushi.com/www/wp-content/themes/storefront/page-home.php:190
Stack trace:
#0 /home/vr488025/yapposushi.com/www/wp-includes/template-loader.php(106): include()
#1 /home/vr488025/yapposushi.com/www/wp-blog-header.php(19): require_once('/home/vr488025/...')
#2 /home/vr488025/yapposushi.com/www/index.php(17): require('/home/vr488025/...')
#3 {main}
  thrown у /home/vr488025/yapposushi.com/www/wp-content/themes/storefront/page-home.php доступно 190

2023-06-29T07:07:17+00:00 CRITICAL Uncaught Error: Call to undefined function yappo_about() in /home/vr488025/yapposushi.com/www/wp-content/themes/storefront/page-home.php:190
Stack trace:
#0 /home/vr488025/yapposushi.com/www/wp-includes/template-loader.php(106): include()
#1 /home/vr488025/yapposushi.com/www/wp-blog-header.php(19): require_once('/home/vr488025/...')
#2 /home/vr488025/yapposushi.com/www/index.php(17): require('/home/vr488025/...')
#3 {main}
  thrown у /home/vr488025/yapposushi.com/www/wp-content/themes/storefront/page-home.php доступно 190

2023-06-29T07:21:16+00:00 CRITICAL Uncaught Error: Class 'WPML_TM_Scripts_Factory' not found in /home/vr488025/yapposushi.com/www/wp-content/plugins/sitepress-multilingual-cms/classes/class-wpml-translation-management.php:70
Stack trace:
#0 /home/vr488025/yapposushi.com/www/wp-content/plugins/sitepress-multilingual-cms/tm.php(73): WPML_Translation_Management->init()
#1 /home/vr488025/yapposushi.com/www/wp-includes/class-wp-hook.php(308): wpml_tm_load(Object(SitePress))
#2 /home/vr488025/yapposushi.com/www/wp-includes/class-wp-hook.php(332): WP_Hook->apply_filters(NULL, Array)
#3 /home/vr488025/yapposushi.com/www/wp-includes/plugin.php(517): WP_Hook->do_action(Array)
#4 /home/vr488025/yapposushi.com/www/wp-content/plugins/sitepress-multilingual-cms/sitepress.class.php(527): do_action('wpml_loaded', Object(SitePress))
#5 /home/vr488025/yapposushi.com/www/wp-includes/class-wp-hook.php(308): SitePress->init('')
#6 /home/vr488025/yapposushi.com/www/wp-includes/class-wp-hook.php(332): WP_Hook->apply_filters(NULL, Array)
#7 /home/vr488025/yapposushi. у /home/vr488025/yapposushi.com/www/wp-content/plugins/sitepress-multilingual-cms/classes/class-wpml-translation-management.php доступно 70

2023-06-29T07:21:16+00:00 CRITICAL Uncaught Error: Class 'WPML_TM_Scripts_Factory' not found in /home/vr488025/yapposushi.com/www/wp-content/plugins/sitepress-multilingual-cms/classes/class-wpml-translation-management.php:70
Stack trace:
#0 /home/vr488025/yapposushi.com/www/wp-content/plugins/sitepress-multilingual-cms/tm.php(73): WPML_Translation_Management->init()
#1 /home/vr488025/yapposushi.com/www/wp-includes/class-wp-hook.php(308): wpml_tm_load(Object(SitePress))
#2 /home/vr488025/yapposushi.com/www/wp-includes/class-wp-hook.php(332): WP_Hook->apply_filters(NULL, Array)
#3 /home/vr488025/yapposushi.com/www/wp-includes/plugin.php(517): WP_Hook->do_action(Array)
#4 /home/vr488025/yapposushi.com/www/wp-content/plugins/sitepress-multilingual-cms/sitepress.class.php(527): do_action('wpml_loaded', Object(SitePress))
#5 /home/vr488025/yapposushi.com/www/wp-includes/class-wp-hook.php(308): SitePress->init('')
#6 /home/vr488025/yapposushi.com/www/wp-includes/class-wp-hook.php(332): WP_Hook->apply_filters(NULL, Array)
#7 /home/vr488025/yapposushi. у /home/vr488025/yapposushi.com/www/wp-content/plugins/sitepress-multilingual-cms/classes/class-wpml-translation-management.php доступно 70

2023-06-29T07:21:22+00:00 CRITICAL require(): Failed opening required '/home/vr488025/yapposushi.com/www/wp-includes/blocks/file/view.min.asset.php' (include_path='.:/usr/local/pear/php74') у /home/vr488025/yapposushi.com/www/wp-includes/blocks.php доступно 150

2023-06-29T07:21:22+00:00 CRITICAL require(): Failed opening required '/home/vr488025/yapposushi.com/www/wp-includes/blocks/file/view.min.asset.php' (include_path='.:/usr/local/pear/php74') у /home/vr488025/yapposushi.com/www/wp-includes/blocks.php доступно 150

2023-06-29T07:21:22+00:00 CRITICAL Uncaught TypeError: Argument 1 passed to WP_Rocket\Event_Management\Event_Manager::add_subscriber() must implement interface WP_Rocket\Event_Management\Subscriber_Interface, string given, called in /home/vr488025/yapposushi.com/www/wp-content/plugins/wp-rocket/inc/Plugin.php on line 147 and defined in /home/vr488025/yapposushi.com/www/wp-content/plugins/wp-rocket/inc/classes/event-management/class-event-manager.php:33
Stack trace:
#0 /home/vr488025/yapposushi.com/www/wp-content/plugins/wp-rocket/inc/Plugin.php(147): WP_Rocket\Event_Management\Event_Manager->add_subscriber('WP_Rocket\\Subsc...')
#1 /home/vr488025/yapposushi.com/www/wp-content/plugins/wp-rocket/inc/main.php(42): WP_Rocket\Plugin->load()
#2 /home/vr488025/yapposushi.com/www/wp-includes/class-wp-hook.php(308): rocket_init('')
#3 /home/vr488025/yapposushi.com/www/wp-includes/class-wp-hook.php(332): WP_Hook->apply_filters(NULL, Array)
#4 /home/vr488025/yapposushi.com/www/wp-includes/plugin.php(517): WP_Hook->do_action(Array)
#5 /home/vr488025/yappo у /home/vr488025/yapposushi.com/www/wp-content/plugins/wp-rocket/inc/classes/event-management/class-event-manager.php доступно 33

2023-06-29T07:21:22+00:00 CRITICAL Uncaught TypeError: Argument 1 passed to WP_Rocket\Event_Management\Event_Manager::add_subscriber() must implement interface WP_Rocket\Event_Management\Subscriber_Interface, string given, called in /home/vr488025/yapposushi.com/www/wp-content/plugins/wp-rocket/inc/Plugin.php on line 147 and defined in /home/vr488025/yapposushi.com/www/wp-content/plugins/wp-rocket/inc/classes/event-management/class-event-manager.php:33
Stack trace:
#0 /home/vr488025/yapposushi.com/www/wp-content/plugins/wp-rocket/inc/Plugin.php(147): WP_Rocket\Event_Management\Event_Manager->add_subscriber('WP_Rocket\\Subsc...')
#1 /home/vr488025/yapposushi.com/www/wp-content/plugins/wp-rocket/inc/main.php(42): WP_Rocket\Plugin->load()
#2 /home/vr488025/yapposushi.com/www/wp-includes/class-wp-hook.php(308): rocket_init('')
#3 /home/vr488025/yapposushi.com/www/wp-includes/class-wp-hook.php(332): WP_Hook->apply_filters(NULL, Array)
#4 /home/vr488025/yapposushi.com/www/wp-includes/plugin.php(517): WP_Hook->do_action(Array)
#5 /home/vr488025/yappo у /home/vr488025/yapposushi.com/www/wp-content/plugins/wp-rocket/inc/classes/event-management/class-event-manager.php доступно 33

2023-06-29T07:21:22+00:00 CRITICAL Uncaught ReflectionException: Class WPML_Language_Pair_Records does not exist in /home/vr488025/yapposushi.com/www/wp-content/plugins/sitepress-multilingual-cms/vendor/otgs/auryn/lib/StandardReflector.php:29
Stack trace:
#0 /home/vr488025/yapposushi.com/www/wp-content/plugins/sitepress-multilingual-cms/vendor/otgs/auryn/lib/StandardReflector.php(29): ReflectionClass->__construct('WPML_Language_P...')
#1 /home/vr488025/yapposushi.com/www/wp-content/plugins/sitepress-multilingual-cms/vendor/otgs/auryn/lib/CachingReflector.php(73): WPML\Auryn\StandardReflector->getParamTypeHint(Object(ReflectionMethod), Object(ReflectionParameter))
#2 /home/vr488025/yapposushi.com/www/wp-content/plugins/sitepress-multilingual-cms/vendor/otgs/auryn/lib/Injector.php(527): WPML\Auryn\CachingReflector->getParamTypeHint(Object(ReflectionMethod), Object(ReflectionParameter))
#3 /home/vr488025/yapposushi.com/www/wp-content/plugins/sitepress-multilingual-cms/vendor/otgs/auryn/lib/Injector.php(474): WPML\Auryn\Injector->buildArgFromTypeH у /home/vr488025/yapposushi.com/www/wp-content/plugins/sitepress-multilingual-cms/vendor/otgs/auryn/lib/Injector.php доступно 422

2023-06-29T07:21:22+00:00 CRITICAL Uncaught ReflectionException: Class WPML_Language_Pair_Records does not exist in /home/vr488025/yapposushi.com/www/wp-content/plugins/sitepress-multilingual-cms/vendor/otgs/auryn/lib/StandardReflector.php:29
Stack trace:
#0 /home/vr488025/yapposushi.com/www/wp-content/plugins/sitepress-multilingual-cms/vendor/otgs/auryn/lib/StandardReflector.php(29): ReflectionClass->__construct('WPML_Language_P...')
#1 /home/vr488025/yapposushi.com/www/wp-content/plugins/sitepress-multilingual-cms/vendor/otgs/auryn/lib/CachingReflector.php(73): WPML\Auryn\StandardReflector->getParamTypeHint(Object(ReflectionMethod), Object(ReflectionParameter))
#2 /home/vr488025/yapposushi.com/www/wp-content/plugins/sitepress-multilingual-cms/vendor/otgs/auryn/lib/Injector.php(527): WPML\Auryn\CachingReflector->getParamTypeHint(Object(ReflectionMethod), Object(ReflectionParameter))
#3 /home/vr488025/yapposushi.com/www/wp-content/plugins/sitepress-multilingual-cms/vendor/otgs/auryn/lib/Injector.php(474): WPML\Auryn\Injector->buildArgFromTypeH у /home/vr488025/yapposushi.com/www/wp-content/plugins/sitepress-multilingual-cms/vendor/otgs/auryn/lib/Injector.php доступно 422

2023-06-29T07:21:28+00:00 CRITICAL Uncaught Error: Class 'WPML_Ajax_Route' not found in /home/vr488025/yapposushi.com/www/wp-content/plugins/sitepress-multilingual-cms/classes/class-wpml-translation-management.php:76
Stack trace:
#0 /home/vr488025/yapposushi.com/www/wp-content/plugins/sitepress-multilingual-cms/tm.php(73): WPML_Translation_Management->init()
#1 /home/vr488025/yapposushi.com/www/wp-includes/class-wp-hook.php(308): wpml_tm_load(Object(SitePress))
#2 /home/vr488025/yapposushi.com/www/wp-includes/class-wp-hook.php(332): WP_Hook->apply_filters(NULL, Array)
#3 /home/vr488025/yapposushi.com/www/wp-includes/plugin.php(517): WP_Hook->do_action(Array)
#4 /home/vr488025/yapposushi.com/www/wp-content/plugins/sitepress-multilingual-cms/sitepress.class.php(527): do_action('wpml_loaded', Object(SitePress))
#5 /home/vr488025/yapposushi.com/www/wp-includes/class-wp-hook.php(308): SitePress->init('')
#6 /home/vr488025/yapposushi.com/www/wp-includes/class-wp-hook.php(332): WP_Hook->apply_filters(NULL, Array)
#7 /home/vr488025/yapposushi.com/www/ у /home/vr488025/yapposushi.com/www/wp-content/plugins/sitepress-multilingual-cms/classes/class-wpml-translation-management.php доступно 76

2023-06-29T07:21:28+00:00 CRITICAL Uncaught Error: Class 'WPML_Ajax_Route' not found in /home/vr488025/yapposushi.com/www/wp-content/plugins/sitepress-multilingual-cms/classes/class-wpml-translation-management.php:76
Stack trace:
#0 /home/vr488025/yapposushi.com/www/wp-content/plugins/sitepress-multilingual-cms/tm.php(73): WPML_Translation_Management->init()
#1 /home/vr488025/yapposushi.com/www/wp-includes/class-wp-hook.php(308): wpml_tm_load(Object(SitePress))
#2 /home/vr488025/yapposushi.com/www/wp-includes/class-wp-hook.php(332): WP_Hook->apply_filters(NULL, Array)
#3 /home/vr488025/yapposushi.com/www/wp-includes/plugin.php(517): WP_Hook->do_action(Array)
#4 /home/vr488025/yapposushi.com/www/wp-content/plugins/sitepress-multilingual-cms/sitepress.class.php(527): do_action('wpml_loaded', Object(SitePress))
#5 /home/vr488025/yapposushi.com/www/wp-includes/class-wp-hook.php(308): SitePress->init('')
#6 /home/vr488025/yapposushi.com/www/wp-includes/class-wp-hook.php(332): WP_Hook->apply_filters(NULL, Array)
#7 /home/vr488025/yapposushi.com/www/ у /home/vr488025/yapposushi.com/www/wp-content/plugins/sitepress-multilingual-cms/classes/class-wpml-translation-management.php доступно 76

2023-06-29T07:21:28+00:00 CRITICAL Uncaught Error: Class 'WPML_TM_ICL20_Migration_Notices' not found in /home/vr488025/yapposushi.com/www/wp-content/plugins/sitepress-multilingual-cms/classes/ICL-20-migration/class-wpml-tm-icl20-migration-factory.php:140
Stack trace:
#0 /home/vr488025/yapposushi.com/www/wp-content/plugins/sitepress-multilingual-cms/classes/ICL-20-migration/class-wpml-tm-icl20-migration-loader.php(36): WPML_TM_ICL20_Migration_Factory->create_notices()
#1 /home/vr488025/yapposushi.com/www/wp-content/plugins/sitepress-multilingual-cms/tm.php(249): WPML_TM_ICL20_Migration_Loader->run()
#2 /home/vr488025/yapposushi.com/www/wp-includes/class-wp-hook.php(308): wpml_tm_icl20_migration('')
#3 /home/vr488025/yapposushi.com/www/wp-includes/class-wp-hook.php(332): WP_Hook->apply_filters('', Array)
#4 /home/vr488025/yapposushi.com/www/wp-includes/plugin.php(517): WP_Hook->do_action(Array)
#5 /home/vr488025/yapposushi.com/www/wp-content/plugins/sitepress-multilingual-cms/classes/class-wpml-translation-management.php(108): do_action('wpml_tm у /home/vr488025/yapposushi.com/www/wp-content/plugins/sitepress-multilingual-cms/classes/ICL-20-migration/class-wpml-tm-icl20-migration-factory.php доступно 140

2023-06-29T07:21:28+00:00 CRITICAL Uncaught Error: Class 'WPML_TM_ICL20_Migration_Notices' not found in /home/vr488025/yapposushi.com/www/wp-content/plugins/sitepress-multilingual-cms/classes/ICL-20-migration/class-wpml-tm-icl20-migration-factory.php:140
Stack trace:
#0 /home/vr488025/yapposushi.com/www/wp-content/plugins/sitepress-multilingual-cms/classes/ICL-20-migration/class-wpml-tm-icl20-migration-loader.php(36): WPML_TM_ICL20_Migration_Factory->create_notices()
#1 /home/vr488025/yapposushi.com/www/wp-content/plugins/sitepress-multilingual-cms/tm.php(249): WPML_TM_ICL20_Migration_Loader->run()
#2 /home/vr488025/yapposushi.com/www/wp-includes/class-wp-hook.php(308): wpml_tm_icl20_migration('')
#3 /home/vr488025/yapposushi.com/www/wp-includes/class-wp-hook.php(332): WP_Hook->apply_filters('', Array)
#4 /home/vr488025/yapposushi.com/www/wp-includes/plugin.php(517): WP_Hook->do_action(Array)
#5 /home/vr488025/yapposushi.com/www/wp-content/plugins/sitepress-multilingual-cms/classes/class-wpml-translation-management.php(108): do_action('wpml_tm у /home/vr488025/yapposushi.com/www/wp-content/plugins/sitepress-multilingual-cms/classes/ICL-20-migration/class-wpml-tm-icl20-migration-factory.php доступно 140

2023-06-29T07:21:39+00:00 CRITICAL require_once(): Failed opening required '/home/vr488025/yapposushi.com/www/wp-content/plugins/wp-all-import-pro/actions/wp_ajax_import_failed.php' (include_path='.:/usr/local/pear/php74') у /home/vr488025/yapposushi.com/www/wp-content/plugins/wp-all-import-pro/wp-all-import-pro.php доступно 352

2023-06-29T07:21:41+00:00 CRITICAL require(): Failed opening required '/home/vr488025/yapposushi.com/www/wp-content/plugins/wp-rocket/inc//API/bypass.php' (include_path='.:/usr/local/pear/php74') у /home/vr488025/yapposushi.com/www/wp-content/plugins/wp-rocket/inc/main.php доступно 48

2023-06-29T07:21:41+00:00 CRITICAL require(): Failed opening required '/home/vr488025/yapposushi.com/www/wp-content/plugins/wp-rocket/inc//API/bypass.php' (include_path='.:/usr/local/pear/php74') у /home/vr488025/yapposushi.com/www/wp-content/plugins/wp-rocket/inc/main.php доступно 48

2023-06-29T07:21:41+00:00 CRITICAL require(): Failed opening required '/home/vr488025/yapposushi.com/www/wp-content/plugins/wp-rocket/inc/functions/formatting.php' (include_path='.:/usr/local/pear/php74') у /home/vr488025/yapposushi.com/www/wp-content/plugins/wp-rocket/inc/main.php доступно 49

2023-06-29T07:21:41+00:00 CRITICAL require(): Failed opening required '/home/vr488025/yapposushi.com/www/wp-content/plugins/wp-rocket/inc/functions/formatting.php' (include_path='.:/usr/local/pear/php74') у /home/vr488025/yapposushi.com/www/wp-content/plugins/wp-rocket/inc/main.php доступно 49

2023-06-29T07:21:41+00:00 CRITICAL Uncaught TypeError: Argument 1 passed to WP_Rocket\Engine\Optimization\RUCSS\Admin\Database::__construct() must be an instance of WP_Rocket\Engine\Optimization\RUCSS\Database\Tables\UsedCSS, string given in /home/vr488025/yapposushi.com/www/wp-content/plugins/wp-rocket/inc/Engine/Optimization/RUCSS/Admin/Database.php:21
Stack trace:
#0 [internal function]: WP_Rocket\Engine\Optimization\RUCSS\Admin\Database->__construct('WP_Rocket\\Engin...')
#1 /home/vr488025/yapposushi.com/www/wp-content/plugins/wp-rocket/inc/Dependencies/League/Container/Definition/Definition.php(256): ReflectionClass->newInstanceArgs(Array)
#2 /home/vr488025/yapposushi.com/www/wp-content/plugins/wp-rocket/inc/Dependencies/League/Container/Definition/Definition.php(212): WP_Rocket\Dependencies\League\Container\Definition\Definition->resolveClass('WP_Rocket\\Engin...')
#3 /home/vr488025/yapposushi.com/www/wp-content/plugins/wp-rocket/inc/Dependencies/League/Container/Definition/DefinitionAggregate.php(94): WP_Rocket\Dependencies\League\Conta у /home/vr488025/yapposushi.com/www/wp-content/plugins/wp-rocket/inc/Engine/Optimization/RUCSS/Admin/Database.php доступно 21

2023-06-29T07:21:41+00:00 CRITICAL Uncaught TypeError: Argument 1 passed to WP_Rocket\Engine\Optimization\RUCSS\Admin\Database::__construct() must be an instance of WP_Rocket\Engine\Optimization\RUCSS\Database\Tables\UsedCSS, string given in /home/vr488025/yapposushi.com/www/wp-content/plugins/wp-rocket/inc/Engine/Optimization/RUCSS/Admin/Database.php:21
Stack trace:
#0 [internal function]: WP_Rocket\Engine\Optimization\RUCSS\Admin\Database->__construct('WP_Rocket\\Engin...')
#1 /home/vr488025/yapposushi.com/www/wp-content/plugins/wp-rocket/inc/Dependencies/League/Container/Definition/Definition.php(256): ReflectionClass->newInstanceArgs(Array)
#2 /home/vr488025/yapposushi.com/www/wp-content/plugins/wp-rocket/inc/Dependencies/League/Container/Definition/Definition.php(212): WP_Rocket\Dependencies\League\Container\Definition\Definition->resolveClass('WP_Rocket\\Engin...')
#3 /home/vr488025/yapposushi.com/www/wp-content/plugins/wp-rocket/inc/Dependencies/League/Container/Definition/DefinitionAggregate.php(94): WP_Rocket\Dependencies\League\Conta у /home/vr488025/yapposushi.com/www/wp-content/plugins/wp-rocket/inc/Engine/Optimization/RUCSS/Admin/Database.php доступно 21

2023-06-29T07:37:24+00:00 CRITICAL require(): Failed opening required '/home/vr488025/yapposushi.com/www/wp-content/plugins/woocommerce/includes/rest-api/Controllers/Version1/class-wc-rest-webhook-deliveries-v1-controller.php' (include_path='.:/usr/local/pear/php74') у /home/vr488025/yapposushi.com/www/wp-content/plugins/woocommerce/vendor/jetpack-autoloader/class-php-autoloader.php доступно 87

2023-06-29T07:37:24+00:00 CRITICAL require(): Failed opening required '/home/vr488025/yapposushi.com/www/wp-content/plugins/woocommerce/includes/rest-api/Controllers/Version1/class-wc-rest-webhook-deliveries-v1-controller.php' (include_path='.:/usr/local/pear/php74') у /home/vr488025/yapposushi.com/www/wp-content/plugins/woocommerce/vendor/jetpack-autoloader/class-php-autoloader.php доступно 87

2023-06-29T07:37:24+00:00 CRITICAL Uncaught Error: Class 'QM_Component' not found in /home/vr488025/yapposushi.com/www/wp-content/plugins/query-monitor/classes/Util.php:312
Stack trace:
#0 /home/vr488025/yapposushi.com/www/wp-content/plugins/query-monitor/classes/Backtrace.php(276): QM_Util::get_file_component('/home/vr488025/...')
#1 /home/vr488025/yapposushi.com/www/wp-content/plugins/query-monitor/classes/Backtrace.php(210): QM_Backtrace::get_frame_component(Array)
#2 /home/vr488025/yapposushi.com/www/wp-content/plugins/query-monitor/collectors/php_errors.php(274): QM_Backtrace->get_component()
#3 /home/vr488025/yapposushi.com/www/wp-content/plugins/query-monitor/vendor/composer/ClassLoader.php(582): QM_Collector_PHP_Errors->error_handler(8, 'include(): read...', '/home/vr488025/...', 582, Array)
#4 /home/vr488025/yapposushi.com/www/wp-content/plugins/query-monitor/vendor/composer/ClassLoader.php(582): include()
#5 /home/vr488025/yapposushi.com/www/wp-content/plugins/query-monitor/vendor/composer/ClassLoader.php(433): Composer\Autoload\{clo у /home/vr488025/yapposushi.com/www/wp-content/plugins/query-monitor/classes/Util.php доступно 312

2023-06-29T07:37:24+00:00 CRITICAL Uncaught Error: Class 'QM_Component' not found in /home/vr488025/yapposushi.com/www/wp-content/plugins/query-monitor/classes/Util.php:312
Stack trace:
#0 /home/vr488025/yapposushi.com/www/wp-content/plugins/query-monitor/classes/Backtrace.php(276): QM_Util::get_file_component('/home/vr488025/...')
#1 /home/vr488025/yapposushi.com/www/wp-content/plugins/query-monitor/classes/Backtrace.php(210): QM_Backtrace::get_frame_component(Array)
#2 /home/vr488025/yapposushi.com/www/wp-content/plugins/query-monitor/collectors/php_errors.php(274): QM_Backtrace->get_component()
#3 /home/vr488025/yapposushi.com/www/wp-content/plugins/query-monitor/vendor/composer/ClassLoader.php(582): QM_Collector_PHP_Errors->error_handler(8, 'include(): read...', '/home/vr488025/...', 582, Array)
#4 /home/vr488025/yapposushi.com/www/wp-content/plugins/query-monitor/vendor/composer/ClassLoader.php(582): include()
#5 /home/vr488025/yapposushi.com/www/wp-content/plugins/query-monitor/vendor/composer/ClassLoader.php(433): Composer\Autoload\{clo у /home/vr488025/yapposushi.com/www/wp-content/plugins/query-monitor/classes/Util.php доступно 312

2023-06-29T07:37:24+00:00 CRITICAL Uncaught Error: Class 'OTGS_Installer_Plugin_Factory' not found in /home/vr488025/yapposushi.com/www/wp-content/plugins/sitepress-multilingual-cms/vendor/otgs/installer/includes/class-otgs-installer-factory.php:222
Stack trace:
#0 /home/vr488025/yapposushi.com/www/wp-content/plugins/sitepress-multilingual-cms/vendor/otgs/installer/includes/class-otgs-installer-factory.php(234): OTGS_Installer_Factory->get_plugin_factory()
#1 /home/vr488025/yapposushi.com/www/wp-content/plugins/sitepress-multilingual-cms/vendor/otgs/installer/includes/class-otgs-installer-factory.php(246): OTGS_Installer_Factory->get_plugin_finder()
#2 /home/vr488025/yapposushi.com/www/wp-content/plugins/sitepress-multilingual-cms/vendor/otgs/installer/includes/class-otgs-installer-factory.php(257): OTGS_Installer_Factory->create_upgrade_response()
#3 /home/vr488025/yapposushi.com/www/wp-content/plugins/sitepress-multilingual-cms/vendor/otgs/installer/includes/class-otgs-installer-loader.php(25): OTGS_Installer_Factory->load_upgrade_response() у /home/vr488025/yapposushi.com/www/wp-content/plugins/sitepress-multilingual-cms/vendor/otgs/installer/includes/class-otgs-installer-factory.php доступно 222

2023-06-29T07:37:25+00:00 CRITICAL Uncaught Error: Class 'OTGS_Installer_Plugin_Factory' not found in /home/vr488025/yapposushi.com/www/wp-content/plugins/sitepress-multilingual-cms/vendor/otgs/installer/includes/class-otgs-installer-factory.php:222
Stack trace:
#0 /home/vr488025/yapposushi.com/www/wp-content/plugins/sitepress-multilingual-cms/vendor/otgs/installer/includes/class-otgs-installer-factory.php(234): OTGS_Installer_Factory->get_plugin_factory()
#1 /home/vr488025/yapposushi.com/www/wp-content/plugins/sitepress-multilingual-cms/vendor/otgs/installer/includes/class-otgs-installer-factory.php(246): OTGS_Installer_Factory->get_plugin_finder()
#2 /home/vr488025/yapposushi.com/www/wp-content/plugins/sitepress-multilingual-cms/vendor/otgs/installer/includes/class-otgs-installer-factory.php(257): OTGS_Installer_Factory->create_upgrade_response()
#3 /home/vr488025/yapposushi.com/www/wp-content/plugins/sitepress-multilingual-cms/vendor/otgs/installer/includes/class-otgs-installer-loader.php(25): OTGS_Installer_Factory->load_upgrade_response() у /home/vr488025/yapposushi.com/www/wp-content/plugins/sitepress-multilingual-cms/vendor/otgs/installer/includes/class-otgs-installer-factory.php доступно 222

2023-06-29T07:37:25+00:00 CRITICAL Uncaught TypeError: Argument 2 passed to WP_Rocket\Engine\License\Upgrade::__construct() must be an instance of WP_Rocket\Engine\License\API\User, string given in /home/vr488025/yapposushi.com/www/wp-content/plugins/wp-rocket/inc/Engine/License/Upgrade.php:31
Stack trace:
#0 [internal function]: WP_Rocket\Engine\License\Upgrade->__construct(Object(WP_Rocket\Engine\License\API\Pricing), 'WP_Rocket\\Engin...', '/home/vr488025/...')
#1 /home/vr488025/yapposushi.com/www/wp-content/plugins/wp-rocket/inc/Dependencies/League/Container/Definition/Definition.php(256): ReflectionClass->newInstanceArgs(Array)
#2 /home/vr488025/yapposushi.com/www/wp-content/plugins/wp-rocket/inc/Dependencies/League/Container/Definition/Definition.php(212): WP_Rocket\Dependencies\League\Container\Definition\Definition->resolveClass('WP_Rocket\\Engin...')
#3 /home/vr488025/yapposushi.com/www/wp-content/plugins/wp-rocket/inc/Dependencies/League/Container/Definition/DefinitionAggregate.php(94): WP_Rocket\Dependencies\League\Container\Definit у /home/vr488025/yapposushi.com/www/wp-content/plugins/wp-rocket/inc/Engine/License/Upgrade.php доступно 31

2023-06-29T07:37:25+00:00 CRITICAL Uncaught TypeError: Argument 2 passed to WP_Rocket\Engine\License\Upgrade::__construct() must be an instance of WP_Rocket\Engine\License\API\User, string given in /home/vr488025/yapposushi.com/www/wp-content/plugins/wp-rocket/inc/Engine/License/Upgrade.php:31
Stack trace:
#0 [internal function]: WP_Rocket\Engine\License\Upgrade->__construct(Object(WP_Rocket\Engine\License\API\Pricing), 'WP_Rocket\\Engin...', '/home/vr488025/...')
#1 /home/vr488025/yapposushi.com/www/wp-content/plugins/wp-rocket/inc/Dependencies/League/Container/Definition/Definition.php(256): ReflectionClass->newInstanceArgs(Array)
#2 /home/vr488025/yapposushi.com/www/wp-content/plugins/wp-rocket/inc/Dependencies/League/Container/Definition/Definition.php(212): WP_Rocket\Dependencies\League\Container\Definition\Definition->resolveClass('WP_Rocket\\Engin...')
#3 /home/vr488025/yapposushi.com/www/wp-content/plugins/wp-rocket/inc/Dependencies/League/Container/Definition/DefinitionAggregate.php(94): WP_Rocket\Dependencies\League\Container\Definit у /home/vr488025/yapposushi.com/www/wp-content/plugins/wp-rocket/inc/Engine/License/Upgrade.php доступно 31

2023-06-29T07:37:55+00:00 CRITICAL require(): Failed opening required '/home/vr488025/yapposushi.com/www/wp-includes/block-patterns/query-small-posts.php' (include_path='.:/usr/local/pear/php74') у /home/vr488025/yapposushi.com/www/wp-includes/block-patterns.php доступно 34

2023-06-29T07:37:55+00:00 CRITICAL require(): Failed opening required '/home/vr488025/yapposushi.com/www/wp-includes/block-patterns/query-small-posts.php' (include_path='.:/usr/local/pear/php74') у /home/vr488025/yapposushi.com/www/wp-includes/block-patterns.php доступно 34

2023-06-29T07:37:55+00:00 CRITICAL Uncaught Error: Class 'WPML_ST_Translations_File_Components_Find_Plugin' not found in /home/vr488025/yapposushi.com/www/wp-content/plugins/wpml-string-translation/classes/translations-file-scan/wpml-st-translations-file-scan-factory.php:176
Stack trace:
#0 /home/vr488025/yapposushi.com/www/wp-content/plugins/wpml-string-translation/classes/translations-file-scan/wpml-st-translations-file-scan-factory.php(152): WPML_ST_Translations_File_Scan_Factory->get_aggregate_find_component()
#1 /home/vr488025/yapposushi.com/www/wp-content/plugins/wpml-string-translation/classes/translations-file-scan/wpml-st-translations-file-scan-factory.php(47): WPML_ST_Translations_File_Scan_Factory->get_translations_file_registration()
#2 /home/vr488025/yapposushi.com/www/wp-content/plugins/wpml-string-translation/plugin.php(91): WPML_ST_Translations_File_Scan_Factory->create_hooks()
#3 /home/vr488025/yapposushi.com/www/wp-includes/class-wp-hook.php(308): load_wpml_st_basics('')
#4 /home/vr488025/yapposushi.com/www/wp-includes/class- у /home/vr488025/yapposushi.com/www/wp-content/plugins/wpml-string-translation/classes/translations-file-scan/wpml-st-translations-file-scan-factory.php доступно 176

2023-06-29T07:37:55+00:00 CRITICAL Uncaught Error: Class 'WPML_ST_Translations_File_Components_Find_Plugin' not found in /home/vr488025/yapposushi.com/www/wp-content/plugins/wpml-string-translation/classes/translations-file-scan/wpml-st-translations-file-scan-factory.php:176
Stack trace:
#0 /home/vr488025/yapposushi.com/www/wp-content/plugins/wpml-string-translation/classes/translations-file-scan/wpml-st-translations-file-scan-factory.php(152): WPML_ST_Translations_File_Scan_Factory->get_aggregate_find_component()
#1 /home/vr488025/yapposushi.com/www/wp-content/plugins/wpml-string-translation/classes/translations-file-scan/wpml-st-translations-file-scan-factory.php(47): WPML_ST_Translations_File_Scan_Factory->get_translations_file_registration()
#2 /home/vr488025/yapposushi.com/www/wp-content/plugins/wpml-string-translation/plugin.php(91): WPML_ST_Translations_File_Scan_Factory->create_hooks()
#3 /home/vr488025/yapposushi.com/www/wp-includes/class-wp-hook.php(308): load_wpml_st_basics('')
#4 /home/vr488025/yapposushi.com/www/wp-includes/class- у /home/vr488025/yapposushi.com/www/wp-content/plugins/wpml-string-translation/classes/translations-file-scan/wpml-st-translations-file-scan-factory.php доступно 176

2023-06-29T07:38:49+00:00 CRITICAL require(): Failed opening required '/home/vr488025/yapposushi.com/www/wp-content/plugins/wpml-string-translation/inc/constants.php' (include_path='.:/usr/local/pear/php74') у /home/vr488025/yapposushi.com/www/wp-content/plugins/wpml-string-translation/plugin.php доступно 78

2023-06-29T07:38:49+00:00 CRITICAL require(): Failed opening required '/home/vr488025/yapposushi.com/www/wp-content/plugins/wpml-string-translation/inc/constants.php' (include_path='.:/usr/local/pear/php74') у /home/vr488025/yapposushi.com/www/wp-content/plugins/wpml-string-translation/plugin.php доступно 78

2023-06-29T07:39:15+00:00 CRITICAL require(): Failed opening required '/home/vr488025/yapposushi.com/www/wp-content/plugins/woocommerce/src/Admin/Composer/Package.php' (include_path='.:/usr/local/pear/php74') у /home/vr488025/yapposushi.com/www/wp-content/plugins/woocommerce/vendor/jetpack-autoloader/class-php-autoloader.php доступно 87

2023-06-29T07:39:15+00:00 CRITICAL require(): Failed opening required '/home/vr488025/yapposushi.com/www/wp-content/plugins/woocommerce/src/Admin/Composer/Package.php' (include_path='.:/usr/local/pear/php74') у /home/vr488025/yapposushi.com/www/wp-content/plugins/woocommerce/vendor/jetpack-autoloader/class-php-autoloader.php доступно 87

2023-06-29T07:39:30+00:00 CRITICAL Uncaught TypeError: Argument 1 passed to WP_Rocket\Event_Management\Event_Manager::add_subscriber() must implement interface WP_Rocket\Event_Management\Subscriber_Interface, string given, called in /home/vr488025/yapposushi.com/www/wp-content/plugins/wp-rocket/inc/Plugin.php on line 147 and defined in /home/vr488025/yapposushi.com/www/wp-content/plugins/wp-rocket/inc/classes/event-management/class-event-manager.php:33
Stack trace:
#0 /home/vr488025/yapposushi.com/www/wp-content/plugins/wp-rocket/inc/Plugin.php(147): WP_Rocket\Event_Management\Event_Manager->add_subscriber('WP_Rocket\\Engin...')
#1 /home/vr488025/yapposushi.com/www/wp-content/plugins/wp-rocket/inc/main.php(42): WP_Rocket\Plugin->load()
#2 /home/vr488025/yapposushi.com/www/wp-includes/class-wp-hook.php(308): rocket_init('')
#3 /home/vr488025/yapposushi.com/www/wp-includes/class-wp-hook.php(332): WP_Hook->apply_filters(NULL, Array)
#4 /home/vr488025/yapposushi.com/www/wp-includes/plugin.php(517): WP_Hook->do_action(Array)
#5 /home/vr488025/yappo у /home/vr488025/yapposushi.com/www/wp-content/plugins/wp-rocket/inc/classes/event-management/class-event-manager.php доступно 33

2023-06-29T07:39:30+00:00 CRITICAL Uncaught TypeError: Argument 1 passed to WP_Rocket\Event_Management\Event_Manager::add_subscriber() must implement interface WP_Rocket\Event_Management\Subscriber_Interface, string given, called in /home/vr488025/yapposushi.com/www/wp-content/plugins/wp-rocket/inc/Plugin.php on line 147 and defined in /home/vr488025/yapposushi.com/www/wp-content/plugins/wp-rocket/inc/classes/event-management/class-event-manager.php:33
Stack trace:
#0 /home/vr488025/yapposushi.com/www/wp-content/plugins/wp-rocket/inc/Plugin.php(147): WP_Rocket\Event_Management\Event_Manager->add_subscriber('WP_Rocket\\Engin...')
#1 /home/vr488025/yapposushi.com/www/wp-content/plugins/wp-rocket/inc/main.php(42): WP_Rocket\Plugin->load()
#2 /home/vr488025/yapposushi.com/www/wp-includes/class-wp-hook.php(308): rocket_init('')
#3 /home/vr488025/yapposushi.com/www/wp-includes/class-wp-hook.php(332): WP_Hook->apply_filters(NULL, Array)
#4 /home/vr488025/yapposushi.com/www/wp-includes/plugin.php(517): WP_Hook->do_action(Array)
#5 /home/vr488025/yappo у /home/vr488025/yapposushi.com/www/wp-content/plugins/wp-rocket/inc/classes/event-management/class-event-manager.php доступно 33

2023-06-29T07:40:02+00:00 CRITICAL require(): Failed opening required '/home/vr488025/yapposushi.com/www/wp-content/plugins/woocommerce/packages/woocommerce-blocks/src/BlockTypes/CustomerAccount.php' (include_path='.:/usr/local/pear/php74') у /home/vr488025/yapposushi.com/www/wp-content/plugins/woocommerce/vendor/jetpack-autoloader/class-php-autoloader.php доступно 87

2023-06-29T07:40:02+00:00 CRITICAL require(): Failed opening required '/home/vr488025/yapposushi.com/www/wp-content/plugins/woocommerce/packages/woocommerce-blocks/src/BlockTypes/CustomerAccount.php' (include_path='.:/usr/local/pear/php74') у /home/vr488025/yapposushi.com/www/wp-content/plugins/woocommerce/vendor/jetpack-autoloader/class-php-autoloader.php доступно 87

2023-06-29T07:40:03+00:00 CRITICAL Uncaught Error: Class 'WC_Theme_Tracking' not found in /home/vr488025/yapposushi.com/www/wp-content/plugins/woocommerce/includes/tracks/class-wc-site-tracking.php:227
Stack trace:
#0 /home/vr488025/yapposushi.com/www/wp-includes/class-wp-hook.php(308): WC_Site_Tracking::init('')
#1 /home/vr488025/yapposushi.com/www/wp-includes/class-wp-hook.php(332): WP_Hook->apply_filters(NULL, Array)
#2 /home/vr488025/yapposushi.com/www/wp-includes/plugin.php(517): WP_Hook->do_action(Array)
#3 /home/vr488025/yapposushi.com/www/wp-settings.php(623): do_action('init')
#4 /home/vr488025/yapposushi.com/www/wp-config.php(105): require_once('/home/vr488025/...')
#5 /home/vr488025/yapposushi.com/www/wp-load.php(50): require_once('/home/vr488025/...')
#6 /home/vr488025/yapposushi.com/www/wp-admin/admin.php(34): require_once('/home/vr488025/...')
#7 /home/vr488025/yapposushi.com/www/wp-admin/edit.php(10): require_once('/home/vr488025/...')
#8 {main}
  thrown у /home/vr488025/yapposushi.com/www/wp-content/plugins/woocommerce/includes/tracks/class-wc-site-tracking.php доступно 227

2023-06-29T07:40:03+00:00 CRITICAL Uncaught Error: Class 'WC_Theme_Tracking' not found in /home/vr488025/yapposushi.com/www/wp-content/plugins/woocommerce/includes/tracks/class-wc-site-tracking.php:227
Stack trace:
#0 /home/vr488025/yapposushi.com/www/wp-includes/class-wp-hook.php(308): WC_Site_Tracking::init('')
#1 /home/vr488025/yapposushi.com/www/wp-includes/class-wp-hook.php(332): WP_Hook->apply_filters(NULL, Array)
#2 /home/vr488025/yapposushi.com/www/wp-includes/plugin.php(517): WP_Hook->do_action(Array)
#3 /home/vr488025/yapposushi.com/www/wp-settings.php(623): do_action('init')
#4 /home/vr488025/yapposushi.com/www/wp-config.php(105): require_once('/home/vr488025/...')
#5 /home/vr488025/yapposushi.com/www/wp-load.php(50): require_once('/home/vr488025/...')
#6 /home/vr488025/yapposushi.com/www/wp-admin/admin.php(34): require_once('/home/vr488025/...')
#7 /home/vr488025/yapposushi.com/www/wp-admin/edit.php(10): require_once('/home/vr488025/...')
#8 {main}
  thrown у /home/vr488025/yapposushi.com/www/wp-content/plugins/woocommerce/includes/tracks/class-wc-site-tracking.php доступно 227

2023-06-29T07:40:15+00:00 CRITICAL require(): Failed opening required '/home/vr488025/yapposushi.com/www/wp-content/plugins/ajax-search-pro//includes/classes/Hooks/Filters/WooFormOverride.php' (include_path='.:/usr/local/pear/php74') у /home/vr488025/yapposushi.com/www/wp-content/plugins/ajax-search-pro/includes/classes/Autoloader.php доступно 57

2023-06-29T07:40:15+00:00 CRITICAL require(): Failed opening required '/home/vr488025/yapposushi.com/www/wp-content/plugins/ajax-search-pro//includes/classes/Hooks/Filters/WooFormOverride.php' (include_path='.:/usr/local/pear/php74') у /home/vr488025/yapposushi.com/www/wp-content/plugins/ajax-search-pro/includes/classes/Autoloader.php доступно 57

2023-06-29T07:40:15+00:00 CRITICAL Uncaught Error: Class 'WPML_ST_User_Fields' not found in /home/vr488025/yapposushi.com/www/wp-content/plugins/wpml-string-translation/inc/functions.php:118
Stack trace:
#0 /home/vr488025/yapposushi.com/www/wp-includes/class-wp-hook.php(308): icl_st_init('')
#1 /home/vr488025/yapposushi.com/www/wp-includes/class-wp-hook.php(332): WP_Hook->apply_filters(NULL, Array)
#2 /home/vr488025/yapposushi.com/www/wp-includes/plugin.php(517): WP_Hook->do_action(Array)
#3 /home/vr488025/yapposushi.com/www/wp-settings.php(486): do_action('plugins_loaded')
#4 /home/vr488025/yapposushi.com/www/wp-config.php(105): require_once('/home/vr488025/...')
#5 /home/vr488025/yapposushi.com/www/wp-load.php(50): require_once('/home/vr488025/...')
#6 /home/vr488025/yapposushi.com/www/wp-admin/admin-ajax.php(22): require_once('/home/vr488025/...')
#7 {main}
  thrown у /home/vr488025/yapposushi.com/www/wp-content/plugins/wpml-string-translation/inc/functions.php доступно 118

2023-06-29T07:40:15+00:00 CRITICAL Uncaught Error: Class 'WPML_ST_User_Fields' not found in /home/vr488025/yapposushi.com/www/wp-content/plugins/wpml-string-translation/inc/functions.php:118
Stack trace:
#0 /home/vr488025/yapposushi.com/www/wp-includes/class-wp-hook.php(308): icl_st_init('')
#1 /home/vr488025/yapposushi.com/www/wp-includes/class-wp-hook.php(332): WP_Hook->apply_filters(NULL, Array)
#2 /home/vr488025/yapposushi.com/www/wp-includes/plugin.php(517): WP_Hook->do_action(Array)
#3 /home/vr488025/yapposushi.com/www/wp-settings.php(486): do_action('plugins_loaded')
#4 /home/vr488025/yapposushi.com/www/wp-config.php(105): require_once('/home/vr488025/...')
#5 /home/vr488025/yapposushi.com/www/wp-load.php(50): require_once('/home/vr488025/...')
#6 /home/vr488025/yapposushi.com/www/wp-admin/admin-ajax.php(22): require_once('/home/vr488025/...')
#7 {main}
  thrown у /home/vr488025/yapposushi.com/www/wp-content/plugins/wpml-string-translation/inc/functions.php доступно 118

2023-06-29T07:40:27+00:00 CRITICAL Uncaught Error: Class 'WPML_URL_Converter_User' not found in /home/vr488025/yapposushi.com/www/wp-content/plugins/sitepress-multilingual-cms/classes/request-handling/redirection/wpml-redirection.class.php:3
Stack trace:
#0 /home/vr488025/yapposushi.com/www/wp-content/plugins/query-monitor/vendor/composer/ClassLoader.php(582): include()
#1 /home/vr488025/yapposushi.com/www/wp-content/plugins/query-monitor/vendor/composer/ClassLoader.php(433): Composer\Autoload\{closure}('/home/vr488025/...')
#2 [internal function]: Composer\Autoload\ClassLoader->loadClass('WPML_Redirectio...')
#3 /home/vr488025/yapposushi.com/www/wp-content/plugins/sitepress-multilingual-cms/classes/request-handling/redirection/wpml-redirect-by-subdir.class.php(3): spl_autoload_call('WPML_Redirectio...')
#4 /home/vr488025/yapposushi.com/www/wp-content/plugins/query-monitor/vendor/composer/ClassLoader.php(582): include('/home/vr488025/...')
#5 /home/vr488025/yapposushi.com/www/wp-content/plugins/query-monitor/vendor/composer/ClassLoader.php(433 у /home/vr488025/yapposushi.com/www/wp-content/plugins/sitepress-multilingual-cms/classes/request-handling/redirection/wpml-redirection.class.php доступно 3

2023-06-29T07:40:27+00:00 CRITICAL Uncaught Error: Class 'WPML_URL_Converter_User' not found in /home/vr488025/yapposushi.com/www/wp-content/plugins/sitepress-multilingual-cms/classes/request-handling/redirection/wpml-redirection.class.php:3
Stack trace:
#0 /home/vr488025/yapposushi.com/www/wp-content/plugins/query-monitor/vendor/composer/ClassLoader.php(582): include()
#1 /home/vr488025/yapposushi.com/www/wp-content/plugins/query-monitor/vendor/composer/ClassLoader.php(433): Composer\Autoload\{closure}('/home/vr488025/...')
#2 [internal function]: Composer\Autoload\ClassLoader->loadClass('WPML_Redirectio...')
#3 /home/vr488025/yapposushi.com/www/wp-content/plugins/sitepress-multilingual-cms/classes/request-handling/redirection/wpml-redirect-by-subdir.class.php(3): spl_autoload_call('WPML_Redirectio...')
#4 /home/vr488025/yapposushi.com/www/wp-content/plugins/query-monitor/vendor/composer/ClassLoader.php(582): include('/home/vr488025/...')
#5 /home/vr488025/yapposushi.com/www/wp-content/plugins/query-monitor/vendor/composer/ClassLoader.php(433 у /home/vr488025/yapposushi.com/www/wp-content/plugins/sitepress-multilingual-cms/classes/request-handling/redirection/wpml-redirection.class.php доступно 3

2023-06-29T12:18:16+00:00 CRITICAL Uncaught Error: Call to a member function get_items() on bool in /home/vr488025/yapposushi.com/www/wp-content/themes/yappo/footer.php:76
Stack trace:
#0 /home/vr488025/yapposushi.com/www/wp-includes/template.php(783): require_once()
#1 /home/vr488025/yapposushi.com/www/wp-includes/template.php(718): load_template('/home/vr488025/...', true, Array)
#2 /home/vr488025/yapposushi.com/www/wp-includes/general-template.php(92): locate_template(Array, true, true, Array)
#3 /home/vr488025/yapposushi.com/www/wp-content/themes/yappo/page.php(37): get_footer()
#4 /home/vr488025/yapposushi.com/www/wp-includes/template-loader.php(106): include('/home/vr488025/...')
#5 /home/vr488025/yapposushi.com/www/wp-blog-header.php(19): require_once('/home/vr488025/...')
#6 /home/vr488025/yapposushi.com/www/index.php(17): require('/home/vr488025/...')
#7 {main}
  thrown у /home/vr488025/yapposushi.com/www/wp-content/themes/yappo/footer.php доступно 76

2023-06-29T12:18:16+00:00 CRITICAL Uncaught Error: Call to a member function get_items() on bool in /home/vr488025/yapposushi.com/www/wp-content/themes/yappo/footer.php:76
Stack trace:
#0 /home/vr488025/yapposushi.com/www/wp-includes/template.php(783): require_once()
#1 /home/vr488025/yapposushi.com/www/wp-includes/template.php(718): load_template('/home/vr488025/...', true, Array)
#2 /home/vr488025/yapposushi.com/www/wp-includes/general-template.php(92): locate_template(Array, true, true, Array)
#3 /home/vr488025/yapposushi.com/www/wp-content/themes/yappo/page.php(37): get_footer()
#4 /home/vr488025/yapposushi.com/www/wp-includes/template-loader.php(106): include('/home/vr488025/...')
#5 /home/vr488025/yapposushi.com/www/wp-blog-header.php(19): require_once('/home/vr488025/...')
#6 /home/vr488025/yapposushi.com/www/index.php(17): require('/home/vr488025/...')
#7 {main}
  thrown у /home/vr488025/yapposushi.com/www/wp-content/themes/yappo/footer.php доступно 76

2023-06-29T13:52:51+00:00 CRITICAL Uncaught ArgumentCountError: Too few arguments to function WpOrg\Requests\Exception::__construct(), 1 passed in /home/vr488025/yapposushi.com/www/wp-content/themes/storefront/webhooks/poster/handler.php on line 434 and at least 2 expected in /home/vr488025/yapposushi.com/www/wp-includes/Requests/src/Exception.php:40
Stack trace:
#0 /home/vr488025/yapposushi.com/www/wp-content/themes/storefront/webhooks/poster/handler.php(434): WpOrg\Requests\Exception->__construct('\xD0\x9F\xD0\xBE\xD0\xBC\xD0\xB8\xD0\xBB\xD0\xBA\xD0\xB0 ...')
#1 /home/vr488025/yapposushi.com/www/wp-content/themes/storefront/webhooks/poster/handler.php(40): Poster\Handler->createDealInPipe()
#2 /home/vr488025/yapposushi.com/www/wp-content/themes/storefront/webhooks/poster/init.php(14): Poster\Handler->init()
#3 {main}
  thrown у /home/vr488025/yapposushi.com/www/wp-includes/Requests/src/Exception.php доступно 40

2023-06-29T13:52:51+00:00 CRITICAL Uncaught ArgumentCountError: Too few arguments to function WpOrg\Requests\Exception::__construct(), 1 passed in /home/vr488025/yapposushi.com/www/wp-content/themes/storefront/webhooks/poster/handler.php on line 434 and at least 2 expected in /home/vr488025/yapposushi.com/www/wp-includes/Requests/src/Exception.php:40
Stack trace:
#0 /home/vr488025/yapposushi.com/www/wp-content/themes/storefront/webhooks/poster/handler.php(434): WpOrg\Requests\Exception->__construct('\xD0\x9F\xD0\xBE\xD0\xBC\xD0\xB8\xD0\xBB\xD0\xBA\xD0\xB0 ...')
#1 /home/vr488025/yapposushi.com/www/wp-content/themes/storefront/webhooks/poster/handler.php(40): Poster\Handler->createDealInPipe()
#2 /home/vr488025/yapposushi.com/www/wp-content/themes/storefront/webhooks/poster/init.php(14): Poster\Handler->init()
#3 {main}
  thrown у /home/vr488025/yapposushi.com/www/wp-includes/Requests/src/Exception.php доступно 40

2023-06-29T13:53:28+00:00 CRITICAL Uncaught ArgumentCountError: Too few arguments to function WpOrg\Requests\Exception::__construct(), 1 passed in /home/vr488025/yapposushi.com/www/wp-content/themes/storefront/webhooks/poster/handler.php on line 434 and at least 2 expected in /home/vr488025/yapposushi.com/www/wp-includes/Requests/src/Exception.php:40
Stack trace:
#0 /home/vr488025/yapposushi.com/www/wp-content/themes/storefront/webhooks/poster/handler.php(434): WpOrg\Requests\Exception->__construct('\xD0\x9F\xD0\xBE\xD0\xBC\xD0\xB8\xD0\xBB\xD0\xBA\xD0\xB0 ...')
#1 /home/vr488025/yapposushi.com/www/wp-content/themes/storefront/webhooks/poster/handler.php(40): Poster\Handler->createDealInPipe()
#2 /home/vr488025/yapposushi.com/www/wp-content/themes/storefront/webhooks/poster/init.php(14): Poster\Handler->init()
#3 {main}
  thrown у /home/vr488025/yapposushi.com/www/wp-includes/Requests/src/Exception.php доступно 40

2023-06-29T13:53:28+00:00 CRITICAL Uncaught ArgumentCountError: Too few arguments to function WpOrg\Requests\Exception::__construct(), 1 passed in /home/vr488025/yapposushi.com/www/wp-content/themes/storefront/webhooks/poster/handler.php on line 434 and at least 2 expected in /home/vr488025/yapposushi.com/www/wp-includes/Requests/src/Exception.php:40
Stack trace:
#0 /home/vr488025/yapposushi.com/www/wp-content/themes/storefront/webhooks/poster/handler.php(434): WpOrg\Requests\Exception->__construct('\xD0\x9F\xD0\xBE\xD0\xBC\xD0\xB8\xD0\xBB\xD0\xBA\xD0\xB0 ...')
#1 /home/vr488025/yapposushi.com/www/wp-content/themes/storefront/webhooks/poster/handler.php(40): Poster\Handler->createDealInPipe()
#2 /home/vr488025/yapposushi.com/www/wp-content/themes/storefront/webhooks/poster/init.php(14): Poster\Handler->init()
#3 {main}
  thrown у /home/vr488025/yapposushi.com/www/wp-includes/Requests/src/Exception.php доступно 40

2023-06-29T13:54:43+00:00 CRITICAL Uncaught ArgumentCountError: Too few arguments to function WpOrg\Requests\Exception::__construct(), 1 passed in /home/vr488025/yapposushi.com/www/wp-content/themes/storefront/webhooks/poster/handler.php on line 434 and at least 2 expected in /home/vr488025/yapposushi.com/www/wp-includes/Requests/src/Exception.php:40
Stack trace:
#0 /home/vr488025/yapposushi.com/www/wp-content/themes/storefront/webhooks/poster/handler.php(434): WpOrg\Requests\Exception->__construct('\xD0\x9F\xD0\xBE\xD0\xBC\xD0\xB8\xD0\xBB\xD0\xBA\xD0\xB0 ...')
#1 /home/vr488025/yapposushi.com/www/wp-content/themes/storefront/webhooks/poster/handler.php(40): Poster\Handler->createDealInPipe()
#2 /home/vr488025/yapposushi.com/www/wp-content/themes/storefront/webhooks/poster/init.php(14): Poster\Handler->init()
#3 {main}
  thrown у /home/vr488025/yapposushi.com/www/wp-includes/Requests/src/Exception.php доступно 40

2023-06-29T13:54:43+00:00 CRITICAL Uncaught ArgumentCountError: Too few arguments to function WpOrg\Requests\Exception::__construct(), 1 passed in /home/vr488025/yapposushi.com/www/wp-content/themes/storefront/webhooks/poster/handler.php on line 434 and at least 2 expected in /home/vr488025/yapposushi.com/www/wp-includes/Requests/src/Exception.php:40
Stack trace:
#0 /home/vr488025/yapposushi.com/www/wp-content/themes/storefront/webhooks/poster/handler.php(434): WpOrg\Requests\Exception->__construct('\xD0\x9F\xD0\xBE\xD0\xBC\xD0\xB8\xD0\xBB\xD0\xBA\xD0\xB0 ...')
#1 /home/vr488025/yapposushi.com/www/wp-content/themes/storefront/webhooks/poster/handler.php(40): Poster\Handler->createDealInPipe()
#2 /home/vr488025/yapposushi.com/www/wp-content/themes/storefront/webhooks/poster/init.php(14): Poster\Handler->init()
#3 {main}
  thrown у /home/vr488025/yapposushi.com/www/wp-includes/Requests/src/Exception.php доступно 40

2023-06-29T13:59:49+00:00 CRITICAL Uncaught ArgumentCountError: Too few arguments to function WpOrg\Requests\Exception::__construct(), 1 passed in /home/vr488025/yapposushi.com/www/wp-content/themes/storefront/webhooks/poster/handler.php on line 434 and at least 2 expected in /home/vr488025/yapposushi.com/www/wp-includes/Requests/src/Exception.php:40
Stack trace:
#0 /home/vr488025/yapposushi.com/www/wp-content/themes/storefront/webhooks/poster/handler.php(434): WpOrg\Requests\Exception->__construct('\xD0\x9F\xD0\xBE\xD0\xBC\xD0\xB8\xD0\xBB\xD0\xBA\xD0\xB0 ...')
#1 /home/vr488025/yapposushi.com/www/wp-content/themes/storefront/webhooks/poster/handler.php(40): Poster\Handler->createDealInPipe()
#2 /home/vr488025/yapposushi.com/www/wp-content/themes/storefront/webhooks/poster/init.php(14): Poster\Handler->init()
#3 {main}
  thrown у /home/vr488025/yapposushi.com/www/wp-includes/Requests/src/Exception.php доступно 40

2023-06-29T13:59:49+00:00 CRITICAL Uncaught ArgumentCountError: Too few arguments to function WpOrg\Requests\Exception::__construct(), 1 passed in /home/vr488025/yapposushi.com/www/wp-content/themes/storefront/webhooks/poster/handler.php on line 434 and at least 2 expected in /home/vr488025/yapposushi.com/www/wp-includes/Requests/src/Exception.php:40
Stack trace:
#0 /home/vr488025/yapposushi.com/www/wp-content/themes/storefront/webhooks/poster/handler.php(434): WpOrg\Requests\Exception->__construct('\xD0\x9F\xD0\xBE\xD0\xBC\xD0\xB8\xD0\xBB\xD0\xBA\xD0\xB0 ...')
#1 /home/vr488025/yapposushi.com/www/wp-content/themes/storefront/webhooks/poster/handler.php(40): Poster\Handler->createDealInPipe()
#2 /home/vr488025/yapposushi.com/www/wp-content/themes/storefront/webhooks/poster/init.php(14): Poster\Handler->init()
#3 {main}
  thrown у /home/vr488025/yapposushi.com/www/wp-includes/Requests/src/Exception.php доступно 40

2023-06-29T14:30:02+00:00 CRITICAL Uncaught Error: Call to a member function get_items() on bool in /home/vr488025/yapposushi.com/www/wp-content/themes/yappo/footer.php:76
Stack trace:
#0 /home/vr488025/yapposushi.com/www/wp-includes/template.php(783): require_once()
#1 /home/vr488025/yapposushi.com/www/wp-includes/template.php(718): load_template('/home/vr488025/...', true, Array)
#2 /home/vr488025/yapposushi.com/www/wp-includes/general-template.php(92): locate_template(Array, true, true, Array)
#3 /home/vr488025/yapposushi.com/www/wp-content/themes/yappo/page.php(37): get_footer()
#4 /home/vr488025/yapposushi.com/www/wp-includes/template-loader.php(106): include('/home/vr488025/...')
#5 /home/vr488025/yapposushi.com/www/wp-blog-header.php(19): require_once('/home/vr488025/...')
#6 /home/vr488025/yapposushi.com/www/index.php(17): require('/home/vr488025/...')
#7 {main}
  thrown у /home/vr488025/yapposushi.com/www/wp-content/themes/yappo/footer.php доступно 76

2023-06-29T14:30:02+00:00 CRITICAL Uncaught Error: Call to a member function get_items() on bool in /home/vr488025/yapposushi.com/www/wp-content/themes/yappo/footer.php:76
Stack trace:
#0 /home/vr488025/yapposushi.com/www/wp-includes/template.php(783): require_once()
#1 /home/vr488025/yapposushi.com/www/wp-includes/template.php(718): load_template('/home/vr488025/...', true, Array)
#2 /home/vr488025/yapposushi.com/www/wp-includes/general-template.php(92): locate_template(Array, true, true, Array)
#3 /home/vr488025/yapposushi.com/www/wp-content/themes/yappo/page.php(37): get_footer()
#4 /home/vr488025/yapposushi.com/www/wp-includes/template-loader.php(106): include('/home/vr488025/...')
#5 /home/vr488025/yapposushi.com/www/wp-blog-header.php(19): require_once('/home/vr488025/...')
#6 /home/vr488025/yapposushi.com/www/index.php(17): require('/home/vr488025/...')
#7 {main}
  thrown у /home/vr488025/yapposushi.com/www/wp-content/themes/yappo/footer.php доступно 76

2023-06-29T17:33:26+00:00 CRITICAL Uncaught ArgumentCountError: Too few arguments to function WpOrg\Requests\Exception::__construct(), 1 passed in /home/vr488025/yapposushi.com/www/wp-content/themes/storefront/webhooks/poster/handler/transaction.php on line 434 and at least 2 expected in /home/vr488025/yapposushi.com/www/wp-includes/Requests/src/Exception.php:40
Stack trace:
#0 /home/vr488025/yapposushi.com/www/wp-content/themes/storefront/webhooks/poster/handler/transaction.php(434): WpOrg\Requests\Exception->__construct('\xD0\x9F\xD0\xBE\xD0\xBC\xD0\xB8\xD0\xBB\xD0\xBA\xD0\xB0 ...')
#1 /home/vr488025/yapposushi.com/www/wp-content/themes/storefront/webhooks/poster/handler/transaction.php(41): Poster\Handler\Transaction->createDealInPipe()
#2 /home/vr488025/yapposushi.com/www/wp-content/themes/storefront/webhooks/poster/init.php(24): Poster\Handler\Transaction->init()
#3 {main}
  thrown у /home/vr488025/yapposushi.com/www/wp-includes/Requests/src/Exception.php доступно 40

2023-06-29T17:33:26+00:00 CRITICAL Uncaught ArgumentCountError: Too few arguments to function WpOrg\Requests\Exception::__construct(), 1 passed in /home/vr488025/yapposushi.com/www/wp-content/themes/storefront/webhooks/poster/handler/transaction.php on line 434 and at least 2 expected in /home/vr488025/yapposushi.com/www/wp-includes/Requests/src/Exception.php:40
Stack trace:
#0 /home/vr488025/yapposushi.com/www/wp-content/themes/storefront/webhooks/poster/handler/transaction.php(434): WpOrg\Requests\Exception->__construct('\xD0\x9F\xD0\xBE\xD0\xBC\xD0\xB8\xD0\xBB\xD0\xBA\xD0\xB0 ...')
#1 /home/vr488025/yapposushi.com/www/wp-content/themes/storefront/webhooks/poster/handler/transaction.php(41): Poster\Handler\Transaction->createDealInPipe()
#2 /home/vr488025/yapposushi.com/www/wp-content/themes/storefront/webhooks/poster/init.php(24): Poster\Handler\Transaction->init()
#3 {main}
  thrown у /home/vr488025/yapposushi.com/www/wp-includes/Requests/src/Exception.php доступно 40

2023-06-29T17:34:01+00:00 CRITICAL Uncaught ArgumentCountError: Too few arguments to function WpOrg\Requests\Exception::__construct(), 1 passed in /home/vr488025/yapposushi.com/www/wp-content/themes/storefront/webhooks/poster/handler/transaction.php on line 434 and at least 2 expected in /home/vr488025/yapposushi.com/www/wp-includes/Requests/src/Exception.php:40
Stack trace:
#0 /home/vr488025/yapposushi.com/www/wp-content/themes/storefront/webhooks/poster/handler/transaction.php(434): WpOrg\Requests\Exception->__construct('\xD0\x9F\xD0\xBE\xD0\xBC\xD0\xB8\xD0\xBB\xD0\xBA\xD0\xB0 ...')
#1 /home/vr488025/yapposushi.com/www/wp-content/themes/storefront/webhooks/poster/handler/transaction.php(41): Poster\Handler\Transaction->createDealInPipe()
#2 /home/vr488025/yapposushi.com/www/wp-content/themes/storefront/webhooks/poster/init.php(24): Poster\Handler\Transaction->init()
#3 {main}
  thrown у /home/vr488025/yapposushi.com/www/wp-includes/Requests/src/Exception.php доступно 40

2023-06-29T17:34:01+00:00 CRITICAL Uncaught ArgumentCountError: Too few arguments to function WpOrg\Requests\Exception::__construct(), 1 passed in /home/vr488025/yapposushi.com/www/wp-content/themes/storefront/webhooks/poster/handler/transaction.php on line 434 and at least 2 expected in /home/vr488025/yapposushi.com/www/wp-includes/Requests/src/Exception.php:40
Stack trace:
#0 /home/vr488025/yapposushi.com/www/wp-content/themes/storefront/webhooks/poster/handler/transaction.php(434): WpOrg\Requests\Exception->__construct('\xD0\x9F\xD0\xBE\xD0\xBC\xD0\xB8\xD0\xBB\xD0\xBA\xD0\xB0 ...')
#1 /home/vr488025/yapposushi.com/www/wp-content/themes/storefront/webhooks/poster/handler/transaction.php(41): Poster\Handler\Transaction->createDealInPipe()
#2 /home/vr488025/yapposushi.com/www/wp-content/themes/storefront/webhooks/poster/init.php(24): Poster\Handler\Transaction->init()
#3 {main}
  thrown у /home/vr488025/yapposushi.com/www/wp-includes/Requests/src/Exception.php доступно 40

2023-06-29T17:35:07+00:00 CRITICAL Uncaught ArgumentCountError: Too few arguments to function WpOrg\Requests\Exception::__construct(), 1 passed in /home/vr488025/yapposushi.com/www/wp-content/themes/storefront/webhooks/poster/handler/transaction.php on line 434 and at least 2 expected in /home/vr488025/yapposushi.com/www/wp-includes/Requests/src/Exception.php:40
Stack trace:
#0 /home/vr488025/yapposushi.com/www/wp-content/themes/storefront/webhooks/poster/handler/transaction.php(434): WpOrg\Requests\Exception->__construct('\xD0\x9F\xD0\xBE\xD0\xBC\xD0\xB8\xD0\xBB\xD0\xBA\xD0\xB0 ...')
#1 /home/vr488025/yapposushi.com/www/wp-content/themes/storefront/webhooks/poster/handler/transaction.php(41): Poster\Handler\Transaction->createDealInPipe()
#2 /home/vr488025/yapposushi.com/www/wp-content/themes/storefront/webhooks/poster/init.php(24): Poster\Handler\Transaction->init()
#3 {main}
  thrown у /home/vr488025/yapposushi.com/www/wp-includes/Requests/src/Exception.php доступно 40

2023-06-29T17:35:07+00:00 CRITICAL Uncaught ArgumentCountError: Too few arguments to function WpOrg\Requests\Exception::__construct(), 1 passed in /home/vr488025/yapposushi.com/www/wp-content/themes/storefront/webhooks/poster/handler/transaction.php on line 434 and at least 2 expected in /home/vr488025/yapposushi.com/www/wp-includes/Requests/src/Exception.php:40
Stack trace:
#0 /home/vr488025/yapposushi.com/www/wp-content/themes/storefront/webhooks/poster/handler/transaction.php(434): WpOrg\Requests\Exception->__construct('\xD0\x9F\xD0\xBE\xD0\xBC\xD0\xB8\xD0\xBB\xD0\xBA\xD0\xB0 ...')
#1 /home/vr488025/yapposushi.com/www/wp-content/themes/storefront/webhooks/poster/handler/transaction.php(41): Poster\Handler\Transaction->createDealInPipe()
#2 /home/vr488025/yapposushi.com/www/wp-content/themes/storefront/webhooks/poster/init.php(24): Poster\Handler\Transaction->init()
#3 {main}
  thrown у /home/vr488025/yapposushi.com/www/wp-includes/Requests/src/Exception.php доступно 40

2023-06-29T17:40:13+00:00 CRITICAL Uncaught ArgumentCountError: Too few arguments to function WpOrg\Requests\Exception::__construct(), 1 passed in /home/vr488025/yapposushi.com/www/wp-content/themes/storefront/webhooks/poster/handler/transaction.php on line 434 and at least 2 expected in /home/vr488025/yapposushi.com/www/wp-includes/Requests/src/Exception.php:40
Stack trace:
#0 /home/vr488025/yapposushi.com/www/wp-content/themes/storefront/webhooks/poster/handler/transaction.php(434): WpOrg\Requests\Exception->__construct('\xD0\x9F\xD0\xBE\xD0\xBC\xD0\xB8\xD0\xBB\xD0\xBA\xD0\xB0 ...')
#1 /home/vr488025/yapposushi.com/www/wp-content/themes/storefront/webhooks/poster/handler/transaction.php(41): Poster\Handler\Transaction->createDealInPipe()
#2 /home/vr488025/yapposushi.com/www/wp-content/themes/storefront/webhooks/poster/init.php(24): Poster\Handler\Transaction->init()
#3 {main}
  thrown у /home/vr488025/yapposushi.com/www/wp-includes/Requests/src/Exception.php доступно 40

2023-06-29T17:40:13+00:00 CRITICAL Uncaught ArgumentCountError: Too few arguments to function WpOrg\Requests\Exception::__construct(), 1 passed in /home/vr488025/yapposushi.com/www/wp-content/themes/storefront/webhooks/poster/handler/transaction.php on line 434 and at least 2 expected in /home/vr488025/yapposushi.com/www/wp-includes/Requests/src/Exception.php:40
Stack trace:
#0 /home/vr488025/yapposushi.com/www/wp-content/themes/storefront/webhooks/poster/handler/transaction.php(434): WpOrg\Requests\Exception->__construct('\xD0\x9F\xD0\xBE\xD0\xBC\xD0\xB8\xD0\xBB\xD0\xBA\xD0\xB0 ...')
#1 /home/vr488025/yapposushi.com/www/wp-content/themes/storefront/webhooks/poster/handler/transaction.php(41): Poster\Handler\Transaction->createDealInPipe()
#2 /home/vr488025/yapposushi.com/www/wp-content/themes/storefront/webhooks/poster/init.php(24): Poster\Handler\Transaction->init()
#3 {main}
  thrown у /home/vr488025/yapposushi.com/www/wp-includes/Requests/src/Exception.php доступно 40

2023-06-29T17:45:19+00:00 CRITICAL Uncaught ArgumentCountError: Too few arguments to function WpOrg\Requests\Exception::__construct(), 1 passed in /home/vr488025/yapposushi.com/www/wp-content/themes/storefront/webhooks/poster/handler/transaction.php on line 434 and at least 2 expected in /home/vr488025/yapposushi.com/www/wp-includes/Requests/src/Exception.php:40
Stack trace:
#0 /home/vr488025/yapposushi.com/www/wp-content/themes/storefront/webhooks/poster/handler/transaction.php(434): WpOrg\Requests\Exception->__construct('\xD0\x9F\xD0\xBE\xD0\xBC\xD0\xB8\xD0\xBB\xD0\xBA\xD0\xB0 ...')
#1 /home/vr488025/yapposushi.com/www/wp-content/themes/storefront/webhooks/poster/handler/transaction.php(41): Poster\Handler\Transaction->createDealInPipe()
#2 /home/vr488025/yapposushi.com/www/wp-content/themes/storefront/webhooks/poster/init.php(24): Poster\Handler\Transaction->init()
#3 {main}
  thrown у /home/vr488025/yapposushi.com/www/wp-includes/Requests/src/Exception.php доступно 40

2023-06-29T17:45:19+00:00 CRITICAL Uncaught ArgumentCountError: Too few arguments to function WpOrg\Requests\Exception::__construct(), 1 passed in /home/vr488025/yapposushi.com/www/wp-content/themes/storefront/webhooks/poster/handler/transaction.php on line 434 and at least 2 expected in /home/vr488025/yapposushi.com/www/wp-includes/Requests/src/Exception.php:40
Stack trace:
#0 /home/vr488025/yapposushi.com/www/wp-content/themes/storefront/webhooks/poster/handler/transaction.php(434): WpOrg\Requests\Exception->__construct('\xD0\x9F\xD0\xBE\xD0\xBC\xD0\xB8\xD0\xBB\xD0\xBA\xD0\xB0 ...')
#1 /home/vr488025/yapposushi.com/www/wp-content/themes/storefront/webhooks/poster/handler/transaction.php(41): Poster\Handler\Transaction->createDealInPipe()
#2 /home/vr488025/yapposushi.com/www/wp-content/themes/storefront/webhooks/poster/init.php(24): Poster\Handler\Transaction->init()
#3 {main}
  thrown у /home/vr488025/yapposushi.com/www/wp-includes/Requests/src/Exception.php доступно 40

2023-06-29T18:15:25+00:00 CRITICAL Uncaught ArgumentCountError: Too few arguments to function WpOrg\Requests\Exception::__construct(), 1 passed in /home/vr488025/yapposushi.com/www/wp-content/themes/storefront/webhooks/poster/handler/transaction.php on line 434 and at least 2 expected in /home/vr488025/yapposushi.com/www/wp-includes/Requests/src/Exception.php:40
Stack trace:
#0 /home/vr488025/yapposushi.com/www/wp-content/themes/storefront/webhooks/poster/handler/transaction.php(434): WpOrg\Requests\Exception->__construct('\xD0\x9F\xD0\xBE\xD0\xBC\xD0\xB8\xD0\xBB\xD0\xBA\xD0\xB0 ...')
#1 /home/vr488025/yapposushi.com/www/wp-content/themes/storefront/webhooks/poster/handler/transaction.php(41): Poster\Handler\Transaction->createDealInPipe()
#2 /home/vr488025/yapposushi.com/www/wp-content/themes/storefront/webhooks/poster/init.php(24): Poster\Handler\Transaction->init()
#3 {main}
  thrown у /home/vr488025/yapposushi.com/www/wp-includes/Requests/src/Exception.php доступно 40

2023-06-29T18:15:25+00:00 CRITICAL Uncaught ArgumentCountError: Too few arguments to function WpOrg\Requests\Exception::__construct(), 1 passed in /home/vr488025/yapposushi.com/www/wp-content/themes/storefront/webhooks/poster/handler/transaction.php on line 434 and at least 2 expected in /home/vr488025/yapposushi.com/www/wp-includes/Requests/src/Exception.php:40
Stack trace:
#0 /home/vr488025/yapposushi.com/www/wp-content/themes/storefront/webhooks/poster/handler/transaction.php(434): WpOrg\Requests\Exception->__construct('\xD0\x9F\xD0\xBE\xD0\xBC\xD0\xB8\xD0\xBB\xD0\xBA\xD0\xB0 ...')
#1 /home/vr488025/yapposushi.com/www/wp-content/themes/storefront/webhooks/poster/handler/transaction.php(41): Poster\Handler\Transaction->createDealInPipe()
#2 /home/vr488025/yapposushi.com/www/wp-content/themes/storefront/webhooks/poster/init.php(24): Poster\Handler\Transaction->init()
#3 {main}
  thrown у /home/vr488025/yapposushi.com/www/wp-includes/Requests/src/Exception.php доступно 40

2023-06-29T18:45:30+00:00 CRITICAL Uncaught ArgumentCountError: Too few arguments to function WpOrg\Requests\Exception::__construct(), 1 passed in /home/vr488025/yapposushi.com/www/wp-content/themes/storefront/webhooks/poster/handler/transaction.php on line 434 and at least 2 expected in /home/vr488025/yapposushi.com/www/wp-includes/Requests/src/Exception.php:40
Stack trace:
#0 /home/vr488025/yapposushi.com/www/wp-content/themes/storefront/webhooks/poster/handler/transaction.php(434): WpOrg\Requests\Exception->__construct('\xD0\x9F\xD0\xBE\xD0\xBC\xD0\xB8\xD0\xBB\xD0\xBA\xD0\xB0 ...')
#1 /home/vr488025/yapposushi.com/www/wp-content/themes/storefront/webhooks/poster/handler/transaction.php(41): Poster\Handler\Transaction->createDealInPipe()
#2 /home/vr488025/yapposushi.com/www/wp-content/themes/storefront/webhooks/poster/init.php(24): Poster\Handler\Transaction->init()
#3 {main}
  thrown у /home/vr488025/yapposushi.com/www/wp-includes/Requests/src/Exception.php доступно 40

2023-06-29T18:45:30+00:00 CRITICAL Uncaught ArgumentCountError: Too few arguments to function WpOrg\Requests\Exception::__construct(), 1 passed in /home/vr488025/yapposushi.com/www/wp-content/themes/storefront/webhooks/poster/handler/transaction.php on line 434 and at least 2 expected in /home/vr488025/yapposushi.com/www/wp-includes/Requests/src/Exception.php:40
Stack trace:
#0 /home/vr488025/yapposushi.com/www/wp-content/themes/storefront/webhooks/poster/handler/transaction.php(434): WpOrg\Requests\Exception->__construct('\xD0\x9F\xD0\xBE\xD0\xBC\xD0\xB8\xD0\xBB\xD0\xBA\xD0\xB0 ...')
#1 /home/vr488025/yapposushi.com/www/wp-content/themes/storefront/webhooks/poster/handler/transaction.php(41): Poster\Handler\Transaction->createDealInPipe()
#2 /home/vr488025/yapposushi.com/www/wp-content/themes/storefront/webhooks/poster/init.php(24): Poster\Handler\Transaction->init()
#3 {main}
  thrown у /home/vr488025/yapposushi.com/www/wp-includes/Requests/src/Exception.php доступно 40

2023-06-29T19:45:36+00:00 CRITICAL Uncaught ArgumentCountError: Too few arguments to function WpOrg\Requests\Exception::__construct(), 1 passed in /home/vr488025/yapposushi.com/www/wp-content/themes/storefront/webhooks/poster/handler/transaction.php on line 434 and at least 2 expected in /home/vr488025/yapposushi.com/www/wp-includes/Requests/src/Exception.php:40
Stack trace:
#0 /home/vr488025/yapposushi.com/www/wp-content/themes/storefront/webhooks/poster/handler/transaction.php(434): WpOrg\Requests\Exception->__construct('\xD0\x9F\xD0\xBE\xD0\xBC\xD0\xB8\xD0\xBB\xD0\xBA\xD0\xB0 ...')
#1 /home/vr488025/yapposushi.com/www/wp-content/themes/storefront/webhooks/poster/handler/transaction.php(41): Poster\Handler\Transaction->createDealInPipe()
#2 /home/vr488025/yapposushi.com/www/wp-content/themes/storefront/webhooks/poster/init.php(24): Poster\Handler\Transaction->init()
#3 {main}
  thrown у /home/vr488025/yapposushi.com/www/wp-includes/Requests/src/Exception.php доступно 40

2023-06-29T19:45:36+00:00 CRITICAL Uncaught ArgumentCountError: Too few arguments to function WpOrg\Requests\Exception::__construct(), 1 passed in /home/vr488025/yapposushi.com/www/wp-content/themes/storefront/webhooks/poster/handler/transaction.php on line 434 and at least 2 expected in /home/vr488025/yapposushi.com/www/wp-includes/Requests/src/Exception.php:40
Stack trace:
#0 /home/vr488025/yapposushi.com/www/wp-content/themes/storefront/webhooks/poster/handler/transaction.php(434): WpOrg\Requests\Exception->__construct('\xD0\x9F\xD0\xBE\xD0\xBC\xD0\xB8\xD0\xBB\xD0\xBA\xD0\xB0 ...')
#1 /home/vr488025/yapposushi.com/www/wp-content/themes/storefront/webhooks/poster/handler/transaction.php(41): Poster\Handler\Transaction->createDealInPipe()
#2 /home/vr488025/yapposushi.com/www/wp-content/themes/storefront/webhooks/poster/init.php(24): Poster\Handler\Transaction->init()
#3 {main}
  thrown у /home/vr488025/yapposushi.com/www/wp-includes/Requests/src/Exception.php доступно 40

2023-06-29T20:45:42+00:00 CRITICAL Uncaught ArgumentCountError: Too few arguments to function WpOrg\Requests\Exception::__construct(), 1 passed in /home/vr488025/yapposushi.com/www/wp-content/themes/storefront/webhooks/poster/handler/transaction.php on line 434 and at least 2 expected in /home/vr488025/yapposushi.com/www/wp-includes/Requests/src/Exception.php:40
Stack trace:
#0 /home/vr488025/yapposushi.com/www/wp-content/themes/storefront/webhooks/poster/handler/transaction.php(434): WpOrg\Requests\Exception->__construct('\xD0\x9F\xD0\xBE\xD0\xBC\xD0\xB8\xD0\xBB\xD0\xBA\xD0\xB0 ...')
#1 /home/vr488025/yapposushi.com/www/wp-content/themes/storefront/webhooks/poster/handler/transaction.php(41): Poster\Handler\Transaction->createDealInPipe()
#2 /home/vr488025/yapposushi.com/www/wp-content/themes/storefront/webhooks/poster/init.php(24): Poster\Handler\Transaction->init()
#3 {main}
  thrown у /home/vr488025/yapposushi.com/www/wp-includes/Requests/src/Exception.php доступно 40

2023-06-29T20:45:42+00:00 CRITICAL Uncaught ArgumentCountError: Too few arguments to function WpOrg\Requests\Exception::__construct(), 1 passed in /home/vr488025/yapposushi.com/www/wp-content/themes/storefront/webhooks/poster/handler/transaction.php on line 434 and at least 2 expected in /home/vr488025/yapposushi.com/www/wp-includes/Requests/src/Exception.php:40
Stack trace:
#0 /home/vr488025/yapposushi.com/www/wp-content/themes/storefront/webhooks/poster/handler/transaction.php(434): WpOrg\Requests\Exception->__construct('\xD0\x9F\xD0\xBE\xD0\xBC\xD0\xB8\xD0\xBB\xD0\xBA\xD0\xB0 ...')
#1 /home/vr488025/yapposushi.com/www/wp-content/themes/storefront/webhooks/poster/handler/transaction.php(41): Poster\Handler\Transaction->createDealInPipe()
#2 /home/vr488025/yapposushi.com/www/wp-content/themes/storefront/webhooks/poster/init.php(24): Poster\Handler\Transaction->init()
#3 {main}
  thrown у /home/vr488025/yapposushi.com/www/wp-includes/Requests/src/Exception.php доступно 40

2023-06-29T21:45:49+00:00 CRITICAL Uncaught ArgumentCountError: Too few arguments to function WpOrg\Requests\Exception::__construct(), 1 passed in /home/vr488025/yapposushi.com/www/wp-content/themes/storefront/webhooks/poster/handler/transaction.php on line 434 and at least 2 expected in /home/vr488025/yapposushi.com/www/wp-includes/Requests/src/Exception.php:40
Stack trace:
#0 /home/vr488025/yapposushi.com/www/wp-content/themes/storefront/webhooks/poster/handler/transaction.php(434): WpOrg\Requests\Exception->__construct('\xD0\x9F\xD0\xBE\xD0\xBC\xD0\xB8\xD0\xBB\xD0\xBA\xD0\xB0 ...')
#1 /home/vr488025/yapposushi.com/www/wp-content/themes/storefront/webhooks/poster/handler/transaction.php(41): Poster\Handler\Transaction->createDealInPipe()
#2 /home/vr488025/yapposushi.com/www/wp-content/themes/storefront/webhooks/poster/init.php(24): Poster\Handler\Transaction->init()
#3 {main}
  thrown у /home/vr488025/yapposushi.com/www/wp-includes/Requests/src/Exception.php доступно 40

2023-06-29T21:45:49+00:00 CRITICAL Uncaught ArgumentCountError: Too few arguments to function WpOrg\Requests\Exception::__construct(), 1 passed in /home/vr488025/yapposushi.com/www/wp-content/themes/storefront/webhooks/poster/handler/transaction.php on line 434 and at least 2 expected in /home/vr488025/yapposushi.com/www/wp-includes/Requests/src/Exception.php:40
Stack trace:
#0 /home/vr488025/yapposushi.com/www/wp-content/themes/storefront/webhooks/poster/handler/transaction.php(434): WpOrg\Requests\Exception->__construct('\xD0\x9F\xD0\xBE\xD0\xBC\xD0\xB8\xD0\xBB\xD0\xBA\xD0\xB0 ...')
#1 /home/vr488025/yapposushi.com/www/wp-content/themes/storefront/webhooks/poster/handler/transaction.php(41): Poster\Handler\Transaction->createDealInPipe()
#2 /home/vr488025/yapposushi.com/www/wp-content/themes/storefront/webhooks/poster/init.php(24): Poster\Handler\Transaction->init()
#3 {main}
  thrown у /home/vr488025/yapposushi.com/www/wp-includes/Requests/src/Exception.php доступно 40

