2023-07-19T14:46:55+00:00 CRITICAL Uncaught Error: Object of class WP_Term could not be converted to string in /Applications/XAMPP/xamppfiles/htdocs/NinesQuares/yappo.loc/wordpress/wp-content/themes/yappo/header.php:107
Stack trace:
#0 /Applications/XAMPP/xamppfiles/htdocs/NinesQuares/yappo.loc/wordpress/wp-includes/template.php(783): require_once()
#1 /Applications/XAMPP/xamppfiles/htdocs/NinesQuares/yappo.loc/wordpress/wp-includes/template.php(718): load_template('/Applications/X...', true, Array)
#2 /Applications/XAMPP/xamppfiles/htdocs/NinesQuares/yappo.loc/wordpress/wp-includes/general-template.php(48): locate_template(Array, true, true, Array)
#3 /Applications/XAMPP/xamppfiles/htdocs/NinesQuares/yappo.loc/wordpress/wp-content/themes/yappo/page.php(15): get_header()
#4 /Applications/XAMPP/xamppfiles/htdocs/NinesQuares/yappo.loc/wordpress/wp-includes/template-loader.php(106): include('/Applications/X...')
#5 /Applications/XAMPP/xamppfiles/htdocs/NinesQuares/yappo.loc/wordpress/wp-blog-header.php(19): require_once('/Applications/X...')
#6 /Applications/XAMPP/xamppfiles/htdocs/NinesQuares/yappo.loc/wordpress/index.php(17): require('/Applications/X...')
#7 {main}
  thrown у /Applications/XAMPP/xamppfiles/htdocs/NinesQuares/yappo.loc/wordpress/wp-content/themes/yappo/header.php доступно 107

2023-07-19T14:46:55+00:00 CRITICAL Uncaught Error: Object of class WP_Term could not be converted to string in /Applications/XAMPP/xamppfiles/htdocs/NinesQuares/yappo.loc/wordpress/wp-content/themes/yappo/header.php:107
Stack trace:
#0 /Applications/XAMPP/xamppfiles/htdocs/NinesQuares/yappo.loc/wordpress/wp-includes/template.php(783): require_once()
#1 /Applications/XAMPP/xamppfiles/htdocs/NinesQuares/yappo.loc/wordpress/wp-includes/template.php(718): load_template('/Applications/X...', true, Array)
#2 /Applications/XAMPP/xamppfiles/htdocs/NinesQuares/yappo.loc/wordpress/wp-includes/general-template.php(48): locate_template(Array, true, true, Array)
#3 /Applications/XAMPP/xamppfiles/htdocs/NinesQuares/yappo.loc/wordpress/wp-content/themes/yappo/page.php(15): get_header()
#4 /Applications/XAMPP/xamppfiles/htdocs/NinesQuares/yappo.loc/wordpress/wp-includes/template-loader.php(106): include('/Applications/X...')
#5 /Applications/XAMPP/xamppfiles/htdocs/NinesQuares/yappo.loc/wordpress/wp-blog-header.php(19): require_once('/Applications/X...')
#6 /Applications/XAMPP/xamppfiles/htdocs/NinesQuares/yappo.loc/wordpress/index.php(17): require('/Applications/X...')
#7 {main}
  thrown у /Applications/XAMPP/xamppfiles/htdocs/NinesQuares/yappo.loc/wordpress/wp-content/themes/yappo/header.php доступно 107

