2023-07-07T07:36:23+00:00 CRITICAL Uncaught Error: Call to a member function get_billing_state() on null in /home/vr488025/yapposushi.com/www/wp-content/themes/yappo/inc/checkout.php:185
Stack trace:
#0 /home/vr488025/yapposushi.com/www/wp-content/themes/yappo/inc/checkout.php(207): yappo_get_chosen_region()
#1 /home/vr488025/yapposushi.com/www/wp-content/themes/yappo/header.php(94): yappo_get_chosen_header_adress()
#2 /home/vr488025/yapposushi.com/www/wp-includes/template.php(783): require_once('/home/vr488025/...')
#3 /home/vr488025/yapposushi.com/www/wp-includes/template.php(718): load_template('/home/vr488025/...', true, Array)
#4 /home/vr488025/yapposushi.com/www/wp-includes/general-template.php(48): locate_template(Array, true, true, Array)
#5 /home/vr488025/yapposushi.com/www/wp-content/themes/yappo/404.php(10): get_header()
#6 /home/vr488025/yapposushi.com/www/wp-includes/template-loader.php(106): include('/home/vr488025/...')
#7 /home/vr488025/yapposushi.com/www/wp-blog-header.php(19): require_once('/home/vr488025/...')
#8 /home/vr488 у /home/vr488025/yapposushi.com/www/wp-content/themes/yappo/inc/checkout.php доступно 185

2023-07-07T07:36:23+00:00 CRITICAL Uncaught Error: Call to a member function get_billing_state() on null in /home/vr488025/yapposushi.com/www/wp-content/themes/yappo/inc/checkout.php:185
Stack trace:
#0 /home/vr488025/yapposushi.com/www/wp-content/themes/yappo/inc/checkout.php(207): yappo_get_chosen_region()
#1 /home/vr488025/yapposushi.com/www/wp-content/themes/yappo/header.php(94): yappo_get_chosen_header_adress()
#2 /home/vr488025/yapposushi.com/www/wp-includes/template.php(783): require_once('/home/vr488025/...')
#3 /home/vr488025/yapposushi.com/www/wp-includes/template.php(718): load_template('/home/vr488025/...', true, Array)
#4 /home/vr488025/yapposushi.com/www/wp-includes/general-template.php(48): locate_template(Array, true, true, Array)
#5 /home/vr488025/yapposushi.com/www/wp-content/themes/yappo/404.php(10): get_header()
#6 /home/vr488025/yapposushi.com/www/wp-includes/template-loader.php(106): include('/home/vr488025/...')
#7 /home/vr488025/yapposushi.com/www/wp-blog-header.php(19): require_once('/home/vr488025/...')
#8 /home/vr488 у /home/vr488025/yapposushi.com/www/wp-content/themes/yappo/inc/checkout.php доступно 185

2023-07-07T07:36:23+00:00 CRITICAL Uncaught Error: Call to a member function get_billing_state() on null in /home/vr488025/yapposushi.com/www/wp-content/themes/yappo/inc/checkout.php:185
Stack trace:
#0 /home/vr488025/yapposushi.com/www/wp-content/themes/yappo/inc/checkout.php(207): yappo_get_chosen_region()
#1 /home/vr488025/yapposushi.com/www/wp-content/themes/yappo/header.php(94): yappo_get_chosen_header_adress()
#2 /home/vr488025/yapposushi.com/www/wp-includes/template.php(783): require_once('/home/vr488025/...')
#3 /home/vr488025/yapposushi.com/www/wp-includes/template.php(718): load_template('/home/vr488025/...', true, Array)
#4 /home/vr488025/yapposushi.com/www/wp-includes/general-template.php(48): locate_template(Array, true, true, Array)
#5 /home/vr488025/yapposushi.com/www/wp-content/themes/yappo/404.php(10): get_header()
#6 /home/vr488025/yapposushi.com/www/wp-includes/template-loader.php(106): include('/home/vr488025/...')
#7 /home/vr488025/yapposushi.com/www/wp-blog-header.php(19): require_once('/home/vr488025/...')
#8 /home/vr488 у /home/vr488025/yapposushi.com/www/wp-content/themes/yappo/inc/checkout.php доступно 185

2023-07-07T07:36:23+00:00 CRITICAL Uncaught Error: Call to a member function get_billing_state() on null in /home/vr488025/yapposushi.com/www/wp-content/themes/yappo/inc/checkout.php:185
Stack trace:
#0 /home/vr488025/yapposushi.com/www/wp-content/themes/yappo/inc/checkout.php(207): yappo_get_chosen_region()
#1 /home/vr488025/yapposushi.com/www/wp-content/themes/yappo/header.php(94): yappo_get_chosen_header_adress()
#2 /home/vr488025/yapposushi.com/www/wp-includes/template.php(783): require_once('/home/vr488025/...')
#3 /home/vr488025/yapposushi.com/www/wp-includes/template.php(718): load_template('/home/vr488025/...', true, Array)
#4 /home/vr488025/yapposushi.com/www/wp-includes/general-template.php(48): locate_template(Array, true, true, Array)
#5 /home/vr488025/yapposushi.com/www/wp-content/themes/yappo/404.php(10): get_header()
#6 /home/vr488025/yapposushi.com/www/wp-includes/template-loader.php(106): include('/home/vr488025/...')
#7 /home/vr488025/yapposushi.com/www/wp-blog-header.php(19): require_once('/home/vr488025/...')
#8 /home/vr488 у /home/vr488025/yapposushi.com/www/wp-content/themes/yappo/inc/checkout.php доступно 185

2023-07-07T07:44:44+00:00 CRITICAL Uncaught TypeError: Argument 1 passed to WPML\Core\BackgroundTask\Repository\BackgroundTaskRepository::createFromQueryResult() must be of the type array, null given, called in /home/vr488025/yapposushi.com/www/wp-content/plugins/sitepress-multilingual-cms/vendor/wpml/core-api/core/BackgroundTask/Repository/BackgroundTaskRepository.php on line 29 and defined in /home/vr488025/yapposushi.com/www/wp-content/plugins/sitepress-multilingual-cms/vendor/wpml/core-api/core/BackgroundTask/Repository/BackgroundTaskRepository.php:101
Stack trace:
#0 /home/vr488025/yapposushi.com/www/wp-content/plugins/sitepress-multilingual-cms/vendor/wpml/core-api/core/BackgroundTask/Repository/BackgroundTaskRepository.php(29): WPML\Core\BackgroundTask\Repository\BackgroundTaskRepository->createFromQueryResult(NULL)
#1 /home/vr488025/yapposushi.com/www/wp-content/plugins/sitepress-multilingual-cms/vendor/wpml/core-api/core/BackgroundTask/Service/BackgroundTaskService.php(54): WPML\Core\BackgroundTask\Repository\BackgroundTaskRepository- у /home/vr488025/yapposushi.com/www/wp-content/plugins/sitepress-multilingual-cms/vendor/wpml/core-api/core/BackgroundTask/Repository/BackgroundTaskRepository.php доступно 101

2023-07-07T07:45:01+00:00 CRITICAL Uncaught TypeError: Argument 1 passed to WPML\Core\BackgroundTask\Repository\BackgroundTaskRepository::createFromQueryResult() must be of the type array, null given, called in /home/vr488025/yapposushi.com/www/wp-content/plugins/sitepress-multilingual-cms/vendor/wpml/core-api/core/BackgroundTask/Repository/BackgroundTaskRepository.php on line 29 and defined in /home/vr488025/yapposushi.com/www/wp-content/plugins/sitepress-multilingual-cms/vendor/wpml/core-api/core/BackgroundTask/Repository/BackgroundTaskRepository.php:101
Stack trace:
#0 /home/vr488025/yapposushi.com/www/wp-content/plugins/sitepress-multilingual-cms/vendor/wpml/core-api/core/BackgroundTask/Repository/BackgroundTaskRepository.php(29): WPML\Core\BackgroundTask\Repository\BackgroundTaskRepository->createFromQueryResult(NULL)
#1 /home/vr488025/yapposushi.com/www/wp-content/plugins/sitepress-multilingual-cms/vendor/wpml/core-api/core/BackgroundTask/Service/BackgroundTaskService.php(54): WPML\Core\BackgroundTask\Repository\BackgroundTaskRepository- у /home/vr488025/yapposushi.com/www/wp-content/plugins/sitepress-multilingual-cms/vendor/wpml/core-api/core/BackgroundTask/Repository/BackgroundTaskRepository.php доступно 101

2023-07-07T09:30:28+00:00 CRITICAL Uncaught Error: Call to a member function get_billing_state() on null in /home/vr488025/yapposushi.com/www/wp-content/themes/yappo/inc/checkout.php:185
Stack trace:
#0 /home/vr488025/yapposushi.com/www/wp-content/themes/yappo/inc/checkout.php(207): yappo_get_chosen_region()
#1 /home/vr488025/yapposushi.com/www/wp-content/themes/yappo/header.php(94): yappo_get_chosen_header_adress()
#2 /home/vr488025/yapposushi.com/www/wp-includes/template.php(783): require_once('/home/vr488025/...')
#3 /home/vr488025/yapposushi.com/www/wp-includes/template.php(718): load_template('/home/vr488025/...', true, Array)
#4 /home/vr488025/yapposushi.com/www/wp-includes/general-template.php(48): locate_template(Array, true, true, Array)
#5 /home/vr488025/yapposushi.com/www/wp-content/themes/yappo/404.php(10): get_header()
#6 /home/vr488025/yapposushi.com/www/wp-includes/template-loader.php(106): include('/home/vr488025/...')
#7 /home/vr488025/yapposushi.com/www/wp-blog-header.php(19): require_once('/home/vr488025/...')
#8 /home/vr488 у /home/vr488025/yapposushi.com/www/wp-content/themes/yappo/inc/checkout.php доступно 185

2023-07-07T09:30:31+00:00 CRITICAL Uncaught Error: Call to a member function get_billing_state() on null in /home/vr488025/yapposushi.com/www/wp-content/themes/yappo/inc/checkout.php:185
Stack trace:
#0 /home/vr488025/yapposushi.com/www/wp-content/themes/yappo/inc/checkout.php(207): yappo_get_chosen_region()
#1 /home/vr488025/yapposushi.com/www/wp-content/themes/yappo/header.php(94): yappo_get_chosen_header_adress()
#2 /home/vr488025/yapposushi.com/www/wp-includes/template.php(783): require_once('/home/vr488025/...')
#3 /home/vr488025/yapposushi.com/www/wp-includes/template.php(718): load_template('/home/vr488025/...', true, Array)
#4 /home/vr488025/yapposushi.com/www/wp-includes/general-template.php(48): locate_template(Array, true, true, Array)
#5 /home/vr488025/yapposushi.com/www/wp-content/themes/yappo/404.php(10): get_header()
#6 /home/vr488025/yapposushi.com/www/wp-includes/template-loader.php(106): include('/home/vr488025/...')
#7 /home/vr488025/yapposushi.com/www/wp-blog-header.php(19): require_once('/home/vr488025/...')
#8 /home/vr488 у /home/vr488025/yapposushi.com/www/wp-content/themes/yappo/inc/checkout.php доступно 185

2023-07-07T09:30:31+00:00 CRITICAL Uncaught Error: Call to a member function get_billing_state() on null in /home/vr488025/yapposushi.com/www/wp-content/themes/yappo/inc/checkout.php:185
Stack trace:
#0 /home/vr488025/yapposushi.com/www/wp-content/themes/yappo/inc/checkout.php(207): yappo_get_chosen_region()
#1 /home/vr488025/yapposushi.com/www/wp-content/themes/yappo/header.php(94): yappo_get_chosen_header_adress()
#2 /home/vr488025/yapposushi.com/www/wp-includes/template.php(783): require_once('/home/vr488025/...')
#3 /home/vr488025/yapposushi.com/www/wp-includes/template.php(718): load_template('/home/vr488025/...', true, Array)
#4 /home/vr488025/yapposushi.com/www/wp-includes/general-template.php(48): locate_template(Array, true, true, Array)
#5 /home/vr488025/yapposushi.com/www/wp-content/themes/yappo/404.php(10): get_header()
#6 /home/vr488025/yapposushi.com/www/wp-includes/template-loader.php(106): include('/home/vr488025/...')
#7 /home/vr488025/yapposushi.com/www/wp-blog-header.php(19): require_once('/home/vr488025/...')
#8 /home/vr488 у /home/vr488025/yapposushi.com/www/wp-content/themes/yappo/inc/checkout.php доступно 185

2023-07-07T09:30:31+00:00 CRITICAL Uncaught Error: Call to a member function get_billing_state() on null in /home/vr488025/yapposushi.com/www/wp-content/themes/yappo/inc/checkout.php:185
Stack trace:
#0 /home/vr488025/yapposushi.com/www/wp-content/themes/yappo/inc/checkout.php(207): yappo_get_chosen_region()
#1 /home/vr488025/yapposushi.com/www/wp-content/themes/yappo/header.php(94): yappo_get_chosen_header_adress()
#2 /home/vr488025/yapposushi.com/www/wp-includes/template.php(783): require_once('/home/vr488025/...')
#3 /home/vr488025/yapposushi.com/www/wp-includes/template.php(718): load_template('/home/vr488025/...', true, Array)
#4 /home/vr488025/yapposushi.com/www/wp-includes/general-template.php(48): locate_template(Array, true, true, Array)
#5 /home/vr488025/yapposushi.com/www/wp-content/themes/yappo/404.php(10): get_header()
#6 /home/vr488025/yapposushi.com/www/wp-includes/template-loader.php(106): include('/home/vr488025/...')
#7 /home/vr488025/yapposushi.com/www/wp-blog-header.php(19): require_once('/home/vr488025/...')
#8 /home/vr488 у /home/vr488025/yapposushi.com/www/wp-content/themes/yappo/inc/checkout.php доступно 185

2023-07-07T09:30:31+00:00 CRITICAL Uncaught Error: Call to a member function get_billing_state() on null in /home/vr488025/yapposushi.com/www/wp-content/themes/yappo/inc/checkout.php:185
Stack trace:
#0 /home/vr488025/yapposushi.com/www/wp-content/themes/yappo/inc/checkout.php(207): yappo_get_chosen_region()
#1 /home/vr488025/yapposushi.com/www/wp-content/themes/yappo/header.php(94): yappo_get_chosen_header_adress()
#2 /home/vr488025/yapposushi.com/www/wp-includes/template.php(783): require_once('/home/vr488025/...')
#3 /home/vr488025/yapposushi.com/www/wp-includes/template.php(718): load_template('/home/vr488025/...', true, Array)
#4 /home/vr488025/yapposushi.com/www/wp-includes/general-template.php(48): locate_template(Array, true, true, Array)
#5 /home/vr488025/yapposushi.com/www/wp-content/themes/yappo/404.php(10): get_header()
#6 /home/vr488025/yapposushi.com/www/wp-includes/template-loader.php(106): include('/home/vr488025/...')
#7 /home/vr488025/yapposushi.com/www/wp-blog-header.php(19): require_once('/home/vr488025/...')
#8 /home/vr488 у /home/vr488025/yapposushi.com/www/wp-content/themes/yappo/inc/checkout.php доступно 185

2023-07-07T09:35:05+00:00 CRITICAL Uncaught TypeError: Argument 1 passed to WPML\Core\BackgroundTask\Repository\BackgroundTaskRepository::createFromQueryResult() must be of the type array, null given, called in /home/vr488025/yapposushi.com/www/wp-content/plugins/sitepress-multilingual-cms/vendor/wpml/core-api/core/BackgroundTask/Repository/BackgroundTaskRepository.php on line 29 and defined in /home/vr488025/yapposushi.com/www/wp-content/plugins/sitepress-multilingual-cms/vendor/wpml/core-api/core/BackgroundTask/Repository/BackgroundTaskRepository.php:101
Stack trace:
#0 /home/vr488025/yapposushi.com/www/wp-content/plugins/sitepress-multilingual-cms/vendor/wpml/core-api/core/BackgroundTask/Repository/BackgroundTaskRepository.php(29): WPML\Core\BackgroundTask\Repository\BackgroundTaskRepository->createFromQueryResult(NULL)
#1 /home/vr488025/yapposushi.com/www/wp-content/plugins/sitepress-multilingual-cms/vendor/wpml/core-api/core/BackgroundTask/Service/BackgroundTaskService.php(54): WPML\Core\BackgroundTask\Repository\BackgroundTaskRepository- у /home/vr488025/yapposushi.com/www/wp-content/plugins/sitepress-multilingual-cms/vendor/wpml/core-api/core/BackgroundTask/Repository/BackgroundTaskRepository.php доступно 101

2023-07-07T09:35:51+00:00 CRITICAL Uncaught TypeError: Argument 1 passed to WPML\Core\BackgroundTask\Repository\BackgroundTaskRepository::createFromQueryResult() must be of the type array, null given, called in /home/vr488025/yapposushi.com/www/wp-content/plugins/sitepress-multilingual-cms/vendor/wpml/core-api/core/BackgroundTask/Repository/BackgroundTaskRepository.php on line 29 and defined in /home/vr488025/yapposushi.com/www/wp-content/plugins/sitepress-multilingual-cms/vendor/wpml/core-api/core/BackgroundTask/Repository/BackgroundTaskRepository.php:101
Stack trace:
#0 /home/vr488025/yapposushi.com/www/wp-content/plugins/sitepress-multilingual-cms/vendor/wpml/core-api/core/BackgroundTask/Repository/BackgroundTaskRepository.php(29): WPML\Core\BackgroundTask\Repository\BackgroundTaskRepository->createFromQueryResult(NULL)
#1 /home/vr488025/yapposushi.com/www/wp-content/plugins/sitepress-multilingual-cms/vendor/wpml/core-api/core/BackgroundTask/Service/BackgroundTaskService.php(54): WPML\Core\BackgroundTask\Repository\BackgroundTaskRepository- у /home/vr488025/yapposushi.com/www/wp-content/plugins/sitepress-multilingual-cms/vendor/wpml/core-api/core/BackgroundTask/Repository/BackgroundTaskRepository.php доступно 101

2023-07-07T09:39:11+00:00 CRITICAL Uncaught TypeError: Argument 1 passed to WPML\Core\BackgroundTask\Repository\BackgroundTaskRepository::createFromQueryResult() must be of the type array, null given, called in /home/vr488025/yapposushi.com/www/wp-content/plugins/sitepress-multilingual-cms/vendor/wpml/core-api/core/BackgroundTask/Repository/BackgroundTaskRepository.php on line 29 and defined in /home/vr488025/yapposushi.com/www/wp-content/plugins/sitepress-multilingual-cms/vendor/wpml/core-api/core/BackgroundTask/Repository/BackgroundTaskRepository.php:101
Stack trace:
#0 /home/vr488025/yapposushi.com/www/wp-content/plugins/sitepress-multilingual-cms/vendor/wpml/core-api/core/BackgroundTask/Repository/BackgroundTaskRepository.php(29): WPML\Core\BackgroundTask\Repository\BackgroundTaskRepository->createFromQueryResult(NULL)
#1 /home/vr488025/yapposushi.com/www/wp-content/plugins/sitepress-multilingual-cms/vendor/wpml/core-api/core/BackgroundTask/Service/BackgroundTaskService.php(54): WPML\Core\BackgroundTask\Repository\BackgroundTaskRepository- у /home/vr488025/yapposushi.com/www/wp-content/plugins/sitepress-multilingual-cms/vendor/wpml/core-api/core/BackgroundTask/Repository/BackgroundTaskRepository.php доступно 101

2023-07-07T09:57:37+00:00 CRITICAL Uncaught Error: Call to a member function get_billing_state() on null in /home/vr488025/yapposushi.com/www/wp-content/themes/yappo/inc/checkout.php:185
Stack trace:
#0 /home/vr488025/yapposushi.com/www/wp-content/themes/yappo/inc/checkout.php(207): yappo_get_chosen_region()
#1 /home/vr488025/yapposushi.com/www/wp-content/themes/yappo/header.php(94): yappo_get_chosen_header_adress()
#2 /home/vr488025/yapposushi.com/www/wp-includes/template.php(783): require_once('/home/vr488025/...')
#3 /home/vr488025/yapposushi.com/www/wp-includes/template.php(718): load_template('/home/vr488025/...', true, Array)
#4 /home/vr488025/yapposushi.com/www/wp-includes/general-template.php(48): locate_template(Array, true, true, Array)
#5 /home/vr488025/yapposushi.com/www/wp-content/themes/yappo/404.php(10): get_header()
#6 /home/vr488025/yapposushi.com/www/wp-includes/template-loader.php(106): include('/home/vr488025/...')
#7 /home/vr488025/yapposushi.com/www/wp-blog-header.php(19): require_once('/home/vr488025/...')
#8 /home/vr488 у /home/vr488025/yapposushi.com/www/wp-content/themes/yappo/inc/checkout.php доступно 185

2023-07-07T09:57:39+00:00 CRITICAL Uncaught Error: Call to a member function get_billing_state() on null in /home/vr488025/yapposushi.com/www/wp-content/themes/yappo/inc/checkout.php:185
Stack trace:
#0 /home/vr488025/yapposushi.com/www/wp-content/themes/yappo/inc/checkout.php(207): yappo_get_chosen_region()
#1 /home/vr488025/yapposushi.com/www/wp-content/themes/yappo/header.php(94): yappo_get_chosen_header_adress()
#2 /home/vr488025/yapposushi.com/www/wp-includes/template.php(783): require_once('/home/vr488025/...')
#3 /home/vr488025/yapposushi.com/www/wp-includes/template.php(718): load_template('/home/vr488025/...', true, Array)
#4 /home/vr488025/yapposushi.com/www/wp-includes/general-template.php(48): locate_template(Array, true, true, Array)
#5 /home/vr488025/yapposushi.com/www/wp-content/themes/yappo/404.php(10): get_header()
#6 /home/vr488025/yapposushi.com/www/wp-includes/template-loader.php(106): include('/home/vr488025/...')
#7 /home/vr488025/yapposushi.com/www/wp-blog-header.php(19): require_once('/home/vr488025/...')
#8 /home/vr488 у /home/vr488025/yapposushi.com/www/wp-content/themes/yappo/inc/checkout.php доступно 185

2023-07-07T09:57:40+00:00 CRITICAL Uncaught Error: Call to a member function get_billing_state() on null in /home/vr488025/yapposushi.com/www/wp-content/themes/yappo/inc/checkout.php:185
Stack trace:
#0 /home/vr488025/yapposushi.com/www/wp-content/themes/yappo/inc/checkout.php(207): yappo_get_chosen_region()
#1 /home/vr488025/yapposushi.com/www/wp-content/themes/yappo/header.php(94): yappo_get_chosen_header_adress()
#2 /home/vr488025/yapposushi.com/www/wp-includes/template.php(783): require_once('/home/vr488025/...')
#3 /home/vr488025/yapposushi.com/www/wp-includes/template.php(718): load_template('/home/vr488025/...', true, Array)
#4 /home/vr488025/yapposushi.com/www/wp-includes/general-template.php(48): locate_template(Array, true, true, Array)
#5 /home/vr488025/yapposushi.com/www/wp-content/themes/yappo/404.php(10): get_header()
#6 /home/vr488025/yapposushi.com/www/wp-includes/template-loader.php(106): include('/home/vr488025/...')
#7 /home/vr488025/yapposushi.com/www/wp-blog-header.php(19): require_once('/home/vr488025/...')
#8 /home/vr488 у /home/vr488025/yapposushi.com/www/wp-content/themes/yappo/inc/checkout.php доступно 185

2023-07-07T09:57:40+00:00 CRITICAL Uncaught Error: Call to a member function get_billing_state() on null in /home/vr488025/yapposushi.com/www/wp-content/themes/yappo/inc/checkout.php:185
Stack trace:
#0 /home/vr488025/yapposushi.com/www/wp-content/themes/yappo/inc/checkout.php(207): yappo_get_chosen_region()
#1 /home/vr488025/yapposushi.com/www/wp-content/themes/yappo/header.php(94): yappo_get_chosen_header_adress()
#2 /home/vr488025/yapposushi.com/www/wp-includes/template.php(783): require_once('/home/vr488025/...')
#3 /home/vr488025/yapposushi.com/www/wp-includes/template.php(718): load_template('/home/vr488025/...', true, Array)
#4 /home/vr488025/yapposushi.com/www/wp-includes/general-template.php(48): locate_template(Array, true, true, Array)
#5 /home/vr488025/yapposushi.com/www/wp-content/themes/yappo/404.php(10): get_header()
#6 /home/vr488025/yapposushi.com/www/wp-includes/template-loader.php(106): include('/home/vr488025/...')
#7 /home/vr488025/yapposushi.com/www/wp-blog-header.php(19): require_once('/home/vr488025/...')
#8 /home/vr488 у /home/vr488025/yapposushi.com/www/wp-content/themes/yappo/inc/checkout.php доступно 185

2023-07-07T09:57:40+00:00 CRITICAL Uncaught Error: Call to a member function get_billing_state() on null in /home/vr488025/yapposushi.com/www/wp-content/themes/yappo/inc/checkout.php:185
Stack trace:
#0 /home/vr488025/yapposushi.com/www/wp-content/themes/yappo/inc/checkout.php(207): yappo_get_chosen_region()
#1 /home/vr488025/yapposushi.com/www/wp-content/themes/yappo/header.php(94): yappo_get_chosen_header_adress()
#2 /home/vr488025/yapposushi.com/www/wp-includes/template.php(783): require_once('/home/vr488025/...')
#3 /home/vr488025/yapposushi.com/www/wp-includes/template.php(718): load_template('/home/vr488025/...', true, Array)
#4 /home/vr488025/yapposushi.com/www/wp-includes/general-template.php(48): locate_template(Array, true, true, Array)
#5 /home/vr488025/yapposushi.com/www/wp-content/themes/yappo/404.php(10): get_header()
#6 /home/vr488025/yapposushi.com/www/wp-includes/template-loader.php(106): include('/home/vr488025/...')
#7 /home/vr488025/yapposushi.com/www/wp-blog-header.php(19): require_once('/home/vr488025/...')
#8 /home/vr488 у /home/vr488025/yapposushi.com/www/wp-content/themes/yappo/inc/checkout.php доступно 185

2023-07-07T09:57:47+00:00 CRITICAL Uncaught Error: Call to a member function get_billing_state() on null in /home/vr488025/yapposushi.com/www/wp-content/themes/yappo/inc/checkout.php:185
Stack trace:
#0 /home/vr488025/yapposushi.com/www/wp-content/themes/yappo/inc/checkout.php(207): yappo_get_chosen_region()
#1 /home/vr488025/yapposushi.com/www/wp-content/themes/yappo/header.php(94): yappo_get_chosen_header_adress()
#2 /home/vr488025/yapposushi.com/www/wp-includes/template.php(783): require_once('/home/vr488025/...')
#3 /home/vr488025/yapposushi.com/www/wp-includes/template.php(718): load_template('/home/vr488025/...', true, Array)
#4 /home/vr488025/yapposushi.com/www/wp-includes/general-template.php(48): locate_template(Array, true, true, Array)
#5 /home/vr488025/yapposushi.com/www/wp-content/themes/yappo/404.php(10): get_header()
#6 /home/vr488025/yapposushi.com/www/wp-includes/template-loader.php(106): include('/home/vr488025/...')
#7 /home/vr488025/yapposushi.com/www/wp-blog-header.php(19): require_once('/home/vr488025/...')
#8 /home/vr488 у /home/vr488025/yapposushi.com/www/wp-content/themes/yappo/inc/checkout.php доступно 185

2023-07-07T09:57:49+00:00 CRITICAL Uncaught Error: Call to a member function get_billing_state() on null in /home/vr488025/yapposushi.com/www/wp-content/themes/yappo/inc/checkout.php:185
Stack trace:
#0 /home/vr488025/yapposushi.com/www/wp-content/themes/yappo/inc/checkout.php(207): yappo_get_chosen_region()
#1 /home/vr488025/yapposushi.com/www/wp-content/themes/yappo/header.php(94): yappo_get_chosen_header_adress()
#2 /home/vr488025/yapposushi.com/www/wp-includes/template.php(783): require_once('/home/vr488025/...')
#3 /home/vr488025/yapposushi.com/www/wp-includes/template.php(718): load_template('/home/vr488025/...', true, Array)
#4 /home/vr488025/yapposushi.com/www/wp-includes/general-template.php(48): locate_template(Array, true, true, Array)
#5 /home/vr488025/yapposushi.com/www/wp-content/themes/yappo/404.php(10): get_header()
#6 /home/vr488025/yapposushi.com/www/wp-includes/template-loader.php(106): include('/home/vr488025/...')
#7 /home/vr488025/yapposushi.com/www/wp-blog-header.php(19): require_once('/home/vr488025/...')
#8 /home/vr488 у /home/vr488025/yapposushi.com/www/wp-content/themes/yappo/inc/checkout.php доступно 185

2023-07-07T09:57:50+00:00 CRITICAL Uncaught Error: Call to a member function get_billing_state() on null in /home/vr488025/yapposushi.com/www/wp-content/themes/yappo/inc/checkout.php:185
Stack trace:
#0 /home/vr488025/yapposushi.com/www/wp-content/themes/yappo/inc/checkout.php(207): yappo_get_chosen_region()
#1 /home/vr488025/yapposushi.com/www/wp-content/themes/yappo/header.php(94): yappo_get_chosen_header_adress()
#2 /home/vr488025/yapposushi.com/www/wp-includes/template.php(783): require_once('/home/vr488025/...')
#3 /home/vr488025/yapposushi.com/www/wp-includes/template.php(718): load_template('/home/vr488025/...', true, Array)
#4 /home/vr488025/yapposushi.com/www/wp-includes/general-template.php(48): locate_template(Array, true, true, Array)
#5 /home/vr488025/yapposushi.com/www/wp-content/themes/yappo/404.php(10): get_header()
#6 /home/vr488025/yapposushi.com/www/wp-includes/template-loader.php(106): include('/home/vr488025/...')
#7 /home/vr488025/yapposushi.com/www/wp-blog-header.php(19): require_once('/home/vr488025/...')
#8 /home/vr488 у /home/vr488025/yapposushi.com/www/wp-content/themes/yappo/inc/checkout.php доступно 185

2023-07-07T09:57:50+00:00 CRITICAL Uncaught Error: Call to a member function get_billing_state() on null in /home/vr488025/yapposushi.com/www/wp-content/themes/yappo/inc/checkout.php:185
Stack trace:
#0 /home/vr488025/yapposushi.com/www/wp-content/themes/yappo/inc/checkout.php(207): yappo_get_chosen_region()
#1 /home/vr488025/yapposushi.com/www/wp-content/themes/yappo/header.php(94): yappo_get_chosen_header_adress()
#2 /home/vr488025/yapposushi.com/www/wp-includes/template.php(783): require_once('/home/vr488025/...')
#3 /home/vr488025/yapposushi.com/www/wp-includes/template.php(718): load_template('/home/vr488025/...', true, Array)
#4 /home/vr488025/yapposushi.com/www/wp-includes/general-template.php(48): locate_template(Array, true, true, Array)
#5 /home/vr488025/yapposushi.com/www/wp-content/themes/yappo/404.php(10): get_header()
#6 /home/vr488025/yapposushi.com/www/wp-includes/template-loader.php(106): include('/home/vr488025/...')
#7 /home/vr488025/yapposushi.com/www/wp-blog-header.php(19): require_once('/home/vr488025/...')
#8 /home/vr488 у /home/vr488025/yapposushi.com/www/wp-content/themes/yappo/inc/checkout.php доступно 185

2023-07-07T09:57:50+00:00 CRITICAL Uncaught Error: Call to a member function get_billing_state() on null in /home/vr488025/yapposushi.com/www/wp-content/themes/yappo/inc/checkout.php:185
Stack trace:
#0 /home/vr488025/yapposushi.com/www/wp-content/themes/yappo/inc/checkout.php(207): yappo_get_chosen_region()
#1 /home/vr488025/yapposushi.com/www/wp-content/themes/yappo/header.php(94): yappo_get_chosen_header_adress()
#2 /home/vr488025/yapposushi.com/www/wp-includes/template.php(783): require_once('/home/vr488025/...')
#3 /home/vr488025/yapposushi.com/www/wp-includes/template.php(718): load_template('/home/vr488025/...', true, Array)
#4 /home/vr488025/yapposushi.com/www/wp-includes/general-template.php(48): locate_template(Array, true, true, Array)
#5 /home/vr488025/yapposushi.com/www/wp-content/themes/yappo/404.php(10): get_header()
#6 /home/vr488025/yapposushi.com/www/wp-includes/template-loader.php(106): include('/home/vr488025/...')
#7 /home/vr488025/yapposushi.com/www/wp-blog-header.php(19): require_once('/home/vr488025/...')
#8 /home/vr488 у /home/vr488025/yapposushi.com/www/wp-content/themes/yappo/inc/checkout.php доступно 185

2023-07-07T09:58:02+00:00 CRITICAL Uncaught Error: Call to a member function get_billing_state() on null in /home/vr488025/yapposushi.com/www/wp-content/themes/yappo/inc/checkout.php:185
Stack trace:
#0 /home/vr488025/yapposushi.com/www/wp-content/themes/yappo/inc/checkout.php(207): yappo_get_chosen_region()
#1 /home/vr488025/yapposushi.com/www/wp-content/themes/yappo/header.php(94): yappo_get_chosen_header_adress()
#2 /home/vr488025/yapposushi.com/www/wp-includes/template.php(783): require_once('/home/vr488025/...')
#3 /home/vr488025/yapposushi.com/www/wp-includes/template.php(718): load_template('/home/vr488025/...', true, Array)
#4 /home/vr488025/yapposushi.com/www/wp-includes/general-template.php(48): locate_template(Array, true, true, Array)
#5 /home/vr488025/yapposushi.com/www/wp-content/themes/yappo/404.php(10): get_header()
#6 /home/vr488025/yapposushi.com/www/wp-includes/template-loader.php(106): include('/home/vr488025/...')
#7 /home/vr488025/yapposushi.com/www/wp-blog-header.php(19): require_once('/home/vr488025/...')
#8 /home/vr488 у /home/vr488025/yapposushi.com/www/wp-content/themes/yappo/inc/checkout.php доступно 185

2023-07-07T09:58:03+00:00 CRITICAL Uncaught Error: Call to a member function get_billing_state() on null in /home/vr488025/yapposushi.com/www/wp-content/themes/yappo/inc/checkout.php:185
Stack trace:
#0 /home/vr488025/yapposushi.com/www/wp-content/themes/yappo/inc/checkout.php(207): yappo_get_chosen_region()
#1 /home/vr488025/yapposushi.com/www/wp-content/themes/yappo/header.php(94): yappo_get_chosen_header_adress()
#2 /home/vr488025/yapposushi.com/www/wp-includes/template.php(783): require_once('/home/vr488025/...')
#3 /home/vr488025/yapposushi.com/www/wp-includes/template.php(718): load_template('/home/vr488025/...', true, Array)
#4 /home/vr488025/yapposushi.com/www/wp-includes/general-template.php(48): locate_template(Array, true, true, Array)
#5 /home/vr488025/yapposushi.com/www/wp-content/themes/yappo/404.php(10): get_header()
#6 /home/vr488025/yapposushi.com/www/wp-includes/template-loader.php(106): include('/home/vr488025/...')
#7 /home/vr488025/yapposushi.com/www/wp-blog-header.php(19): require_once('/home/vr488025/...')
#8 /home/vr488 у /home/vr488025/yapposushi.com/www/wp-content/themes/yappo/inc/checkout.php доступно 185

2023-07-07T09:58:04+00:00 CRITICAL Uncaught Error: Call to a member function get_billing_state() on null in /home/vr488025/yapposushi.com/www/wp-content/themes/yappo/inc/checkout.php:185
Stack trace:
#0 /home/vr488025/yapposushi.com/www/wp-content/themes/yappo/inc/checkout.php(207): yappo_get_chosen_region()
#1 /home/vr488025/yapposushi.com/www/wp-content/themes/yappo/header.php(94): yappo_get_chosen_header_adress()
#2 /home/vr488025/yapposushi.com/www/wp-includes/template.php(783): require_once('/home/vr488025/...')
#3 /home/vr488025/yapposushi.com/www/wp-includes/template.php(718): load_template('/home/vr488025/...', true, Array)
#4 /home/vr488025/yapposushi.com/www/wp-includes/general-template.php(48): locate_template(Array, true, true, Array)
#5 /home/vr488025/yapposushi.com/www/wp-content/themes/yappo/404.php(10): get_header()
#6 /home/vr488025/yapposushi.com/www/wp-includes/template-loader.php(106): include('/home/vr488025/...')
#7 /home/vr488025/yapposushi.com/www/wp-blog-header.php(19): require_once('/home/vr488025/...')
#8 /home/vr488 у /home/vr488025/yapposushi.com/www/wp-content/themes/yappo/inc/checkout.php доступно 185

2023-07-07T09:58:04+00:00 CRITICAL Uncaught Error: Call to a member function get_billing_state() on null in /home/vr488025/yapposushi.com/www/wp-content/themes/yappo/inc/checkout.php:185
Stack trace:
#0 /home/vr488025/yapposushi.com/www/wp-content/themes/yappo/inc/checkout.php(207): yappo_get_chosen_region()
#1 /home/vr488025/yapposushi.com/www/wp-content/themes/yappo/header.php(94): yappo_get_chosen_header_adress()
#2 /home/vr488025/yapposushi.com/www/wp-includes/template.php(783): require_once('/home/vr488025/...')
#3 /home/vr488025/yapposushi.com/www/wp-includes/template.php(718): load_template('/home/vr488025/...', true, Array)
#4 /home/vr488025/yapposushi.com/www/wp-includes/general-template.php(48): locate_template(Array, true, true, Array)
#5 /home/vr488025/yapposushi.com/www/wp-content/themes/yappo/404.php(10): get_header()
#6 /home/vr488025/yapposushi.com/www/wp-includes/template-loader.php(106): include('/home/vr488025/...')
#7 /home/vr488025/yapposushi.com/www/wp-blog-header.php(19): require_once('/home/vr488025/...')
#8 /home/vr488 у /home/vr488025/yapposushi.com/www/wp-content/themes/yappo/inc/checkout.php доступно 185

2023-07-07T09:58:04+00:00 CRITICAL Uncaught Error: Call to a member function get_billing_state() on null in /home/vr488025/yapposushi.com/www/wp-content/themes/yappo/inc/checkout.php:185
Stack trace:
#0 /home/vr488025/yapposushi.com/www/wp-content/themes/yappo/inc/checkout.php(207): yappo_get_chosen_region()
#1 /home/vr488025/yapposushi.com/www/wp-content/themes/yappo/header.php(94): yappo_get_chosen_header_adress()
#2 /home/vr488025/yapposushi.com/www/wp-includes/template.php(783): require_once('/home/vr488025/...')
#3 /home/vr488025/yapposushi.com/www/wp-includes/template.php(718): load_template('/home/vr488025/...', true, Array)
#4 /home/vr488025/yapposushi.com/www/wp-includes/general-template.php(48): locate_template(Array, true, true, Array)
#5 /home/vr488025/yapposushi.com/www/wp-content/themes/yappo/404.php(10): get_header()
#6 /home/vr488025/yapposushi.com/www/wp-includes/template-loader.php(106): include('/home/vr488025/...')
#7 /home/vr488025/yapposushi.com/www/wp-blog-header.php(19): require_once('/home/vr488025/...')
#8 /home/vr488 у /home/vr488025/yapposushi.com/www/wp-content/themes/yappo/inc/checkout.php доступно 185

2023-07-07T09:58:50+00:00 CRITICAL Uncaught Error: Call to a member function get_billing_state() on null in /home/vr488025/yapposushi.com/www/wp-content/themes/yappo/inc/checkout.php:185
Stack trace:
#0 /home/vr488025/yapposushi.com/www/wp-content/themes/yappo/inc/checkout.php(207): yappo_get_chosen_region()
#1 /home/vr488025/yapposushi.com/www/wp-content/themes/yappo/header.php(94): yappo_get_chosen_header_adress()
#2 /home/vr488025/yapposushi.com/www/wp-includes/template.php(783): require_once('/home/vr488025/...')
#3 /home/vr488025/yapposushi.com/www/wp-includes/template.php(718): load_template('/home/vr488025/...', true, Array)
#4 /home/vr488025/yapposushi.com/www/wp-includes/general-template.php(48): locate_template(Array, true, true, Array)
#5 /home/vr488025/yapposushi.com/www/wp-content/themes/yappo/404.php(10): get_header()
#6 /home/vr488025/yapposushi.com/www/wp-includes/template-loader.php(106): include('/home/vr488025/...')
#7 /home/vr488025/yapposushi.com/www/wp-blog-header.php(19): require_once('/home/vr488025/...')
#8 /home/vr488 у /home/vr488025/yapposushi.com/www/wp-content/themes/yappo/inc/checkout.php доступно 185

2023-07-07T09:58:51+00:00 CRITICAL Uncaught Error: Call to a member function get_billing_state() on null in /home/vr488025/yapposushi.com/www/wp-content/themes/yappo/inc/checkout.php:185
Stack trace:
#0 /home/vr488025/yapposushi.com/www/wp-content/themes/yappo/inc/checkout.php(207): yappo_get_chosen_region()
#1 /home/vr488025/yapposushi.com/www/wp-content/themes/yappo/header.php(94): yappo_get_chosen_header_adress()
#2 /home/vr488025/yapposushi.com/www/wp-includes/template.php(783): require_once('/home/vr488025/...')
#3 /home/vr488025/yapposushi.com/www/wp-includes/template.php(718): load_template('/home/vr488025/...', true, Array)
#4 /home/vr488025/yapposushi.com/www/wp-includes/general-template.php(48): locate_template(Array, true, true, Array)
#5 /home/vr488025/yapposushi.com/www/wp-content/themes/yappo/404.php(10): get_header()
#6 /home/vr488025/yapposushi.com/www/wp-includes/template-loader.php(106): include('/home/vr488025/...')
#7 /home/vr488025/yapposushi.com/www/wp-blog-header.php(19): require_once('/home/vr488025/...')
#8 /home/vr488 у /home/vr488025/yapposushi.com/www/wp-content/themes/yappo/inc/checkout.php доступно 185

2023-07-07T09:58:52+00:00 CRITICAL Uncaught Error: Call to a member function get_billing_state() on null in /home/vr488025/yapposushi.com/www/wp-content/themes/yappo/inc/checkout.php:185
Stack trace:
#0 /home/vr488025/yapposushi.com/www/wp-content/themes/yappo/inc/checkout.php(207): yappo_get_chosen_region()
#1 /home/vr488025/yapposushi.com/www/wp-content/themes/yappo/header.php(94): yappo_get_chosen_header_adress()
#2 /home/vr488025/yapposushi.com/www/wp-includes/template.php(783): require_once('/home/vr488025/...')
#3 /home/vr488025/yapposushi.com/www/wp-includes/template.php(718): load_template('/home/vr488025/...', true, Array)
#4 /home/vr488025/yapposushi.com/www/wp-includes/general-template.php(48): locate_template(Array, true, true, Array)
#5 /home/vr488025/yapposushi.com/www/wp-content/themes/yappo/404.php(10): get_header()
#6 /home/vr488025/yapposushi.com/www/wp-includes/template-loader.php(106): include('/home/vr488025/...')
#7 /home/vr488025/yapposushi.com/www/wp-blog-header.php(19): require_once('/home/vr488025/...')
#8 /home/vr488 у /home/vr488025/yapposushi.com/www/wp-content/themes/yappo/inc/checkout.php доступно 185

2023-07-07T09:58:52+00:00 CRITICAL Uncaught Error: Call to a member function get_billing_state() on null in /home/vr488025/yapposushi.com/www/wp-content/themes/yappo/inc/checkout.php:185
Stack trace:
#0 /home/vr488025/yapposushi.com/www/wp-content/themes/yappo/inc/checkout.php(207): yappo_get_chosen_region()
#1 /home/vr488025/yapposushi.com/www/wp-content/themes/yappo/header.php(94): yappo_get_chosen_header_adress()
#2 /home/vr488025/yapposushi.com/www/wp-includes/template.php(783): require_once('/home/vr488025/...')
#3 /home/vr488025/yapposushi.com/www/wp-includes/template.php(718): load_template('/home/vr488025/...', true, Array)
#4 /home/vr488025/yapposushi.com/www/wp-includes/general-template.php(48): locate_template(Array, true, true, Array)
#5 /home/vr488025/yapposushi.com/www/wp-content/themes/yappo/404.php(10): get_header()
#6 /home/vr488025/yapposushi.com/www/wp-includes/template-loader.php(106): include('/home/vr488025/...')
#7 /home/vr488025/yapposushi.com/www/wp-blog-header.php(19): require_once('/home/vr488025/...')
#8 /home/vr488 у /home/vr488025/yapposushi.com/www/wp-content/themes/yappo/inc/checkout.php доступно 185

2023-07-07T09:58:54+00:00 CRITICAL Uncaught Error: Call to a member function get_billing_state() on null in /home/vr488025/yapposushi.com/www/wp-content/themes/yappo/inc/checkout.php:185
Stack trace:
#0 /home/vr488025/yapposushi.com/www/wp-content/themes/yappo/inc/checkout.php(207): yappo_get_chosen_region()
#1 /home/vr488025/yapposushi.com/www/wp-content/themes/yappo/header.php(94): yappo_get_chosen_header_adress()
#2 /home/vr488025/yapposushi.com/www/wp-includes/template.php(783): require_once('/home/vr488025/...')
#3 /home/vr488025/yapposushi.com/www/wp-includes/template.php(718): load_template('/home/vr488025/...', true, Array)
#4 /home/vr488025/yapposushi.com/www/wp-includes/general-template.php(48): locate_template(Array, true, true, Array)
#5 /home/vr488025/yapposushi.com/www/wp-content/themes/yappo/404.php(10): get_header()
#6 /home/vr488025/yapposushi.com/www/wp-includes/template-loader.php(106): include('/home/vr488025/...')
#7 /home/vr488025/yapposushi.com/www/wp-blog-header.php(19): require_once('/home/vr488025/...')
#8 /home/vr488 у /home/vr488025/yapposushi.com/www/wp-content/themes/yappo/inc/checkout.php доступно 185

2023-07-07T12:30:39+00:00 CRITICAL Uncaught TypeError: Argument 1 passed to WPML\Core\BackgroundTask\Repository\BackgroundTaskRepository::createFromQueryResult() must be of the type array, null given, called in /home/vr488025/yapposushi.com/www/wp-content/plugins/sitepress-multilingual-cms/vendor/wpml/core-api/core/BackgroundTask/Repository/BackgroundTaskRepository.php on line 29 and defined in /home/vr488025/yapposushi.com/www/wp-content/plugins/sitepress-multilingual-cms/vendor/wpml/core-api/core/BackgroundTask/Repository/BackgroundTaskRepository.php:101
Stack trace:
#0 /home/vr488025/yapposushi.com/www/wp-content/plugins/sitepress-multilingual-cms/vendor/wpml/core-api/core/BackgroundTask/Repository/BackgroundTaskRepository.php(29): WPML\Core\BackgroundTask\Repository\BackgroundTaskRepository->createFromQueryResult(NULL)
#1 /home/vr488025/yapposushi.com/www/wp-content/plugins/sitepress-multilingual-cms/vendor/wpml/core-api/core/BackgroundTask/Service/BackgroundTaskService.php(54): WPML\Core\BackgroundTask\Repository\BackgroundTaskRepository- у /home/vr488025/yapposushi.com/www/wp-content/plugins/sitepress-multilingual-cms/vendor/wpml/core-api/core/BackgroundTask/Repository/BackgroundTaskRepository.php доступно 101

2023-07-07T12:30:45+00:00 CRITICAL Uncaught TypeError: Argument 1 passed to WPML\Core\BackgroundTask\Repository\BackgroundTaskRepository::createFromQueryResult() must be of the type array, null given, called in /home/vr488025/yapposushi.com/www/wp-content/plugins/sitepress-multilingual-cms/vendor/wpml/core-api/core/BackgroundTask/Repository/BackgroundTaskRepository.php on line 29 and defined in /home/vr488025/yapposushi.com/www/wp-content/plugins/sitepress-multilingual-cms/vendor/wpml/core-api/core/BackgroundTask/Repository/BackgroundTaskRepository.php:101
Stack trace:
#0 /home/vr488025/yapposushi.com/www/wp-content/plugins/sitepress-multilingual-cms/vendor/wpml/core-api/core/BackgroundTask/Repository/BackgroundTaskRepository.php(29): WPML\Core\BackgroundTask\Repository\BackgroundTaskRepository->createFromQueryResult(NULL)
#1 /home/vr488025/yapposushi.com/www/wp-content/plugins/sitepress-multilingual-cms/vendor/wpml/core-api/core/BackgroundTask/Service/BackgroundTaskService.php(54): WPML\Core\BackgroundTask\Repository\BackgroundTaskRepository- у /home/vr488025/yapposushi.com/www/wp-content/plugins/sitepress-multilingual-cms/vendor/wpml/core-api/core/BackgroundTask/Repository/BackgroundTaskRepository.php доступно 101

