2023-07-20T08:43:07+00:00 CRITICAL Uncaught TypeError: implode(): Argument #1 ($pieces) must be of type array, string given in /Applications/XAMPP/xamppfiles/htdocs/NinesQuares/yappo.loc/wordpress/wp-content/plugins/custom-gutenberg-plugin/blocks/ProductCategory/template.php:87
Stack trace:
#0 /Applications/XAMPP/xamppfiles/htdocs/NinesQuares/yappo.loc/wordpress/wp-content/plugins/custom-gutenberg-plugin/blocks/ProductCategory/template.php(87): implode(',', NULL)
#1 /Applications/XAMPP/xamppfiles/htdocs/NinesQuares/yappo.loc/wordpress/wp-content/plugins/advanced-custom-fields-pro/pro/blocks.php(678): include('/Applications/X...')
#2 /Applications/XAMPP/xamppfiles/htdocs/NinesQuares/yappo.loc/wordpress/wp-includes/class-wp-hook.php(308): acf_block_render_template(Array, '', false, 567, Object(WP_Block), Array)
#3 /Applications/XAMPP/xamppfiles/htdocs/NinesQuares/yappo.loc/wordpress/wp-includes/class-wp-hook.php(332): WP_Hook->apply_filters('', Array)
#4 /Applications/XAMPP/xamppfiles/htdocs/NinesQuares/yappo.loc/wordpress/wp-includes/plugin.php(517): WP_Hook->do_action(Array)
#5 /Applications/XAMPP/xamppfiles/htdocs/NinesQuares/yappo.loc/wordpress/wp-content/plugins/advanced-custom-fields-pro/pro/blocks.php(652): do_action('acf_block_rende...', Array, '', false, 567, Object(WP_Block), Array)
#6 /Applications/XAMPP/xamppfiles/htdocs/NinesQuares/yappo.loc/wordpress/wp-content/plugins/advanced-custom-fields-pro/pro/blocks.php(569): acf_render_block(Array, '', false, 567, Object(WP_Block), Array)
#7 /Applications/XAMPP/xamppfiles/htdocs/NinesQuares/yappo.loc/wordpress/wp-content/plugins/advanced-custom-fields-pro/pro/blocks.php(502): acf_rendered_block(Array, '', false, 567, Object(WP_Block))
#8 /Applications/XAMPP/xamppfiles/htdocs/NinesQuares/yappo.loc/wordpress/wp-includes/class-wp-block.php(258): acf_render_block_callback(Array, '', Object(WP_Block))
#9 /Applications/XAMPP/xamppfiles/htdocs/NinesQuares/yappo.loc/wordpress/wp-includes/blocks.php(1072): WP_Block->render()
#10 /Applications/XAMPP/xamppfiles/htdocs/NinesQuares/yappo.loc/wordpress/wp-includes/blocks.php(1110): render_block(Array)
#11 /Applications/XAMPP/xamppfiles/htdocs/NinesQuares/yappo.loc/wordpress/wp-includes/class-wp-hook.php(308): do_blocks('<!-- wp:acf/pro...')
#12 /Applications/XAMPP/xamppfiles/htdocs/NinesQuares/yappo.loc/wordpress/wp-includes/plugin.php(205): WP_Hook->apply_filters('<!-- wp:acf/pro...', Array)
#13 /Applications/XAMPP/xamppfiles/htdocs/NinesQuares/yappo.loc/wordpress/wp-content/plugins/wordpress-seo/src/builders/indexable-link-builder.php(115): apply_filters('the_content', '<!-- wp:acf/pro...')
#14 /Applications/XAMPP/xamppfiles/htdocs/NinesQuares/yappo.loc/wordpress/wp-content/plugins/wordpress-seo/src/actions/indexing/abstract-link-indexing-action.php(65): Yoast\WP\SEO\Builders\Indexable_Link_Builder->build(Object(Yoast\WP\SEO\Models\Indexable), '<!-- wp:acf/pro...')
#15 /Applications/XAMPP/xamppfiles/htdocs/NinesQuares/yappo.loc/wordpress/wp-content/plugins/wordpress-seo/src/integrations/admin/background-indexing-integration.php(219): Yoast\WP\SEO\Actions\Indexing\Abstract_Link_Indexing_Action->index()
#16 /Applications/XAMPP/xamppfiles/htdocs/NinesQuares/yappo.loc/wordpress/wp-includes/class-wp-hook.php(308): Yoast\WP\SEO\Integrations\Admin\Background_Indexing_Integration->index()
#17 /Applications/XAMPP/xamppfiles/htdocs/NinesQuares/yappo.loc/wordpress/wp-includes/class-wp-hook.php(332): WP_Hook->apply_filters('', Array)
#18 /Applications/XAMPP/xamppfiles/htdocs/NinesQuares/yappo.loc/wordpress/wp-includes/plugin.php(565): WP_Hook->do_action(Array)
#19 /Applications/XAMPP/xamppfiles/htdocs/NinesQuares/yappo.loc/wordpress/wp-cron.php(188): do_action_ref_array('wpseo_indexable...', Array)
#20 {main}
  thrown у /Applications/XAMPP/xamppfiles/htdocs/NinesQuares/yappo.loc/wordpress/wp-content/plugins/custom-gutenberg-plugin/blocks/ProductCategory/template.php доступно 87

2023-07-20T08:43:07+00:00 CRITICAL Uncaught TypeError: implode(): Argument #1 ($pieces) must be of type array, string given in /Applications/XAMPP/xamppfiles/htdocs/NinesQuares/yappo.loc/wordpress/wp-content/plugins/custom-gutenberg-plugin/blocks/ProductCategory/template.php:87
Stack trace:
#0 /Applications/XAMPP/xamppfiles/htdocs/NinesQuares/yappo.loc/wordpress/wp-content/plugins/custom-gutenberg-plugin/blocks/ProductCategory/template.php(87): implode(',', NULL)
#1 /Applications/XAMPP/xamppfiles/htdocs/NinesQuares/yappo.loc/wordpress/wp-content/plugins/advanced-custom-fields-pro/pro/blocks.php(678): include('/Applications/X...')
#2 /Applications/XAMPP/xamppfiles/htdocs/NinesQuares/yappo.loc/wordpress/wp-includes/class-wp-hook.php(308): acf_block_render_template(Array, '', false, 567, Object(WP_Block), Array)
#3 /Applications/XAMPP/xamppfiles/htdocs/NinesQuares/yappo.loc/wordpress/wp-includes/class-wp-hook.php(332): WP_Hook->apply_filters('', Array)
#4 /Applications/XAMPP/xamppfiles/htdocs/NinesQuares/yappo.loc/wordpress/wp-includes/plugin.php(517): WP_Hook->do_action(Array)
#5 /Applications/XAMPP/xamppfiles/htdocs/NinesQuares/yappo.loc/wordpress/wp-content/plugins/advanced-custom-fields-pro/pro/blocks.php(652): do_action('acf_block_rende...', Array, '', false, 567, Object(WP_Block), Array)
#6 /Applications/XAMPP/xamppfiles/htdocs/NinesQuares/yappo.loc/wordpress/wp-content/plugins/advanced-custom-fields-pro/pro/blocks.php(569): acf_render_block(Array, '', false, 567, Object(WP_Block), Array)
#7 /Applications/XAMPP/xamppfiles/htdocs/NinesQuares/yappo.loc/wordpress/wp-content/plugins/advanced-custom-fields-pro/pro/blocks.php(502): acf_rendered_block(Array, '', false, 567, Object(WP_Block))
#8 /Applications/XAMPP/xamppfiles/htdocs/NinesQuares/yappo.loc/wordpress/wp-includes/class-wp-block.php(258): acf_render_block_callback(Array, '', Object(WP_Block))
#9 /Applications/XAMPP/xamppfiles/htdocs/NinesQuares/yappo.loc/wordpress/wp-includes/blocks.php(1072): WP_Block->render()
#10 /Applications/XAMPP/xamppfiles/htdocs/NinesQuares/yappo.loc/wordpress/wp-includes/blocks.php(1110): render_block(Array)
#11 /Applications/XAMPP/xamppfiles/htdocs/NinesQuares/yappo.loc/wordpress/wp-includes/class-wp-hook.php(308): do_blocks('<!-- wp:acf/pro...')
#12 /Applications/XAMPP/xamppfiles/htdocs/NinesQuares/yappo.loc/wordpress/wp-includes/plugin.php(205): WP_Hook->apply_filters('<!-- wp:acf/pro...', Array)
#13 /Applications/XAMPP/xamppfiles/htdocs/NinesQuares/yappo.loc/wordpress/wp-content/plugins/wordpress-seo/src/builders/indexable-link-builder.php(115): apply_filters('the_content', '<!-- wp:acf/pro...')
#14 /Applications/XAMPP/xamppfiles/htdocs/NinesQuares/yappo.loc/wordpress/wp-content/plugins/wordpress-seo/src/actions/indexing/abstract-link-indexing-action.php(65): Yoast\WP\SEO\Builders\Indexable_Link_Builder->build(Object(Yoast\WP\SEO\Models\Indexable), '<!-- wp:acf/pro...')
#15 /Applications/XAMPP/xamppfiles/htdocs/NinesQuares/yappo.loc/wordpress/wp-content/plugins/wordpress-seo/src/integrations/admin/background-indexing-integration.php(219): Yoast\WP\SEO\Actions\Indexing\Abstract_Link_Indexing_Action->index()
#16 /Applications/XAMPP/xamppfiles/htdocs/NinesQuares/yappo.loc/wordpress/wp-includes/class-wp-hook.php(308): Yoast\WP\SEO\Integrations\Admin\Background_Indexing_Integration->index()
#17 /Applications/XAMPP/xamppfiles/htdocs/NinesQuares/yappo.loc/wordpress/wp-includes/class-wp-hook.php(332): WP_Hook->apply_filters('', Array)
#18 /Applications/XAMPP/xamppfiles/htdocs/NinesQuares/yappo.loc/wordpress/wp-includes/plugin.php(565): WP_Hook->do_action(Array)
#19 /Applications/XAMPP/xamppfiles/htdocs/NinesQuares/yappo.loc/wordpress/wp-cron.php(188): do_action_ref_array('wpseo_indexable...', Array)
#20 {main}
  thrown у /Applications/XAMPP/xamppfiles/htdocs/NinesQuares/yappo.loc/wordpress/wp-content/plugins/custom-gutenberg-plugin/blocks/ProductCategory/template.php доступно 87

2023-07-20T08:45:40+00:00 CRITICAL Uncaught TypeError: implode(): Argument #1 ($pieces) must be of type array, string given in /Applications/XAMPP/xamppfiles/htdocs/NinesQuares/yappo.loc/wordpress/wp-content/plugins/custom-gutenberg-plugin/blocks/ProductCategory/template.php:87
Stack trace:
#0 /Applications/XAMPP/xamppfiles/htdocs/NinesQuares/yappo.loc/wordpress/wp-content/plugins/custom-gutenberg-plugin/blocks/ProductCategory/template.php(87): implode(',', NULL)
#1 /Applications/XAMPP/xamppfiles/htdocs/NinesQuares/yappo.loc/wordpress/wp-content/plugins/advanced-custom-fields-pro/pro/blocks.php(678): include('/Applications/X...')
#2 /Applications/XAMPP/xamppfiles/htdocs/NinesQuares/yappo.loc/wordpress/wp-includes/class-wp-hook.php(308): acf_block_render_template(Array, '', false, 567, Object(WP_Block), Array)
#3 /Applications/XAMPP/xamppfiles/htdocs/NinesQuares/yappo.loc/wordpress/wp-includes/class-wp-hook.php(332): WP_Hook->apply_filters('', Array)
#4 /Applications/XAMPP/xamppfiles/htdocs/NinesQuares/yappo.loc/wordpress/wp-includes/plugin.php(517): WP_Hook->do_action(Array)
#5 /Applications/XAMPP/xamppfiles/htdocs/NinesQuares/yappo.loc/wordpress/wp-content/plugins/advanced-custom-fields-pro/pro/blocks.php(652): do_action('acf_block_rende...', Array, '', false, 567, Object(WP_Block), Array)
#6 /Applications/XAMPP/xamppfiles/htdocs/NinesQuares/yappo.loc/wordpress/wp-content/plugins/advanced-custom-fields-pro/pro/blocks.php(569): acf_render_block(Array, '', false, 567, Object(WP_Block), Array)
#7 /Applications/XAMPP/xamppfiles/htdocs/NinesQuares/yappo.loc/wordpress/wp-content/plugins/advanced-custom-fields-pro/pro/blocks.php(502): acf_rendered_block(Array, '', false, 567, Object(WP_Block))
#8 /Applications/XAMPP/xamppfiles/htdocs/NinesQuares/yappo.loc/wordpress/wp-includes/class-wp-block.php(258): acf_render_block_callback(Array, '', Object(WP_Block))
#9 /Applications/XAMPP/xamppfiles/htdocs/NinesQuares/yappo.loc/wordpress/wp-includes/blocks.php(1072): WP_Block->render()
#10 /Applications/XAMPP/xamppfiles/htdocs/NinesQuares/yappo.loc/wordpress/wp-includes/blocks.php(1110): render_block(Array)
#11 /Applications/XAMPP/xamppfiles/htdocs/NinesQuares/yappo.loc/wordpress/wp-includes/class-wp-hook.php(308): do_blocks('<!-- wp:acf/pro...')
#12 /Applications/XAMPP/xamppfiles/htdocs/NinesQuares/yappo.loc/wordpress/wp-includes/plugin.php(205): WP_Hook->apply_filters('<!-- wp:acf/pro...', Array)
#13 /Applications/XAMPP/xamppfiles/htdocs/NinesQuares/yappo.loc/wordpress/wp-content/plugins/wordpress-seo/src/builders/indexable-link-builder.php(115): apply_filters('the_content', '<!-- wp:acf/pro...')
#14 /Applications/XAMPP/xamppfiles/htdocs/NinesQuares/yappo.loc/wordpress/wp-content/plugins/wordpress-seo/src/actions/indexing/abstract-link-indexing-action.php(65): Yoast\WP\SEO\Builders\Indexable_Link_Builder->build(Object(Yoast\WP\SEO\Models\Indexable), '<!-- wp:acf/pro...')
#15 /Applications/XAMPP/xamppfiles/htdocs/NinesQuares/yappo.loc/wordpress/wp-content/plugins/wordpress-seo/src/integrations/admin/background-indexing-integration.php(219): Yoast\WP\SEO\Actions\Indexing\Abstract_Link_Indexing_Action->index()
#16 /Applications/XAMPP/xamppfiles/htdocs/NinesQuares/yappo.loc/wordpress/wp-includes/class-wp-hook.php(308): Yoast\WP\SEO\Integrations\Admin\Background_Indexing_Integration->index()
#17 /Applications/XAMPP/xamppfiles/htdocs/NinesQuares/yappo.loc/wordpress/wp-includes/class-wp-hook.php(332): WP_Hook->apply_filters('', Array)
#18 /Applications/XAMPP/xamppfiles/htdocs/NinesQuares/yappo.loc/wordpress/wp-includes/plugin.php(565): WP_Hook->do_action(Array)
#19 /Applications/XAMPP/xamppfiles/htdocs/NinesQuares/yappo.loc/wordpress/wp-cron.php(188): do_action_ref_array('wpseo_indexable...', Array)
#20 {main}
  thrown у /Applications/XAMPP/xamppfiles/htdocs/NinesQuares/yappo.loc/wordpress/wp-content/plugins/custom-gutenberg-plugin/blocks/ProductCategory/template.php доступно 87

2023-07-20T08:45:40+00:00 CRITICAL Uncaught TypeError: implode(): Argument #1 ($pieces) must be of type array, string given in /Applications/XAMPP/xamppfiles/htdocs/NinesQuares/yappo.loc/wordpress/wp-content/plugins/custom-gutenberg-plugin/blocks/ProductCategory/template.php:87
Stack trace:
#0 /Applications/XAMPP/xamppfiles/htdocs/NinesQuares/yappo.loc/wordpress/wp-content/plugins/custom-gutenberg-plugin/blocks/ProductCategory/template.php(87): implode(',', NULL)
#1 /Applications/XAMPP/xamppfiles/htdocs/NinesQuares/yappo.loc/wordpress/wp-content/plugins/advanced-custom-fields-pro/pro/blocks.php(678): include('/Applications/X...')
#2 /Applications/XAMPP/xamppfiles/htdocs/NinesQuares/yappo.loc/wordpress/wp-includes/class-wp-hook.php(308): acf_block_render_template(Array, '', false, 567, Object(WP_Block), Array)
#3 /Applications/XAMPP/xamppfiles/htdocs/NinesQuares/yappo.loc/wordpress/wp-includes/class-wp-hook.php(332): WP_Hook->apply_filters('', Array)
#4 /Applications/XAMPP/xamppfiles/htdocs/NinesQuares/yappo.loc/wordpress/wp-includes/plugin.php(517): WP_Hook->do_action(Array)
#5 /Applications/XAMPP/xamppfiles/htdocs/NinesQuares/yappo.loc/wordpress/wp-content/plugins/advanced-custom-fields-pro/pro/blocks.php(652): do_action('acf_block_rende...', Array, '', false, 567, Object(WP_Block), Array)
#6 /Applications/XAMPP/xamppfiles/htdocs/NinesQuares/yappo.loc/wordpress/wp-content/plugins/advanced-custom-fields-pro/pro/blocks.php(569): acf_render_block(Array, '', false, 567, Object(WP_Block), Array)
#7 /Applications/XAMPP/xamppfiles/htdocs/NinesQuares/yappo.loc/wordpress/wp-content/plugins/advanced-custom-fields-pro/pro/blocks.php(502): acf_rendered_block(Array, '', false, 567, Object(WP_Block))
#8 /Applications/XAMPP/xamppfiles/htdocs/NinesQuares/yappo.loc/wordpress/wp-includes/class-wp-block.php(258): acf_render_block_callback(Array, '', Object(WP_Block))
#9 /Applications/XAMPP/xamppfiles/htdocs/NinesQuares/yappo.loc/wordpress/wp-includes/blocks.php(1072): WP_Block->render()
#10 /Applications/XAMPP/xamppfiles/htdocs/NinesQuares/yappo.loc/wordpress/wp-includes/blocks.php(1110): render_block(Array)
#11 /Applications/XAMPP/xamppfiles/htdocs/NinesQuares/yappo.loc/wordpress/wp-includes/class-wp-hook.php(308): do_blocks('<!-- wp:acf/pro...')
#12 /Applications/XAMPP/xamppfiles/htdocs/NinesQuares/yappo.loc/wordpress/wp-includes/plugin.php(205): WP_Hook->apply_filters('<!-- wp:acf/pro...', Array)
#13 /Applications/XAMPP/xamppfiles/htdocs/NinesQuares/yappo.loc/wordpress/wp-content/plugins/wordpress-seo/src/builders/indexable-link-builder.php(115): apply_filters('the_content', '<!-- wp:acf/pro...')
#14 /Applications/XAMPP/xamppfiles/htdocs/NinesQuares/yappo.loc/wordpress/wp-content/plugins/wordpress-seo/src/actions/indexing/abstract-link-indexing-action.php(65): Yoast\WP\SEO\Builders\Indexable_Link_Builder->build(Object(Yoast\WP\SEO\Models\Indexable), '<!-- wp:acf/pro...')
#15 /Applications/XAMPP/xamppfiles/htdocs/NinesQuares/yappo.loc/wordpress/wp-content/plugins/wordpress-seo/src/integrations/admin/background-indexing-integration.php(219): Yoast\WP\SEO\Actions\Indexing\Abstract_Link_Indexing_Action->index()
#16 /Applications/XAMPP/xamppfiles/htdocs/NinesQuares/yappo.loc/wordpress/wp-includes/class-wp-hook.php(308): Yoast\WP\SEO\Integrations\Admin\Background_Indexing_Integration->index()
#17 /Applications/XAMPP/xamppfiles/htdocs/NinesQuares/yappo.loc/wordpress/wp-includes/class-wp-hook.php(332): WP_Hook->apply_filters('', Array)
#18 /Applications/XAMPP/xamppfiles/htdocs/NinesQuares/yappo.loc/wordpress/wp-includes/plugin.php(565): WP_Hook->do_action(Array)
#19 /Applications/XAMPP/xamppfiles/htdocs/NinesQuares/yappo.loc/wordpress/wp-cron.php(188): do_action_ref_array('wpseo_indexable...', Array)
#20 {main}
  thrown у /Applications/XAMPP/xamppfiles/htdocs/NinesQuares/yappo.loc/wordpress/wp-content/plugins/custom-gutenberg-plugin/blocks/ProductCategory/template.php доступно 87

2023-07-20T09:01:01+00:00 CRITICAL Uncaught TypeError: implode(): Argument #1 ($pieces) must be of type array, string given in /Applications/XAMPP/xamppfiles/htdocs/NinesQuares/yappo.loc/wordpress/wp-content/plugins/custom-gutenberg-plugin/blocks/ProductCategory/template.php:87
Stack trace:
#0 /Applications/XAMPP/xamppfiles/htdocs/NinesQuares/yappo.loc/wordpress/wp-content/plugins/custom-gutenberg-plugin/blocks/ProductCategory/template.php(87): implode(',', NULL)
#1 /Applications/XAMPP/xamppfiles/htdocs/NinesQuares/yappo.loc/wordpress/wp-content/plugins/advanced-custom-fields-pro/pro/blocks.php(678): include('/Applications/X...')
#2 /Applications/XAMPP/xamppfiles/htdocs/NinesQuares/yappo.loc/wordpress/wp-includes/class-wp-hook.php(308): acf_block_render_template(Array, '', false, 567, Object(WP_Block), Array)
#3 /Applications/XAMPP/xamppfiles/htdocs/NinesQuares/yappo.loc/wordpress/wp-includes/class-wp-hook.php(332): WP_Hook->apply_filters('', Array)
#4 /Applications/XAMPP/xamppfiles/htdocs/NinesQuares/yappo.loc/wordpress/wp-includes/plugin.php(517): WP_Hook->do_action(Array)
#5 /Applications/XAMPP/xamppfiles/htdocs/NinesQuares/yappo.loc/wordpress/wp-content/plugins/advanced-custom-fields-pro/pro/blocks.php(652): do_action('acf_block_rende...', Array, '', false, 567, Object(WP_Block), Array)
#6 /Applications/XAMPP/xamppfiles/htdocs/NinesQuares/yappo.loc/wordpress/wp-content/plugins/advanced-custom-fields-pro/pro/blocks.php(569): acf_render_block(Array, '', false, 567, Object(WP_Block), Array)
#7 /Applications/XAMPP/xamppfiles/htdocs/NinesQuares/yappo.loc/wordpress/wp-content/plugins/advanced-custom-fields-pro/pro/blocks.php(502): acf_rendered_block(Array, '', false, 567, Object(WP_Block))
#8 /Applications/XAMPP/xamppfiles/htdocs/NinesQuares/yappo.loc/wordpress/wp-includes/class-wp-block.php(258): acf_render_block_callback(Array, '', Object(WP_Block))
#9 /Applications/XAMPP/xamppfiles/htdocs/NinesQuares/yappo.loc/wordpress/wp-includes/blocks.php(1072): WP_Block->render()
#10 /Applications/XAMPP/xamppfiles/htdocs/NinesQuares/yappo.loc/wordpress/wp-includes/blocks.php(1110): render_block(Array)
#11 /Applications/XAMPP/xamppfiles/htdocs/NinesQuares/yappo.loc/wordpress/wp-includes/class-wp-hook.php(308): do_blocks('<!-- wp:acf/pro...')
#12 /Applications/XAMPP/xamppfiles/htdocs/NinesQuares/yappo.loc/wordpress/wp-includes/plugin.php(205): WP_Hook->apply_filters('<!-- wp:acf/pro...', Array)
#13 /Applications/XAMPP/xamppfiles/htdocs/NinesQuares/yappo.loc/wordpress/wp-content/plugins/wordpress-seo/src/builders/indexable-link-builder.php(115): apply_filters('the_content', '<!-- wp:acf/pro...')
#14 /Applications/XAMPP/xamppfiles/htdocs/NinesQuares/yappo.loc/wordpress/wp-content/plugins/wordpress-seo/src/actions/indexing/abstract-link-indexing-action.php(65): Yoast\WP\SEO\Builders\Indexable_Link_Builder->build(Object(Yoast\WP\SEO\Models\Indexable), '<!-- wp:acf/pro...')
#15 /Applications/XAMPP/xamppfiles/htdocs/NinesQuares/yappo.loc/wordpress/wp-content/plugins/wordpress-seo/src/integrations/admin/background-indexing-integration.php(219): Yoast\WP\SEO\Actions\Indexing\Abstract_Link_Indexing_Action->index()
#16 /Applications/XAMPP/xamppfiles/htdocs/NinesQuares/yappo.loc/wordpress/wp-includes/class-wp-hook.php(308): Yoast\WP\SEO\Integrations\Admin\Background_Indexing_Integration->index()
#17 /Applications/XAMPP/xamppfiles/htdocs/NinesQuares/yappo.loc/wordpress/wp-includes/class-wp-hook.php(332): WP_Hook->apply_filters('', Array)
#18 /Applications/XAMPP/xamppfiles/htdocs/NinesQuares/yappo.loc/wordpress/wp-includes/plugin.php(565): WP_Hook->do_action(Array)
#19 /Applications/XAMPP/xamppfiles/htdocs/NinesQuares/yappo.loc/wordpress/wp-cron.php(188): do_action_ref_array('wpseo_indexable...', Array)
#20 {main}
  thrown у /Applications/XAMPP/xamppfiles/htdocs/NinesQuares/yappo.loc/wordpress/wp-content/plugins/custom-gutenberg-plugin/blocks/ProductCategory/template.php доступно 87

2023-07-20T09:01:01+00:00 CRITICAL Uncaught TypeError: implode(): Argument #1 ($pieces) must be of type array, string given in /Applications/XAMPP/xamppfiles/htdocs/NinesQuares/yappo.loc/wordpress/wp-content/plugins/custom-gutenberg-plugin/blocks/ProductCategory/template.php:87
Stack trace:
#0 /Applications/XAMPP/xamppfiles/htdocs/NinesQuares/yappo.loc/wordpress/wp-content/plugins/custom-gutenberg-plugin/blocks/ProductCategory/template.php(87): implode(',', NULL)
#1 /Applications/XAMPP/xamppfiles/htdocs/NinesQuares/yappo.loc/wordpress/wp-content/plugins/advanced-custom-fields-pro/pro/blocks.php(678): include('/Applications/X...')
#2 /Applications/XAMPP/xamppfiles/htdocs/NinesQuares/yappo.loc/wordpress/wp-includes/class-wp-hook.php(308): acf_block_render_template(Array, '', false, 567, Object(WP_Block), Array)
#3 /Applications/XAMPP/xamppfiles/htdocs/NinesQuares/yappo.loc/wordpress/wp-includes/class-wp-hook.php(332): WP_Hook->apply_filters('', Array)
#4 /Applications/XAMPP/xamppfiles/htdocs/NinesQuares/yappo.loc/wordpress/wp-includes/plugin.php(517): WP_Hook->do_action(Array)
#5 /Applications/XAMPP/xamppfiles/htdocs/NinesQuares/yappo.loc/wordpress/wp-content/plugins/advanced-custom-fields-pro/pro/blocks.php(652): do_action('acf_block_rende...', Array, '', false, 567, Object(WP_Block), Array)
#6 /Applications/XAMPP/xamppfiles/htdocs/NinesQuares/yappo.loc/wordpress/wp-content/plugins/advanced-custom-fields-pro/pro/blocks.php(569): acf_render_block(Array, '', false, 567, Object(WP_Block), Array)
#7 /Applications/XAMPP/xamppfiles/htdocs/NinesQuares/yappo.loc/wordpress/wp-content/plugins/advanced-custom-fields-pro/pro/blocks.php(502): acf_rendered_block(Array, '', false, 567, Object(WP_Block))
#8 /Applications/XAMPP/xamppfiles/htdocs/NinesQuares/yappo.loc/wordpress/wp-includes/class-wp-block.php(258): acf_render_block_callback(Array, '', Object(WP_Block))
#9 /Applications/XAMPP/xamppfiles/htdocs/NinesQuares/yappo.loc/wordpress/wp-includes/blocks.php(1072): WP_Block->render()
#10 /Applications/XAMPP/xamppfiles/htdocs/NinesQuares/yappo.loc/wordpress/wp-includes/blocks.php(1110): render_block(Array)
#11 /Applications/XAMPP/xamppfiles/htdocs/NinesQuares/yappo.loc/wordpress/wp-includes/class-wp-hook.php(308): do_blocks('<!-- wp:acf/pro...')
#12 /Applications/XAMPP/xamppfiles/htdocs/NinesQuares/yappo.loc/wordpress/wp-includes/plugin.php(205): WP_Hook->apply_filters('<!-- wp:acf/pro...', Array)
#13 /Applications/XAMPP/xamppfiles/htdocs/NinesQuares/yappo.loc/wordpress/wp-content/plugins/wordpress-seo/src/builders/indexable-link-builder.php(115): apply_filters('the_content', '<!-- wp:acf/pro...')
#14 /Applications/XAMPP/xamppfiles/htdocs/NinesQuares/yappo.loc/wordpress/wp-content/plugins/wordpress-seo/src/actions/indexing/abstract-link-indexing-action.php(65): Yoast\WP\SEO\Builders\Indexable_Link_Builder->build(Object(Yoast\WP\SEO\Models\Indexable), '<!-- wp:acf/pro...')
#15 /Applications/XAMPP/xamppfiles/htdocs/NinesQuares/yappo.loc/wordpress/wp-content/plugins/wordpress-seo/src/integrations/admin/background-indexing-integration.php(219): Yoast\WP\SEO\Actions\Indexing\Abstract_Link_Indexing_Action->index()
#16 /Applications/XAMPP/xamppfiles/htdocs/NinesQuares/yappo.loc/wordpress/wp-includes/class-wp-hook.php(308): Yoast\WP\SEO\Integrations\Admin\Background_Indexing_Integration->index()
#17 /Applications/XAMPP/xamppfiles/htdocs/NinesQuares/yappo.loc/wordpress/wp-includes/class-wp-hook.php(332): WP_Hook->apply_filters('', Array)
#18 /Applications/XAMPP/xamppfiles/htdocs/NinesQuares/yappo.loc/wordpress/wp-includes/plugin.php(565): WP_Hook->do_action(Array)
#19 /Applications/XAMPP/xamppfiles/htdocs/NinesQuares/yappo.loc/wordpress/wp-cron.php(188): do_action_ref_array('wpseo_indexable...', Array)
#20 {main}
  thrown у /Applications/XAMPP/xamppfiles/htdocs/NinesQuares/yappo.loc/wordpress/wp-content/plugins/custom-gutenberg-plugin/blocks/ProductCategory/template.php доступно 87

