2023-07-05T08:12:25+00:00 CRITICAL Cannot redeclare send_order_to_pipedrive() (previously declared in /home/vr488025/yapposushi.com/www/wp-content/plugins/pipedrive-crm.php:14) у /home/vr488025/yapposushi.com/www/wp-content/themes/yappo/inc/functions-crm.php доступно 6

2023-07-05T08:12:25+00:00 CRITICAL Cannot redeclare send_order_to_pipedrive() (previously declared in /home/vr488025/yapposushi.com/www/wp-content/plugins/pipedrive-crm.php:14) у /home/vr488025/yapposushi.com/www/wp-content/themes/yappo/inc/functions-crm.php доступно 6

2023-07-05T08:12:31+00:00 CRITICAL Cannot redeclare send_order_to_pipedrive() (previously declared in /home/vr488025/yapposushi.com/www/wp-content/plugins/pipedrive-crm.php:14) у /home/vr488025/yapposushi.com/www/wp-content/themes/yappo/inc/functions-crm.php доступно 6

2023-07-05T08:12:31+00:00 CRITICAL Cannot redeclare send_order_to_pipedrive() (previously declared in /home/vr488025/yapposushi.com/www/wp-content/plugins/pipedrive-crm.php:14) у /home/vr488025/yapposushi.com/www/wp-content/themes/yappo/inc/functions-crm.php доступно 6

2023-07-05T08:12:32+00:00 CRITICAL Cannot redeclare send_order_to_pipedrive() (previously declared in /home/vr488025/yapposushi.com/www/wp-content/plugins/pipedrive-crm.php:14) у /home/vr488025/yapposushi.com/www/wp-content/themes/yappo/inc/functions-crm.php доступно 6

2023-07-05T08:12:32+00:00 CRITICAL Cannot redeclare send_order_to_pipedrive() (previously declared in /home/vr488025/yapposushi.com/www/wp-content/plugins/pipedrive-crm.php:14) у /home/vr488025/yapposushi.com/www/wp-content/themes/yappo/inc/functions-crm.php доступно 6

2023-07-05T08:12:32+00:00 CRITICAL Cannot redeclare send_order_to_pipedrive() (previously declared in /home/vr488025/yapposushi.com/www/wp-content/plugins/pipedrive-crm.php:14) у /home/vr488025/yapposushi.com/www/wp-content/themes/yappo/inc/functions-crm.php доступно 6

2023-07-05T08:12:32+00:00 CRITICAL Cannot redeclare send_order_to_pipedrive() (previously declared in /home/vr488025/yapposushi.com/www/wp-content/plugins/pipedrive-crm.php:14) у /home/vr488025/yapposushi.com/www/wp-content/themes/yappo/inc/functions-crm.php доступно 6

2023-07-05T08:12:33+00:00 CRITICAL Cannot redeclare send_order_to_pipedrive() (previously declared in /home/vr488025/yapposushi.com/www/wp-content/plugins/pipedrive-crm.php:14) у /home/vr488025/yapposushi.com/www/wp-content/themes/yappo/inc/functions-crm.php доступно 6

2023-07-05T08:12:33+00:00 CRITICAL Cannot redeclare send_order_to_pipedrive() (previously declared in /home/vr488025/yapposushi.com/www/wp-content/plugins/pipedrive-crm.php:14) у /home/vr488025/yapposushi.com/www/wp-content/themes/yappo/inc/functions-crm.php доступно 6

2023-07-05T08:12:34+00:00 CRITICAL Cannot redeclare send_order_to_pipedrive() (previously declared in /home/vr488025/yapposushi.com/www/wp-content/plugins/pipedrive-crm.php:14) у /home/vr488025/yapposushi.com/www/wp-content/themes/yappo/inc/functions-crm.php доступно 6

2023-07-05T08:12:34+00:00 CRITICAL Cannot redeclare send_order_to_pipedrive() (previously declared in /home/vr488025/yapposushi.com/www/wp-content/plugins/pipedrive-crm.php:14) у /home/vr488025/yapposushi.com/www/wp-content/themes/yappo/inc/functions-crm.php доступно 6

2023-07-05T08:12:44+00:00 CRITICAL Cannot redeclare send_order_to_pipedrive() (previously declared in /home/vr488025/yapposushi.com/www/wp-content/plugins/pipedrive-crm.php:14) у /home/vr488025/yapposushi.com/www/wp-content/themes/yappo/inc/functions-crm.php доступно 6

2023-07-05T08:12:44+00:00 CRITICAL Cannot redeclare send_order_to_pipedrive() (previously declared in /home/vr488025/yapposushi.com/www/wp-content/plugins/pipedrive-crm.php:14) у /home/vr488025/yapposushi.com/www/wp-content/themes/yappo/inc/functions-crm.php доступно 6

2023-07-05T08:12:46+00:00 CRITICAL Cannot redeclare send_order_to_pipedrive() (previously declared in /home/vr488025/yapposushi.com/www/wp-content/plugins/pipedrive-crm.php:14) у /home/vr488025/yapposushi.com/www/wp-content/themes/yappo/inc/functions-crm.php доступно 6

2023-07-05T08:12:46+00:00 CRITICAL Cannot redeclare send_order_to_pipedrive() (previously declared in /home/vr488025/yapposushi.com/www/wp-content/plugins/pipedrive-crm.php:14) у /home/vr488025/yapposushi.com/www/wp-content/themes/yappo/inc/functions-crm.php доступно 6

2023-07-05T08:12:48+00:00 CRITICAL Cannot redeclare send_order_to_pipedrive() (previously declared in /home/vr488025/yapposushi.com/www/wp-content/plugins/pipedrive-crm.php:14) у /home/vr488025/yapposushi.com/www/wp-content/themes/yappo/inc/functions-crm.php доступно 6

2023-07-05T08:12:48+00:00 CRITICAL Cannot redeclare send_order_to_pipedrive() (previously declared in /home/vr488025/yapposushi.com/www/wp-content/plugins/pipedrive-crm.php:14) у /home/vr488025/yapposushi.com/www/wp-content/themes/yappo/inc/functions-crm.php доступно 6

2023-07-05T08:12:49+00:00 CRITICAL Cannot redeclare send_order_to_pipedrive() (previously declared in /home/vr488025/yapposushi.com/www/wp-content/plugins/pipedrive-crm.php:14) у /home/vr488025/yapposushi.com/www/wp-content/themes/yappo/inc/functions-crm.php доступно 6

2023-07-05T08:12:49+00:00 CRITICAL Cannot redeclare send_order_to_pipedrive() (previously declared in /home/vr488025/yapposushi.com/www/wp-content/plugins/pipedrive-crm.php:14) у /home/vr488025/yapposushi.com/www/wp-content/themes/yappo/inc/functions-crm.php доступно 6

2023-07-05T08:12:49+00:00 CRITICAL Cannot redeclare send_order_to_pipedrive() (previously declared in /home/vr488025/yapposushi.com/www/wp-content/plugins/pipedrive-crm.php:14) у /home/vr488025/yapposushi.com/www/wp-content/themes/yappo/inc/functions-crm.php доступно 6

2023-07-05T08:12:49+00:00 CRITICAL Cannot redeclare send_order_to_pipedrive() (previously declared in /home/vr488025/yapposushi.com/www/wp-content/plugins/pipedrive-crm.php:14) у /home/vr488025/yapposushi.com/www/wp-content/themes/yappo/inc/functions-crm.php доступно 6

2023-07-05T08:12:54+00:00 CRITICAL Cannot redeclare send_order_to_pipedrive() (previously declared in /home/vr488025/yapposushi.com/www/wp-content/plugins/pipedrive-crm.php:14) у /home/vr488025/yapposushi.com/www/wp-content/themes/yappo/inc/functions-crm.php доступно 6

2023-07-05T08:12:54+00:00 CRITICAL Cannot redeclare send_order_to_pipedrive() (previously declared in /home/vr488025/yapposushi.com/www/wp-content/plugins/pipedrive-crm.php:14) у /home/vr488025/yapposushi.com/www/wp-content/themes/yappo/inc/functions-crm.php доступно 6

2023-07-05T08:12:54+00:00 CRITICAL Cannot redeclare send_order_to_pipedrive() (previously declared in /home/vr488025/yapposushi.com/www/wp-content/plugins/pipedrive-crm.php:14) у /home/vr488025/yapposushi.com/www/wp-content/themes/yappo/inc/functions-crm.php доступно 6

2023-07-05T08:12:54+00:00 CRITICAL Cannot redeclare send_order_to_pipedrive() (previously declared in /home/vr488025/yapposushi.com/www/wp-content/plugins/pipedrive-crm.php:14) у /home/vr488025/yapposushi.com/www/wp-content/themes/yappo/inc/functions-crm.php доступно 6

2023-07-05T08:13:02+00:00 CRITICAL Cannot redeclare send_order_to_pipedrive() (previously declared in /home/vr488025/yapposushi.com/www/wp-content/plugins/pipedrive-crm.php:14) у /home/vr488025/yapposushi.com/www/wp-content/themes/yappo/inc/functions-crm.php доступно 6

2023-07-05T08:13:02+00:00 CRITICAL Cannot redeclare send_order_to_pipedrive() (previously declared in /home/vr488025/yapposushi.com/www/wp-content/plugins/pipedrive-crm.php:14) у /home/vr488025/yapposushi.com/www/wp-content/themes/yappo/inc/functions-crm.php доступно 6

2023-07-05T08:13:04+00:00 CRITICAL Cannot redeclare send_order_to_pipedrive() (previously declared in /home/vr488025/yapposushi.com/www/wp-content/plugins/pipedrive-crm.php:14) у /home/vr488025/yapposushi.com/www/wp-content/themes/yappo/inc/functions-crm.php доступно 6

2023-07-05T08:13:04+00:00 CRITICAL Cannot redeclare send_order_to_pipedrive() (previously declared in /home/vr488025/yapposushi.com/www/wp-content/plugins/pipedrive-crm.php:14) у /home/vr488025/yapposushi.com/www/wp-content/themes/yappo/inc/functions-crm.php доступно 6

2023-07-05T19:16:08+00:00 CRITICAL Uncaught TypeError: Argument 1 passed to WPML\Core\BackgroundTask\Repository\BackgroundTaskRepository::createFromQueryResult() must be of the type array, null given, called in /home/vr488025/yapposushi.com/www/wp-content/plugins/sitepress-multilingual-cms/vendor/wpml/core-api/core/BackgroundTask/Repository/BackgroundTaskRepository.php on line 29 and defined in /home/vr488025/yapposushi.com/www/wp-content/plugins/sitepress-multilingual-cms/vendor/wpml/core-api/core/BackgroundTask/Repository/BackgroundTaskRepository.php:101
Stack trace:
#0 /home/vr488025/yapposushi.com/www/wp-content/plugins/sitepress-multilingual-cms/vendor/wpml/core-api/core/BackgroundTask/Repository/BackgroundTaskRepository.php(29): WPML\Core\BackgroundTask\Repository\BackgroundTaskRepository->createFromQueryResult(NULL)
#1 /home/vr488025/yapposushi.com/www/wp-content/plugins/sitepress-multilingual-cms/vendor/wpml/core-api/core/BackgroundTask/Service/BackgroundTaskService.php(54): WPML\Core\BackgroundTask\Repository\BackgroundTaskRepository- у /home/vr488025/yapposushi.com/www/wp-content/plugins/sitepress-multilingual-cms/vendor/wpml/core-api/core/BackgroundTask/Repository/BackgroundTaskRepository.php доступно 101

2023-07-05T19:16:08+00:00 CRITICAL Uncaught TypeError: Argument 1 passed to WPML\Core\BackgroundTask\Repository\BackgroundTaskRepository::createFromQueryResult() must be of the type array, null given, called in /home/vr488025/yapposushi.com/www/wp-content/plugins/sitepress-multilingual-cms/vendor/wpml/core-api/core/BackgroundTask/Repository/BackgroundTaskRepository.php on line 29 and defined in /home/vr488025/yapposushi.com/www/wp-content/plugins/sitepress-multilingual-cms/vendor/wpml/core-api/core/BackgroundTask/Repository/BackgroundTaskRepository.php:101
Stack trace:
#0 /home/vr488025/yapposushi.com/www/wp-content/plugins/sitepress-multilingual-cms/vendor/wpml/core-api/core/BackgroundTask/Repository/BackgroundTaskRepository.php(29): WPML\Core\BackgroundTask\Repository\BackgroundTaskRepository->createFromQueryResult(NULL)
#1 /home/vr488025/yapposushi.com/www/wp-content/plugins/sitepress-multilingual-cms/vendor/wpml/core-api/core/BackgroundTask/Service/BackgroundTaskService.php(54): WPML\Core\BackgroundTask\Repository\BackgroundTaskRepository- у /home/vr488025/yapposushi.com/www/wp-content/plugins/sitepress-multilingual-cms/vendor/wpml/core-api/core/BackgroundTask/Repository/BackgroundTaskRepository.php доступно 101

