Poster WebHook caught exception: Хибний або продубльований артикул (SKU).



Poster WebHook caught exception: Хибний або продубльований артикул (SKU).



Poster WebHook caught exception: Хибний або продубльований артикул (SKU).



Poster WebHook caught exception: Хибний або продубльований артикул (SKU).



Poster WebHook caught exception: Хибний або продубльований артикул (SKU).



06.07.2023 13:24:32 Poster WebHook caught exception: Хибний або продубльований артикул (SKU).


06.07.2023 13:27:09 Poster WebHook caught exception: Хибний або продубльований артикул (SKU).


06.07.2023 13:27:25 Poster WebHook caught exception: Хибний або продубльований артикул (SKU).


06.07.2023 13:27:44 Poster WebHook caught exception: Хибний або продубльований артикул (SKU).


06.07.2023 13:27:47 Poster WebHook caught exception: Хибний або продубльований артикул (SKU).


06.07.2023 13:28:39 Poster WebHook caught exception: Хибний або продубльований артикул (SKU).


06.07.2023 13:28:43 Poster WebHook caught exception: Хибний або продубльований артикул (SKU).


06.07.2023 13:28:51 Poster WebHook caught exception: Хибний або продубльований артикул (SKU).


07.07.2023 9:17:32 Poster WebHook caught exception: getPosterProduct: Запит не дав відповіді про товар


07.07.2023 13:57:25 Poster WebHook caught exception: Не вдалий запит про отримання даних про чек


07.07.2023 13:58:09 Poster WebHook caught exception: Не вдалий запит про отримання даних про чек


09.07.2023 17:08:26 Poster WebHook caught exception: Не вдалий запит про отримання даних про чек


09.07.2023 17:08:41 Poster WebHook caught exception: Не вдалий запит про отримання даних про товар


09.07.2023 17:08:47 Poster WebHook caught exception: Не вдалий запит про отримання даних про товар


10.07.2023 7:16:57 Poster WebHook caught exception: Хибний або продубльований артикул (SKU).


10.07.2023 7:32:40 Poster WebHook caught exception: Хибний або продубльований артикул (SKU).


10.07.2023 7:48:30 Poster WebHook caught exception: Хибний або продубльований артикул (SKU).


10.07.2023 8:10:18 Poster WebHook caught exception: Хибний або продубльований артикул (SKU).


10.07.2023 8:21:18 Poster WebHook caught exception: Хибний або продубльований артикул (SKU).


10.07.2023 8:25:51 Poster WebHook caught exception: Хибний або продубльований артикул (SKU).


10.07.2023 8:32:53 Poster WebHook caught exception: Хибний або продубльований артикул (SKU).


10.07.2023 8:40:36 Poster WebHook caught exception: Хибний або продубльований артикул (SKU).


10.07.2023 8:46:25 Poster WebHook caught exception: Хибний або продубльований артикул (SKU).


10.07.2023 8:53:58 Poster WebHook caught exception: Хибний або продубльований артикул (SKU).


10.07.2023 9:39:14 Poster WebHook caught exception: Хибний або продубльований артикул (SKU).


10.07.2023 10:05:35 Poster WebHook caught exception: Хибний або продубльований артикул (SKU).


10.07.2023 10:15:51 Poster WebHook caught exception: Хибний або продубльований артикул (SKU).


10.07.2023 10:36:36 Poster WebHook caught exception: Хибний або продубльований артикул (SKU).


10.07.2023 11:14:00 Poster WebHook caught exception: Хибний або продубльований артикул (SKU).


10.07.2023 11:17:08 Poster WebHook caught exception: Хибний або продубльований артикул (SKU).


10.07.2023 11:27:13 Poster WebHook caught exception: Хибний або продубльований артикул (SKU).


10.07.2023 11:30:20 Poster WebHook caught exception: Хибний або продубльований артикул (SKU).


10.07.2023 11:33:05 Poster WebHook caught exception: Хибний або продубльований артикул (SKU).


10.07.2023 11:38:09 Poster WebHook caught exception: Хибний або продубльований артикул (SKU).


