-->Угода створена в Pipedrive з ID: 6346<--
-->Угода створена в Pipedrive з ID: 6347<--
-->Угода створена в Pipedrive з ID: 6348<--
-->Угода створена в Pipedrive з ID: 6350<--
-->Угода створена в Pipedrive з ID: 6351<--
-->Угода створена в Pipedrive з ID: 6353<--
-->Угода створена в Pipedrive з ID: 6354<--
-->Угода створена в Pipedrive з ID: 6355<--
-->Угода створена в Pipedrive з ID: 6356<--
-->Угода створена в Pipedrive з ID: 6357<--
Замовлення №1450. Проблеми з товаром 333, у нього не заповнений shopPosterProductId
-->Угода створена в Pipedrive з ID: 6362<--
Pipedrive ID: 6413. Shop ID: 1470
Замовлення №1470. Проблеми з товаром 333, у нього не заповнений shopPosterProductId
Pipedrive ID: 6415. Shop ID: 1471
Замовлення №1471. Проблеми з товаром 333, у нього не заповнений shopPosterProductId
Pipedrive ID: 6417. Shop ID: 1472
Замовлення №1472. Проблеми з товаром 263, у нього не заповнений shopPosterProductId
Pipedrive ID: 6418. Shop ID: 1473
Pipedrive ID: 6419. Shop ID: 1474
Pipedrive ID: 6420. Shop ID: 1475
Pipedrive ID: 6424. Shop ID: 1476
Pipedrive ID: 6426. Shop ID: 1477
Pipedrive ID: 6427. Shop ID: 1478
Замовлення №1478. Проблеми з товаром 165, у нього не заповнений shopPosterProductId
Pipedrive ID: 6428. Shop ID: 1479
Замовлення №1479. Проблеми з товаром 263, у нього не заповнений shopPosterProductId
Pipedrive ID: 6430. Shop ID: 1480
Замовлення №1480. Проблеми з товаром 263, у нього не заповнений shopPosterProductId
Pipedrive ID: 6431. Shop ID: 1481
Pipedrive ID: 6435. Shop ID: 1482
Pipedrive ID: 6438. Shop ID: 1483
Pipedrive ID: 6442. Shop ID: 1484
Pipedrive ID: 6443. Shop ID: 1485
Замовлення №1485. Проблеми з товаром 263, у нього не заповнений shopPosterProductId
Pipedrive ID: 6444. Shop ID: 1486
Замовлення №1486. Проблеми з товаром 264, у нього не заповнений shopPosterProductId
Pipedrive ID: 6446. Shop ID: 1487
Замовлення №1487. Проблеми з товаром 264, у нього не заповнений shopPosterProductId
Pipedrive ID: 6447. Shop ID: 1488
Pipedrive ID: 6450. Shop ID: 1489
Замовлення №1489. Проблеми з товаром 263, у нього не заповнений shopPosterProductId
Pipedrive ID: 6453. Shop ID: 1490
Pipedrive ID: 6456. Shop ID: 1491
Pipedrive ID: 6457. Shop ID: 1492
Pipedrive ID: 6458. Shop ID: 1493
Замовлення №1493. Проблеми з товаром 264, у нього не заповнений shopPosterProductId
Замовлення №1493. Проблеми з товаром 263, у нього не заповнений shopPosterProductId
Pipedrive ID: 6459. Shop ID: 1494
Замовлення №1494. Проблеми з товаром 264, у нього не заповнений shopPosterProductId
Pipedrive ID: 6460. Shop ID: 1495
Замовлення №1495. Проблеми з товаром 263, у нього не заповнений shopPosterProductId
Pipedrive ID: 6461. Shop ID: 1496
Pipedrive ID: 6466. Shop ID: 1497
Pipedrive ID: 6469. Shop ID: 1498
Pipedrive ID: 6479. Shop ID: 1499
Pipedrive ID: 6485. Shop ID: 1500
Замовлення №1500. Проблеми з товаром 147, у нього не заповнений shopPosterProductId
Pipedrive ID: 6490. Shop ID: 1501
Pipedrive ID: 6495. Shop ID: 1502
Pipedrive ID: 6496. Shop ID: 1503
Pipedrive ID: 6497. Shop ID: 1504
Pipedrive ID: 6516. Shop ID: 1505
Pipedrive ID: 6518. Shop ID: 1506
Pipedrive ID: 6519. Shop ID: 1507
Pipedrive ID: 6521. Shop ID: 1508
Pipedrive ID: 6523. Shop ID: 1509
Pipedrive ID: 6524. Shop ID: 1510
Замовлення №1510. Проблеми з товаром 379, у нього не заповнений shopPosterProductId
Pipedrive ID: 6528. Shop ID: 1511
Pipedrive ID: 6529. Shop ID: 1512
Замовлення №1512. Проблеми з товаром 381, у нього не заповнений shopPosterProductId
Pipedrive ID: 6536. Shop ID: 1513
Замовлення №1513. Проблеми з товаром 379, у нього не заповнений shopPosterProductId
Pipedrive ID: 6537. Shop ID: 1514
Pipedrive ID: 6538. Shop ID: 1515
Замовлення №1515. Проблеми з товаром 263, у нього не заповнений shopPosterProductId
Pipedrive ID: 6542. Shop ID: 1516
Pipedrive ID: 6544. Shop ID: 1517
Замовлення №1517. Проблеми з товаром 381, у нього не заповнений shopPosterProductId
Pipedrive ID: 6553. Shop ID: 1518
Замовлення №1518. Проблеми з товаром 377, у нього не заповнений shopPosterProductId
Замовлення №1518. Проблеми з товаром 376, у нього не заповнений shopPosterProductId
Pipedrive ID: 6555. Shop ID: 1519
Pipedrive ID: 6556. Shop ID: 1520
Pipedrive ID: 6557. Shop ID: 1521
Замовлення №1521. Проблеми з товаром 165, у нього не заповнений shopPosterProductId
Pipedrive ID: 6559. Shop ID: 1522
Pipedrive ID: 6568. Shop ID: 1523
Pipedrive ID: 6580. Shop ID: 1531
05.07.2023 12:17:16 Pipedrive ID: 6589. Shop ID: 1540
05.07.2023 12:30:02 Pipedrive ID: 6591. Shop ID: 1541
05.07.2023 12:49:27 Pipedrive ID: 6596. Shop ID: 1546
05.07.2023 12:51:34 Pipedrive ID: 6597. Shop ID: 1547
05.07.2023 12:51:46 Pipedrive ID: 6598. Shop ID: 1548
05.07.2023 13:02:10 Pipedrive ID: 6601. Shop ID: 1553
05.07.2023 13:03:29 Pipedrive ID: 6602. Shop ID: 1554
05.07.2023 13:24:08 Pipedrive ID: 6604. Shop ID: 1555
05.07.2023 13:39:37 Pipedrive ID: 6608. Shop ID: 1556
05.07.2023 13:47:49 Pipedrive ID: 6612. Shop ID: 1557
05.07.2023 14:07:27 Pipedrive ID: 6618. Shop ID: 1558
05.07.2023 14:09:47 Pipedrive ID: 6619. Shop ID: 1559
05.07.2023 14:16:43 Pipedrive ID: 6621. Shop ID: 1560
05.07.2023 14:40:01 Pipedrive ID: 6630. Shop ID: 1561
05.07.2023 14:49:04 Pipedrive ID: 6632. Shop ID: 1562
05.07.2023 14:59:06 Pipedrive ID: 6636. Shop ID: 1563
05.07.2023 15:06:00 Pipedrive ID: 6638. Shop ID: 1564
05.07.2023 15:12:10 Pipedrive ID: 6640. Shop ID: 1566
05.07.2023 15:12:43 Pipedrive ID: 6641. Shop ID: 1567
05.07.2023 15:27:52 Pipedrive ID: 6644. Shop ID: 1568
05.07.2023 15:36:46 Pipedrive ID: 6647. Shop ID: 1569
05.07.2023 15:37:47 Pipedrive ID: 6648. Shop ID: 1570
05.07.2023 15:44:45 Pipedrive ID: 6651. Shop ID: 1571
05.07.2023 16:00:05 Pipedrive ID: 6655. Shop ID: 1572
05.07.2023 16:07:50 Pipedrive ID: 6660. Shop ID: 1573
05.07.2023 16:08:37 Pipedrive ID: 6661. Shop ID: 1574
05.07.2023 16:20:48 Pipedrive ID: 6668. Shop ID: 1580
05.07.2023 16:31:46 Pipedrive ID: 6674. Shop ID: 1581
05.07.2023 17:02:27 Pipedrive ID: 6684. Shop ID: 1582
05.07.2023 17:11:50 Pipedrive ID: 6688. Shop ID: 1595
05.07.2023 17:16:00 Pipedrive ID: 6691. Shop ID: 1596
05.07.2023 17:27:52 Pipedrive ID: 6698. Shop ID: 1597
05.07.2023 17:31:26 Pipedrive ID: 6703. Shop ID: 1598
06.07.2023 5:56:36 Pipedrive ID: 6719. Shop ID: 1602
06.07.2023 8:02:14 Pipedrive ID: 6724. Shop ID: 1614
06.07.2023 9:05:36 Pipedrive ID: 6734. Shop ID: 1622
06.07.2023 9:38:15 Pipedrive ID: 6740. Shop ID: 1623
06.07.2023 10:03:52 Pipedrive ID: 6747. Shop ID: 1638
06.07.2023 10:27:10 Pipedrive ID: 6752. Shop ID: 1662
06.07.2023 10:40:16 Pipedrive ID: 6753. Shop ID: 1664
06.07.2023 10:41:56 Pipedrive ID: 6755. Shop ID: 1665
06.07.2023 10:52:31 Pipedrive ID: 6759. Shop ID: 1666
06.07.2023 11:32:43 Pipedrive ID: 6764. Shop ID: 1679
06.07.2023 11:42:34 Pipedrive ID: 6766. Shop ID: 1682
06.07.2023 11:48:08 Pipedrive ID: 6770. Shop ID: 1687
06.07.2023 12:38:14 Pipedrive ID: 6781. Shop ID: 1707
06.07.2023 12:53:45 Pipedrive ID: 6783. Shop ID: 1708
06.07.2023 13:10:23 Pipedrive ID: 6784. Shop ID: 1709
06.07.2023 13:15:36 Pipedrive ID: 6785. Shop ID: 1710
06.07.2023 13:21:50 Pipedrive ID: 6788. Shop ID: 1715
06.07.2023 13:38:16 Pipedrive ID: 6789. Shop ID: 1718
06.07.2023 13:48:02 Pipedrive ID: 6790. Shop ID: 1719
06.07.2023 13:56:03 Pipedrive ID: 6793. Shop ID: 1720
06.07.2023 13:57:00 Pipedrive ID: 6794. Shop ID: 1721
06.07.2023 14:00:23 Pipedrive ID: 6796. Shop ID: 1722
06.07.2023 14:00:59 Pipedrive ID: 6797. Shop ID: 1723
06.07.2023 14:02:57 Pipedrive ID: 6798. Shop ID: 1724
06.07.2023 14:03:17 Pipedrive ID: 6799. Shop ID: 1725
06.07.2023 14:33:26 Pipedrive ID: 6801. Shop ID: 1754
06.07.2023 14:42:24 Pipedrive ID: 6802. Shop ID: 1755
06.07.2023 14:51:01 Pipedrive ID: 6803. Shop ID: 1756
06.07.2023 15:00:42 Pipedrive ID: 6805. Shop ID: 1757
06.07.2023 15:12:41 Pipedrive ID: 6807. Shop ID: 1758
06.07.2023 15:33:31 Pipedrive ID: 6810. Shop ID: 1759
06.07.2023 15:43:23 Pipedrive ID: 6811. Shop ID: 1760
06.07.2023 15:51:57 Pipedrive ID: 6813. Shop ID: 1761
06.07.2023 16:35:34 Pipedrive ID: 6814. Shop ID: 1762
06.07.2023 17:15:06 Pipedrive ID: 6819. Shop ID: 1763
06.07.2023 17:19:27 Pipedrive ID: 6820. Shop ID: 1764
06.07.2023 17:42:05 Pipedrive ID: 6822. Shop ID: 1765
07.07.2023 7:31:52 Pipedrive ID: 6827. Shop ID: 1785
07.07.2023 8:12:47 Pipedrive ID: 6829. Shop ID: 1882
07.07.2023 9:10:35 Pipedrive ID: 6870. Shop ID: 1964
07.07.2023 9:12:59 Pipedrive ID: 6879. Shop ID: 1965
07.07.2023 9:13:19 Pipedrive ID: 6881. Shop ID: 1966
07.07.2023 9:36:41 Pipedrive ID: 6908. Shop ID: 2035
07.07.2023 10:10:33 Pipedrive ID: 6922. Shop ID: 2187
07.07.2023 10:28:32 Pipedrive ID: 6924. Shop ID: 2191
07.07.2023 10:49:20 Pipedrive ID: 6931. Shop ID: 2236
07.07.2023 11:17:32 Pipedrive ID: 6939. Shop ID: 2285
07.07.2023 11:33:57 Pipedrive ID: 6942. Shop ID: 2316
07.07.2023 11:41:20 Pipedrive ID: 6947. Shop ID: 2327
07.07.2023 11:50:05 Pipedrive ID: 6950. Shop ID: 2328
07.07.2023 11:58:02 Pipedrive ID: 6956. Shop ID: 2329
07.07.2023 12:08:04 Pipedrive ID: 6964. Shop ID: 2335
07.07.2023 12:26:58 Pipedrive ID: 6974. Shop ID: 2336
07.07.2023 12:33:33 Pipedrive ID: 6977. Shop ID: 2337
07.07.2023 12:39:35 Pipedrive ID: 6980. Shop ID: 2338
07.07.2023 12:40:25 Pipedrive ID: 6981. Shop ID: 2339
07.07.2023 12:47:46 Pipedrive ID: 6984. Shop ID: 2345
07.07.2023 12:48:33 Pipedrive ID: 6986. Shop ID: 2346
07.07.2023 12:53:31 Pipedrive ID: 6988. Shop ID: 2347
07.07.2023 12:54:21 Pipedrive ID: 6990. Shop ID: 2348
07.07.2023 12:56:12 Pipedrive ID: 6992. Shop ID: 2349
07.07.2023 13:05:28 Pipedrive ID: 6995. Shop ID: 2350
07.07.2023 13:13:11 Pipedrive ID: 6998. Shop ID: 2357
07.07.2023 13:59:00 Pipedrive ID: 7016. Shop ID: 2368
07.07.2023 14:00:08 Pipedrive ID: 7018. Shop ID: 2369
07.07.2023 14:05:33 Pipedrive ID: 7020. Shop ID: 2370
07.07.2023 14:07:16 Pipedrive ID: 7023. Shop ID: 2371
07.07.2023 14:14:18 Pipedrive ID: 7026. Shop ID: 2372
07.07.2023 14:38:37 Pipedrive ID: 7036. Shop ID: 2373
07.07.2023 14:38:42 Pipedrive ID: 7037. Shop ID: 2374
07.07.2023 15:03:59 Pipedrive ID: 7049. Shop ID: 2375
07.07.2023 15:04:56 Pipedrive ID: 7051. Shop ID: 2376
07.07.2023 15:06:49 Pipedrive ID: 7054. Shop ID: 2377
07.07.2023 15:07:55 Pipedrive ID: 7056. Shop ID: 2378
07.07.2023 15:11:28 Pipedrive ID: 7061. Shop ID: 2379
07.07.2023 15:13:50 Pipedrive ID: 7062. Shop ID: 2380
07.07.2023 15:17:04 Pipedrive ID: 7066. Shop ID: 2381
07.07.2023 15:21:42 Pipedrive ID: 7069. Shop ID: 2382
07.07.2023 15:39:43 Pipedrive ID: 7077. Shop ID: 2438
07.07.2023 16:07:23 Pipedrive ID: 7091. Shop ID: 2444
07.07.2023 16:11:30 Pipedrive ID: 7094. Shop ID: 2451
07.07.2023 16:26:21 Pipedrive ID: 7103. Shop ID: 2452
07.07.2023 16:35:30 Pipedrive ID: 7110. Shop ID: 2453
07.07.2023 16:55:31 Pipedrive ID: 7132. Shop ID: 2454
07.07.2023 17:22:18 Pipedrive ID: 7140. Shop ID: 2455
07.07.2023 17:54:58 Pipedrive ID: 7162. Shop ID: 2456
07.07.2023 18:37:28 Pipedrive ID: 7169. Shop ID: 2457
07.07.2023 19:43:57 Pipedrive ID: 7171. Shop ID: 2458
08.07.2023 6:27:33 Pipedrive ID: 7172. Shop ID: 2459
08.07.2023 7:12:52 Pipedrive ID: 7178. Shop ID: 2460
08.07.2023 7:16:10 Pipedrive ID: 7179. Shop ID: 2461
08.07.2023 7:17:26 Pipedrive ID: 7180. Shop ID: 2462
08.07.2023 7:51:58 Pipedrive ID: 7188. Shop ID: 2463
08.07.2023 8:01:01 Pipedrive ID: 7189. Shop ID: 2464
08.07.2023 8:03:33 Pipedrive ID: 7190. Shop ID: 2465
08.07.2023 8:18:28 Pipedrive ID: 7194. Shop ID: 2466
08.07.2023 9:21:15 Pipedrive ID: 7205. Shop ID: 2468
08.07.2023 9:22:12 Pipedrive ID: 7206. Shop ID: 2469
08.07.2023 10:01:29 Pipedrive ID: 7216. Shop ID: 2470
08.07.2023 10:02:40 Pipedrive ID: 7218. Shop ID: 2471
08.07.2023 10:27:35 Pipedrive ID: 7230. Shop ID: 2472
08.07.2023 10:46:57 Pipedrive ID: 7236. Shop ID: 2473
08.07.2023 11:31:02 Pipedrive ID: 7256. Shop ID: 2474
08.07.2023 11:36:10 Pipedrive ID: 7258. Shop ID: 2475
08.07.2023 11:40:18 Pipedrive ID: 7260. Shop ID: 2476
08.07.2023 11:49:13 Pipedrive ID: 7263. Shop ID: 2477
08.07.2023 12:22:53 Pipedrive ID: 7272. Shop ID: 2478
08.07.2023 12:41:28 Pipedrive ID: 7280. Shop ID: 2479
08.07.2023 12:42:09 Pipedrive ID: 7281. Shop ID: 2480
08.07.2023 13:15:22 Pipedrive ID: 7293. Shop ID: 2481
08.07.2023 13:16:33 Pipedrive ID: 7295. Shop ID: 2482
08.07.2023 13:18:56 Pipedrive ID: 7298. Shop ID: 2483
08.07.2023 13:23:05 Pipedrive ID: 7304. Shop ID: 2484
08.07.2023 13:27:33 Pipedrive ID: 7307. Shop ID: 2485
08.07.2023 13:29:56 Pipedrive ID: 7308. Shop ID: 2486
08.07.2023 13:30:18 Pipedrive ID: 7310. Shop ID: 2487
08.07.2023 13:34:27 Pipedrive ID: 7312. Shop ID: 2488
08.07.2023 13:37:37 Pipedrive ID: 7314. Shop ID: 2489
08.07.2023 13:44:43 Pipedrive ID: 7316. Shop ID: 2490
08.07.2023 13:45:43 Pipedrive ID: 7317. Shop ID: 2491
08.07.2023 13:53:37 Pipedrive ID: 7321. Shop ID: 2492
08.07.2023 14:22:07 Pipedrive ID: 7335. Shop ID: 2493
08.07.2023 14:24:30 Pipedrive ID: 7339. Shop ID: 2494
08.07.2023 14:53:05 Pipedrive ID: 7351. Shop ID: 2495
08.07.2023 15:25:19 Pipedrive ID: 7378. Shop ID: 2506
08.07.2023 15:31:51 Pipedrive ID: 7380. Shop ID: 2507
08.07.2023 15:32:57 Pipedrive ID: 7383. Shop ID: 2508
08.07.2023 15:37:56 Pipedrive ID: 7386. Shop ID: 2509
08.07.2023 15:53:21 Pipedrive ID: 7395. Shop ID: 2510
08.07.2023 15:54:42 Pipedrive ID: 7397. Shop ID: 2511
08.07.2023 16:19:40 Pipedrive ID: 7415. Shop ID: 2512
08.07.2023 16:33:30 Pipedrive ID: 7419. Shop ID: 2513
08.07.2023 17:01:42 Pipedrive ID: 7427. Shop ID: 2515
08.07.2023 17:04:57 Pipedrive ID: 7430. Shop ID: 2526
08.07.2023 17:08:28 Pipedrive ID: 7438. Shop ID: 2527
08.07.2023 17:10:52 Pipedrive ID: 7441. Shop ID: 2528
08.07.2023 17:16:21 Pipedrive ID: 7444. Shop ID: 2529
08.07.2023 17:21:29 Pipedrive ID: 7447. Shop ID: 2530
08.07.2023 17:30:16 Pipedrive ID: 7452. Shop ID: 2536
08.07.2023 17:38:36 Pipedrive ID: 7457. Shop ID: 2537
09.07.2023 7:52:08 Pipedrive ID: 7473. Shop ID: 2538
09.07.2023 7:56:36 Pipedrive ID: 7476. Shop ID: 2539
09.07.2023 8:19:36 Pipedrive ID: 7480. Shop ID: 2540
09.07.2023 8:47:10 Pipedrive ID: 7487. Shop ID: 2541
09.07.2023 8:47:41 Pipedrive ID: 7488. Shop ID: 2542
09.07.2023 8:49:30 Pipedrive ID: 7489. Shop ID: 2543
09.07.2023 9:09:48 Pipedrive ID: 7499. Shop ID: 2544
09.07.2023 9:11:46 Pipedrive ID: 7500. Shop ID: 2545
09.07.2023 9:17:34 Pipedrive ID: 7503. Shop ID: 2546
09.07.2023 9:27:49 Pipedrive ID: 7507. Shop ID: 2547
09.07.2023 10:11:28 Pipedrive ID: 7524. Shop ID: 2548
09.07.2023 10:11:31 Pipedrive ID: 7525. Shop ID: 2549
09.07.2023 11:08:03 Pipedrive ID: 7542. Shop ID: 2564
09.07.2023 11:43:53 Pipedrive ID: 7554. Shop ID: 2565
09.07.2023 11:48:01 Pipedrive ID: 7556. Shop ID: 2566
09.07.2023 11:55:00 Pipedrive ID: 7558. Shop ID: 2567
09.07.2023 12:00:01 Pipedrive ID: 7563. Shop ID: 2568
09.07.2023 12:28:15 Pipedrive ID: 7578. Shop ID: 2569
09.07.2023 12:51:32 Pipedrive ID: 7590. Shop ID: 2579
09.07.2023 13:10:06 Pipedrive ID: 7598. Shop ID: 2581
09.07.2023 13:20:41 Pipedrive ID: 7601. Shop ID: 2582
09.07.2023 13:29:54 Pipedrive ID: 7605. Shop ID: 2583
09.07.2023 14:00:32 Pipedrive ID: 7624. Shop ID: 2585
09.07.2023 14:01:21 Pipedrive ID: 7625. Shop ID: 2586
09.07.2023 14:04:55 Pipedrive ID: 7626. Shop ID: 2587
09.07.2023 14:28:04 Pipedrive ID: 7635. Shop ID: 2588
09.07.2023 14:37:01 Pipedrive ID: 7638. Shop ID: 2589
09.07.2023 14:39:13 Pipedrive ID: 7639. Shop ID: 2590
09.07.2023 14:52:48 Pipedrive ID: 7644. Shop ID: 2591
09.07.2023 15:11:01 Pipedrive ID: 7648. Shop ID: 2592
09.07.2023 15:41:07 Pipedrive ID: 7660. Shop ID: 2593
09.07.2023 15:41:32 Pipedrive ID: 7661. Shop ID: 2594
09.07.2023 15:44:23 Pipedrive ID: 7662. Shop ID: 2595
09.07.2023 15:50:58 Pipedrive ID: 7665. Shop ID: 2596
09.07.2023 16:00:24 Pipedrive ID: 7670. Shop ID: 2597
09.07.2023 16:00:59 Pipedrive ID: 7672. Shop ID: 2598
09.07.2023 16:01:02 Pipedrive ID: 7673. Shop ID: 2599
09.07.2023 16:57:27 Pipedrive ID: 7694. Shop ID: 2600
09.07.2023 17:02:25 Pipedrive ID: 7696. Shop ID: 2601
09.07.2023 17:11:15 Pipedrive ID: 7702. Shop ID: 2602
09.07.2023 17:53:48 Pipedrive ID: 7720. Shop ID: 2603
10.07.2023 8:29:55 Pipedrive ID: 7739. Shop ID: 2735
10.07.2023 8:39:10 Pipedrive ID: 7740. Shop ID: 2751
10.07.2023 8:52:49 Pipedrive ID: 7743. Shop ID: 2767
10.07.2023 9:40:23 Pipedrive ID: 7754. Shop ID: 2811
10.07.2023 9:48:16 Pipedrive ID: 7757. Shop ID: 2816
10.07.2023 9:56:10 Pipedrive ID: 7758. Shop ID: 2817
10.07.2023 9:56:11 Замовлення №2817. Проблеми з товаром 2604, у нього не заповнений shopPosterProductId
10.07.2023 10:12:25 Pipedrive ID: 7763. Shop ID: 2826
10.07.2023 10:33:52 Pipedrive ID: 7770. Shop ID: 2847
10.07.2023 10:53:42 Pipedrive ID: 7773. Shop ID: 2864
10.07.2023 11:26:05 Pipedrive ID: 7778. Shop ID: 2918
10.07.2023 11:50:24 Pipedrive ID: 7786. Shop ID: 2985
10.07.2023 12:01:34 Pipedrive ID: 7787. Shop ID: 2986
10.07.2023 12:48:31 Pipedrive ID: 7795. Shop ID: 3020
10.07.2023 12:52:55 Pipedrive ID: 7797. Shop ID: 3021
10.07.2023 12:52:57 Замовлення №3021. Проблеми з товаром 2604, у нього не заповнений shopPosterProductId
10.07.2023 12:56:01 Pipedrive ID: 7798. Shop ID: 3022
10.07.2023 12:56:02 Замовлення №3022. Проблеми з товаром 2604, у нього не заповнений shopPosterProductId
10.07.2023 13:34:22 Pipedrive ID: 7813. Shop ID: 3033
10.07.2023 13:36:06 Pipedrive ID: 7814. Shop ID: 3034
10.07.2023 13:40:04 Pipedrive ID: 7815. Shop ID: 3035
10.07.2023 13:52:48 Pipedrive ID: 7816. Shop ID: 3037
10.07.2023 14:01:05 Pipedrive ID: 7820. Shop ID: 3038
10.07.2023 14:03:05 Pipedrive ID: 7821. Shop ID: 3043
10.07.2023 14:28:51 Pipedrive ID: 7823. Shop ID: 3045
10.07.2023 14:59:50 Pipedrive ID: 7832. Shop ID: 3050
10.07.2023 15:47:27 Pipedrive ID: 7846. Shop ID: 3051
10.07.2023 16:39:24 Pipedrive ID: 7863. Shop ID: 3052
10.07.2023 17:01:43 Pipedrive ID: 7868. Shop ID: 3053
10.07.2023 17:34:55 Pipedrive ID: 7879. Shop ID: 3054
10.07.2023 17:39:34 Pipedrive ID: 7880. Shop ID: 3055
11.07.2023 7:04:11 Pipedrive ID: 7887. Shop ID: 3058
11.07.2023 7:14:57 Pipedrive ID: 7892. Shop ID: 3059
11.07.2023 8:55:22 Pipedrive ID: 7900. Shop ID: 3062
11.07.2023 8:58:46 Pipedrive ID: 7902. Shop ID: 3063
11.07.2023 9:29:42 Pipedrive ID: 7904. Shop ID: 3064
11.07.2023 10:24:26 Pipedrive ID: 7916. Shop ID: 3065
11.07.2023 10:40:56 Pipedrive ID: 7922. Shop ID: 3066
11.07.2023 11:00:47 Pipedrive ID: 7928. Shop ID: 3067
11.07.2023 11:10:40 Pipedrive ID: 7931. Shop ID: 3068
11.07.2023 11:22:02 Pipedrive ID: 7934. Shop ID: 3069
11.07.2023 11:25:39 Pipedrive ID: 7935. Shop ID: 3070
11.07.2023 11:59:54 Pipedrive ID: 7944. Shop ID: 3071
11.07.2023 12:01:54 Pipedrive ID: 7945. Shop ID: 3072
11.07.2023 12:40:10 Pipedrive ID: 7952. Shop ID: 3073
11.07.2023 13:08:14 Pipedrive ID: 7960. Shop ID: 3074
11.07.2023 13:08:37 Pipedrive ID: 7961. Shop ID: 3075
11.07.2023 13:19:42 Pipedrive ID: 7964. Shop ID: 3076
11.07.2023 13:39:36 Pipedrive ID: 7970. Shop ID: 3077
11.07.2023 13:45:05 Pipedrive ID: 7971. Shop ID: 3078
11.07.2023 13:45:56 Pipedrive ID: 7972. Shop ID: 3079
11.07.2023 13:46:12 Pipedrive ID: 7973. Shop ID: 3080
11.07.2023 13:51:16 Pipedrive ID: 7976. Shop ID: 3081
11.07.2023 14:39:31 Pipedrive ID: 7995. Shop ID: 3082
11.07.2023 14:45:39 Pipedrive ID: 7998. Shop ID: 3083
11.07.2023 14:57:20 Pipedrive ID: 8001. Shop ID: 3084
11.07.2023 15:01:08 Pipedrive ID: 8002. Shop ID: 3085
11.07.2023 15:02:04 Pipedrive ID: 8003. Shop ID: 3086
11.07.2023 15:18:39 Pipedrive ID: 8010. Shop ID: 3087
11.07.2023 15:36:49 Pipedrive ID: 8017. Shop ID: 3088
11.07.2023 15:40:04 Pipedrive ID: 8018. Shop ID: 3089
11.07.2023 15:49:03 Pipedrive ID: 8021. Shop ID: 3090
11.07.2023 16:24:55 Pipedrive ID: 8033. Shop ID: 3091
11.07.2023 16:26:37 Pipedrive ID: 8035. Shop ID: 3092
11.07.2023 16:33:21 Pipedrive ID: 8039. Shop ID: 3093
11.07.2023 17:33:07 Pipedrive ID: 8056. Shop ID: 3094
12.07.2023 6:45:19 Pipedrive ID: 8066. Shop ID: 3095
12.07.2023 7:09:50 Pipedrive ID: 8068. Shop ID: 3096
12.07.2023 7:10:16 Pipedrive ID: 8069. Shop ID: 3097
