won{"headers":{},"body":"{\"response\":{\"incoming_order_id\":6568,\"type\":1,\"spot_id\":1,\"status\":0,\"client_id\":73341,\"client_address_id\":82507,\"table_id\":null,\"comment\":\"\\u041e\\u043f\\u043b\\u0430\\u0442\\u0430 \\u0433\\u043e\\u0442\\u0456\\u0432\\u043a\\u043e\\u044e \\u0431\\u0435\\u0437 \\u0440\\u0435\\u0448\\u0442\\u0438\\n\\u0420\\u0435\\u0448\\u0442\\u0430 \\u0437 \\u0441\\u0443\\u043c\\u0438:\",\"created_at\":\"2023-07-05 09:07:11\",\"updated_at\":\"2023-07-05 09:07:11\",\"transaction_id\":null,\"service_mode\":3,\"delivery_price\":null,\"fiscal_spreading\":0,\"fiscal_method\":\"\",\"promotion\":null,\"delivery_time\":\"0000-00-00 00:00:00\",\"payment_method_id\":null,\"first_name\":\"Inna Test2\",\"last_name\":null,\"phone\":\"380678669211\",\"email\":null,\"sex\":null,\"birthday\":null,\"address\":\"\",\"products\":[{\"io_product_id\":29172,\"product_id\":275,\"modificator_id\":0,\"incoming_order_id\":6568,\"count\":\"1.0000000\",\"price\":500,\"created_at\":\"2023-07-05 09:07:11\"},{\"io_product_id\":29173,\"product_id\":206,\"modificator_id\":0,\"incoming_order_id\":6568,\"count\":\"1.0000000\",\"price\":6900,\"created_at\":\"2023-07-05 09:07:11\"},{\"io_product_id\":29174,\"product_id\":332,\"modificator_id\":0,\"incoming_order_id\":6568,\"count\":\"1.0000000\",\"price\":2500,\"created_at\":\"2023-07-05 09:07:11\"}]}}","response":{"code":200,"message":"OK"},"cookies":[{"name":"pos_session","value":"V2ZZZFc0CmdXfFx1AGkEMVIwAWhUIwJxXWReJw56XWICZFc\/UVwHZwM3V3IEaQImVT9eNwJjCzUCcgU3VjNSNgA+XWFSbV05CWUANFpsCWVXNVk\/V2cKP1c2XGQAMgRhUmUBYFRjAjVdMF4wDjxdMwI8V2ZRNgc9A2JXcgRpAiZVP141AmELNQJyBT9Wc1INAD1dM1IxXXkJZQB1WnsJIlc8WS1XOwpsVzNcPABxBDFSOAFnVC8CM10xXmAOJ10\/Aj9Xf1EyBzoDZFdyBGkCJlU\/XjUCYQs1AnIFI1ZwUjcALl0IUjRdbAllAGhafAkiVzxZLVc7Cm5XPlw8AHEEV1JvASBUZQJSXXNeMQ56XXgCJFdnUS0HPAN9V2IEaQJ1VW1ecAIlC38CIwVsVixSfQAlXTZSJV17CW8AdVp9CXNXb1k3Vy8KPldoXGsAcQQ7UnMBaFQwAjFdO152DmVdagJ4VyVRXAdvAzBXJAQ7AiNVbF5wAigLLQJrBT9WOVJjAGpdb1JtXT4JMwAxWjoJM1c2WWVXcgpnVz5cPABxBHVScwE3VHMCXV1lXjUOfV1qAilXalFwBzQDY1dqBHACd1U+Xnk=","expires":1751609231,"path":"\/","domain":"joinposter.com","port":null,"host_only":true}],"filename":null,"http_response":{"data":null,"headers":null,"status":null}}
won{"headers":{},"body":"{\"response\":{\"incoming_order_id\":6618,\"type\":1,\"spot_id\":1,\"status\":0,\"client_id\":63907,\"client_address_id\":70488,\"table_id\":null,\"comment\":\"\\u0420\\u0435\\u0448\\u0442\\u0430 \\u0437 \\u0441\\u0443\\u043c\\u0438:\",\"created_at\":\"2023-07-06 10:57:32\",\"updated_at\":\"2023-07-06 10:57:32\",\"transaction_id\":null,\"service_mode\":3,\"delivery_price\":null,\"fiscal_spreading\":0,\"fiscal_method\":\"\",\"promotion\":null,\"delivery_time\":\"2023-07-06 11:20:00\",\"payment_method_id\":null,\"first_name\":\"\\u042f\\u043d\\u0430\",\"last_name\":null,\"phone\":\"380968052637\",\"email\":null,\"sex\":null,\"birthday\":null,\"address\":\"\",\"products\":[{\"io_product_id\":29447,\"product_id\":179,\"modificator_id\":0,\"incoming_order_id\":6618,\"count\":\"1.0000000\",\"price\":109900,\"created_at\":\"2023-07-06 10:57:32\"},{\"io_product_id\":29448,\"product_id\":275,\"modificator_id\":0,\"incoming_order_id\":6618,\"count\":\"1.0000000\",\"price\":500,\"created_at\":\"2023-07-06 10:57:32\"},{\"io_product_id\":29449,\"product_id\":278,\"modificator_id\":0,\"incoming_order_id\":6618,\"count\":\"5.0000000\",\"price\":0,\"created_at\":\"2023-07-06 10:57:32\"},{\"io_product_id\":29450,\"product_id\":277,\"modificator_id\":0,\"incoming_order_id\":6618,\"count\":\"90.0000000\",\"price\":0,\"created_at\":\"2023-07-06 10:57:32\"},{\"io_product_id\":29451,\"product_id\":276,\"modificator_id\":0,\"incoming_order_id\":6618,\"count\":\"27.0000000\",\"price\":0,\"created_at\":\"2023-07-06 10:57:32\"}]}}","response":{"code":200,"message":"OK"},"cookies":[{"name":"pos_session","value":"ATADPlIxUD1ReltyUTgHMlIwD2ZRJgx\/UGkPdlYiBjkEYgNrBAkFZQYyVHFeM1B0AGoAaQVkUW8PfwFqA2QHYwFtW2NWZgZpCDdQZls8VG8BZgM3UjJQN1FiW2RRYwcwUjMPaVE2DDRQNA9hVmMGaQQ0AzMENAU9BjdUcV4zUHQAagBrBWZRbw9\/ATsDJgdYATxbNVY1BiIIZFAlW3pUfwFqA3dSPlA2UTVbO1EgBzJSOA9pUSoMPVA8DzFWfwZkBDkDKwRnBTgGYVRxXjNQdABqAGsFZlFvD38BJwMlB2IBL1sOVjAGNwhkUDhbfVR\/AWoDd1I+UDRROFs7USAHVFJvDy5RYAxcUH4PYFYiBiMEIgMzBHgFPgZ4VGFeM1AnADgALgUiUSUPLgFoA3kHKAEkWzBWIQYgCG5QJVt8VC4BOQNtUipQZFFuW2xRIAc4UnMPZlE1DD9QNg8nVj0GMQR+A3EECQVtBjVUJ15hUHEAOQAuBS9Rdw9mATsDbAc2AWtbaVZpBmYIMlBmWztUaAFjAz9Sd1A9UThbO1EgB3ZScw85UXYMU1BoD2RWJQYxBC8DPgQlBTYGZlRpXipQJQBrACc=","expires":1751702252,"path":"\/","domain":"joinposter.com","port":null,"host_only":true}],"filename":null,"http_response":{"data":null,"headers":null,"status":null}}
won{"headers":{},"body":"{\"response\":{\"incoming_order_id\":6622,\"type\":1,\"spot_id\":4,\"status\":0,\"client_id\":73356,\"client_address_id\":83198,\"table_id\":null,\"comment\":\"\\u041e\\u043f\\u043b\\u0430\\u0442\\u0430 \\u0433\\u043e\\u0442\\u0456\\u0432\\u043a\\u043e\\u044e \\u0431\\u0435\\u0437 \\u0440\\u0435\\u0448\\u0442\\u0438\\n\\u0420\\u0435\\u0448\\u0442\\u0430 \\u0437 \\u0441\\u0443\\u043c\\u0438:\",\"created_at\":\"2023-07-06 13:35:59\",\"updated_at\":\"2023-07-06 13:35:59\",\"transaction_id\":null,\"service_mode\":3,\"delivery_price\":null,\"fiscal_spreading\":0,\"fiscal_method\":\"\",\"promotion\":null,\"delivery_time\":\"0000-00-00 00:00:00\",\"payment_method_id\":null,\"first_name\":\"\\u041d\\u0430\\u0442\\u0430\\u043b\\u044c\\u044f\",\"last_name\":null,\"phone\":\"380952079722\",\"email\":null,\"sex\":null,\"birthday\":null,\"address\":\"\\u0431\\u0443\\u043b\\u044c\\u0432\\u0430\\u0440 \\u0428\\u0435\\u0432\\u0447\\u0435\\u043d\\u043a\\u0430, 352, \\u043f\\u0435\\u0440\\u0435\\u0445\\u0440\\u0435\\u0441\\u0442\\u044f \\u0427\\u043e\\u0440\\u043d\\u043e\\u0432\\u043e\\u043b\\u0430\",\"products\":[{\"io_product_id\":29471,\"product_id\":275,\"modificator_id\":0,\"incoming_order_id\":6622,\"count\":\"2.0000000\",\"price\":500,\"created_at\":\"2023-07-06 13:35:59\"},{\"io_product_id\":29472,\"product_id\":289,\"modificator_id\":0,\"incoming_order_id\":6622,\"count\":\"4.0000000\",\"price\":17900,\"created_at\":\"2023-07-06 13:35:59\"},{\"io_product_id\":29473,\"product_id\":277,\"modificator_id\":0,\"incoming_order_id\":6622,\"count\":\"40.0000000\",\"price\":0,\"created_at\":\"2023-07-06 13:35:59\"},{\"io_product_id\":29474,\"product_id\":276,\"modificator_id\":0,\"incoming_order_id\":6622,\"count\":\"12.0000000\",\"price\":0,\"created_at\":\"2023-07-06 13:35:59\"},{\"io_product_id\":29475,\"product_id\":278,\"modificator_id\":0,\"incoming_order_id\":6622,\"count\":\"4.0000000\",\"price\":0,\"created_at\":\"2023-07-06 13:35:59\"}]}}","response":{"code":200,"message":"OK"},"cookies":[{"name":"pos_session","value":"BzZSb188VzpRegApWjMFMA9tVj9WIVEiUWgKcwRwBToFY1U9U14CYlJmU3ZSPwImVT8JYFQ1BjgGdlE3UjFRNABvW2YAYgBuVTkBZFI5BjkHMVJgXzFXN1FlAG9aPQUzD29WNlYyUWRRPgpiBDUFMQU\/VWBTZAI8UjVTdlI\/AiZVPwliVDcGOAZ2UWtSd1EOAD1bNQBjACRVOQF0UnMGLQdsUiZfM1cxUTUAYForBTAPZVYwVi1RYFE9CjQELQVnBThVfVMwAj9SNVN2Uj8CJlU\/CWJUNwY4BnZRd1J0UTQALlsOAGYAMVU5AWlSdAYtB2xSJl8zVzNROABgWisFVg8yVndWZ1EBUX8KZQRwBSAFI1VlUy8COVIsU2ZSPwJ1VW0JJ1RzBnIGJ1E4UihRfgAlWzAAdwAmVTMBdFJ1BnwHP1I8XydXY1FuADdaKwU6Dy5WP1YyUWJRNwoiBG8FMgV\/VSdTXgJqUmFTIFJtAiNVbAknVH4GIAZvUWtSPVFgAGpbaQA\/AGBVbwE+UjcGOgduUm5felc6UTgAYForBXQPLlZgVnFRDlFpCmEEdwUyBS5VaFNyAjFSMlNuUiYCd1U+CS4=","expires":1751711759,"path":"\/","domain":"joinposter.com","port":null,"host_only":true}],"filename":null,"http_response":{"data":null,"headers":null,"status":null}}
won{"headers":{},"body":"{\"response\":{\"incoming_order_id\":6623,\"type\":1,\"spot_id\":6,\"status\":0,\"client_id\":4513,\"client_address_id\":4513,\"table_id\":null,\"comment\":\"\\u0442\\u0435\\u0441\\u0442\\u0443\\u0432\\u0430\\u043d\\u043d\\u044f\\n\\u041e\\u043f\\u043b\\u0430\\u0442\\u0430 \\u0433\\u043e\\u0442\\u0456\\u0432\\u043a\\u043e\\u044e \\u0431\\u0435\\u0437 \\u0440\\u0435\\u0448\\u0442\\u0438\\n\\u0420\\u0435\\u0448\\u0442\\u0430 \\u0437 \\u0441\\u0443\\u043c\\u0438:\",\"created_at\":\"2023-07-06 13:45:10\",\"updated_at\":\"2023-07-06 13:45:10\",\"transaction_id\":null,\"service_mode\":3,\"delivery_price\":null,\"fiscal_spreading\":0,\"fiscal_method\":\"\",\"promotion\":null,\"delivery_time\":\"2023-07-06 17:15:00\",\"payment_method_id\":null,\"first_name\":\"\\u0422\\u0435\\u0441\\u0442\",\"last_name\":null,\"phone\":\"380506524160\",\"email\":null,\"sex\":null,\"birthday\":null,\"address\":\"\",\"products\":[{\"io_product_id\":29476,\"product_id\":275,\"modificator_id\":0,\"incoming_order_id\":6623,\"count\":\"1.0000000\",\"price\":500,\"created_at\":\"2023-07-06 13:45:10\"},{\"io_product_id\":29477,\"product_id\":289,\"modificator_id\":0,\"incoming_order_id\":6623,\"count\":\"1.0000000\",\"price\":17900,\"created_at\":\"2023-07-06 13:45:10\"},{\"io_product_id\":29478,\"product_id\":278,\"modificator_id\":0,\"incoming_order_id\":6623,\"count\":\"1.0000000\",\"price\":0,\"created_at\":\"2023-07-06 13:45:10\"},{\"io_product_id\":29479,\"product_id\":276,\"modificator_id\":0,\"incoming_order_id\":6623,\"count\":\"3.0000000\",\"price\":0,\"created_at\":\"2023-07-06 13:45:10\"},{\"io_product_id\":29480,\"product_id\":154,\"modificator_id\":0,\"incoming_order_id\":6623,\"count\":\"1.0000000\",\"price\":0,\"created_at\":\"2023-07-06 13:45:10\"},{\"io_product_id\":29481,\"product_id\":277,\"modificator_id\":0,\"incoming_order_id\":6623,\"count\":\"10.0000000\",\"price\":0,\"created_at\":\"2023-07-06 13:45:10\"}]}}","response":{"code":200,"message":"OK"},"cookies":[{"name":"pos_session","value":"Dj8CPwNgA24CKQ8mAGkANVIwBm8GcQJxBj8Lcg97BTpSNAZuAQxXNw87WH1QPVF1A2lZMFEwAD5VJQcyXDEBZVM8CTVWMAFvBj8EYVRiAz8OaAI9A2ADNwI0D2AAZwAxUmEGYgY1AjIGbAs5Dz4Fa1JsBmQBalc4DzpYfVA9UXUDaVkyUTIAPlUlBz1ceQFeU24JZ1Y1ASUGagRxVHUDKA5lAnYDbwNlAmYPbwBxADVSOAZgBn0CMwZqCzUPJgVnUm8GLgFiV2oPaFh9UD1RdQNpWTJRMgA+VSUHIVx6AWRTfQlcVjABMAZqBGxUcgMoDmUCdgNvA2cCaw9vAHEAU1JvBicGNwJSBigLZA97BSBSdAY2AX1XbA9xWG1QPVEmAztZd1F2AHRVdAduXCYBLlN2CWJWIQEnBmAEcVRzA3kONgJsA3sDNwI9DzgAcQA\/UnMGbwZiAjEGYAsjD2QFMlIoBnQBDFc\/DzxYK1BvUXADOll3UXsAJlU8Bz1cMwEwUzkJO1ZpAWEGOwQyVDUDOw5uAj4DJgNuAmsPbwBxAHFScwYwBiECXQY+C2APfAUyUnkGOwEgV2QPb1hlUCRRJANoWX4=","expires":1751712310,"path":"\/","domain":"joinposter.com","port":null,"host_only":true}],"filename":null,"http_response":{"data":null,"headers":null,"status":null}}
won{"headers":{},"body":"{\"error\":185,\"message\":\"api.errorMessage.dateNotInTheFuture\"}","response":{"code":200,"message":"OK"},"cookies":[{"name":"pos_session","value":"AjMFOARnA25VfllwWzIFMAVnAmtWIQ1+Vm9cJQdzAT4CZFw0Aw4GZgM3WH1SPwUhAGoLYlMyU20OfgNjXWsHM1BqXmUCZFU7AD1QNABkUDoCZwVmBDcDYVVjWWVbMAU4BWcCNVZgDTpWa1w0BzYBZgIzXD4DaQZrA2tYfVI\/BSEAagtgUzBTbQ5+AzldeAdYUG1eMAJhVXEAbFAlACFQewJpBXEEaANlVTFZOVsqBTAFbwJkVi0NPFY6XGIHLgFjAj9cdANgBjsDZFh9Uj8FIQBqC2BTMFNtDn4DJV17B2JQfl4LAmRVZABsUDgAJlB7AmkFcQRoA2dVPFk5WyoFVgU4AiNWZw1dVnhcMwdzASQCJFxsA38GPQN9WG1SPwVyADgLJVN0UycOLwNqXScHKFB1XjUCdVVzAGZQJQAnUCoCOgVrBHwDN1VqWW5bKgU6BSQCa1YyDT5WMFx0B2wBNgJ4XC4DDgZuAzBYK1JtBSQAOQslU3lTdQ5nAzldMgc2UDpebAI9VTUAPVBmAGFQbQJiBTkEIQNuVTxZOVsqBXQFJAI0VnENUlZuXDcHdAE2AilcYQMiBjUDY1hlUiYFcABrCyw=","expires":1751712340,"path":"\/","domain":"joinposter.com","port":null,"host_only":true}],"filename":null,"http_response":{"data":null,"headers":null,"status":null}}
won{"headers":{},"body":"{\"response\":{\"incoming_order_id\":6624,\"type\":1,\"spot_id\":6,\"status\":0,\"client_id\":4513,\"client_address_id\":4513,\"table_id\":null,\"comment\":\"\\u0442\\u0435\\u0441\\u0442\\u0443\\u0432\\u0430\\u043d\\u043d\\u043d\\u044f\\n\\u041e\\u043f\\u043b\\u0430\\u0442\\u0430 \\u0433\\u043e\\u0442\\u0456\\u0432\\u043a\\u043e\\u044e \\u0431\\u0435\\u0437 \\u0440\\u0435\\u0448\\u0442\\u0438\\n\\u0420\\u0435\\u0448\\u0442\\u0430 \\u0437 \\u0441\\u0443\\u043c\\u0438:\",\"created_at\":\"2023-07-06 13:55:06\",\"updated_at\":\"2023-07-06 13:55:06\",\"transaction_id\":null,\"service_mode\":3,\"delivery_price\":null,\"fiscal_spreading\":0,\"fiscal_method\":\"\",\"promotion\":null,\"delivery_time\":\"0000-00-00 00:00:00\",\"payment_method_id\":null,\"first_name\":\"\\u0422\\u0435\\u0441\\u0442\",\"last_name\":null,\"phone\":\"380506524160\",\"email\":null,\"sex\":null,\"birthday\":null,\"address\":\"\",\"products\":[{\"io_product_id\":29482,\"product_id\":275,\"modificator_id\":0,\"incoming_order_id\":6624,\"count\":\"1.0000000\",\"price\":500,\"created_at\":\"2023-07-06 13:55:06\"},{\"io_product_id\":29483,\"product_id\":154,\"modificator_id\":0,\"incoming_order_id\":6624,\"count\":\"1.0000000\",\"price\":18900,\"created_at\":\"2023-07-06 13:55:06\"},{\"io_product_id\":29484,\"product_id\":278,\"modificator_id\":0,\"incoming_order_id\":6624,\"count\":\"1.0000000\",\"price\":0,\"created_at\":\"2023-07-06 13:55:06\"},{\"io_product_id\":29485,\"product_id\":277,\"modificator_id\":0,\"incoming_order_id\":6624,\"count\":\"10.0000000\",\"price\":0,\"created_at\":\"2023-07-06 13:55:06\"},{\"io_product_id\":29486,\"product_id\":276,\"modificator_id\":0,\"incoming_order_id\":6624,\"count\":\"6.0000000\",\"price\":0,\"created_at\":\"2023-07-06 13:55:06\"},{\"io_product_id\":29487,\"product_id\":279,\"modificator_id\":0,\"incoming_order_id\":6624,\"count\":\"1.0000000\",\"price\":3900,\"created_at\":\"2023-07-06 13:55:06\"}]}}","response":{"code":200,"message":"OK"},"cookies":[{"name":"pos_session","value":"AjMEOQNgB2oDKAkgVD1XYgVnB25QJwx\/Bj8LcgN3AT5XMQNrUF0DY1JmBSAFaFZyAWtZMFs6V2kGdg5oV2AGPlE9C2UHMFQwAT8HOAExVTgCNARmA2QHMgNnCTZUNldjBWAHN1A2DGoGaAs4AzcBZldnAzFQMwNvUjMFIAVoVnIBa1kyWzhXaQZ2DjRXcgZZUWwLZQdkVHABbQdyASBVfgJpBHADbwdhA2cJaVQlV2IFbwdhUCsMPQZqCzUDKgFjV2oDK1AzAz5SNQUgBWhWcgFrWTJbOFdpBnYOKFdxBmNRfwteB2FUZQFtB28BJ1V+AmkEcANvB2MDaglpVCVXBAU4ByZQYQxcBigLZAN3ASRXcQMzUCwDOFIsBTAFaFYhATlZd1t8VyMGJw5nVy0GKVF0C2AHcFRyAWcHcgEmVS8COgRqA3sHMwM8CT5UJVdoBSQHblA0DD8GYAsjA2gBNlctA3FQXQNrUmEFdgU6VncBOFl3W3FXcQZvDjRXOAY3UTsLOQc4VDQBPAcxAWpVbAJkBDgDJgdqA2oJaVQlVyYFJAcxUHcMUwY+C2ADcAE2V3wDPlBxAzBSMgU4BXFWIwFqWX4=","expires":1751712906,"path":"\/","domain":"joinposter.com","port":null,"host_only":true}],"filename":null,"http_response":{"data":null,"headers":null,"status":null}}
won{"headers":{},"body":"{\"response\":{\"incoming_order_id\":6625,\"type\":1,\"spot_id\":6,\"status\":0,\"client_id\":4513,\"client_address_id\":4513,\"table_id\":null,\"comment\":\"\\u0442\\u0435\\u0441\\u0442\\u0443\\u0432\\u0430\\u043d\\u043d\\u043d\\u044f\\n\\u041e\\u043f\\u043b\\u0430\\u0442\\u0430 \\u0433\\u043e\\u0442\\u0456\\u0432\\u043a\\u043e\\u044e \\u0431\\u0435\\u0437 \\u0440\\u0435\\u0448\\u0442\\u0438\\n\\u0420\\u0435\\u0448\\u0442\\u0430 \\u0437 \\u0441\\u0443\\u043c\\u0438:\",\"created_at\":\"2023-07-06 13:55:07\",\"updated_at\":\"2023-07-06 13:55:07\",\"transaction_id\":null,\"service_mode\":3,\"delivery_price\":null,\"fiscal_spreading\":0,\"fiscal_method\":\"\",\"promotion\":null,\"delivery_time\":\"0000-00-00 00:00:00\",\"payment_method_id\":null,\"first_name\":\"\\u0422\\u0435\\u0441\\u0442\",\"last_name\":null,\"phone\":\"380506524160\",\"email\":null,\"sex\":null,\"birthday\":null,\"address\":\"\",\"products\":[{\"io_product_id\":29488,\"product_id\":275,\"modificator_id\":0,\"incoming_order_id\":6625,\"count\":\"1.0000000\",\"price\":500,\"created_at\":\"2023-07-06 13:55:07\"},{\"io_product_id\":29489,\"product_id\":154,\"modificator_id\":0,\"incoming_order_id\":6625,\"count\":\"1.0000000\",\"price\":18900,\"created_at\":\"2023-07-06 13:55:07\"},{\"io_product_id\":29490,\"product_id\":278,\"modificator_id\":0,\"incoming_order_id\":6625,\"count\":\"1.0000000\",\"price\":0,\"created_at\":\"2023-07-06 13:55:07\"},{\"io_product_id\":29491,\"product_id\":277,\"modificator_id\":0,\"incoming_order_id\":6625,\"count\":\"10.0000000\",\"price\":0,\"created_at\":\"2023-07-06 13:55:07\"},{\"io_product_id\":29492,\"product_id\":276,\"modificator_id\":0,\"incoming_order_id\":6625,\"count\":\"6.0000000\",\"price\":0,\"created_at\":\"2023-07-06 13:55:07\"},{\"io_product_id\":29493,\"product_id\":279,\"modificator_id\":0,\"incoming_order_id\":6625,\"count\":\"1.0000000\",\"price\":3900,\"created_at\":\"2023-07-06 13:55:07\"}]}}","response":{"code":200,"message":"OK"},"cookies":[{"name":"pos_session","value":"BDVYZV49Am8GLQwlUjsEMQFjUzoAd1IhVG1aI1ImXWIEYlY+UVxQMAE1BCFTPgYiCmANZFEwAT8GdlQyBjACZ1wzDzdRZgdlVztRYVM5Bj0EMlhuXjkCNgZiDGVSMARhAWBTOQBgUmtUbFpmUmVdagRoVmRRN1BoAWUEIVM+BiIKYA1mUTIBPwZ2VG4GIwJdXGEPYVEyByNXO1EkU3IGLQRvWCxeMgJkBmIMbFIjBDEBa1M1AHtSY1Q4WmRSe10\/BDlWflEyUG0BZgQhUz4GIgpgDWZRMgE\/BnZUcgYgAmdccg9aUTcHNlc7UTlTdQYtBG9YLF4yAmYGbwxsUiMEVwE8U3IAMVICVHpaNVImXXgEIlZmUS1QawF\/BDFTPgZxCjINI1F2AXUGJ1Q9BnwCLVx5D2RRJgchVzFRJFN0BnwEPFg2XiYCNgY5DDtSIwQ7ASBTOgBkUmFUMlpyUjldagR+ViRRXFA4ATIEd1NsBicKMw0jUXsBJwZvVG4GaQIzXDYPPVFuB2dXalFnUzgGPwRjWGReewJvBm8MbFIjBHUBIFNlACdSDVRsWjFSIV1qBC9Wa1FwUGMBYQQ5UycGcwphDSo=","expires":1751712907,"path":"\/","domain":"joinposter.com","port":null,"host_only":true}],"filename":null,"http_response":{"data":null,"headers":null,"status":null}}
06.07.2023 11:24:57 На обробці угода №6759
06.07.2023 11:24:57 $deal
Array
(
    [success] => 1
    [data] => Array
        (
            [id] => 6759
            [creator_user_id] => Array
                (
                    [id] => 14818825
                    [name] => Roman
                    [email] => bilous.roman13@yapposushi.com
                    [has_pic] => 0
                    [pic_hash] => 
                    [active_flag] => 1
                    [value] => 14818825
                )

            [user_id] => Array
                (
                    [id] => 14818825
                    [name] => Roman
                    [email] => bilous.roman13@yapposushi.com
                    [has_pic] => 0
                    [pic_hash] => 
                    [active_flag] => 1
                    [value] => 14818825
                )

            [person_id] => Array
                (
                    [active_flag] => 1
                    [name] => Тест
                    [email] => Array
                        (
                            [0] => Array
                                (
                                    [value] => 
                                    [primary] => 1
                                )

                        )

                    [phone] => Array
                        (
                            [0] => Array
                                (
                                    [label] => 
                                    [value] => +38 (050) 652-41-60
                                    [primary] => 1
                                )

                        )

                    [owner_id] => 14818825
                    [value] => 10586
                )

            [org_id] => 
            [stage_id] => 1
            [title] => Сайт №1666, Тест Самовивіз 2
            [value] => 233
            [currency] => UAH
            [add_time] => 2023-07-06 10:52:31
            [update_time] => 2023-07-06 11:24:56
            [stage_change_time] => 
            [active] => 
            [deleted] => 
            [status] => won
            [probability] => 
            [next_activity_date] => 
            [next_activity_time] => 
            [next_activity_id] => 
            [last_activity_id] => 
            [last_activity_date] => 
            [lost_reason] => 
            [visible_to] => 3
            [close_time] => 2023-07-06 10:55:04
            [pipeline_id] => 1
            [won_time] => 2023-07-06 10:55:04
            [first_won_time] => 2023-07-06 10:55:04
            [lost_time] => 
            [products_count] => 20
            [files_count] => 0
            [notes_count] => 0
            [followers_count] => 1
            [email_messages_count] => 0
            [activities_count] => 0
            [done_activities_count] => 0
            [undone_activities_count] => 0
            [participants_count] => 1
            [expected_close_date] => 
            [last_incoming_mail_time] => 
            [last_outgoing_mail_time] => 
            [label] => 
            [stage_order_nr] => 0
            [person_name] => Тест
            [org_name] => 
            [next_activity_subject] => 
            [next_activity_type] => 
            [next_activity_duration] => 
            [next_activity_note] => 
            [formatted_value] => 233 ₴
            [weighted_value] => 233
            [formatted_weighted_value] => 233 ₴
            [weighted_value_currency] => UAH
            [rotten_time] => 
            [owner_name] => Roman
            [cc_email] => yapposushi+deal6759@pipedrivemail.com
            [c32000daacda527eddc4ff43fcd5ba7200a1f9c5] => 106
            [5d235e313b0ce48b9f65bf088067d92171707346] => 58
            [32fad1e114d019f0977fee93416030cabd95b3d1] => 50
            [38a3380abae966cc665e69260c73530acaf83856] => 
            [38a3380abae966cc665e69260c73530acaf83856_subpremise] => 
            [38a3380abae966cc665e69260c73530acaf83856_street_number] => 
            [38a3380abae966cc665e69260c73530acaf83856_route] => 
            [38a3380abae966cc665e69260c73530acaf83856_sublocality] => 
            [38a3380abae966cc665e69260c73530acaf83856_locality] => 
            [38a3380abae966cc665e69260c73530acaf83856_admin_area_level_1] => 
            [38a3380abae966cc665e69260c73530acaf83856_admin_area_level_2] => 
            [38a3380abae966cc665e69260c73530acaf83856_country] => 
            [38a3380abae966cc665e69260c73530acaf83856_postal_code] => 
            [38a3380abae966cc665e69260c73530acaf83856_formatted_address] => 
            [37b3e9059434b03c78e453864a723e0ed8117242] => 1
            [f6a43073f5a72a2e65cdd9dfe73cd8d8e6f1e84d] => 66
            [6c4e24941e6ca71c1923fa6491badfd2341a66d5] => 
            [94ebd4ecea470e6c08206f1a4a16fa3c8e26c3a5] => 118
            [61c93cfb617ba7c513836825264e18f8a2389397] => 
            [61c93cfb617ba7c513836825264e18f8a2389397_currency] => 
            [a7de320a9bd09a2e62dc9337bec6ebbaf229b269] => 
            [a7de320a9bd09a2e62dc9337bec6ebbaf229b269_timezone_id] => 
            [fc4ee5328ab0a1c6d5db36814f00ece0bde334a8] => тестуванння !
            [fbe86ec9ff0fbaaeada151555b6a8508f89baa1a] => 52
            [ab79d9bd0b36cbbc3295c854cf72d3eb245e8fb4] => 
            [522f2bb11e66cb2ae26ec2898c743adbcb161662] => 
            [4634eababf2d7f043ebde38a0e0e8c0ec22939fc] => 
            [03793f5ce038d613dc45c8eb9541ae977b435835] => 
            [1305e71abe7ccb8f29958656c73538374d1bc194] => 
            [c3d24cbd375995aadcbffecd724da28e5629a0b2] => 
            [b60dc77af7ba68fbd39af8ea925ab0cd5c2e0575] => 
            [org_hidden] => 
            [person_hidden] => 
            [average_time_to_won] => Array
                (
                    [y] => 0
                    [m] => 0
                    [d] => 0
                    [h] => 0
                    [i] => 0
                    [s] => 0
                    [total_seconds] => 0
                )

            [average_stage_progress] => 0
            [age] => Array
                (
                    [y] => 0
                    [m] => 0
                    [d] => 0
                    [h] => 0
                    [i] => 2
                    [s] => 33
                    [total_seconds] => 153
                )

            [stay_in_pipeline_stages] => Array
                (
                    [times_in_stages] => Array
                        (
                            [1] => 153
                            [2] => 0
                        )

                    [order_of_stages] => Array
                        (
                            [0] => 1
                            [1] => 2
                        )

                )

            [last_activity] => 
            [next_activity] => 
        )

    [additional_data] => Array
        (
            [dropbox_email] => yapposushi+deal6759@pipedrivemail.com
        )

    [related_objects] => Array
        (
            [user] => Array
                (
                    [14818825] => Array
                        (
                            [id] => 14818825
                            [name] => Roman
                            [email] => bilous.roman13@yapposushi.com
                            [has_pic] => 0
                            [pic_hash] => 
                            [active_flag] => 1
                        )

                )

            [pipeline] => Array
                (
                    [1] => Array
                        (
                            [id] => 1
                            [name] => Online замовлення 
                            [url_title] => Online-
                            [order_nr] => 1
                            [active] => 1
                            [deal_probability] => 
                            [add_time] => 2023-05-08 15:03:46
                            [update_time] => 2023-05-08 21:50:49
                        )

                )

            [person] => Array
                (
                    [10586] => Array
                        (
                            [active_flag] => 1
                            [id] => 10586
                            [name] => Тест
                            [email] => Array
                                (
                                    [0] => Array
                                        (
                                            [value] => 
                                            [primary] => 1
                                        )

                                )

                            [phone] => Array
                                (
                                    [0] => Array
                                        (
                                            [label] => 
                                            [value] => +38 (050) 652-41-60
                                            [primary] => 1
                                        )

                                )

                            [owner_id] => 14818825
                        )

                )

            [stage] => Array
                (
                    [1] => Array
                        (
                            [id] => 1
                            [company_id] => 11205845
                            [order_nr] => 0
                            [name] => Нове замовлення
                            [active_flag] => 1
                            [deal_probability] => 100
                            [pipeline_id] => 1
                            [rotten_flag] => 
                            [rotten_days] => 
                            [add_time] => 2023-05-08 16:47:36
                            [update_time] => 2023-06-13 20:56:33
                            [pipeline_name] => Online замовлення 
                            [pipeline_deal_probability] => 
                        )

                )

        )

)

06.07.2023 11:25:04 На обробці угода №6759
06.07.2023 11:25:04 $deal
Array
(
    [success] => 1
    [data] => Array
        (
            [id] => 6759
            [creator_user_id] => Array
                (
                    [id] => 14818825
                    [name] => Roman
                    [email] => bilous.roman13@yapposushi.com
                    [has_pic] => 0
                    [pic_hash] => 
                    [active_flag] => 1
                    [value] => 14818825
                )

            [user_id] => Array
                (
                    [id] => 14818825
                    [name] => Roman
                    [email] => bilous.roman13@yapposushi.com
                    [has_pic] => 0
                    [pic_hash] => 
                    [active_flag] => 1
                    [value] => 14818825
                )

            [person_id] => Array
                (
                    [active_flag] => 1
                    [name] => Тест
                    [email] => Array
                        (
                            [0] => Array
                                (
                                    [value] => 
                                    [primary] => 1
                                )

                        )

                    [phone] => Array
                        (
                            [0] => Array
                                (
                                    [label] => 
                                    [value] => +38 (050) 652-41-60
                                    [primary] => 1
                                )

                        )

                    [owner_id] => 14818825
                    [value] => 10586
                )

            [org_id] => 
            [stage_id] => 1
            [title] => Сайт №1666, Тест Самовивіз 2
            [value] => 233
            [currency] => UAH
            [add_time] => 2023-07-06 10:52:31
            [update_time] => 2023-07-06 11:24:56
            [stage_change_time] => 
            [active] => 
            [deleted] => 
            [status] => won
            [probability] => 
            [next_activity_date] => 
            [next_activity_time] => 
            [next_activity_id] => 
            [last_activity_id] => 
            [last_activity_date] => 
            [lost_reason] => 
            [visible_to] => 3
            [close_time] => 2023-07-06 10:55:04
            [pipeline_id] => 1
            [won_time] => 2023-07-06 10:55:04
            [first_won_time] => 2023-07-06 10:55:04
            [lost_time] => 
            [products_count] => 20
            [files_count] => 0
            [notes_count] => 0
            [followers_count] => 1
            [email_messages_count] => 0
            [activities_count] => 0
            [done_activities_count] => 0
            [undone_activities_count] => 0
            [participants_count] => 1
            [expected_close_date] => 
            [last_incoming_mail_time] => 
            [last_outgoing_mail_time] => 
            [label] => 
            [stage_order_nr] => 0
            [person_name] => Тест
            [org_name] => 
            [next_activity_subject] => 
            [next_activity_type] => 
            [next_activity_duration] => 
            [next_activity_note] => 
            [formatted_value] => 233 ₴
            [weighted_value] => 233
            [formatted_weighted_value] => 233 ₴
            [weighted_value_currency] => UAH
            [rotten_time] => 
            [owner_name] => Roman
            [cc_email] => yapposushi+deal6759@pipedrivemail.com
            [c32000daacda527eddc4ff43fcd5ba7200a1f9c5] => 106
            [5d235e313b0ce48b9f65bf088067d92171707346] => 58
            [32fad1e114d019f0977fee93416030cabd95b3d1] => 50
            [38a3380abae966cc665e69260c73530acaf83856] => 
            [38a3380abae966cc665e69260c73530acaf83856_subpremise] => 
            [38a3380abae966cc665e69260c73530acaf83856_street_number] => 
            [38a3380abae966cc665e69260c73530acaf83856_route] => 
            [38a3380abae966cc665e69260c73530acaf83856_sublocality] => 
            [38a3380abae966cc665e69260c73530acaf83856_locality] => 
            [38a3380abae966cc665e69260c73530acaf83856_admin_area_level_1] => 
            [38a3380abae966cc665e69260c73530acaf83856_admin_area_level_2] => 
            [38a3380abae966cc665e69260c73530acaf83856_country] => 
            [38a3380abae966cc665e69260c73530acaf83856_postal_code] => 
            [38a3380abae966cc665e69260c73530acaf83856_formatted_address] => 
            [37b3e9059434b03c78e453864a723e0ed8117242] => 1
            [f6a43073f5a72a2e65cdd9dfe73cd8d8e6f1e84d] => 66
            [6c4e24941e6ca71c1923fa6491badfd2341a66d5] => 
            [94ebd4ecea470e6c08206f1a4a16fa3c8e26c3a5] => 118
            [61c93cfb617ba7c513836825264e18f8a2389397] => 
            [61c93cfb617ba7c513836825264e18f8a2389397_currency] => 
            [a7de320a9bd09a2e62dc9337bec6ebbaf229b269] => 
            [a7de320a9bd09a2e62dc9337bec6ebbaf229b269_timezone_id] => 
            [fc4ee5328ab0a1c6d5db36814f00ece0bde334a8] => тестуванння !
            [fbe86ec9ff0fbaaeada151555b6a8508f89baa1a] => 52
            [ab79d9bd0b36cbbc3295c854cf72d3eb245e8fb4] => 
            [522f2bb11e66cb2ae26ec2898c743adbcb161662] => 
            [4634eababf2d7f043ebde38a0e0e8c0ec22939fc] => 
            [03793f5ce038d613dc45c8eb9541ae977b435835] => 
            [1305e71abe7ccb8f29958656c73538374d1bc194] => 
            [c3d24cbd375995aadcbffecd724da28e5629a0b2] => 
            [b60dc77af7ba68fbd39af8ea925ab0cd5c2e0575] => 
            [org_hidden] => 
            [person_hidden] => 
            [average_time_to_won] => Array
                (
                    [y] => 0
                    [m] => 0
                    [d] => 0
                    [h] => 0
                    [i] => 0
                    [s] => 0
                    [total_seconds] => 0
                )

            [average_stage_progress] => 0
            [age] => Array
                (
                    [y] => 0
                    [m] => 0
                    [d] => 0
                    [h] => 0
                    [i] => 2
                    [s] => 33
                    [total_seconds] => 153
                )

            [stay_in_pipeline_stages] => Array
                (
                    [times_in_stages] => Array
                        (
                            [1] => 153
                            [2] => 0
                        )

                    [order_of_stages] => Array
                        (
                            [0] => 1
                            [1] => 2
                        )

                )

            [last_activity] => 
            [next_activity] => 
        )

    [additional_data] => Array
        (
            [dropbox_email] => yapposushi+deal6759@pipedrivemail.com
        )

    [related_objects] => Array
        (
            [user] => Array
                (
                    [14818825] => Array
                        (
                            [id] => 14818825
                            [name] => Roman
                            [email] => bilous.roman13@yapposushi.com
                            [has_pic] => 0
                            [pic_hash] => 
                            [active_flag] => 1
                        )

                )

            [pipeline] => Array
                (
                    [1] => Array
                        (
                            [id] => 1
                            [name] => Online замовлення 
                            [url_title] => Online-
                            [order_nr] => 1
                            [active] => 1
                            [deal_probability] => 
                            [add_time] => 2023-05-08 15:03:46
                            [update_time] => 2023-05-08 21:50:49
                        )

                )

            [person] => Array
                (
                    [10586] => Array
                        (
                            [active_flag] => 1
                            [id] => 10586
                            [name] => Тест
                            [email] => Array
                                (
                                    [0] => Array
                                        (
                                            [value] => 
                                            [primary] => 1
                                        )

                                )

                            [phone] => Array
                                (
                                    [0] => Array
                                        (
                                            [label] => 
                                            [value] => +38 (050) 652-41-60
                                            [primary] => 1
                                        )

                                )

                            [owner_id] => 14818825
                        )

                )

            [stage] => Array
                (
                    [1] => Array
                        (
                            [id] => 1
                            [company_id] => 11205845
                            [order_nr] => 0
                            [name] => Нове замовлення
                            [active_flag] => 1
                            [deal_probability] => 100
                            [pipeline_id] => 1
                            [rotten_flag] => 
                            [rotten_days] => 
                            [add_time] => 2023-05-08 16:47:36
                            [update_time] => 2023-06-13 20:56:33
                            [pipeline_name] => Online замовлення 
                            [pipeline_deal_probability] => 
                        )

                )

        )

)

06.07.2023 11:25:39 На обробці угода №6759
06.07.2023 11:27:58 На обробці угода №6759
06.07.2023 11:28:00 Before $response
{"response":{"incoming_order_id":6629,"type":1,"spot_id":6,"status":0,"client_id":4513,"client_address_id":4513,"table_id":null,"comment":"\u0442\u0435\u0441\u0442\u0443\u0432\u0430\u043d\u043d\u043d\u044f !1\n\u041e\u043f\u043b\u0430\u0442\u0430 \u0433\u043e\u0442\u0456\u0432\u043a\u043e\u044e \u0431\u0435\u0437 \u0440\u0435\u0448\u0442\u0438\n\u0420\u0435\u0448\u0442\u0430 \u0437 \u0441\u0443\u043c\u0438:","created_at":"2023-07-06 14:27:59","updated_at":"2023-07-06 14:27:59","transaction_id":null,"service_mode":3,"delivery_price":null,"fiscal_spreading":0,"fiscal_method":"","promotion":null,"delivery_time":"0000-00-00 00:00:00","payment_method_id":null,"first_name":"\u0422\u0435\u0441\u0442","last_name":null,"phone":"380506524160","email":null,"sex":null,"birthday":null,"address":"","products":[{"io_product_id":29512,"product_id":275,"modificator_id":0,"incoming_order_id":6629,"count":"1.0000000","price":500,"created_at":"2023-07-06 14:27:59"},{"io_product_id":29513,"product_id":154,"modificator_id":0,"incoming_order_id":6629,"count":"1.0000000","price":18900,"created_at":"2023-07-06 14:27:59"},{"io_product_id":29514,"product_id":278,"modificator_id":0,"incoming_order_id":6629,"count":"1.0000000","price":0,"created_at":"2023-07-06 14:27:59"},{"io_product_id":29515,"product_id":277,"modificator_id":0,"incoming_order_id":6629,"count":"10.0000000","price":0,"created_at":"2023-07-06 14:27:59"},{"io_product_id":29516,"product_id":276,"modificator_id":0,"incoming_order_id":6629,"count":"6.0000000","price":0,"created_at":"2023-07-06 14:27:59"},{"io_product_id":29517,"product_id":279,"modificator_id":0,"incoming_order_id":6629,"count":"1.0000000","price":3900,"created_at":"2023-07-06 14:27:59"}]}}
06.07.2023 11:28:00 after $response
stdClass Object
(
    [response] => stdClass Object
        (
            [incoming_order_id] => 6629
            [type] => 1
            [spot_id] => 6
            [status] => 0
            [client_id] => 4513
            [client_address_id] => 4513
            [table_id] => 
            [comment] => тестуванння !1
Оплата готівкою без решти
Решта з суми:
            [created_at] => 2023-07-06 14:27:59
            [updated_at] => 2023-07-06 14:27:59
            [transaction_id] => 
            [service_mode] => 3
            [delivery_price] => 
            [fiscal_spreading] => 0
            [fiscal_method] => 
            [promotion] => 
            [delivery_time] => 0000-00-00 00:00:00
            [payment_method_id] => 
            [first_name] => Тест
            [last_name] => 
            [phone] => 380506524160
            [email] => 
            [sex] => 
            [birthday] => 
            [address] => 
            [products] => Array
                (
                    [0] => stdClass Object
                        (
                            [io_product_id] => 29512
                            [product_id] => 275
                            [modificator_id] => 0
                            [incoming_order_id] => 6629
                            [count] => 1.0000000
                            [price] => 500
                            [created_at] => 2023-07-06 14:27:59
                        )

                    [1] => stdClass Object
                        (
                            [io_product_id] => 29513
                            [product_id] => 154
                            [modificator_id] => 0
                            [incoming_order_id] => 6629
                            [count] => 1.0000000
                            [price] => 18900
                            [created_at] => 2023-07-06 14:27:59
                        )

                    [2] => stdClass Object
                        (
                            [io_product_id] => 29514
                            [product_id] => 278
                            [modificator_id] => 0
                            [incoming_order_id] => 6629
                            [count] => 1.0000000
                            [price] => 0
                            [created_at] => 2023-07-06 14:27:59
                        )

                    [3] => stdClass Object
                        (
                            [io_product_id] => 29515
                            [product_id] => 277
                            [modificator_id] => 0
                            [incoming_order_id] => 6629
                            [count] => 10.0000000
                            [price] => 0
                            [created_at] => 2023-07-06 14:27:59
                        )

                    [4] => stdClass Object
                        (
                            [io_product_id] => 29516
                            [product_id] => 276
                            [modificator_id] => 0
                            [incoming_order_id] => 6629
                            [count] => 6.0000000
                            [price] => 0
                            [created_at] => 2023-07-06 14:27:59
                        )

                    [5] => stdClass Object
                        (
                            [io_product_id] => 29517
                            [product_id] => 279
                            [modificator_id] => 0
                            [incoming_order_id] => 6629
                            [count] => 1.0000000
                            [price] => 3900
                            [created_at] => 2023-07-06 14:27:59
                        )

                )

        )

)

06.07.2023 11:28:05 На обробці угода №6759
06.07.2023 11:28:07 Before $response
{"response":{"incoming_order_id":6630,"type":1,"spot_id":6,"status":0,"client_id":4513,"client_address_id":4513,"table_id":null,"comment":"\u0442\u0435\u0441\u0442\u0443\u0432\u0430\u043d\u043d\u043d\u044f !1\n\u041e\u043f\u043b\u0430\u0442\u0430 \u0433\u043e\u0442\u0456\u0432\u043a\u043e\u044e \u0431\u0435\u0437 \u0440\u0435\u0448\u0442\u0438\n\u0420\u0435\u0448\u0442\u0430 \u0437 \u0441\u0443\u043c\u0438:","created_at":"2023-07-06 14:28:06","updated_at":"2023-07-06 14:28:06","transaction_id":null,"service_mode":3,"delivery_price":null,"fiscal_spreading":0,"fiscal_method":"","promotion":null,"delivery_time":"0000-00-00 00:00:00","payment_method_id":null,"first_name":"\u0422\u0435\u0441\u0442","last_name":null,"phone":"380506524160","email":null,"sex":null,"birthday":null,"address":"","products":[{"io_product_id":29518,"product_id":275,"modificator_id":0,"incoming_order_id":6630,"count":"1.0000000","price":500,"created_at":"2023-07-06 14:28:06"},{"io_product_id":29519,"product_id":154,"modificator_id":0,"incoming_order_id":6630,"count":"1.0000000","price":18900,"created_at":"2023-07-06 14:28:06"},{"io_product_id":29520,"product_id":278,"modificator_id":0,"incoming_order_id":6630,"count":"1.0000000","price":0,"created_at":"2023-07-06 14:28:06"},{"io_product_id":29521,"product_id":277,"modificator_id":0,"incoming_order_id":6630,"count":"10.0000000","price":0,"created_at":"2023-07-06 14:28:06"},{"io_product_id":29522,"product_id":276,"modificator_id":0,"incoming_order_id":6630,"count":"6.0000000","price":0,"created_at":"2023-07-06 14:28:06"},{"io_product_id":29523,"product_id":279,"modificator_id":0,"incoming_order_id":6630,"count":"1.0000000","price":3900,"created_at":"2023-07-06 14:28:06"}]}}
06.07.2023 11:28:07 after $response
stdClass Object
(
    [response] => stdClass Object
        (
            [incoming_order_id] => 6630
            [type] => 1
            [spot_id] => 6
            [status] => 0
            [client_id] => 4513
            [client_address_id] => 4513
            [table_id] => 
            [comment] => тестуванння !1
Оплата готівкою без решти
Решта з суми:
            [created_at] => 2023-07-06 14:28:06
            [updated_at] => 2023-07-06 14:28:06
            [transaction_id] => 
            [service_mode] => 3
            [delivery_price] => 
            [fiscal_spreading] => 0
            [fiscal_method] => 
            [promotion] => 
            [delivery_time] => 0000-00-00 00:00:00
            [payment_method_id] => 
            [first_name] => Тест
            [last_name] => 
            [phone] => 380506524160
            [email] => 
            [sex] => 
            [birthday] => 
            [address] => 
            [products] => Array
                (
                    [0] => stdClass Object
                        (
                            [io_product_id] => 29518
                            [product_id] => 275
                            [modificator_id] => 0
                            [incoming_order_id] => 6630
                            [count] => 1.0000000
                            [price] => 500
                            [created_at] => 2023-07-06 14:28:06
                        )

                    [1] => stdClass Object
                        (
                            [io_product_id] => 29519
                            [product_id] => 154
                            [modificator_id] => 0
                            [incoming_order_id] => 6630
                            [count] => 1.0000000
                            [price] => 18900
                            [created_at] => 2023-07-06 14:28:06
                        )

                    [2] => stdClass Object
                        (
                            [io_product_id] => 29520
                            [product_id] => 278
                            [modificator_id] => 0
                            [incoming_order_id] => 6630
                            [count] => 1.0000000
                            [price] => 0
                            [created_at] => 2023-07-06 14:28:06
                        )

                    [3] => stdClass Object
                        (
                            [io_product_id] => 29521
                            [product_id] => 277
                            [modificator_id] => 0
                            [incoming_order_id] => 6630
                            [count] => 10.0000000
                            [price] => 0
                            [created_at] => 2023-07-06 14:28:06
                        )

                    [4] => stdClass Object
                        (
                            [io_product_id] => 29522
                            [product_id] => 276
                            [modificator_id] => 0
                            [incoming_order_id] => 6630
                            [count] => 6.0000000
                            [price] => 0
                            [created_at] => 2023-07-06 14:28:06
                        )

                    [5] => stdClass Object
                        (
                            [io_product_id] => 29523
                            [product_id] => 279
                            [modificator_id] => 0
                            [incoming_order_id] => 6630
                            [count] => 1.0000000
                            [price] => 3900
                            [created_at] => 2023-07-06 14:28:06
                        )

                )

        )

)

06.07.2023 11:28:13 На обробці угода №6759
06.07.2023 11:28:16 Before $response
{"response":{"incoming_order_id":6631,"type":1,"spot_id":6,"status":0,"client_id":4513,"client_address_id":4513,"table_id":null,"comment":"\u0442\u0435\u0441\u0442\u0443\u0432\u0430\u043d\u043d\u043d\u044f !1\n\u041e\u043f\u043b\u0430\u0442\u0430 \u0433\u043e\u0442\u0456\u0432\u043a\u043e\u044e \u0431\u0435\u0437 \u0440\u0435\u0448\u0442\u0438\n\u0420\u0435\u0448\u0442\u0430 \u0437 \u0441\u0443\u043c\u0438:","created_at":"2023-07-06 14:28:15","updated_at":"2023-07-06 14:28:15","transaction_id":null,"service_mode":3,"delivery_price":null,"fiscal_spreading":0,"fiscal_method":"","promotion":null,"delivery_time":"0000-00-00 00:00:00","payment_method_id":null,"first_name":"\u0422\u0435\u0441\u0442","last_name":null,"phone":"380506524160","email":null,"sex":null,"birthday":null,"address":"","products":[{"io_product_id":29524,"product_id":275,"modificator_id":0,"incoming_order_id":6631,"count":"1.0000000","price":500,"created_at":"2023-07-06 14:28:15"},{"io_product_id":29525,"product_id":154,"modificator_id":0,"incoming_order_id":6631,"count":"1.0000000","price":18900,"created_at":"2023-07-06 14:28:15"},{"io_product_id":29526,"product_id":278,"modificator_id":0,"incoming_order_id":6631,"count":"1.0000000","price":0,"created_at":"2023-07-06 14:28:15"},{"io_product_id":29527,"product_id":277,"modificator_id":0,"incoming_order_id":6631,"count":"10.0000000","price":0,"created_at":"2023-07-06 14:28:15"},{"io_product_id":29528,"product_id":276,"modificator_id":0,"incoming_order_id":6631,"count":"6.0000000","price":0,"created_at":"2023-07-06 14:28:15"},{"io_product_id":29529,"product_id":279,"modificator_id":0,"incoming_order_id":6631,"count":"1.0000000","price":3900,"created_at":"2023-07-06 14:28:15"}]}}
06.07.2023 11:28:16 after $response
stdClass Object
(
    [response] => stdClass Object
        (
            [incoming_order_id] => 6631
            [type] => 1
            [spot_id] => 6
            [status] => 0
            [client_id] => 4513
            [client_address_id] => 4513
            [table_id] => 
            [comment] => тестуванння !1
Оплата готівкою без решти
Решта з суми:
            [created_at] => 2023-07-06 14:28:15
            [updated_at] => 2023-07-06 14:28:15
            [transaction_id] => 
            [service_mode] => 3
            [delivery_price] => 
            [fiscal_spreading] => 0
            [fiscal_method] => 
            [promotion] => 
            [delivery_time] => 0000-00-00 00:00:00
            [payment_method_id] => 
            [first_name] => Тест
            [last_name] => 
            [phone] => 380506524160
            [email] => 
            [sex] => 
            [birthday] => 
            [address] => 
            [products] => Array
                (
                    [0] => stdClass Object
                        (
                            [io_product_id] => 29524
                            [product_id] => 275
                            [modificator_id] => 0
                            [incoming_order_id] => 6631
                            [count] => 1.0000000
                            [price] => 500
                            [created_at] => 2023-07-06 14:28:15
                        )

                    [1] => stdClass Object
                        (
                            [io_product_id] => 29525
                            [product_id] => 154
                            [modificator_id] => 0
                            [incoming_order_id] => 6631
                            [count] => 1.0000000
                            [price] => 18900
                            [created_at] => 2023-07-06 14:28:15
                        )

                    [2] => stdClass Object
                        (
                            [io_product_id] => 29526
                            [product_id] => 278
                            [modificator_id] => 0
                            [incoming_order_id] => 6631
                            [count] => 1.0000000
                            [price] => 0
                            [created_at] => 2023-07-06 14:28:15
                        )

                    [3] => stdClass Object
                        (
                            [io_product_id] => 29527
                            [product_id] => 277
                            [modificator_id] => 0
                            [incoming_order_id] => 6631
                            [count] => 10.0000000
                            [price] => 0
                            [created_at] => 2023-07-06 14:28:15
                        )

                    [4] => stdClass Object
                        (
                            [io_product_id] => 29528
                            [product_id] => 276
                            [modificator_id] => 0
                            [incoming_order_id] => 6631
                            [count] => 6.0000000
                            [price] => 0
                            [created_at] => 2023-07-06 14:28:15
                        )

                    [5] => stdClass Object
                        (
                            [io_product_id] => 29529
                            [product_id] => 279
                            [modificator_id] => 0
                            [incoming_order_id] => 6631
                            [count] => 1.0000000
                            [price] => 3900
                            [created_at] => 2023-07-06 14:28:15
                        )

                )

        )

)

06.07.2023 11:28:38 На обробці угода №6759
06.07.2023 11:28:41 Before $response
{"response":{"incoming_order_id":6632,"type":1,"spot_id":6,"status":0,"client_id":4513,"client_address_id":4513,"table_id":null,"comment":"\u0442\u0435\u0441\u0442\u0443\u0432\u0430\u043d\u043d\u043d\u044f !1\n\u041e\u043f\u043b\u0430\u0442\u0430 \u0433\u043e\u0442\u0456\u0432\u043a\u043e\u044e \u0431\u0435\u0437 \u0440\u0435\u0448\u0442\u0438\n\u0420\u0435\u0448\u0442\u0430 \u0437 \u0441\u0443\u043c\u0438:","created_at":"2023-07-06 14:28:40","updated_at":"2023-07-06 14:28:40","transaction_id":null,"service_mode":3,"delivery_price":null,"fiscal_spreading":0,"fiscal_method":"","promotion":null,"delivery_time":"0000-00-00 00:00:00","payment_method_id":null,"first_name":"\u0422\u0435\u0441\u0442","last_name":null,"phone":"380506524160","email":null,"sex":null,"birthday":null,"address":"","products":[{"io_product_id":29530,"product_id":275,"modificator_id":0,"incoming_order_id":6632,"count":"1.0000000","price":500,"created_at":"2023-07-06 14:28:40"},{"io_product_id":29531,"product_id":154,"modificator_id":0,"incoming_order_id":6632,"count":"1.0000000","price":18900,"created_at":"2023-07-06 14:28:40"},{"io_product_id":29532,"product_id":278,"modificator_id":0,"incoming_order_id":6632,"count":"1.0000000","price":0,"created_at":"2023-07-06 14:28:40"},{"io_product_id":29533,"product_id":277,"modificator_id":0,"incoming_order_id":6632,"count":"10.0000000","price":0,"created_at":"2023-07-06 14:28:40"},{"io_product_id":29534,"product_id":276,"modificator_id":0,"incoming_order_id":6632,"count":"6.0000000","price":0,"created_at":"2023-07-06 14:28:40"},{"io_product_id":29535,"product_id":279,"modificator_id":0,"incoming_order_id":6632,"count":"1.0000000","price":3900,"created_at":"2023-07-06 14:28:40"}]}}
06.07.2023 11:28:41 after $response
stdClass Object
(
    [response] => stdClass Object
        (
            [incoming_order_id] => 6632
            [type] => 1
            [spot_id] => 6
            [status] => 0
            [client_id] => 4513
            [client_address_id] => 4513
            [table_id] => 
            [comment] => тестуванння !1
Оплата готівкою без решти
Решта з суми:
            [created_at] => 2023-07-06 14:28:40
            [updated_at] => 2023-07-06 14:28:40
            [transaction_id] => 
            [service_mode] => 3
            [delivery_price] => 
            [fiscal_spreading] => 0
            [fiscal_method] => 
            [promotion] => 
            [delivery_time] => 0000-00-00 00:00:00
            [payment_method_id] => 
            [first_name] => Тест
            [last_name] => 
            [phone] => 380506524160
            [email] => 
            [sex] => 
            [birthday] => 
            [address] => 
            [products] => Array
                (
                    [0] => stdClass Object
                        (
                            [io_product_id] => 29530
                            [product_id] => 275
                            [modificator_id] => 0
                            [incoming_order_id] => 6632
                            [count] => 1.0000000
                            [price] => 500
                            [created_at] => 2023-07-06 14:28:40
                        )

                    [1] => stdClass Object
                        (
                            [io_product_id] => 29531
                            [product_id] => 154
                            [modificator_id] => 0
                            [incoming_order_id] => 6632
                            [count] => 1.0000000
                            [price] => 18900
                            [created_at] => 2023-07-06 14:28:40
                        )

                    [2] => stdClass Object
                        (
                            [io_product_id] => 29532
                            [product_id] => 278
                            [modificator_id] => 0
                            [incoming_order_id] => 6632
                            [count] => 1.0000000
                            [price] => 0
                            [created_at] => 2023-07-06 14:28:40
                        )

                    [3] => stdClass Object
                        (
                            [io_product_id] => 29533
                            [product_id] => 277
                            [modificator_id] => 0
                            [incoming_order_id] => 6632
                            [count] => 10.0000000
                            [price] => 0
                            [created_at] => 2023-07-06 14:28:40
                        )

                    [4] => stdClass Object
                        (
                            [io_product_id] => 29534
                            [product_id] => 276
                            [modificator_id] => 0
                            [incoming_order_id] => 6632
                            [count] => 6.0000000
                            [price] => 0
                            [created_at] => 2023-07-06 14:28:40
                        )

                    [5] => stdClass Object
                        (
                            [io_product_id] => 29535
                            [product_id] => 279
                            [modificator_id] => 0
                            [incoming_order_id] => 6632
                            [count] => 1.0000000
                            [price] => 3900
                            [created_at] => 2023-07-06 14:28:40
                        )

                )

        )

)

06.07.2023 11:29:19 На обробці угода №6759
06.07.2023 11:29:22 Успішно створене онлайн замовлення у Poster. PosterDealId 6633. PipedriveDeal ID 6759.
06.07.2023 11:31:13 На обробці угода №6759
06.07.2023 11:31:15 Успішно створене онлайн замовлення у Poster. PosterDealId 6634. PipedriveDeal ID 6759.
06.07.2023 11:31:41 На обробці угода №6759
06.07.2023 11:31:44 Успішно створене онлайн замовлення у Poster. PosterDealId 6635. PipedriveDeal ID 6759.
06.07.2023 11:32:20 На обробці угода №6759
06.07.2023 11:32:23 Успішно створене онлайн замовлення у Poster. PosterDealId 6636. PipedriveDeal ID 6759.
06.07.2023 11:32:45 На обробці угода №6764
06.07.2023 11:32:46 На обробці угода №6764
06.07.2023 11:32:46 На обробці угода №6764
06.07.2023 11:32:47 На обробці угода №6764
06.07.2023 11:36:11 На обробці угода №6764
06.07.2023 11:36:11 На обробці угода №6764
06.07.2023 11:36:48 На обробці угода №6764
06.07.2023 11:41:17 На обробці угода №6765
06.07.2023 11:41:17 На обробці угода №6765
06.07.2023 11:42:49 На обробці угода №6766
06.07.2023 11:42:50 На обробці угода №6766
