06.07.2023 12:18:10 На обробці угода №6755
06.07.2023 12:18:13 Угода у Poster не створилась. Pipedeal ID 6755. Текст помилки: api.errorMessage.dateNotInTheFuture
06.07.2023 12:18:13 $response
Array
(
    [error] => 185
    [message] => api.errorMessage.dateNotInTheFuture
)

06.07.2023 12:18:29 На обробці угода №6755
06.07.2023 12:18:32 Угода у Poster не створилась. Pipedeal ID 6755. Текст помилки: api.errorMessage.dateNotInTheFuture
06.07.2023 12:18:32 $response
Array
(
    [error] => 185
    [message] => api.errorMessage.dateNotInTheFuture
)

06.07.2023 12:18:58 На обробці угода №6755
06.07.2023 12:19:00 Угода у Poster не створилась. Pipedeal ID 6755. Текст помилки: api.errorMessage.dateNotInTheFuture
06.07.2023 12:19:00 $response
Array
(
    [error] => 185
    [message] => api.errorMessage.dateNotInTheFuture
)

06.07.2023 12:20:15 На обробці угода №6755
06.07.2023 12:20:17 Успішно створене онлайн замовлення у Poster. PosterDealId 6640. PipedriveDeal ID 6755.
06.07.2023 12:21:35 На обробці угода №6755
06.07.2023 12:21:39 Успішно створене онлайн замовлення у Poster. PosterDealId 6641. PipedriveDeal ID 6755.
07.07.2023 7:36:26 На обробці угода №6827
07.07.2023 7:36:29 Успішно створене онлайн замовлення у Poster. PosterDealId 6646. PipedriveDeal ID 6827.
07.07.2023 7:38:36 На обробці угода №6827
07.07.2023 7:38:38 Успішно створене онлайн замовлення у Poster. PosterDealId 6647. PipedriveDeal ID 6827.
07.07.2023 8:24:58 На обробці угода №6830
07.07.2023 8:25:01 Успішно створене онлайн замовлення у Poster. PosterDealId 6648. PipedriveDeal ID 6830.
07.07.2023 8:42:34 На обробці угода №6831
07.07.2023 8:42:37 Успішно створене онлайн замовлення у Poster. PosterDealId 6649. PipedriveDeal ID 6831.
07.07.2023 9:09:51 На обробці угода №6857
07.07.2023 9:09:53 Успішно створене онлайн замовлення у Poster. PosterDealId 6650. PipedriveDeal ID 6857.
07.07.2023 9:16:22 На обробці угода №6870
07.07.2023 9:16:24 Успішно створене онлайн замовлення у Poster. PosterDealId 6651. PipedriveDeal ID 6870.
07.07.2023 9:21:28 На обробці угода №6881
07.07.2023 9:21:31 Успішно створене онлайн замовлення у Poster. PosterDealId 6652. PipedriveDeal ID 6881.
07.07.2023 9:21:35 На обробці угода №6879
07.07.2023 9:21:38 Успішно створене онлайн замовлення у Poster. PosterDealId 6653. PipedriveDeal ID 6879.
07.07.2023 9:38:40 На обробці угода №6908
07.07.2023 9:38:43 Успішно створене онлайн замовлення у Poster. PosterDealId 6654. PipedriveDeal ID 6908.
07.07.2023 9:56:19 На обробці угода №6918
07.07.2023 9:56:22 Успішно створене онлайн замовлення у Poster. PosterDealId 6655. PipedriveDeal ID 6918.
07.07.2023 9:59:32 На обробці угода №6920
07.07.2023 9:59:34 Успішно створене онлайн замовлення у Poster. PosterDealId 6656. PipedriveDeal ID 6920.
07.07.2023 10:16:57 На обробці угода №6922
07.07.2023 10:17:01 Успішно створене онлайн замовлення у Poster. PosterDealId 6657. PipedriveDeal ID 6922.
07.07.2023 10:32:44 На обробці угода №6924
07.07.2023 10:32:46 Успішно створене онлайн замовлення у Poster. PosterDealId 6658. PipedriveDeal ID 6924.
07.07.2023 10:52:39 На обробці угода №6930
07.07.2023 10:52:42 Успішно створене онлайн замовлення у Poster. PosterDealId 6659. PipedriveDeal ID 6930.
07.07.2023 11:01:49 На обробці угода №6931
07.07.2023 11:01:52 Успішно створене онлайн замовлення у Poster. PosterDealId 6660. PipedriveDeal ID 6931.
07.07.2023 11:08:01 На обробці угода №6932
07.07.2023 11:08:04 Успішно створене онлайн замовлення у Poster. PosterDealId 6661. PipedriveDeal ID 6932.
07.07.2023 11:23:31 На обробці угода №6939
07.07.2023 11:23:34 Успішно створене онлайн замовлення у Poster. PosterDealId 6662. PipedriveDeal ID 6939.
07.07.2023 11:29:23 На обробці угода №6940
07.07.2023 11:29:26 Успішно створене онлайн замовлення у Poster. PosterDealId 6663. PipedriveDeal ID 6940.
07.07.2023 11:33:41 На обробці угода №6941
07.07.2023 11:33:44 Успішно створене онлайн замовлення у Poster. PosterDealId 6664. PipedriveDeal ID 6941.
07.07.2023 11:37:56 На обробці угода №6942
07.07.2023 11:37:59 Успішно створене онлайн замовлення у Poster. PosterDealId 6665. PipedriveDeal ID 6942.
07.07.2023 11:44:42 На обробці угода №6947
07.07.2023 11:44:45 Успішно створене онлайн замовлення у Poster. PosterDealId 6666. PipedriveDeal ID 6947.
07.07.2023 11:55:01 На обробці угода №6950
07.07.2023 11:55:04 Успішно створене онлайн замовлення у Poster. PosterDealId 6667. PipedriveDeal ID 6950.
07.07.2023 12:00:52 На обробці угода №6953
07.07.2023 12:00:54 Успішно створене онлайн замовлення у Poster. PosterDealId 6668. PipedriveDeal ID 6953.
07.07.2023 12:02:40 На обробці угода №6955
07.07.2023 12:02:44 Успішно створене онлайн замовлення у Poster. PosterDealId 6669. PipedriveDeal ID 6955.
07.07.2023 12:07:00 На обробці угода №6957
07.07.2023 12:07:02 Успішно створене онлайн замовлення у Poster. PosterDealId 6670. PipedriveDeal ID 6957.
07.07.2023 12:16:17 На обробці угода №6956
07.07.2023 12:16:19 Успішно створене онлайн замовлення у Poster. PosterDealId 6671. PipedriveDeal ID 6956.
07.07.2023 12:18:20 На обробці угода №6964
07.07.2023 12:18:23 Успішно створене онлайн замовлення у Poster. PosterDealId 6672. PipedriveDeal ID 6964.
07.07.2023 12:19:52 На обробці угода №6963
07.07.2023 12:19:55 Успішно створене онлайн замовлення у Poster. PosterDealId 6673. PipedriveDeal ID 6963.
07.07.2023 12:23:26 На обробці угода №6965
07.07.2023 12:23:29 Успішно створене онлайн замовлення у Poster. PosterDealId 6674. PipedriveDeal ID 6965.
07.07.2023 12:30:14 На обробці угода №6971
07.07.2023 12:30:17 Успішно створене онлайн замовлення у Poster. PosterDealId 6675. PipedriveDeal ID 6971.
07.07.2023 12:34:00 На обробці угода №6974
07.07.2023 12:34:03 Успішно створене онлайн замовлення у Poster. PosterDealId 6676. PipedriveDeal ID 6974.
07.07.2023 12:41:16 На обробці угода №6977
07.07.2023 12:41:19 Успішно створене онлайн замовлення у Poster. PosterDealId 6677. PipedriveDeal ID 6977.
07.07.2023 12:45:52 На обробці угода №6980
07.07.2023 12:45:55 Успішно створене онлайн замовлення у Poster. PosterDealId 6678. PipedriveDeal ID 6980.
07.07.2023 12:46:02 На обробці угода №6981
07.07.2023 12:46:05 Успішно створене онлайн замовлення у Poster. PosterDealId 6679. PipedriveDeal ID 6981.
07.07.2023 12:55:54 На обробці угода №6984
07.07.2023 12:55:56 Успішно створене онлайн замовлення у Poster. PosterDealId 6680. PipedriveDeal ID 6984.
07.07.2023 12:58:59 На обробці угода №6988
07.07.2023 12:59:01 Успішно створене онлайн замовлення у Poster. PosterDealId 6681. PipedriveDeal ID 6988.
07.07.2023 13:00:06 На обробці угода №6986
07.07.2023 13:00:10 Успішно створене онлайн замовлення у Poster. PosterDealId 6682. PipedriveDeal ID 6986.
07.07.2023 13:03:55 На обробці угода №6990
07.07.2023 13:03:58 Успішно створене онлайн замовлення у Poster. PosterDealId 6683. PipedriveDeal ID 6990.
07.07.2023 13:09:24 На обробці угода №6995
07.07.2023 13:09:26 Успішно створене онлайн замовлення у Poster. PosterDealId 6684. PipedriveDeal ID 6995.
07.07.2023 13:17:55 На обробці угода №6998
07.07.2023 13:17:58 Успішно створене онлайн замовлення у Poster. PosterDealId 6685. PipedriveDeal ID 6998.
07.07.2023 13:58:01 На обробці угода №7014
07.07.2023 13:58:07 Запити на створення угоди у Poster не вдався. cURL error 28: Operation timed out after 5000 milliseconds with 0 bytes received
07.07.2023 14:11:54 На обробці угода №7018
07.07.2023 14:11:56 Успішно створене онлайн замовлення у Poster. PosterDealId 6687. PipedriveDeal ID 7018.
07.07.2023 14:18:57 На обробці угода №7026
07.07.2023 14:19:00 Успішно створене онлайн замовлення у Poster. PosterDealId 6688. PipedriveDeal ID 7026.
07.07.2023 14:23:17 На обробці угода №7026
07.07.2023 14:23:19 Успішно створене онлайн замовлення у Poster. PosterDealId 6689. PipedriveDeal ID 7026.
07.07.2023 14:26:32 На обробці угода №7029
07.07.2023 14:26:35 Успішно створене онлайн замовлення у Poster. PosterDealId 6690. PipedriveDeal ID 7029.
07.07.2023 14:27:51 На обробці угода №7016
07.07.2023 14:27:54 Успішно створене онлайн замовлення у Poster. PosterDealId 6691. PipedriveDeal ID 7016.
07.07.2023 14:30:56 На обробці угода №7033
07.07.2023 14:30:57 На обробці угода №7033
07.07.2023 14:30:59 Успішно створене онлайн замовлення у Poster. PosterDealId 6692. PipedriveDeal ID 7033.
07.07.2023 14:31:00 Успішно створене онлайн замовлення у Poster. PosterDealId 6693. PipedriveDeal ID 7033.
07.07.2023 14:31:11 На обробці угода №7015
07.07.2023 14:31:14 Успішно створене онлайн замовлення у Poster. PosterDealId 6694. PipedriveDeal ID 7015.
07.07.2023 14:36:03 На обробці угода №7035
07.07.2023 14:36:06 Успішно створене онлайн замовлення у Poster. PosterDealId 6695. PipedriveDeal ID 7035.
07.07.2023 14:42:06 На обробці угода №7037
07.07.2023 14:42:09 Успішно створене онлайн замовлення у Poster. PosterDealId 6696. PipedriveDeal ID 7037.
07.07.2023 14:44:33 На обробці угода №7036
07.07.2023 14:44:36 Успішно створене онлайн замовлення у Poster. PosterDealId 6697. PipedriveDeal ID 7036.
07.07.2023 14:53:38 На обробці угода №7040
07.07.2023 14:53:41 Успішно створене онлайн замовлення у Poster. PosterDealId 6698. PipedriveDeal ID 7040.
07.07.2023 14:59:50 На обробці угода №7044
07.07.2023 14:59:52 Успішно створене онлайн замовлення у Poster. PosterDealId 6699. PipedriveDeal ID 7044.
07.07.2023 15:10:09 На обробці угода №7054
07.07.2023 15:10:12 Успішно створене онлайн замовлення у Poster. PosterDealId 6700. PipedriveDeal ID 7054.
07.07.2023 15:11:20 На обробці угода №7051
07.07.2023 15:11:23 Успішно створене онлайн замовлення у Poster. PosterDealId 6701. PipedriveDeal ID 7051.
07.07.2023 15:13:30 На обробці угода №7056
07.07.2023 15:13:33 Успішно створене онлайн замовлення у Poster. PosterDealId 6702. PipedriveDeal ID 7056.
07.07.2023 15:16:20 На обробці угода №7062
07.07.2023 15:16:22 Успішно створене онлайн замовлення у Poster. PosterDealId 6703. PipedriveDeal ID 7062.
07.07.2023 15:17:16 На обробці угода №7060
07.07.2023 15:17:19 Успішно створене онлайн замовлення у Poster. PosterDealId 6704. PipedriveDeal ID 7060.
07.07.2023 15:19:10 На обробці угода №7061
07.07.2023 15:19:13 Успішно створене онлайн замовлення у Poster. PosterDealId 6705. PipedriveDeal ID 7061.
07.07.2023 15:22:03 На обробці угода №7049
07.07.2023 15:22:06 Успішно створене онлайн замовлення у Poster. PosterDealId 6706. PipedriveDeal ID 7049.
07.07.2023 15:22:45 На обробці угода №7065
07.07.2023 15:22:48 Успішно створене онлайн замовлення у Poster. PosterDealId 6707. PipedriveDeal ID 7065.
07.07.2023 15:25:16 На обробці угода №7066
07.07.2023 15:25:19 Успішно створене онлайн замовлення у Poster. PosterDealId 6708. PipedriveDeal ID 7066.
07.07.2023 15:27:51 На обробці угода №7071
07.07.2023 15:27:54 Успішно створене онлайн замовлення у Poster. PosterDealId 6709. PipedriveDeal ID 7071.
07.07.2023 15:31:27 На обробці угода №7069
07.07.2023 15:31:29 Успішно створене онлайн замовлення у Poster. PosterDealId 6710. PipedriveDeal ID 7069.
07.07.2023 15:31:42 На обробці угода №7069
07.07.2023 15:31:46 Успішно створене онлайн замовлення у Poster. PosterDealId 6711. PipedriveDeal ID 7069.
07.07.2023 15:45:38 На обробці угода №7077
07.07.2023 15:45:41 Успішно створене онлайн замовлення у Poster. PosterDealId 6712. PipedriveDeal ID 7077.
07.07.2023 15:46:29 На обробці угода №7079
07.07.2023 15:46:32 Успішно створене онлайн замовлення у Poster. PosterDealId 6713. PipedriveDeal ID 7079.
07.07.2023 15:54:30 На обробці угода №7084
07.07.2023 15:54:32 Успішно створене онлайн замовлення у Poster. PosterDealId 6714. PipedriveDeal ID 7084.
07.07.2023 16:11:34 На обробці угода №7090
07.07.2023 16:11:37 Успішно створене онлайн замовлення у Poster. PosterDealId 6715. PipedriveDeal ID 7090.
07.07.2023 16:12:25 На обробці угода №7091
07.07.2023 16:12:27 Успішно створене онлайн замовлення у Poster. PosterDealId 6716. PipedriveDeal ID 7091.
07.07.2023 16:17:52 На обробці угода №7096
07.07.2023 16:17:55 Успішно створене онлайн замовлення у Poster. PosterDealId 6717. PipedriveDeal ID 7096.
07.07.2023 16:18:09 На обробці угода №7094
07.07.2023 16:18:11 Успішно створене онлайн замовлення у Poster. PosterDealId 6718. PipedriveDeal ID 7094.
07.07.2023 16:28:11 На обробці угода №7102
07.07.2023 16:28:13 Успішно створене онлайн замовлення у Poster. PosterDealId 6719. PipedriveDeal ID 7102.
07.07.2023 16:32:30 На обробці угода №7103
07.07.2023 16:32:33 Успішно створене онлайн замовлення у Poster. PosterDealId 6720. PipedriveDeal ID 7103.
07.07.2023 16:42:30 На обробці угода №7110
07.07.2023 16:42:33 Успішно створене онлайн замовлення у Poster. PosterDealId 6721. PipedriveDeal ID 7110.
07.07.2023 17:00:15 На обробці угода №7132
07.07.2023 17:00:18 Успішно створене онлайн замовлення у Poster. PosterDealId 6722. PipedriveDeal ID 7132.
07.07.2023 17:10:35 На обробці угода №7135
07.07.2023 17:10:38 Успішно створене онлайн замовлення у Poster. PosterDealId 6723. PipedriveDeal ID 7135.
07.07.2023 17:27:53 На обробці угода №7140
07.07.2023 17:27:56 Успішно створене онлайн замовлення у Poster. PosterDealId 6724. PipedriveDeal ID 7140.
07.07.2023 17:28:16 На обробці угода №7142
07.07.2023 17:28:19 Успішно створене онлайн замовлення у Poster. PosterDealId 6725. PipedriveDeal ID 7142.
07.07.2023 17:41:22 На обробці угода №7149
07.07.2023 17:41:25 Успішно створене онлайн замовлення у Poster. PosterDealId 6726. PipedriveDeal ID 7149.
07.07.2023 17:41:28 На обробці угода №7145
07.07.2023 17:41:30 Успішно створене онлайн замовлення у Poster. PosterDealId 6727. PipedriveDeal ID 7145.
08.07.2023 7:01:33 На обробці угода №7172
08.07.2023 7:01:35 Успішно створене онлайн замовлення у Poster. PosterDealId 6728. PipedriveDeal ID 7172.
08.07.2023 7:05:05 На обробці угода №7171
08.07.2023 7:05:08 Успішно створене онлайн замовлення у Poster. PosterDealId 6729. PipedriveDeal ID 7171.
08.07.2023 7:19:52 На обробці угода №7179
08.07.2023 7:19:55 Успішно створене онлайн замовлення у Poster. PosterDealId 6730. PipedriveDeal ID 7179.
08.07.2023 7:28:23 На обробці угода №7183
08.07.2023 7:28:25 Успішно створене онлайн замовлення у Poster. PosterDealId 6731. PipedriveDeal ID 7183.
08.07.2023 8:04:52 На обробці угода №7189
08.07.2023 8:04:54 Успішно створене онлайн замовлення у Poster. PosterDealId 6732. PipedriveDeal ID 7189.
08.07.2023 8:10:55 На обробці угода №7192
08.07.2023 8:10:58 Успішно створене онлайн замовлення у Poster. PosterDealId 6733. PipedriveDeal ID 7192.
08.07.2023 8:26:45 На обробці угода №7194
08.07.2023 8:26:48 Успішно створене онлайн замовлення у Poster. PosterDealId 6734. PipedriveDeal ID 7194.
08.07.2023 9:21:31 На обробці угода №7202
08.07.2023 9:21:33 Успішно створене онлайн замовлення у Poster. PosterDealId 6735. PipedriveDeal ID 7202.
08.07.2023 9:27:10 На обробці угода №7205
08.07.2023 9:27:12 Успішно створене онлайн замовлення у Poster. PosterDealId 6736. PipedriveDeal ID 7205.
08.07.2023 9:37:48 На обробці угода №7206
08.07.2023 9:37:50 Успішно створене онлайн замовлення у Poster. PosterDealId 6737. PipedriveDeal ID 7206.
08.07.2023 9:59:19 На обробці угода №7209
08.07.2023 9:59:22 Успішно створене онлайн замовлення у Poster. PosterDealId 6738. PipedriveDeal ID 7209.
08.07.2023 10:09:26 На обробці угода №7219
08.07.2023 10:09:29 Успішно створене онлайн замовлення у Poster. PosterDealId 6739. PipedriveDeal ID 7219.
08.07.2023 10:10:25 На обробці угода №7216
08.07.2023 10:10:27 Успішно створене онлайн замовлення у Poster. PosterDealId 6740. PipedriveDeal ID 7216.
08.07.2023 10:19:15 На обробці угода №7225
08.07.2023 10:19:18 Успішно створене онлайн замовлення у Poster. PosterDealId 6741. PipedriveDeal ID 7225.
08.07.2023 10:19:37 На обробці угода №7218
08.07.2023 10:19:40 Успішно створене онлайн замовлення у Poster. PosterDealId 6742. PipedriveDeal ID 7218.
08.07.2023 10:21:50 На обробці угода №7226
08.07.2023 10:21:52 Успішно створене онлайн замовлення у Poster. PosterDealId 6743. PipedriveDeal ID 7226.
08.07.2023 10:39:24 На обробці угода №7230
08.07.2023 10:39:26 Успішно створене онлайн замовлення у Poster. PosterDealId 6744. PipedriveDeal ID 7230.
08.07.2023 10:53:09 На обробці угода №7236
08.07.2023 10:53:12 Успішно створене онлайн замовлення у Poster. PosterDealId 6745. PipedriveDeal ID 7236.
08.07.2023 11:13:19 На обробці угода №7238
08.07.2023 11:13:22 Успішно створене онлайн замовлення у Poster. PosterDealId 6746. PipedriveDeal ID 7238.
08.07.2023 11:15:18 На обробці угода №7242
08.07.2023 11:15:21 Успішно створене онлайн замовлення у Poster. PosterDealId 6747. PipedriveDeal ID 7242.
08.07.2023 11:27:48 На обробці угода №7251
08.07.2023 11:27:51 Успішно створене онлайн замовлення у Poster. PosterDealId 6748. PipedriveDeal ID 7251.
08.07.2023 11:34:49 На обробці угода №7256
08.07.2023 11:34:51 Успішно створене онлайн замовлення у Poster. PosterDealId 6749. PipedriveDeal ID 7256.
08.07.2023 11:37:26 На обробці угода №7249
08.07.2023 11:37:29 Успішно створене онлайн замовлення у Poster. PosterDealId 6750. PipedriveDeal ID 7249.
08.07.2023 11:38:32 На обробці угода №7258
08.07.2023 11:38:34 Успішно створене онлайн замовлення у Poster. PosterDealId 6751. PipedriveDeal ID 7258.
08.07.2023 11:52:15 На обробці угода №7260
08.07.2023 11:52:17 Успішно створене онлайн замовлення у Poster. PosterDealId 6752. PipedriveDeal ID 7260.
08.07.2023 11:53:22 На обробці угода №7263
08.07.2023 11:53:24 Успішно створене онлайн замовлення у Poster. PosterDealId 6753. PipedriveDeal ID 7263.
08.07.2023 12:11:25 На обробці угода №7269
08.07.2023 12:11:27 Успішно створене онлайн замовлення у Poster. PosterDealId 6754. PipedriveDeal ID 7269.
08.07.2023 12:28:20 На обробці угода №7270
08.07.2023 12:28:23 Успішно створене онлайн замовлення у Poster. PosterDealId 6755. PipedriveDeal ID 7270.
08.07.2023 12:29:20 На обробці угода №7271
08.07.2023 12:29:23 Успішно створене онлайн замовлення у Poster. PosterDealId 6756. PipedriveDeal ID 7271.
08.07.2023 12:32:49 На обробці угода №7272
08.07.2023 12:32:51 Успішно створене онлайн замовлення у Poster. PosterDealId 6757. PipedriveDeal ID 7272.
08.07.2023 12:42:59 На обробці угода №7277
08.07.2023 12:43:01 Успішно створене онлайн замовлення у Poster. PosterDealId 6758. PipedriveDeal ID 7277.
08.07.2023 12:47:24 На обробці угода №7281
08.07.2023 12:47:26 Успішно створене онлайн замовлення у Poster. PosterDealId 6759. PipedriveDeal ID 7281.
08.07.2023 12:50:12 На обробці угода №7280
08.07.2023 12:50:15 Успішно створене онлайн замовлення у Poster. PosterDealId 6760. PipedriveDeal ID 7280.
08.07.2023 12:53:29 На обробці угода №7278
08.07.2023 12:53:30 На обробці угода №7278
08.07.2023 12:53:32 Успішно створене онлайн замовлення у Poster. PosterDealId 6761. PipedriveDeal ID 7278.
08.07.2023 12:53:32 Успішно створене онлайн замовлення у Poster. PosterDealId 6762. PipedriveDeal ID 7278.
08.07.2023 13:04:26 На обробці угода №7286
08.07.2023 13:04:27 Угода у Poster не створилась. Pipedeal ID 7286. Текст помилки: The field &laquo;phone&raquo; must be completed.
08.07.2023 13:04:27 $response
Array
(
    [error] => 34
    [message] => The field &laquo;phone&raquo; must be completed.
    [field] => phone
)

08.07.2023 13:25:45 На обробці угода №7298
08.07.2023 13:25:48 Успішно створене онлайн замовлення у Poster. PosterDealId 6763. PipedriveDeal ID 7298.
08.07.2023 13:29:54 На обробці угода №7304
08.07.2023 13:29:57 Успішно створене онлайн замовлення у Poster. PosterDealId 6764. PipedriveDeal ID 7304.
08.07.2023 13:32:17 На обробці угода №7293
08.07.2023 13:32:19 Успішно створене онлайн замовлення у Poster. PosterDealId 6765. PipedriveDeal ID 7293.
08.07.2023 13:34:46 На обробці угода №7307
08.07.2023 13:34:48 Успішно створене онлайн замовлення у Poster. PosterDealId 6766. PipedriveDeal ID 7307.
08.07.2023 13:37:41 На обробці угода №7295
08.07.2023 13:37:43 Успішно створене онлайн замовлення у Poster. PosterDealId 6767. PipedriveDeal ID 7295.
08.07.2023 13:38:33 На обробці угода №7308
08.07.2023 13:38:35 Успішно створене онлайн замовлення у Poster. PosterDealId 6768. PipedriveDeal ID 7308.
08.07.2023 13:47:28 На обробці угода №7314
08.07.2023 13:47:31 Успішно створене онлайн замовлення у Poster. PosterDealId 6769. PipedriveDeal ID 7314.
08.07.2023 13:50:34 На обробці угода №7316
08.07.2023 13:50:36 Успішно створене онлайн замовлення у Poster. PosterDealId 6770. PipedriveDeal ID 7316.
08.07.2023 13:53:00 На обробці угода №7317
08.07.2023 13:53:03 Успішно створене онлайн замовлення у Poster. PosterDealId 6771. PipedriveDeal ID 7317.
08.07.2023 13:53:51 На обробці угода №7312
08.07.2023 13:53:54 Успішно створене онлайн замовлення у Poster. PosterDealId 6772. PipedriveDeal ID 7312.
08.07.2023 13:58:38 На обробці угода №7321
08.07.2023 13:58:40 Успішно створене онлайн замовлення у Poster. PosterDealId 6773. PipedriveDeal ID 7321.
08.07.2023 14:11:36 На обробці угода №7323
08.07.2023 14:11:39 Успішно створене онлайн замовлення у Poster. PosterDealId 6774. PipedriveDeal ID 7323.
08.07.2023 14:29:39 На обробці угода №7336
08.07.2023 14:29:42 Успішно створене онлайн замовлення у Poster. PosterDealId 6775. PipedriveDeal ID 7336.
08.07.2023 14:37:49 На обробці угода №7339
08.07.2023 14:37:51 Успішно створене онлайн замовлення у Poster. PosterDealId 6776. PipedriveDeal ID 7339.
08.07.2023 14:38:10 На обробці угода №7335
08.07.2023 14:38:12 Успішно створене онлайн замовлення у Poster. PosterDealId 6777. PipedriveDeal ID 7335.
08.07.2023 14:40:09 На обробці угода №7342
08.07.2023 14:40:12 Успішно створене онлайн замовлення у Poster. PosterDealId 6778. PipedriveDeal ID 7342.
08.07.2023 14:53:51 На обробці угода №7350
08.07.2023 14:53:54 Успішно створене онлайн замовлення у Poster. PosterDealId 6779. PipedriveDeal ID 7350.
08.07.2023 14:56:49 На обробці угода №7351
08.07.2023 14:56:51 Успішно створене онлайн замовлення у Poster. PosterDealId 6780. PipedriveDeal ID 7351.
08.07.2023 15:10:47 На обробці угода №7363
08.07.2023 15:10:50 Успішно створене онлайн замовлення у Poster. PosterDealId 6781. PipedriveDeal ID 7363.
08.07.2023 15:21:00 На обробці угода №7369
08.07.2023 15:21:02 Успішно створене онлайн замовлення у Poster. PosterDealId 6782. PipedriveDeal ID 7369.
08.07.2023 15:23:52 На обробці угода №7370
08.07.2023 15:23:54 Успішно створене онлайн замовлення у Poster. PosterDealId 6783. PipedriveDeal ID 7370.
08.07.2023 15:29:38 На обробці угода №7378
08.07.2023 15:29:40 Успішно створене онлайн замовлення у Poster. PosterDealId 6784. PipedriveDeal ID 7378.
08.07.2023 15:30:52 На обробці угода №7375
08.07.2023 15:30:55 Успішно створене онлайн замовлення у Poster. PosterDealId 6785. PipedriveDeal ID 7375.
08.07.2023 15:36:09 На обробці угода №7380
08.07.2023 15:36:12 Успішно створене онлайн замовлення у Poster. PosterDealId 6786. PipedriveDeal ID 7380.
08.07.2023 15:36:22 На обробці угода №7381
08.07.2023 15:36:25 Успішно створене онлайн замовлення у Poster. PosterDealId 6787. PipedriveDeal ID 7381.
08.07.2023 15:38:53 На обробці угода №7383
08.07.2023 15:38:55 Успішно створене онлайн замовлення у Poster. PosterDealId 6788. PipedriveDeal ID 7383.
08.07.2023 15:42:23 На обробці угода №7386
08.07.2023 15:42:26 Успішно створене онлайн замовлення у Poster. PosterDealId 6789. PipedriveDeal ID 7386.
08.07.2023 15:44:33 На обробці угода №7389
08.07.2023 15:44:35 Успішно створене онлайн замовлення у Poster. PosterDealId 6790. PipedriveDeal ID 7389.
08.07.2023 15:46:49 На обробці угода №7392
08.07.2023 15:46:52 Успішно створене онлайн замовлення у Poster. PosterDealId 6791. PipedriveDeal ID 7392.
08.07.2023 15:57:42 На обробці угода №7395
08.07.2023 15:57:45 Успішно створене онлайн замовлення у Poster. PosterDealId 6792. PipedriveDeal ID 7395.
08.07.2023 16:02:14 На обробці угода №7397
08.07.2023 16:02:16 Успішно створене онлайн замовлення у Poster. PosterDealId 6793. PipedriveDeal ID 7397.
08.07.2023 16:23:18 На обробці угода №7412
08.07.2023 16:23:20 Успішно створене онлайн замовлення у Poster. PosterDealId 6794. PipedriveDeal ID 7412.
08.07.2023 16:24:45 На обробці угода №7415
08.07.2023 16:24:48 Успішно створене онлайн замовлення у Poster. PosterDealId 6795. PipedriveDeal ID 7415.
08.07.2023 16:37:50 На обробці угода №7419
08.07.2023 16:37:52 Успішно створене онлайн замовлення у Poster. PosterDealId 6796. PipedriveDeal ID 7419.
08.07.2023 16:43:37 На обробці угода №7422
08.07.2023 16:43:40 Успішно створене онлайн замовлення у Poster. PosterDealId 6797. PipedriveDeal ID 7422.
08.07.2023 17:06:37 На обробці угода №7427
08.07.2023 17:06:40 Успішно створене онлайн замовлення у Poster. PosterDealId 6798. PipedriveDeal ID 7427.
08.07.2023 17:10:16 На обробці угода №7430
08.07.2023 17:10:19 Успішно створене онлайн замовлення у Poster. PosterDealId 6799. PipedriveDeal ID 7430.
08.07.2023 17:13:16 На обробці угода №7438
08.07.2023 17:13:18 Успішно створене онлайн замовлення у Poster. PosterDealId 6800. PipedriveDeal ID 7438.
08.07.2023 17:17:36 На обробці угода №7441
08.07.2023 17:17:39 Успішно створене онлайн замовлення у Poster. PosterDealId 6801. PipedriveDeal ID 7441.
08.07.2023 17:29:03 На обробці угода №7447
08.07.2023 17:29:05 Успішно створене онлайн замовлення у Poster. PosterDealId 6802. PipedriveDeal ID 7447.
09.07.2023 7:33:24 На обробці угода №7444
09.07.2023 7:33:26 Успішно створене онлайн замовлення у Poster. PosterDealId 6803. PipedriveDeal ID 7444.
09.07.2023 7:34:53 На обробці угода №7466
09.07.2023 7:34:55 Успішно створене онлайн замовлення у Poster. PosterDealId 6804. PipedriveDeal ID 7466.
09.07.2023 7:36:29 На обробці угода №6828
09.07.2023 7:36:31 Успішно створене онлайн замовлення у Poster. PosterDealId 6805. PipedriveDeal ID 6828.
09.07.2023 7:47:38 На обробці угода №7469
09.07.2023 7:47:41 Успішно створене онлайн замовлення у Poster. PosterDealId 6806. PipedriveDeal ID 7469.
09.07.2023 7:56:28 На обробці угода №7473
09.07.2023 7:56:30 Успішно створене онлайн замовлення у Poster. PosterDealId 6807. PipedriveDeal ID 7473.
09.07.2023 7:58:45 На обробці угода №7476
09.07.2023 7:58:48 Успішно створене онлайн замовлення у Poster. PosterDealId 6808. PipedriveDeal ID 7476.
09.07.2023 8:28:49 На обробці угода №7480
09.07.2023 8:28:51 Успішно створене онлайн замовлення у Poster. PosterDealId 6809. PipedriveDeal ID 7480.
09.07.2023 8:53:19 На обробці угода №7488
09.07.2023 8:53:22 Успішно створене онлайн замовлення у Poster. PosterDealId 6810. PipedriveDeal ID 7488.
09.07.2023 8:56:07 На обробці угода №7487
09.07.2023 8:56:09 Угода у Poster не створилась. Pipedeal ID 7487. Текст помилки: api.errorMessage.dateNotInTheFuture
09.07.2023 8:56:09 $response
Array
(
    [error] => 185
    [message] => api.errorMessage.dateNotInTheFuture
)

09.07.2023 9:11:08 На обробці угода №7489
09.07.2023 9:11:11 Успішно створене онлайн замовлення у Poster. PosterDealId 6811. PipedriveDeal ID 7489.
09.07.2023 9:13:25 На обробці угода №7499
09.07.2023 9:13:28 Успішно створене онлайн замовлення у Poster. PosterDealId 6812. PipedriveDeal ID 7499.
09.07.2023 9:18:06 На обробці угода №7500
09.07.2023 9:18:09 Успішно створене онлайн замовлення у Poster. PosterDealId 6813. PipedriveDeal ID 7500.
09.07.2023 9:23:15 На обробці угода №7503
09.07.2023 9:23:17 Угода у Poster не створилась. Pipedeal ID 7503. Текст помилки: Double-check the phone number you have written
09.07.2023 9:23:17 $response
Array
(
    [error] => 37
    [message] => Double-check the phone number you have written
    [field] => phone
)

09.07.2023 9:31:55 На обробці угода №7507
09.07.2023 9:31:57 Успішно створене онлайн замовлення у Poster. PosterDealId 6814. PipedriveDeal ID 7507.
09.07.2023 10:01:50 На обробці угода №7515
09.07.2023 10:01:52 Успішно створене онлайн замовлення у Poster. PosterDealId 6815. PipedriveDeal ID 7515.
09.07.2023 10:14:17 На обробці угода №7525
09.07.2023 10:14:19 Успішно створене онлайн замовлення у Poster. PosterDealId 6816. PipedriveDeal ID 7525.
09.07.2023 10:15:38 На обробці угода №7524
09.07.2023 10:15:41 Успішно створене онлайн замовлення у Poster. PosterDealId 6817. PipedriveDeal ID 7524.
09.07.2023 11:16:36 На обробці угода №7542
09.07.2023 11:16:39 Успішно створене онлайн замовлення у Poster. PosterDealId 6818. PipedriveDeal ID 7542.
09.07.2023 11:32:45 На обробці угода №7546
09.07.2023 11:32:47 Успішно створене онлайн замовлення у Poster. PosterDealId 6819. PipedriveDeal ID 7546.
09.07.2023 11:45:32 На обробці угода №7552
09.07.2023 11:45:34 Успішно створене онлайн замовлення у Poster. PosterDealId 6820. PipedriveDeal ID 7552.
09.07.2023 11:54:19 На обробці угода №7556
09.07.2023 11:54:22 Успішно створене онлайн замовлення у Poster. PosterDealId 6821. PipedriveDeal ID 7556.
09.07.2023 11:54:31 На обробці угода №7554
09.07.2023 11:54:33 Успішно створене онлайн замовлення у Poster. PosterDealId 6822. PipedriveDeal ID 7554.
09.07.2023 11:55:59 На обробці угода №7553
09.07.2023 11:56:02 Успішно створене онлайн замовлення у Poster. PosterDealId 6823. PipedriveDeal ID 7553.
09.07.2023 11:58:19 На обробці угода №7558
09.07.2023 11:58:21 Успішно створене онлайн замовлення у Poster. PosterDealId 6824. PipedriveDeal ID 7558.
09.07.2023 12:04:44 На обробці угода №7563
09.07.2023 12:04:47 Успішно створене онлайн замовлення у Poster. PosterDealId 6825. PipedriveDeal ID 7563.
09.07.2023 12:14:01 На обробці угода №7567
09.07.2023 12:14:04 Успішно створене онлайн замовлення у Poster. PosterDealId 6826. PipedriveDeal ID 7567.
09.07.2023 12:22:14 На обробці угода №7559
09.07.2023 12:22:16 Успішно створене онлайн замовлення у Poster. PosterDealId 6827. PipedriveDeal ID 7559.
09.07.2023 12:29:39 На обробці угода №7577
09.07.2023 12:29:42 Успішно створене онлайн замовлення у Poster. PosterDealId 6828. PipedriveDeal ID 7577.
09.07.2023 12:32:52 На обробці угода №7578
09.07.2023 12:32:54 Успішно створене онлайн замовлення у Poster. PosterDealId 6829. PipedriveDeal ID 7578.
09.07.2023 12:50:58 На обробці угода №7588
09.07.2023 12:51:01 Успішно створене онлайн замовлення у Poster. PosterDealId 6830. PipedriveDeal ID 7588.
09.07.2023 12:55:57 На обробці угода №7591
09.07.2023 12:55:59 Успішно створене онлайн замовлення у Poster. PosterDealId 6831. PipedriveDeal ID 7591.
09.07.2023 12:56:34 На обробці угода №7590
09.07.2023 12:56:37 Успішно створене онлайн замовлення у Poster. PosterDealId 6832. PipedriveDeal ID 7590.
09.07.2023 13:06:32 На обробці угода №7596
09.07.2023 13:06:35 Успішно створене онлайн замовлення у Poster. PosterDealId 6833. PipedriveDeal ID 7596.
09.07.2023 13:14:43 На обробці угода №7598
09.07.2023 13:14:46 Успішно створене онлайн замовлення у Poster. PosterDealId 6834. PipedriveDeal ID 7598.
09.07.2023 13:22:25 На обробці угода №7600
09.07.2023 13:22:28 Успішно створене онлайн замовлення у Poster. PosterDealId 6835. PipedriveDeal ID 7600.
09.07.2023 13:27:19 На обробці угода №7603
09.07.2023 13:27:22 Успішно створене онлайн замовлення у Poster. PosterDealId 6836. PipedriveDeal ID 7603.
09.07.2023 13:30:37 На обробці угода №7601
09.07.2023 13:30:40 Успішно створене онлайн замовлення у Poster. PosterDealId 6837. PipedriveDeal ID 7601.
09.07.2023 13:36:15 На обробці угода №7607
09.07.2023 13:36:17 Успішно створене онлайн замовлення у Poster. PosterDealId 6838. PipedriveDeal ID 7607.
09.07.2023 13:37:30 На обробці угода №7605
09.07.2023 13:37:32 Успішно створене онлайн замовлення у Poster. PosterDealId 6839. PipedriveDeal ID 7605.
09.07.2023 14:01:04 На обробці угода №7619
09.07.2023 14:01:06 Успішно створене онлайн замовлення у Poster. PosterDealId 6840. PipedriveDeal ID 7619.
09.07.2023 14:08:03 На обробці угода №7624
09.07.2023 14:08:06 Успішно створене онлайн замовлення у Poster. PosterDealId 6841. PipedriveDeal ID 7624.
09.07.2023 14:11:38 На обробці угода №7626
09.07.2023 14:11:41 Успішно створене онлайн замовлення у Poster. PosterDealId 6842. PipedriveDeal ID 7626.
09.07.2023 14:13:04 На обробці угода №7629
09.07.2023 14:13:06 Успішно створене онлайн замовлення у Poster. PosterDealId 6843. PipedriveDeal ID 7629.
09.07.2023 14:22:23 На обробці угода №7630
09.07.2023 14:22:26 Успішно створене онлайн замовлення у Poster. PosterDealId 6844. PipedriveDeal ID 7630.
09.07.2023 14:27:42 На обробці угода №7625
09.07.2023 14:27:45 Успішно створене онлайн замовлення у Poster. PosterDealId 6845. PipedriveDeal ID 7625.
09.07.2023 14:31:23 На обробці угода №7635
09.07.2023 14:31:25 Успішно створене онлайн замовлення у Poster. PosterDealId 6846. PipedriveDeal ID 7635.
09.07.2023 14:31:40 На обробці угода №7633
09.07.2023 14:31:43 Успішно створене онлайн замовлення у Poster. PosterDealId 6847. PipedriveDeal ID 7633.
09.07.2023 14:42:20 На обробці угода №7638
09.07.2023 14:42:23 Успішно створене онлайн замовлення у Poster. PosterDealId 6848. PipedriveDeal ID 7638.
09.07.2023 14:46:35 На обробці угода №7639
09.07.2023 14:46:37 Успішно створене онлайн замовлення у Poster. PosterDealId 6849. PipedriveDeal ID 7639.
09.07.2023 14:55:57 На обробці угода №7644
09.07.2023 14:55:59 Успішно створене онлайн замовлення у Poster. PosterDealId 6850. PipedriveDeal ID 7644.
09.07.2023 15:13:17 На обробці угода №7648
09.07.2023 15:13:20 Успішно створене онлайн замовлення у Poster. PosterDealId 6851. PipedriveDeal ID 7648.
09.07.2023 15:44:58 На обробці угода №7659
09.07.2023 15:45:01 Успішно створене онлайн замовлення у Poster. PosterDealId 6852. PipedriveDeal ID 7659.
09.07.2023 15:50:12 На обробці угода №7661
09.07.2023 15:50:15 Успішно створене онлайн замовлення у Poster. PosterDealId 6853. PipedriveDeal ID 7661.
09.07.2023 15:52:47 На обробці угода №7662
09.07.2023 15:52:50 Успішно створене онлайн замовлення у Poster. PosterDealId 6854. PipedriveDeal ID 7662.
09.07.2023 15:57:38 На обробці угода №7665
09.07.2023 15:57:39 Угода у Poster не створилась. Pipedeal ID 7665. Текст помилки: Product dublicates in order
09.07.2023 15:57:39 $response
Array
(
    [error] => 124
    [message] => Product dublicates in order
    [field] => products
)

09.07.2023 16:03:23 На обробці угода №7673
09.07.2023 16:03:26 Успішно створене онлайн замовлення у Poster. PosterDealId 6855. PipedriveDeal ID 7673.
09.07.2023 16:04:22 На обробці угода №7672
09.07.2023 16:04:25 Успішно створене онлайн замовлення у Poster. PosterDealId 6856. PipedriveDeal ID 7672.
09.07.2023 16:06:41 На обробці угода №7670
09.07.2023 16:06:44 Успішно створене онлайн замовлення у Poster. PosterDealId 6857. PipedriveDeal ID 7670.
09.07.2023 16:19:42 На обробці угода №7677
09.07.2023 16:19:44 Успішно створене онлайн замовлення у Poster. PosterDealId 6858. PipedriveDeal ID 7677.
09.07.2023 16:24:24 На обробці угода №7676
09.07.2023 16:24:27 Успішно створене онлайн замовлення у Poster. PosterDealId 6859. PipedriveDeal ID 7676.
09.07.2023 17:00:11 На обробці угода №7693
09.07.2023 17:00:13 Успішно створене онлайн замовлення у Poster. PosterDealId 6860. PipedriveDeal ID 7693.
09.07.2023 17:06:00 На обробці угода №7694
09.07.2023 17:06:02 Угода у Poster не створилась. Pipedeal ID 7694. Текст помилки: Product dublicates in order
09.07.2023 17:06:02 $response
Array
(
    [error] => 124
    [message] => Product dublicates in order
    [field] => products
)

09.07.2023 17:06:58 На обробці угода №7696
09.07.2023 17:07:01 Успішно створене онлайн замовлення у Poster. PosterDealId 6861. PipedriveDeal ID 7696.
09.07.2023 17:09:19 На обробці угода №7699
09.07.2023 17:09:22 Успішно створене онлайн замовлення у Poster. PosterDealId 6862. PipedriveDeal ID 7699.
09.07.2023 17:10:22 На обробці угода №7699
09.07.2023 17:10:26 Успішно створене онлайн замовлення у Poster. PosterDealId 6863. PipedriveDeal ID 7699.
09.07.2023 17:15:53 На обробці угода №7702
09.07.2023 17:15:56 Успішно створене онлайн замовлення у Poster. PosterDealId 6864. PipedriveDeal ID 7702.
09.07.2023 17:39:41 На обробці угода №7712
09.07.2023 17:39:44 Успішно створене онлайн замовлення у Poster. PosterDealId 6865. PipedriveDeal ID 7712.
09.07.2023 17:40:26 На обробці угода №7709
09.07.2023 17:40:29 Успішно створене онлайн замовлення у Poster. PosterDealId 6866. PipedriveDeal ID 7709.
10.07.2023 8:35:03 На обробці угода №7739
10.07.2023 8:35:06 Успішно створене онлайн замовлення у Poster. PosterDealId 6867. PipedriveDeal ID 7739.
10.07.2023 8:48:09 На обробці угода №7740
10.07.2023 8:48:12 Успішно створене онлайн замовлення у Poster. PosterDealId 6868. PipedriveDeal ID 7740.
10.07.2023 9:02:47 На обробці угода №7743
10.07.2023 9:02:50 Успішно створене онлайн замовлення у Poster. PosterDealId 6869. PipedriveDeal ID 7743.
10.07.2023 10:11:18 На обробці угода №7760
10.07.2023 10:11:21 Успішно створене онлайн замовлення у Poster. PosterDealId 6870. PipedriveDeal ID 7760.
10.07.2023 10:17:53 На обробці угода №7763
10.07.2023 10:17:55 Успішно створене онлайн замовлення у Poster. PosterDealId 6871. PipedriveDeal ID 7763.
10.07.2023 10:36:57 На обробці угода №7770
10.07.2023 10:37:00 Успішно створене онлайн замовлення у Poster. PosterDealId 6872. PipedriveDeal ID 7770.
10.07.2023 10:54:34 На обробці угода №7772
10.07.2023 10:54:37 Успішно створене онлайн замовлення у Poster. PosterDealId 6873. PipedriveDeal ID 7772.
10.07.2023 10:59:04 На обробці угода №7773
10.07.2023 10:59:07 Успішно створене онлайн замовлення у Poster. PosterDealId 6874. PipedriveDeal ID 7773.
10.07.2023 11:02:54 На обробці угода №7774
10.07.2023 11:02:57 Успішно створене онлайн замовлення у Poster. PosterDealId 6875. PipedriveDeal ID 7774.
10.07.2023 11:29:07 На обробці угода №7778
10.07.2023 11:29:10 Успішно створене онлайн замовлення у Poster. PosterDealId 6876. PipedriveDeal ID 7778.
10.07.2023 11:54:53 На обробці угода №7786
10.07.2023 11:54:55 Успішно створене онлайн замовлення у Poster. PosterDealId 6877. PipedriveDeal ID 7786.
10.07.2023 12:06:22 На обробці угода №7787
10.07.2023 12:06:25 Успішно створене онлайн замовлення у Poster. PosterDealId 6878. PipedriveDeal ID 7787.
10.07.2023 12:14:25 На обробці угода №7789
10.07.2023 12:14:28 Успішно створене онлайн замовлення у Poster. PosterDealId 6879. PipedriveDeal ID 7789.
10.07.2023 12:53:45 На обробці угода №7795
10.07.2023 12:53:48 Успішно створене онлайн замовлення у Poster. PosterDealId 6880. PipedriveDeal ID 7795.
10.07.2023 12:57:27 На обробці угода №7797
10.07.2023 12:57:30 Успішно створене онлайн замовлення у Poster. PosterDealId 6881. PipedriveDeal ID 7797.
10.07.2023 13:09:50 На обробці угода №7805
10.07.2023 13:09:53 Успішно створене онлайн замовлення у Poster. PosterDealId 6882. PipedriveDeal ID 7805.
10.07.2023 13:43:18 На обробці угода №7815
10.07.2023 13:43:20 Успішно створене онлайн замовлення у Poster. PosterDealId 6883. PipedriveDeal ID 7815.
10.07.2023 13:43:31 На обробці угода №7814
10.07.2023 13:43:33 Успішно створене онлайн замовлення у Poster. PosterDealId 6884. PipedriveDeal ID 7814.
10.07.2023 14:01:56 На обробці угода №7816
10.07.2023 14:01:58 Успішно створене онлайн замовлення у Poster. PosterDealId 6885. PipedriveDeal ID 7816.
10.07.2023 14:07:03 На обробці угода №7821
10.07.2023 14:07:06 Успішно створене онлайн замовлення у Poster. PosterDealId 6886. PipedriveDeal ID 7821.
10.07.2023 14:07:40 На обробці угода №7820
10.07.2023 14:07:43 Успішно створене онлайн замовлення у Poster. PosterDealId 6887. PipedriveDeal ID 7820.
10.07.2023 14:34:22 На обробці угода №7823
10.07.2023 14:34:24 Успішно створене онлайн замовлення у Poster. PosterDealId 6888. PipedriveDeal ID 7823.
10.07.2023 14:45:57 На обробці угода №7828
10.07.2023 14:46:01 Успішно створене онлайн замовлення у Poster. PosterDealId 6889. PipedriveDeal ID 7828.
10.07.2023 14:47:09 На обробці угода №7825
10.07.2023 14:47:12 Успішно створене онлайн замовлення у Poster. PosterDealId 6890. PipedriveDeal ID 7825.
10.07.2023 15:07:19 На обробці угода №7832
10.07.2023 15:07:22 Успішно створене онлайн замовлення у Poster. PosterDealId 6891. PipedriveDeal ID 7832.
10.07.2023 15:18:21 На обробці угода №7838
10.07.2023 15:18:23 Успішно створене онлайн замовлення у Poster. PosterDealId 6892. PipedriveDeal ID 7838.
10.07.2023 15:51:27 На обробці угода №7846
10.07.2023 15:51:29 Успішно створене онлайн замовлення у Poster. PosterDealId 6893. PipedriveDeal ID 7846.
10.07.2023 16:35:44 На обробці угода №7858
10.07.2023 16:35:46 Угода у Poster не створилась. Pipedeal ID 7858. Текст помилки: Double-check the phone number you have written
10.07.2023 16:35:46 $response
Array
(
    [error] => 37
    [message] => Double-check the phone number you have written
    [field] => phone
)

10.07.2023 16:42:47 На обробці угода №7863
10.07.2023 16:42:49 Успішно створене онлайн замовлення у Poster. PosterDealId 6894. PipedriveDeal ID 7863.
10.07.2023 17:06:44 На обробці угода №7868
10.07.2023 17:06:47 Успішно створене онлайн замовлення у Poster. PosterDealId 6895. PipedriveDeal ID 7868.
10.07.2023 17:11:31 На обробці угода №7870
10.07.2023 17:11:34 Успішно створене онлайн замовлення у Poster. PosterDealId 6896. PipedriveDeal ID 7870.
10.07.2023 17:44:54 На обробці угода №7880
10.07.2023 17:44:56 Успішно створене онлайн замовлення у Poster. PosterDealId 6897. PipedriveDeal ID 7880.
10.07.2023 19:36:23 На обробці угода №3224
11.07.2023 7:01:34 На обробці угода №7853
11.07.2023 7:01:36 Успішно створене онлайн замовлення у Poster. PosterDealId 6898. PipedriveDeal ID 7853.
11.07.2023 7:08:36 На обробці угода №7887
11.07.2023 7:08:39 Успішно створене онлайн замовлення у Poster. PosterDealId 6899. PipedriveDeal ID 7887.
11.07.2023 7:15:50 На обробці угода №7888
11.07.2023 7:15:53 Успішно створене онлайн замовлення у Poster. PosterDealId 6900. PipedriveDeal ID 7888.
11.07.2023 7:58:30 На обробці угода №7894
11.07.2023 7:58:33 Успішно створене онлайн замовлення у Poster. PosterDealId 6901. PipedriveDeal ID 7894.
11.07.2023 8:02:52 На обробці угода №7895
11.07.2023 8:02:55 Успішно створене онлайн замовлення у Poster. PosterDealId 6902. PipedriveDeal ID 7895.
11.07.2023 8:57:14 На обробці угода №7900
11.07.2023 8:57:17 Успішно створене онлайн замовлення у Poster. PosterDealId 6903. PipedriveDeal ID 7900.
11.07.2023 9:33:33 На обробці угода №7904
11.07.2023 9:33:36 Успішно створене онлайн замовлення у Poster. PosterDealId 6904. PipedriveDeal ID 7904.
11.07.2023 9:37:02 На обробці угода №7905
11.07.2023 9:37:05 Успішно створене онлайн замовлення у Poster. PosterDealId 6905. PipedriveDeal ID 7905.
11.07.2023 10:39:49 На обробці угода №7921
11.07.2023 10:39:51 Успішно створене онлайн замовлення у Poster. PosterDealId 6906. PipedriveDeal ID 7921.
11.07.2023 10:42:35 На обробці угода №7918
11.07.2023 10:42:38 Успішно створене онлайн замовлення у Poster. PosterDealId 6907. PipedriveDeal ID 7918.
11.07.2023 10:44:03 На обробці угода №7922
11.07.2023 10:44:06 Успішно створене онлайн замовлення у Poster. PosterDealId 6908. PipedriveDeal ID 7922.
11.07.2023 11:02:36 На обробці угода №7927
11.07.2023 11:02:39 Успішно створене онлайн замовлення у Poster. PosterDealId 6909. PipedriveDeal ID 7927.
11.07.2023 11:07:53 На обробці угода №7928
11.07.2023 11:07:55 Успішно створене онлайн замовлення у Poster. PosterDealId 6910. PipedriveDeal ID 7928.
11.07.2023 11:09:09 На обробці угода №7929
11.07.2023 11:09:12 Успішно створене онлайн замовлення у Poster. PosterDealId 6911. PipedriveDeal ID 7929.
11.07.2023 11:15:26 На обробці угода №7931
11.07.2023 11:15:29 Успішно створене онлайн замовлення у Poster. PosterDealId 6912. PipedriveDeal ID 7931.
11.07.2023 11:23:25 На обробці угода №7930
11.07.2023 11:23:27 Успішно створене онлайн замовлення у Poster. PosterDealId 6913. PipedriveDeal ID 7930.
11.07.2023 11:25:07 На обробці угода №7934
11.07.2023 11:25:10 Успішно створене онлайн замовлення у Poster. PosterDealId 6914. PipedriveDeal ID 7934.
11.07.2023 12:06:01 На обробці угода №7944
11.07.2023 12:06:03 Успішно створене онлайн замовлення у Poster. PosterDealId 6915. PipedriveDeal ID 7944.
11.07.2023 12:09:08 На обробці угода №7945
11.07.2023 12:09:11 Успішно створене онлайн замовлення у Poster. PosterDealId 6916. PipedriveDeal ID 7945.
11.07.2023 12:54:51 На обробці угода №7953
11.07.2023 12:54:53 Успішно створене онлайн замовлення у Poster. PosterDealId 6917. PipedriveDeal ID 7953.
11.07.2023 12:56:51 На обробці угода №7954
11.07.2023 12:56:53 Успішно створене онлайн замовлення у Poster. PosterDealId 6918. PipedriveDeal ID 7954.
11.07.2023 12:59:34 На обробці угода №7957
11.07.2023 12:59:36 Успішно створене онлайн замовлення у Poster. PosterDealId 6919. PipedriveDeal ID 7957.
11.07.2023 13:07:58 На обробці угода №7959
11.07.2023 13:08:01 Успішно створене онлайн замовлення у Poster. PosterDealId 6920. PipedriveDeal ID 7959.
11.07.2023 13:15:14 На обробці угода №7961
11.07.2023 13:15:17 Успішно створене онлайн замовлення у Poster. PosterDealId 6921. PipedriveDeal ID 7961.
11.07.2023 13:18:00 На обробці угода №7960
11.07.2023 13:18:03 Успішно створене онлайн замовлення у Poster. PosterDealId 6922. PipedriveDeal ID 7960.
11.07.2023 13:23:25 На обробці угода №7964
11.07.2023 13:23:28 Успішно створене онлайн замовлення у Poster. PosterDealId 6923. PipedriveDeal ID 7964.
11.07.2023 13:49:33 На обробці угода №7971
11.07.2023 13:49:35 Успішно створене онлайн замовлення у Poster. PosterDealId 6924. PipedriveDeal ID 7971.
11.07.2023 13:49:40 На обробці угода №7974
11.07.2023 13:49:42 Успішно створене онлайн замовлення у Poster. PosterDealId 6925. PipedriveDeal ID 7974.
11.07.2023 13:53:44 На обробці угода №7973
11.07.2023 13:53:47 Успішно створене онлайн замовлення у Poster. PosterDealId 6926. PipedriveDeal ID 7973.
11.07.2023 13:55:38 На обробці угода №7972
11.07.2023 13:55:40 Угода у Poster не створилась. Pipedeal ID 7972. Текст помилки: api.errorMessage.dateNotInTheFuture
11.07.2023 13:55:40 $response
Array
(
    [error] => 185
    [message] => api.errorMessage.dateNotInTheFuture
)

11.07.2023 13:57:56 На обробці угода №7977
11.07.2023 13:57:59 Успішно створене онлайн замовлення у Poster. PosterDealId 6927. PipedriveDeal ID 7977.
11.07.2023 13:58:52 На обробці угода №7972
11.07.2023 13:58:54 Успішно створене онлайн замовлення у Poster. PosterDealId 6928. PipedriveDeal ID 7972.
11.07.2023 13:59:36 На обробці угода №7976
11.07.2023 13:59:39 Успішно створене онлайн замовлення у Poster. PosterDealId 6929. PipedriveDeal ID 7976.
11.07.2023 14:06:27 На обробці угода №7979
11.07.2023 14:06:29 Успішно створене онлайн замовлення у Poster. PosterDealId 6930. PipedriveDeal ID 7979.
11.07.2023 14:08:16 На обробці угода №7980
11.07.2023 14:08:18 Успішно створене онлайн замовлення у Poster. PosterDealId 6931. PipedriveDeal ID 7980.
11.07.2023 14:11:32 На обробці угода №7982
11.07.2023 14:11:35 Успішно створене онлайн замовлення у Poster. PosterDealId 6932. PipedriveDeal ID 7982.
11.07.2023 14:45:41 На обробці угода №7995
11.07.2023 14:45:44 Успішно створене онлайн замовлення у Poster. PosterDealId 6933. PipedriveDeal ID 7995.
11.07.2023 14:47:55 На обробці угода №7998
11.07.2023 14:47:58 Успішно створене онлайн замовлення у Poster. PosterDealId 6934. PipedriveDeal ID 7998.
11.07.2023 15:01:28 На обробці угода №8001
11.07.2023 15:01:30 Угода у Poster не створилась. Pipedeal ID 8001. Текст помилки: Product dublicates in order
11.07.2023 15:01:30 $response
Array
(
    [error] => 124
    [message] => Product dublicates in order
    [field] => products
)

11.07.2023 15:05:16 На обробці угода №8002
11.07.2023 15:05:18 Успішно створене онлайн замовлення у Poster. PosterDealId 6935. PipedriveDeal ID 8002.
11.07.2023 15:06:13 На обробці угода №8001
11.07.2023 15:06:14 Угода у Poster не створилась. Pipedeal ID 8001. Текст помилки: Product dublicates in order
11.07.2023 15:06:14 $response
Array
(
    [error] => 124
    [message] => Product dublicates in order
    [field] => products
)

11.07.2023 15:06:39 На обробці угода №8001
11.07.2023 15:06:40 Угода у Poster не створилась. Pipedeal ID 8001. Текст помилки: Product dublicates in order
11.07.2023 15:06:40 $response
Array
(
    [error] => 124
    [message] => Product dublicates in order
    [field] => products
)

11.07.2023 15:07:52 На обробці угода №8001
11.07.2023 15:07:54 Угода у Poster не створилась. Pipedeal ID 8001. Текст помилки: Product dublicates in order
11.07.2023 15:07:54 $response
Array
(
    [error] => 124
    [message] => Product dublicates in order
    [field] => products
)

11.07.2023 15:09:14 На обробці угода №8001
11.07.2023 15:09:16 Угода у Poster не створилась. Pipedeal ID 8001. Текст помилки: Product dublicates in order
11.07.2023 15:09:16 $response
Array
(
    [error] => 124
    [message] => Product dublicates in order
    [field] => products
)

11.07.2023 15:10:44 На обробці угода №8003
11.07.2023 15:10:46 Успішно створене онлайн замовлення у Poster. PosterDealId 6936. PipedriveDeal ID 8003.
11.07.2023 15:15:30 На обробці угода №8001
11.07.2023 15:15:31 Угода у Poster не створилась. Pipedeal ID 8001. Текст помилки: Product dublicates in order
11.07.2023 15:15:31 $response
Array
(
    [error] => 124
    [message] => Product dublicates in order
    [field] => products
)

11.07.2023 15:21:18 На обробці угода №8009
11.07.2023 15:21:21 Успішно створене онлайн замовлення у Poster. PosterDealId 6937. PipedriveDeal ID 8009.
11.07.2023 15:25:09 На обробці угода №8010
11.07.2023 15:25:11 Успішно створене онлайн замовлення у Poster. PosterDealId 6938. PipedriveDeal ID 8010.
11.07.2023 15:33:19 На обробці угода №8014
11.07.2023 15:33:22 Успішно створене онлайн замовлення у Poster. PosterDealId 6939. PipedriveDeal ID 8014.
11.07.2023 15:35:50 На обробці угода №8013
11.07.2023 15:35:52 Успішно створене онлайн замовлення у Poster. PosterDealId 6940. PipedriveDeal ID 8013.
11.07.2023 15:45:28 На обробці угода №7015
11.07.2023 15:45:31 Успішно створене онлайн замовлення у Poster. PosterDealId 6941. PipedriveDeal ID 7015.
11.07.2023 15:50:11 На обробці угода №8021
11.07.2023 15:50:13 Успішно створене онлайн замовлення у Poster. PosterDealId 6942. PipedriveDeal ID 8021.
11.07.2023 15:51:54 На обробці угода №8018
11.07.2023 15:51:57 Успішно створене онлайн замовлення у Poster. PosterDealId 6943. PipedriveDeal ID 8018.
11.07.2023 16:29:35 На обробці угода №8033
11.07.2023 16:29:36 На обробці угода №8035
11.07.2023 16:29:37 Успішно створене онлайн замовлення у Poster. PosterDealId 6944. PipedriveDeal ID 8033.
11.07.2023 16:29:38 Успішно створене онлайн замовлення у Poster. PosterDealId 6945. PipedriveDeal ID 8035.
11.07.2023 16:30:32 На обробці угода №8035
11.07.2023 16:30:34 Успішно створене онлайн замовлення у Poster. PosterDealId 6946. PipedriveDeal ID 8035.
11.07.2023 16:40:35 На обробці угода №8039
11.07.2023 16:40:38 Успішно створене онлайн замовлення у Poster. PosterDealId 6947. PipedriveDeal ID 8039.
12.07.2023 6:54:38 На обробці угода №8066
12.07.2023 6:54:41 Успішно створене онлайн замовлення у Poster. PosterDealId 6948. PipedriveDeal ID 8066.
12.07.2023 7:13:27 На обробці угода №8069
12.07.2023 7:13:30 Успішно створене онлайн замовлення у Poster. PosterDealId 6949. PipedriveDeal ID 8069.
12.07.2023 7:16:11 На обробці угода №8066
12.07.2023 7:16:14 Успішно створене онлайн замовлення у Poster. PosterDealId 6950. PipedriveDeal ID 8066.
12.07.2023 7:19:17 На обробці угода №8068
12.07.2023 7:19:19 Успішно створене онлайн замовлення у Poster. PosterDealId 6951. PipedriveDeal ID 8068.
