[INFO]-[2023/07/07 15:58:24] #################### Start Push Job ####################
[info]-[2023/07/07 15:58:24] Pushing staging site 1688373014509
[info]-[2023/07/07 15:58:24] Source: /home/vr488025/yapposushi.com/dev/
[info]-[2023/07/07 15:58:24] Destination: /home/vr488025/yapposushi.com/www/
[info]-[2023/07/07 15:58:24] WP Staging Version: Pro 4.9.0
[info]-[2023/07/07 15:58:24] PHP Version: 7.4.33
[info]-[2023/07/07 15:58:24] Server: Apache
[info]-[2023/07/07 15:58:24] MySQL: 5.7.42
[info]-[2023/07/07 15:58:24] WP Version: 6.2.2
[info]-[2023/07/07 15:58:24] PHP Memory Limit: 1610612736
[info]-[2023/07/07 15:58:24] WP Memory Limit: 1073741824
[info]-[2023/07/07 15:58:24] PHP Max Execution Time: 600
[INFO]-[2023/07/07 15:58:24] Scanning: Skip /home/vr488025/yapposushi.com/dev/wp-content/plugins/
[INFO]-[2023/07/07 15:58:24] Scanning /home/vr488025/yapposushi.com/dev/wp-content/themes/ for its sub-directories and files
[INFO]-[2023/07/07 15:58:26] Scanning: Skip /home/vr488025/yapposushi.com/dev/wp-content/uploads/
[INFO]-[2023/07/07 15:58:26] Total 50 files processed
[INFO]-[2023/07/07 15:58:26] Total 100 files processed
[INFO]-[2023/07/07 15:58:26] Total 150 files processed
[INFO]-[2023/07/07 15:58:26] Total 200 files processed
[INFO]-[2023/07/07 15:58:27] Total 250 files processed
[INFO]-[2023/07/07 15:58:27] Total 300 files processed
[INFO]-[2023/07/07 15:58:27] Total 350 files processed
[INFO]-[2023/07/07 15:58:28] Total 400 files processed
[INFO]-[2023/07/07 15:58:28] Total 450 files processed
[INFO]-[2023/07/07 15:58:28] Total 500 files processed
[INFO]-[2023/07/07 15:58:28] Total 550 files processed
[INFO]-[2023/07/07 15:58:28] Total 600 files processed
[INFO]-[2023/07/07 15:58:28] Total 650 files processed
[INFO]-[2023/07/07 15:58:28] Total 700 files processed
[INFO]-[2023/07/07 15:58:28] Total 750 files processed
[INFO]-[2023/07/07 15:58:28] Total 800 files processed
[INFO]-[2023/07/07 15:58:28] Total 850 files processed
[INFO]-[2023/07/07 15:58:28] Total 900 files processed
[INFO]-[2023/07/07 15:58:28] Total 950 files processed
[INFO]-[2023/07/07 15:58:28] Total 1000 files processed
[INFO]-[2023/07/07 15:58:28] Total 1050 files processed
[INFO]-[2023/07/07 15:58:28] Total 1100 files processed
[INFO]-[2023/07/07 15:58:28] Total 1150 files processed
[INFO]-[2023/07/07 15:58:28] Total 1200 files processed
[INFO]-[2023/07/07 15:58:28] Total 1250 files processed
[INFO]-[2023/07/07 15:58:28] Total 1300 files processed
[INFO]-[2023/07/07 15:58:28] Total 1350 files processed
[INFO]-[2023/07/07 15:58:28] Total 1400 files processed
[INFO]-[2023/07/07 15:58:28] Total 1450 files processed
[INFO]-[2023/07/07 15:58:28] Total 1500 files processed
[INFO]-[2023/07/07 15:58:28] Total 1550 files processed
[INFO]-[2023/07/07 15:58:28] Total 1600 files processed
[INFO]-[2023/07/07 15:58:28] Total 1650 files processed
[INFO]-[2023/07/07 15:58:28] Total 1700 files processed
[INFO]-[2023/07/07 15:58:28] Total 1750 files processed
[INFO]-[2023/07/07 15:58:28] Total 1800 files processed
[INFO]-[2023/07/07 15:58:28] Total 1850 files processed
[INFO]-[2023/07/07 15:58:28] Total 1900 files processed
[INFO]-[2023/07/07 15:58:28] Total 1950 files processed
[INFO]-[2023/07/07 15:58:28] Total 2000 files processed
[INFO]-[2023/07/07 15:58:28] Total 2050 files processed
[INFO]-[2023/07/07 15:58:28] Total 2100 files processed
[INFO]-[2023/07/07 15:58:28] Total 2150 files processed
[INFO]-[2023/07/07 15:58:28] Total 2200 files processed
[INFO]-[2023/07/07 15:58:28] Total 2250 files processed
[INFO]-[2023/07/07 15:58:28] Total 2300 files processed
[INFO]-[2023/07/07 15:58:28] Total 2350 files processed
[INFO]-[2023/07/07 15:58:28] Total 2400 files processed
[INFO]-[2023/07/07 15:58:28] Total 2450 files processed
[INFO]-[2023/07/07 15:58:28] Files: Copying plugins...
[INFO]-[2023/07/07 15:58:28] Files: Copying themes...
[INFO]-[2023/07/07 15:58:29] Files: Copy process finished. Continue next step...
[INFO]-[2023/07/07 15:58:29] DB Data Step 1: wp_options excluded. Skipping this step
[INFO]-[2023/07/07 15:58:29] DB Data Step 2: wp_options excluded. Skipping this step
[INFO]-[2023/07/07 15:58:29] DB Data Step 3: Skipping. Prefix of production and live site is the same: wp_
[INFO]-[2023/07/07 15:58:29] DB Data Step 4: wp_options excluded. Skipping this step
[INFO]-[2023/07/07 15:58:29] DB Data Step 5: wp_usermeta excluded. Skipping this step
[INFO]-[2023/07/07 15:58:29] DB Data Step 6: wp_options excluded. Skipping this step
[INFO]-[2023/07/07 15:58:29] DB Data Step 7: wp_options excluded. Skipping this step
[INFO]-[2023/07/07 15:58:29] DB Data Step 8: wp_options excluded. Skipping this step
[INFO]-[2023/07/07 15:58:29] DB Data Step 9: wp_options excluded. Skipping this step
[INFO]-[2023/07/07 15:58:29] DB Data Step 10: wp_options excluded. Skipping this step
[INFO]-[2023/07/07 15:58:29] DB Data Step 11: wp_options excluded. Skipping this step
[INFO]-[2023/07/07 15:58:29] DB Data Step 12: Skipping. Prefix of production and live site is the same: wp_
[INFO]-[2023/07/07 15:58:30] DB Rename: Has been finished successfully. Cleaning up...
[INFO]-[2023/07/07 15:58:30] Finish: Deleting clone job's cache files...
[INFO]-[2023/07/07 15:58:30] Finish: Clone job's cache files have been deleted!
[info]-[2023/07/07 15:58:30] ################## FINISH ##################
