[WP STAGING Shutdown Function][E_ERROR][2023-07-25 09:29:33] Uncaught Exception: DateTimeZone::__construct(): Unknown or bad timezone (Europe/Kyiv) in D:\OpenServer\domains\yappo.local\wordpress\wp-content\themes\yappo\inc\checkout.php:240
Stack trace:
#0 D:\OpenServer\domains\yappo.local\wordpress\wp-content\themes\yappo\inc\checkout.php(240): DateTimeZone->__construct()
#1 D:\OpenServer\domains\yappo.local\wordpress\wp-includes\class-wp-hook.php(308): yappo_remove_shipping_on_hours()
#2 D:\OpenServer\domains\yappo.local\wordpress\wp-includes\plugin.php(205): WP_Hook->apply_filters()
#3 D:\OpenServer\domains\yappo.local\wordpress\wp-content\plugins\woocommerce\includes\class-wc-shipping.php(368): apply_filters()
#4 D:\OpenServer\domains\yappo.local\wordpress\wp-content\plugins\woocommerce\includes\class-wc-shipping.php(260): WC_Shipping->calculate_shipping_for_package()
#5 D:\OpenServer\domains\yappo.local\wordpress\wp-content\plugins\woocommerce\includes\class-wc-cart.php(1428): WC_Shipping->calculate_shipping()
#6 D:\OpenServer\domains\yappo.local\wordpress\wp-content\plugins\woocommerce\includes\class-wc-cart-totals.php(339): WC_Cart->calculate_shipping()
#7 D:\OpenServer\domains\yappo.local\wordpress\wp-content\plugins\woocommerce\includes\class-wc-cart-totals.php(850): WC_Cart_Totals->get_shipping_from_cart()
#8 D:\OpenServer\domains\yappo.local\wordpress\wp-content\plugins\woocommerce\includes\class-wc-cart-totals.php(144): WC_Cart_Totals->calculate_shipping_totals()
#9 D:\OpenServer\domains\yappo.local\wordpress\wp-content\plugins\woocommerce\includes\class-wc-cart-totals.php(134): WC_Cart_Totals->calculate()
#10 D:\OpenServer\domains\yappo.local\wordpress\wp-content\plugins\woocommerce\includes\class-wc-cart.php(1406): WC_Cart_Totals->__construct()
#11 D:\OpenServer\domains\yappo.local\wordpress\wp-content\plugins\woocommerce\includes\class-wc-cart-session.php(212): WC_Cart->calculate_totals()
#12 D:\OpenServer\domains\yappo.local\wordpress\wp-includes\class-wp-hook.php(308): WC_Cart_Session->get_cart_from_session()
#13 D:\OpenServer\domains\yappo.local\wordpress\wp-includes\class-wp-hook.php(332): WP_Hook->apply_filters()
#14 D:\OpenServer\domains\yappo.local\wordpress\wp-includes\plugin.php(517): WP_Hook->do_action()
#15 D:\OpenServer\domains\yappo.local\wordpress\wp-settings.php(645): do_action()
#16 D:\OpenServer\domains\yappo.local\wordpress\wp-config.php(118): require_once('D:\\OpenServer\\d...')
#17 D:\OpenServer\domains\yappo.local\wordpress\wp-load.php(50): require_once('D:\\OpenServer\\d...')
#18 D:\OpenServer\domains\yappo.local\wordpress\wp-login.php(12): require('D:\\OpenServer\\d...')
#19 {main}
  thrown - File: D:\OpenServer\domains\yappo.local\wordpress\wp-content\themes\yappo\inc\checkout.php Line: 240 | Is it Fatal Error? Yes | Is it Thrown by WP STAGING? No
[WP STAGING Shutdown Function][E_ERROR][2023-07-25 09:59:59] Uncaught Exception: DateTimeZone::__construct(): Unknown or bad timezone (Europe/Kyiv) in D:\OpenServer\domains\yappo.local\wordpress\wp-content\themes\yappo\inc\checkout.php:240
Stack trace:
#0 D:\OpenServer\domains\yappo.local\wordpress\wp-content\themes\yappo\inc\checkout.php(240): DateTimeZone->__construct()
#1 D:\OpenServer\domains\yappo.local\wordpress\wp-includes\class-wp-hook.php(308): yappo_remove_shipping_on_hours()
#2 D:\OpenServer\domains\yappo.local\wordpress\wp-includes\plugin.php(205): WP_Hook->apply_filters()
#3 D:\OpenServer\domains\yappo.local\wordpress\wp-content\plugins\woocommerce\includes\class-wc-shipping.php(368): apply_filters()
#4 D:\OpenServer\domains\yappo.local\wordpress\wp-content\plugins\woocommerce\includes\class-wc-shipping.php(260): WC_Shipping->calculate_shipping_for_package()
#5 D:\OpenServer\domains\yappo.local\wordpress\wp-content\plugins\woocommerce\includes\class-wc-cart.php(1428): WC_Shipping->calculate_shipping()
#6 D:\OpenServer\domains\yappo.local\wordpress\wp-content\plugins\woocommerce\includes\class-wc-cart-totals.php(339): WC_Cart->calculate_shipping()
#7 D:\OpenServer\domains\yappo.local\wordpress\wp-content\plugins\woocommerce\includes\class-wc-cart-totals.php(850): WC_Cart_Totals->get_shipping_from_cart()
#8 D:\OpenServer\domains\yappo.local\wordpress\wp-content\plugins\woocommerce\includes\class-wc-cart-totals.php(144): WC_Cart_Totals->calculate_shipping_totals()
#9 D:\OpenServer\domains\yappo.local\wordpress\wp-content\plugins\woocommerce\includes\class-wc-cart-totals.php(134): WC_Cart_Totals->calculate()
#10 D:\OpenServer\domains\yappo.local\wordpress\wp-content\plugins\woocommerce\includes\class-wc-cart.php(1406): WC_Cart_Totals->__construct()
#11 D:\OpenServer\domains\yappo.local\wordpress\wp-content\plugins\woocommerce\includes\shortcodes\class-wc-shortcode-checkout.php(341): WC_Cart->calculate_totals()
#12 D:\OpenServer\domains\yappo.local\wordpress\wp-content\plugins\woocommerce\includes\shortcodes\class-wc-shortcode-checkout.php(67): WC_Shortcode_Checkout::checkout()
#13 D:\OpenServer\domains\yappo.local\wordpress\wp-content\plugins\woocommerce\includes\class-wc-shortcodes.php(72): WC_Shortcode_Checkout::output()
#14 D:\OpenServer\domains\yappo.local\wordpress\wp-content\plugins\woocommerce\includes\class-wc-shortcodes.php(95): WC_Shortcodes::shortcode_wrapper()
#15 D:\OpenServer\domains\yappo.local\wordpress\wp-includes\shortcodes.php(355): WC_Shortcodes::checkout()
#16 [internal function]: do_shortcode_tag()
#17 D:\OpenServer\domains\yappo.local\wordpress\wp-includes\shortcodes.php(227): preg_replace_callback()
#18 D:\OpenServer\domains\yappo.local\wordpress\wp-includes\class-wp-hook.php(308): do_shortcode()
#19 D:\OpenServer\domains\yappo.local\wordpress\wp-includes\plugin.php(205): WP_Hook->apply_filters()
#20 D:\OpenServer\domains\yappo.local\wordpress\wp-includes\post-template.php(255): apply_filters()
#21 D:\OpenServer\domains\yappo.local\wordpress\wp-content\themes\yappo\page.php(25): the_content()
#22 D:\OpenServer\domains\yappo.local\wordpress\wp-includes\template-loader.php(106): include('D:\\OpenServer\\d...')
#23 D:\OpenServer\domains\yappo.local\wordpress\wp-blog-header.php(19): require_once('D:\\OpenServer\\d...')
#24 D:\OpenServer\domains\yappo.local\wordpress\index.php(17): require('D:\\OpenServer\\d...')
#25 {main}
  thrown - File: D:\OpenServer\domains\yappo.local\wordpress\wp-content\themes\yappo\inc\checkout.php Line: 240 | Is it Fatal Error? Yes | Is it Thrown by WP STAGING? No
[WP STAGING Shutdown Function][E_ERROR][2023-07-25 10:00:47] Uncaught Exception: DateTimeZone::__construct(): Unknown or bad timezone (Europe/Kyiv) in D:\OpenServer\domains\yappo.local\wordpress\wp-content\themes\yappo\inc\checkout.php:241
Stack trace:
#0 D:\OpenServer\domains\yappo.local\wordpress\wp-content\themes\yappo\inc\checkout.php(241): DateTimeZone->__construct()
#1 D:\OpenServer\domains\yappo.local\wordpress\wp-includes\class-wp-hook.php(308): yappo_remove_shipping_on_hours()
#2 D:\OpenServer\domains\yappo.local\wordpress\wp-includes\plugin.php(205): WP_Hook->apply_filters()
#3 D:\OpenServer\domains\yappo.local\wordpress\wp-content\plugins\woocommerce\includes\class-wc-shipping.php(368): apply_filters()
#4 D:\OpenServer\domains\yappo.local\wordpress\wp-content\plugins\woocommerce\includes\class-wc-shipping.php(260): WC_Shipping->calculate_shipping_for_package()
#5 D:\OpenServer\domains\yappo.local\wordpress\wp-content\plugins\woocommerce\includes\class-wc-cart.php(1428): WC_Shipping->calculate_shipping()
#6 D:\OpenServer\domains\yappo.local\wordpress\wp-content\plugins\woocommerce\includes\class-wc-cart-totals.php(339): WC_Cart->calculate_shipping()
#7 D:\OpenServer\domains\yappo.local\wordpress\wp-content\plugins\woocommerce\includes\class-wc-cart-totals.php(850): WC_Cart_Totals->get_shipping_from_cart()
#8 D:\OpenServer\domains\yappo.local\wordpress\wp-content\plugins\woocommerce\includes\class-wc-cart-totals.php(144): WC_Cart_Totals->calculate_shipping_totals()
#9 D:\OpenServer\domains\yappo.local\wordpress\wp-content\plugins\woocommerce\includes\class-wc-cart-totals.php(134): WC_Cart_Totals->calculate()
#10 D:\OpenServer\domains\yappo.local\wordpress\wp-content\plugins\woocommerce\includes\class-wc-cart.php(1406): WC_Cart_Totals->__construct()
#11 D:\OpenServer\domains\yappo.local\wordpress\wp-content\plugins\woocommerce\includes\shortcodes\class-wc-shortcode-checkout.php(341): WC_Cart->calculate_totals()
#12 D:\OpenServer\domains\yappo.local\wordpress\wp-content\plugins\woocommerce\includes\shortcodes\class-wc-shortcode-checkout.php(67): WC_Shortcode_Checkout::checkout()
#13 D:\OpenServer\domains\yappo.local\wordpress\wp-content\plugins\woocommerce\includes\class-wc-shortcodes.php(72): WC_Shortcode_Checkout::output()
#14 D:\OpenServer\domains\yappo.local\wordpress\wp-content\plugins\woocommerce\includes\class-wc-shortcodes.php(95): WC_Shortcodes::shortcode_wrapper()
#15 D:\OpenServer\domains\yappo.local\wordpress\wp-includes\shortcodes.php(355): WC_Shortcodes::checkout()
#16 [internal function]: do_shortcode_tag()
#17 D:\OpenServer\domains\yappo.local\wordpress\wp-includes\shortcodes.php(227): preg_replace_callback()
#18 D:\OpenServer\domains\yappo.local\wordpress\wp-includes\class-wp-hook.php(308): do_shortcode()
#19 D:\OpenServer\domains\yappo.local\wordpress\wp-includes\plugin.php(205): WP_Hook->apply_filters()
#20 D:\OpenServer\domains\yappo.local\wordpress\wp-includes\post-template.php(255): apply_filters()
#21 D:\OpenServer\domains\yappo.local\wordpress\wp-content\themes\yappo\page.php(25): the_content()
#22 D:\OpenServer\domains\yappo.local\wordpress\wp-includes\template-loader.php(106): include('D:\\OpenServer\\d...')
#23 D:\OpenServer\domains\yappo.local\wordpress\wp-blog-header.php(19): require_once('D:\\OpenServer\\d...')
#24 D:\OpenServer\domains\yappo.local\wordpress\index.php(17): require('D:\\OpenServer\\d...')
#25 {main}
  thrown - File: D:\OpenServer\domains\yappo.local\wordpress\wp-content\themes\yappo\inc\checkout.php Line: 241 | Is it Fatal Error? Yes | Is it Thrown by WP STAGING? No
[WP STAGING Shutdown Function][E_ERROR][2023-07-25 12:05:03] Uncaught TypeError: array_map(): Argument #2 ($array) must be of type array, null given in D:\OpenServer\domains\yappo.local\wordpress\wp-content\plugins\custom-gutenberg-plugin\blocks\ProductCategory\template.php:61
Stack trace:
#0 D:\OpenServer\domains\yappo.local\wordpress\wp-content\plugins\custom-gutenberg-plugin\blocks\ProductCategory\template.php(61): array_map()
#1 D:\OpenServer\domains\yappo.local\wordpress\wp-content\plugins\advanced-custom-fields-pro\pro\blocks.php(678): include('D:\\OpenServer\\d...')
#2 D:\OpenServer\domains\yappo.local\wordpress\wp-includes\class-wp-hook.php(308): acf_block_render_template()
#3 D:\OpenServer\domains\yappo.local\wordpress\wp-includes\class-wp-hook.php(332): WP_Hook->apply_filters()
#4 D:\OpenServer\domains\yappo.local\wordpress\wp-includes\plugin.php(517): WP_Hook->do_action()
#5 D:\OpenServer\domains\yappo.local\wordpress\wp-content\plugins\advanced-custom-fields-pro\pro\blocks.php(652): do_action()
#6 D:\OpenServer\domains\yappo.local\wordpress\wp-content\plugins\advanced-custom-fields-pro\pro\blocks.php(569): acf_render_block()
#7 D:\OpenServer\domains\yappo.local\wordpress\wp-content\plugins\advanced-custom-fields-pro\pro\blocks.php(502): acf_rendered_block()
#8 D:\OpenServer\domains\yappo.local\wordpress\wp-includes\class-wp-block.php(258): acf_render_block_callback()
#9 D:\OpenServer\domains\yappo.local\wordpress\wp-includes\blocks.php(1072): WP_Block->render()
#10 D:\OpenServer\domains\yappo.local\wordpress\wp-includes\blocks.php(1110): render_block()
#11 D:\OpenServer\domains\yappo.local\wordpress\wp-includes\class-wp-hook.php(308): do_blocks()
#12 D:\OpenServer\domains\yappo.local\wordpress\wp-includes\plugin.php(205): WP_Hook->apply_filters()
#13 D:\OpenServer\domains\yappo.local\wordpress\wp-includes\post-template.php(255): apply_filters()
#14 D:\OpenServer\domains\yappo.local\wordpress\wp-content\themes\yappo\index.php(26): the_content()
#15 D:\OpenServer\domains\yappo.local\wordpress\wp-includes\template-loader.php(106): include('D:\\OpenServer\\d...')
#16 D:\OpenServer\domains\yappo.local\wordpress\wp-blog-header.php(19): require_once('D:\\OpenServer\\d...')
#17 D:\OpenServer\domains\yappo.local\wordpress\index.php(17): require('D:\\OpenServer\\d...')
#18 {main}
  thrown - File: D:\OpenServer\domains\yappo.local\wordpress\wp-content\plugins\custom-gutenberg-plugin\blocks\ProductCategory\template.php Line: 61 | Is it Fatal Error? Yes | Is it Thrown by WP STAGING? No
[WP STAGING Shutdown Function][E_ERROR][2023-07-25 12:58:46] Uncaught TypeError: WPML\Core\BackgroundTask\Repository\BackgroundTaskRepository::createFromQueryResult(): Argument #1 ($data) must be of type array, null given, called in D:\OpenServer\domains\yappo.local\wordpress\wp-content\plugins\sitepress-multilingual-cms\vendor\wpml\core-api\core\BackgroundTask\Repository\BackgroundTaskRepository.php on line 29 and defined in D:\OpenServer\domains\yappo.local\wordpress\wp-content\plugins\sitepress-multilingual-cms\vendor\wpml\core-api\core\BackgroundTask\Repository\BackgroundTaskRepository.php:101
Stack trace:
#0 D:\OpenServer\domains\yappo.local\wordpress\wp-content\plugins\sitepress-multilingual-cms\vendor\wpml\core-api\core\BackgroundTask\Repository\BackgroundTaskRepository.php(29): WPML\Core\BackgroundTask\Repository\BackgroundTaskRepository->createFromQueryResult()
#1 D:\OpenServer\domains\yappo.local\wordpress\wp-content\plugins\sitepress-multilingual-cms\vendor\wpml\core-api\core\BackgroundTask\Service\BackgroundTaskService.php(54): WPML\Core\BackgroundTask\Repository\BackgroundTaskRepository->getByTaskId()
#2 D:\OpenServer\domains\yappo.local\wordpress\wp-content\plugins\sitepress-multilingual-cms\classes\background-task\AbstractTaskEndpoint.php(62): WPML\Core\BackgroundTask\Service\BackgroundTaskService->startByTaskId()
#3 [internal function]: WPML\BackgroundTask\AbstractTaskEndpoint->run()
#4 D:\OpenServer\domains\yappo.local\wordpress\wp-content\plugins\sitepress-multilingual-cms\vendor\otgs\auryn\lib\Executable.php(42): ReflectionMethod->invokeArgs()
#5 [internal function]: WPML\Auryn\Executable->__invoke()
#6 D:\OpenServer\domains\yappo.local\wordpress\wp-content\plugins\sitepress-multilingual-cms\vendor\otgs\auryn\lib\Injector.php(641): call_user_func_array()
#7 D:\OpenServer\domains\yappo.local\wordpress\wp-content\plugins\sitepress-multilingual-cms\classes\container\class-wpml-container.php(110): WPML\Auryn\Injector->execute()
#8 [internal function]: WPML\Container\Container::execute()
#9 D:\OpenServer\domains\yappo.local\wordpress\wp-content\plugins\sitepress-multilingual-cms\vendor\wpml\fp\core\functions.php(154): call_user_func_array()
#10 D:\OpenServer\domains\yappo.local\wordpress\wp-content\plugins\sitepress-multilingual-cms\vendor\wpml\fp\core\Maybe.php(106): WPML\FP\{closure}()
#11 D:\OpenServer\domains\yappo.local\wordpress\wp-content\plugins\sitepress-multilingual-cms\classes\ajax\Factory.php(38): WPML\FP\Just->map()
#12 D:\OpenServer\domains\yappo.local\wordpress\wp-content\plugins\sitepress-multilingual-cms\vendor\wpml\fp\core\Either.php(207): WPML\Ajax\Factory->WPML\Ajax\{closure}()
#13 D:\OpenServer\domains\yappo.local\wordpress\wp-content\plugins\sitepress-multilingual-cms\vendor\wpml\fp\core\Either.php(257): WPML\FP\Right->map()
#14 D:\OpenServer\domains\yappo.local\wordpress\wp-content\plugins\sitepress-multilingual-cms\vendor\wpml\fp\core\Promise.php(24): WPML\FP\Right->chain()
#15 D:\OpenServer\domains\yappo.local\wordpress\wp-content\plugins\sitepress-multilingual-cms\vendor\wpml\fp\core\Promise.php(30): WPML\FP\Promise->resolve()
#16 D:\OpenServer\domains\yappo.local\wordpress\wp-content\plugins\sitepress-multilingual-cms\vendor\wpml\fp\core\Promise.php(30): WPML\FP\Promise->resolve()
#17 D:\OpenServer\domains\yappo.local\wordpress\wp-content\plugins\sitepress-multilingual-cms\vendor\wpml\fp\core\Promise.php(30): WPML\FP\Promise->resolve()
#18 D:\OpenServer\domains\yappo.local\wordpress\wp-content\plugins\sitepress-multilingual-cms\vendor\wpml\fp\core\Promise.php(30): WPML\FP\Promise->resolve()
#19 D:\OpenServer\domains\yappo.local\wordpress\wp-content\plugins\sitepress-multilingual-cms\vendor\wpml\fp\core\Promise.php(30): WPML\FP\Promise->resolve()
#20 D:\OpenServer\domains\yappo.local\wordpress\wp-content\plugins\sitepress-multilingual-cms\vendor\wpml\wp\classes\Hooks.php(50): WPML\FP\Promise->resolve()
#21 D:\OpenServer\domains\yappo.local\wordpress\wp-includes\class-wp-hook.php(308): WPML\LIB\WP\Hooks::WPML\LIB\WP\{closure}()
#22 D:\OpenServer\domains\yappo.local\wordpress\wp-includes\class-wp-hook.php(332): WP_Hook->apply_filters()
#23 D:\OpenServer\domains\yappo.local\wordpress\wp-includes\plugin.php(517): WP_Hook->do_action()
#24 D:\OpenServer\domains\yappo.local\wordpress\wp-admin\admin-ajax.php(188): do_action()
#25 {main}
  thrown - File: D:\OpenServer\domains\yappo.local\wordpress\wp-content\plugins\sitepress-multilingual-cms\vendor\wpml\core-api\core\BackgroundTask\Repository\BackgroundTaskRepository.php Line: 101 | Is it Fatal Error? Yes | Is it Thrown by WP STAGING? No
[WP STAGING Shutdown Function][E_ERROR][2023-07-25 17:01:38] Uncaught ArgumentCountError: var_dump() expects at least 1 argument, 0 given in D:\OpenServer\domains\yappo.local\wordpress\wp-content\plugins\custom-gutenberg-plugin\blocks\ProductCategory\template.php:374
Stack trace:
#0 D:\OpenServer\domains\yappo.local\wordpress\wp-content\plugins\custom-gutenberg-plugin\blocks\ProductCategory\template.php(374): var_dump()
#1 D:\OpenServer\domains\yappo.local\wordpress\wp-content\plugins\advanced-custom-fields-pro\pro\blocks.php(678): include('D:\\OpenServer\\d...')
#2 D:\OpenServer\domains\yappo.local\wordpress\wp-includes\class-wp-hook.php(308): acf_block_render_template()
#3 D:\OpenServer\domains\yappo.local\wordpress\wp-includes\class-wp-hook.php(332): WP_Hook->apply_filters()
#4 D:\OpenServer\domains\yappo.local\wordpress\wp-includes\plugin.php(517): WP_Hook->do_action()
#5 D:\OpenServer\domains\yappo.local\wordpress\wp-content\plugins\advanced-custom-fields-pro\pro\blocks.php(652): do_action()
#6 D:\OpenServer\domains\yappo.local\wordpress\wp-content\plugins\advanced-custom-fields-pro\pro\blocks.php(569): acf_render_block()
#7 D:\OpenServer\domains\yappo.local\wordpress\wp-content\plugins\advanced-custom-fields-pro\pro\blocks.php(502): acf_rendered_block()
#8 D:\OpenServer\domains\yappo.local\wordpress\wp-includes\class-wp-block.php(258): acf_render_block_callback()
#9 D:\OpenServer\domains\yappo.local\wordpress\wp-includes\blocks.php(1072): WP_Block->render()
#10 D:\OpenServer\domains\yappo.local\wordpress\wp-includes\blocks.php(1110): render_block()
#11 D:\OpenServer\domains\yappo.local\wordpress\wp-includes\class-wp-hook.php(308): do_blocks()
#12 D:\OpenServer\domains\yappo.local\wordpress\wp-includes\plugin.php(205): WP_Hook->apply_filters()
#13 D:\OpenServer\domains\yappo.local\wordpress\wp-includes\post-template.php(255): apply_filters()
#14 D:\OpenServer\domains\yappo.local\wordpress\wp-content\themes\yappo\index.php(26): the_content()
#15 D:\OpenServer\domains\yappo.local\wordpress\wp-includes\template-loader.php(106): include('D:\\OpenServer\\d...')
#16 D:\OpenServer\domains\yappo.local\wordpress\wp-blog-header.php(19): require_once('D:\\OpenServer\\d...')
#17 D:\OpenServer\domains\yappo.local\wordpress\index.php(17): require('D:\\OpenServer\\d...')
#18 {main}
  thrown - File: D:\OpenServer\domains\yappo.local\wordpress\wp-content\plugins\custom-gutenberg-plugin\blocks\ProductCategory\template.php Line: 374 | Is it Fatal Error? Yes | Is it Thrown by WP STAGING? No
[WP STAGING Shutdown Function][E_ERROR][2023-07-25 17:01:53] Uncaught TypeError: implode(): Argument #1 ($pieces) must be of type array, string given in D:\OpenServer\domains\yappo.local\wordpress\wp-content\plugins\custom-gutenberg-plugin\blocks\ProductCategory\template.php:404
Stack trace:
#0 D:\OpenServer\domains\yappo.local\wordpress\wp-content\plugins\custom-gutenberg-plugin\blocks\ProductCategory\template.php(404): implode()
#1 D:\OpenServer\domains\yappo.local\wordpress\wp-content\plugins\advanced-custom-fields-pro\pro\blocks.php(678): include('D:\\OpenServer\\d...')
#2 D:\OpenServer\domains\yappo.local\wordpress\wp-includes\class-wp-hook.php(308): acf_block_render_template()
#3 D:\OpenServer\domains\yappo.local\wordpress\wp-includes\class-wp-hook.php(332): WP_Hook->apply_filters()
#4 D:\OpenServer\domains\yappo.local\wordpress\wp-includes\plugin.php(517): WP_Hook->do_action()
#5 D:\OpenServer\domains\yappo.local\wordpress\wp-content\plugins\advanced-custom-fields-pro\pro\blocks.php(652): do_action()
#6 D:\OpenServer\domains\yappo.local\wordpress\wp-content\plugins\advanced-custom-fields-pro\pro\blocks.php(569): acf_render_block()
#7 D:\OpenServer\domains\yappo.local\wordpress\wp-content\plugins\advanced-custom-fields-pro\pro\blocks.php(502): acf_rendered_block()
#8 D:\OpenServer\domains\yappo.local\wordpress\wp-includes\class-wp-block.php(258): acf_render_block_callback()
#9 D:\OpenServer\domains\yappo.local\wordpress\wp-includes\blocks.php(1072): WP_Block->render()
#10 D:\OpenServer\domains\yappo.local\wordpress\wp-includes\blocks.php(1110): render_block()
#11 D:\OpenServer\domains\yappo.local\wordpress\wp-includes\class-wp-hook.php(308): do_blocks()
#12 D:\OpenServer\domains\yappo.local\wordpress\wp-includes\plugin.php(205): WP_Hook->apply_filters()
#13 D:\OpenServer\domains\yappo.local\wordpress\wp-includes\post-template.php(255): apply_filters()
#14 D:\OpenServer\domains\yappo.local\wordpress\wp-content\themes\yappo\index.php(26): the_content()
#15 D:\OpenServer\domains\yappo.local\wordpress\wp-includes\template-loader.php(106): include('D:\\OpenServer\\d...')
#16 D:\OpenServer\domains\yappo.local\wordpress\wp-blog-header.php(19): require_once('D:\\OpenServer\\d...')
#17 D:\OpenServer\domains\yappo.local\wordpress\index.php(17): require('D:\\OpenServer\\d...')
#18 {main}
  thrown - File: D:\OpenServer\domains\yappo.local\wordpress\wp-content\plugins\custom-gutenberg-plugin\blocks\ProductCategory\template.php Line: 404 | Is it Fatal Error? Yes | Is it Thrown by WP STAGING? No
[WP STAGING Shutdown Function][E_ERROR][2023-07-25 17:02:08] Uncaught TypeError: implode(): Argument #1 ($pieces) must be of type array, string given in D:\OpenServer\domains\yappo.local\wordpress\wp-content\plugins\custom-gutenberg-plugin\blocks\ProductCategory\template.php:406
Stack trace:
#0 D:\OpenServer\domains\yappo.local\wordpress\wp-content\plugins\custom-gutenberg-plugin\blocks\ProductCategory\template.php(406): implode()
#1 D:\OpenServer\domains\yappo.local\wordpress\wp-content\plugins\advanced-custom-fields-pro\pro\blocks.php(678): include('D:\\OpenServer\\d...')
#2 D:\OpenServer\domains\yappo.local\wordpress\wp-includes\class-wp-hook.php(308): acf_block_render_template()
#3 D:\OpenServer\domains\yappo.local\wordpress\wp-includes\class-wp-hook.php(332): WP_Hook->apply_filters()
#4 D:\OpenServer\domains\yappo.local\wordpress\wp-includes\plugin.php(517): WP_Hook->do_action()
#5 D:\OpenServer\domains\yappo.local\wordpress\wp-content\plugins\advanced-custom-fields-pro\pro\blocks.php(652): do_action()
#6 D:\OpenServer\domains\yappo.local\wordpress\wp-content\plugins\advanced-custom-fields-pro\pro\blocks.php(569): acf_render_block()
#7 D:\OpenServer\domains\yappo.local\wordpress\wp-content\plugins\advanced-custom-fields-pro\pro\blocks.php(502): acf_rendered_block()
#8 D:\OpenServer\domains\yappo.local\wordpress\wp-includes\class-wp-block.php(258): acf_render_block_callback()
#9 D:\OpenServer\domains\yappo.local\wordpress\wp-includes\blocks.php(1072): WP_Block->render()
#10 D:\OpenServer\domains\yappo.local\wordpress\wp-includes\blocks.php(1110): render_block()
#11 D:\OpenServer\domains\yappo.local\wordpress\wp-includes\class-wp-hook.php(308): do_blocks()
#12 D:\OpenServer\domains\yappo.local\wordpress\wp-includes\plugin.php(205): WP_Hook->apply_filters()
#13 D:\OpenServer\domains\yappo.local\wordpress\wp-includes\post-template.php(255): apply_filters()
#14 D:\OpenServer\domains\yappo.local\wordpress\wp-content\themes\yappo\index.php(26): the_content()
#15 D:\OpenServer\domains\yappo.local\wordpress\wp-includes\template-loader.php(106): include('D:\\OpenServer\\d...')
#16 D:\OpenServer\domains\yappo.local\wordpress\wp-blog-header.php(19): require_once('D:\\OpenServer\\d...')
#17 D:\OpenServer\domains\yappo.local\wordpress\index.php(17): require('D:\\OpenServer\\d...')
#18 {main}
  thrown - File: D:\OpenServer\domains\yappo.local\wordpress\wp-content\plugins\custom-gutenberg-plugin\blocks\ProductCategory\template.php Line: 406 | Is it Fatal Error? Yes | Is it Thrown by WP STAGING? No
[WP STAGING Shutdown Function][E_ERROR][2023-07-25 17:15:47] Uncaught TypeError: implode(): Argument #1 ($pieces) must be of type array, string given in D:\OpenServer\domains\yappo.local\wordpress\wp-content\plugins\custom-gutenberg-plugin\blocks\ProductCategory\template.php:429
Stack trace:
#0 D:\OpenServer\domains\yappo.local\wordpress\wp-content\plugins\custom-gutenberg-plugin\blocks\ProductCategory\template.php(429): implode()
#1 D:\OpenServer\domains\yappo.local\wordpress\wp-content\plugins\advanced-custom-fields-pro\pro\blocks.php(678): include('D:\\OpenServer\\d...')
#2 D:\OpenServer\domains\yappo.local\wordpress\wp-includes\class-wp-hook.php(308): acf_block_render_template()
#3 D:\OpenServer\domains\yappo.local\wordpress\wp-includes\class-wp-hook.php(332): WP_Hook->apply_filters()
#4 D:\OpenServer\domains\yappo.local\wordpress\wp-includes\plugin.php(517): WP_Hook->do_action()
#5 D:\OpenServer\domains\yappo.local\wordpress\wp-content\plugins\advanced-custom-fields-pro\pro\blocks.php(652): do_action()
#6 D:\OpenServer\domains\yappo.local\wordpress\wp-content\plugins\advanced-custom-fields-pro\pro\blocks.php(569): acf_render_block()
#7 D:\OpenServer\domains\yappo.local\wordpress\wp-content\plugins\advanced-custom-fields-pro\pro\blocks.php(502): acf_rendered_block()
#8 D:\OpenServer\domains\yappo.local\wordpress\wp-includes\class-wp-block.php(258): acf_render_block_callback()
#9 D:\OpenServer\domains\yappo.local\wordpress\wp-includes\blocks.php(1072): WP_Block->render()
#10 D:\OpenServer\domains\yappo.local\wordpress\wp-includes\blocks.php(1110): render_block()
#11 D:\OpenServer\domains\yappo.local\wordpress\wp-includes\class-wp-hook.php(308): do_blocks()
#12 D:\OpenServer\domains\yappo.local\wordpress\wp-includes\plugin.php(205): WP_Hook->apply_filters()
#13 D:\OpenServer\domains\yappo.local\wordpress\wp-includes\post-template.php(255): apply_filters()
#14 D:\OpenServer\domains\yappo.local\wordpress\wp-content\themes\yappo\index.php(26): the_content()
#15 D:\OpenServer\domains\yappo.local\wordpress\wp-includes\template-loader.php(106): include('D:\\OpenServer\\d...')
#16 D:\OpenServer\domains\yappo.local\wordpress\wp-blog-header.php(19): require_once('D:\\OpenServer\\d...')
#17 D:\OpenServer\domains\yappo.local\wordpress\index.php(17): require('D:\\OpenServer\\d...')
#18 {main}
  thrown - File: D:\OpenServer\domains\yappo.local\wordpress\wp-content\plugins\custom-gutenberg-plugin\blocks\ProductCategory\template.php Line: 429 | Is it Fatal Error? Yes | Is it Thrown by WP STAGING? No
[WP STAGING Shutdown Function][E_ERROR][2023-07-26 14:53:26] Uncaught TypeError: in_array(): Argument #2 ($haystack) must be of type array, null given in D:\OpenServer\domains\yappo.local\wordpress\wp-content\plugins\custom-gutenberg-plugin\blocks\ProductCategory\template.php:328
Stack trace:
#0 D:\OpenServer\domains\yappo.local\wordpress\wp-content\plugins\custom-gutenberg-plugin\blocks\ProductCategory\template.php(328): in_array()
#1 D:\OpenServer\domains\yappo.local\wordpress\wp-content\plugins\advanced-custom-fields-pro\pro\blocks.php(678): include('D:\\OpenServer\\d...')
#2 D:\OpenServer\domains\yappo.local\wordpress\wp-includes\class-wp-hook.php(308): acf_block_render_template()
#3 D:\OpenServer\domains\yappo.local\wordpress\wp-includes\class-wp-hook.php(332): WP_Hook->apply_filters()
#4 D:\OpenServer\domains\yappo.local\wordpress\wp-includes\plugin.php(517): WP_Hook->do_action()
#5 D:\OpenServer\domains\yappo.local\wordpress\wp-content\plugins\advanced-custom-fields-pro\pro\blocks.php(652): do_action()
#6 D:\OpenServer\domains\yappo.local\wordpress\wp-content\plugins\advanced-custom-fields-pro\pro\blocks.php(569): acf_render_block()
#7 D:\OpenServer\domains\yappo.local\wordpress\wp-content\plugins\advanced-custom-fields-pro\pro\blocks.php(502): acf_rendered_block()
#8 D:\OpenServer\domains\yappo.local\wordpress\wp-includes\class-wp-block.php(258): acf_render_block_callback()
#9 D:\OpenServer\domains\yappo.local\wordpress\wp-includes\blocks.php(1072): WP_Block->render()
#10 D:\OpenServer\domains\yappo.local\wordpress\wp-includes\blocks.php(1110): render_block()
#11 D:\OpenServer\domains\yappo.local\wordpress\wp-includes\class-wp-hook.php(308): do_blocks()
#12 D:\OpenServer\domains\yappo.local\wordpress\wp-includes\plugin.php(205): WP_Hook->apply_filters()
#13 D:\OpenServer\domains\yappo.local\wordpress\wp-includes\post-template.php(255): apply_filters()
#14 D:\OpenServer\domains\yappo.local\wordpress\wp-content\themes\yappo\index.php(26): the_content()
#15 D:\OpenServer\domains\yappo.local\wordpress\wp-includes\template-loader.php(106): include('D:\\OpenServer\\d...')
#16 D:\OpenServer\domains\yappo.local\wordpress\wp-blog-header.php(19): require_once('D:\\OpenServer\\d...')
#17 D:\OpenServer\domains\yappo.local\wordpress\index.php(17): require('D:\\OpenServer\\d...')
#18 {main}
  thrown - File: D:\OpenServer\domains\yappo.local\wordpress\wp-content\plugins\custom-gutenberg-plugin\blocks\ProductCategory\template.php Line: 328 | Is it Fatal Error? Yes | Is it Thrown by WP STAGING? No
[WP STAGING Shutdown Function][E_ERROR][2023-07-27 18:08:59] Uncaught Error: Cannot use object of type WP_Term as array in D:\OpenServer\domains\yappo.local\wordpress\wp-content\plugins\custom-gutenberg-plugin\blocks\ProductCategory\template.php:407
Stack trace:
#0 D:\OpenServer\domains\yappo.local\wordpress\wp-content\plugins\advanced-custom-fields-pro\pro\blocks.php(678): include()
#1 D:\OpenServer\domains\yappo.local\wordpress\wp-includes\class-wp-hook.php(308): acf_block_render_template()
#2 D:\OpenServer\domains\yappo.local\wordpress\wp-includes\class-wp-hook.php(332): WP_Hook->apply_filters()
#3 D:\OpenServer\domains\yappo.local\wordpress\wp-includes\plugin.php(517): WP_Hook->do_action()
#4 D:\OpenServer\domains\yappo.local\wordpress\wp-content\plugins\advanced-custom-fields-pro\pro\blocks.php(652): do_action()
#5 D:\OpenServer\domains\yappo.local\wordpress\wp-content\plugins\advanced-custom-fields-pro\pro\blocks.php(569): acf_render_block()
#6 D:\OpenServer\domains\yappo.local\wordpress\wp-content\plugins\advanced-custom-fields-pro\pro\blocks.php(502): acf_rendered_block()
#7 D:\OpenServer\domains\yappo.local\wordpress\wp-includes\class-wp-block.php(258): acf_render_block_callback()
#8 D:\OpenServer\domains\yappo.local\wordpress\wp-includes\blocks.php(1072): WP_Block->render()
#9 D:\OpenServer\domains\yappo.local\wordpress\wp-includes\blocks.php(1110): render_block()
#10 D:\OpenServer\domains\yappo.local\wordpress\wp-includes\class-wp-hook.php(308): do_blocks()
#11 D:\OpenServer\domains\yappo.local\wordpress\wp-includes\plugin.php(205): WP_Hook->apply_filters()
#12 D:\OpenServer\domains\yappo.local\wordpress\wp-includes\post-template.php(255): apply_filters()
#13 D:\OpenServer\domains\yappo.local\wordpress\wp-content\themes\yappo\index.php(26): the_content()
#14 D:\OpenServer\domains\yappo.local\wordpress\wp-includes\template-loader.php(106): include('D:\\OpenServer\\d...')
#15 D:\OpenServer\domains\yappo.local\wordpress\wp-blog-header.php(19): require_once('D:\\OpenServer\\d...')
#16 D:\OpenServer\domains\yappo.local\wordpress\index.php(17): require('D:\\OpenServer\\d...')
#17 {main}
  thrown - File: D:\OpenServer\domains\yappo.local\wordpress\wp-content\plugins\custom-gutenberg-plugin\blocks\ProductCategory\template.php Line: 407 | Is it Fatal Error? Yes | Is it Thrown by WP STAGING? No
[WP STAGING Shutdown Function][E_PARSE][2023-07-27 18:13:09] syntax error, unexpected token ";", expecting ")" - File: D:\OpenServer\domains\yappo.local\wordpress\wp-content\plugins\custom-gutenberg-plugin\blocks\ProductCategory\template.php Line: 407 | Is it Fatal Error? Yes | Is it Thrown by WP STAGING? No
[WP STAGING Shutdown Function][E_PARSE][2023-07-28 10:10:13] syntax error, unexpected token ";", expecting ")" - File: D:\OpenServer\domains\yappo.local\wordpress\wp-content\plugins\custom-gutenberg-plugin\blocks\ProductCategory\template.php Line: 407 | Is it Fatal Error? Yes | Is it Thrown by WP STAGING? No
[WP STAGING Shutdown Function][E_PARSE][2023-07-28 10:10:24] syntax error, unexpected token ";", expecting ")" - File: D:\OpenServer\domains\yappo.local\wordpress\wp-content\plugins\custom-gutenberg-plugin\blocks\ProductCategory\template.php Line: 407 | Is it Fatal Error? Yes | Is it Thrown by WP STAGING? No
[WP STAGING Shutdown Function][E_ERROR][2023-07-28 10:20:42] Uncaught ValueError: min(): Argument #1 ($value) must contain at least one element in D:\OpenServer\domains\yappo.local\wordpress\wp-content\themes\yappo\inc\shop-functions.php:723
Stack trace:
#0 D:\OpenServer\domains\yappo.local\wordpress\wp-content\themes\yappo\inc\shop-functions.php(723): min()
#1 D:\OpenServer\domains\yappo.local\wordpress\wp-content\plugins\custom-gutenberg-plugin\blocks\ProductCategory\template.php(112): product_category_min_max()
#2 D:\OpenServer\domains\yappo.local\wordpress\wp-content\plugins\advanced-custom-fields-pro\pro\blocks.php(678): include('D:\\OpenServer\\d...')
#3 D:\OpenServer\domains\yappo.local\wordpress\wp-includes\class-wp-hook.php(308): acf_block_render_template()
#4 D:\OpenServer\domains\yappo.local\wordpress\wp-includes\class-wp-hook.php(332): WP_Hook->apply_filters()
#5 D:\OpenServer\domains\yappo.local\wordpress\wp-includes\plugin.php(517): WP_Hook->do_action()
#6 D:\OpenServer\domains\yappo.local\wordpress\wp-content\plugins\advanced-custom-fields-pro\pro\blocks.php(652): do_action()
#7 D:\OpenServer\domains\yappo.local\wordpress\wp-content\plugins\advanced-custom-fields-pro\pro\blocks.php(569): acf_render_block()
#8 D:\OpenServer\domains\yappo.local\wordpress\wp-content\plugins\advanced-custom-fields-pro\pro\blocks.php(502): acf_rendered_block()
#9 D:\OpenServer\domains\yappo.local\wordpress\wp-includes\class-wp-block.php(258): acf_render_block_callback()
#10 D:\OpenServer\domains\yappo.local\wordpress\wp-includes\blocks.php(1072): WP_Block->render()
#11 D:\OpenServer\domains\yappo.local\wordpress\wp-includes\blocks.php(1110): render_block()
#12 D:\OpenServer\domains\yappo.local\wordpress\wp-includes\class-wp-hook.php(308): do_blocks()
#13 D:\OpenServer\domains\yappo.local\wordpress\wp-includes\plugin.php(205): WP_Hook->apply_filters()
#14 D:\OpenServer\domains\yappo.local\wordpress\wp-includes\post-template.php(255): apply_filters()
#15 D:\OpenServer\domains\yappo.local\wordpress\wp-content\themes\yappo\index.php(26): the_content()
#16 D:\OpenServer\domains\yappo.local\wordpress\wp-includes\template-loader.php(106): include('D:\\OpenServer\\d...')
#17 D:\OpenServer\domains\yappo.local\wordpress\wp-blog-header.php(19): require_once('D:\\OpenServer\\d...')
#18 D:\OpenServer\domains\yappo.local\wordpress\index.php(17): require('D:\\OpenServer\\d...')
#19 {main}
  thrown - File: D:\OpenServer\domains\yappo.local\wordpress\wp-content\themes\yappo\inc\shop-functions.php Line: 723 | Is it Fatal Error? Yes | Is it Thrown by WP STAGING? No
[WP STAGING Shutdown Function][E_ERROR][2023-07-28 10:21:46] Uncaught ValueError: min(): Argument #1 ($value) must contain at least one element in D:\OpenServer\domains\yappo.local\wordpress\wp-content\themes\yappo\inc\shop-functions.php:725
Stack trace:
#0 D:\OpenServer\domains\yappo.local\wordpress\wp-content\themes\yappo\inc\shop-functions.php(725): min()
#1 D:\OpenServer\domains\yappo.local\wordpress\wp-content\plugins\custom-gutenberg-plugin\blocks\ProductCategory\template.php(112): product_category_min_max()
#2 D:\OpenServer\domains\yappo.local\wordpress\wp-content\plugins\advanced-custom-fields-pro\pro\blocks.php(678): include('D:\\OpenServer\\d...')
#3 D:\OpenServer\domains\yappo.local\wordpress\wp-includes\class-wp-hook.php(308): acf_block_render_template()
#4 D:\OpenServer\domains\yappo.local\wordpress\wp-includes\class-wp-hook.php(332): WP_Hook->apply_filters()
#5 D:\OpenServer\domains\yappo.local\wordpress\wp-includes\plugin.php(517): WP_Hook->do_action()
#6 D:\OpenServer\domains\yappo.local\wordpress\wp-content\plugins\advanced-custom-fields-pro\pro\blocks.php(652): do_action()
#7 D:\OpenServer\domains\yappo.local\wordpress\wp-content\plugins\advanced-custom-fields-pro\pro\blocks.php(569): acf_render_block()
#8 D:\OpenServer\domains\yappo.local\wordpress\wp-content\plugins\advanced-custom-fields-pro\pro\blocks.php(502): acf_rendered_block()
#9 D:\OpenServer\domains\yappo.local\wordpress\wp-includes\class-wp-block.php(258): acf_render_block_callback()
#10 D:\OpenServer\domains\yappo.local\wordpress\wp-includes\blocks.php(1072): WP_Block->render()
#11 D:\OpenServer\domains\yappo.local\wordpress\wp-includes\blocks.php(1110): render_block()
#12 D:\OpenServer\domains\yappo.local\wordpress\wp-includes\class-wp-hook.php(308): do_blocks()
#13 D:\OpenServer\domains\yappo.local\wordpress\wp-includes\plugin.php(205): WP_Hook->apply_filters()
#14 D:\OpenServer\domains\yappo.local\wordpress\wp-includes\post-template.php(255): apply_filters()
#15 D:\OpenServer\domains\yappo.local\wordpress\wp-content\themes\yappo\index.php(26): the_content()
#16 D:\OpenServer\domains\yappo.local\wordpress\wp-includes\template-loader.php(106): include('D:\\OpenServer\\d...')
#17 D:\OpenServer\domains\yappo.local\wordpress\wp-blog-header.php(19): require_once('D:\\OpenServer\\d...')
#18 D:\OpenServer\domains\yappo.local\wordpress\index.php(17): require('D:\\OpenServer\\d...')
#19 {main}
  thrown - File: D:\OpenServer\domains\yappo.local\wordpress\wp-content\themes\yappo\inc\shop-functions.php Line: 725 | Is it Fatal Error? Yes | Is it Thrown by WP STAGING? No
[WP STAGING Shutdown Function][E_ERROR][2023-08-02 09:43:18] Uncaught TypeError: WPML\Core\BackgroundTask\Repository\BackgroundTaskRepository::createFromQueryResult(): Argument #1 ($data) must be of type array, null given, called in D:\OpenServer\domains\yappo.local\wordpress\wp-content\plugins\sitepress-multilingual-cms\vendor\wpml\core-api\core\BackgroundTask\Repository\BackgroundTaskRepository.php on line 29 and defined in D:\OpenServer\domains\yappo.local\wordpress\wp-content\plugins\sitepress-multilingual-cms\vendor\wpml\core-api\core\BackgroundTask\Repository\BackgroundTaskRepository.php:101
Stack trace:
#0 D:\OpenServer\domains\yappo.local\wordpress\wp-content\plugins\sitepress-multilingual-cms\vendor\wpml\core-api\core\BackgroundTask\Repository\BackgroundTaskRepository.php(29): WPML\Core\BackgroundTask\Repository\BackgroundTaskRepository->createFromQueryResult()
#1 D:\OpenServer\domains\yappo.local\wordpress\wp-content\plugins\sitepress-multilingual-cms\vendor\wpml\core-api\core\BackgroundTask\Service\BackgroundTaskService.php(54): WPML\Core\BackgroundTask\Repository\BackgroundTaskRepository->getByTaskId()
#2 D:\OpenServer\domains\yappo.local\wordpress\wp-content\plugins\sitepress-multilingual-cms\classes\background-task\AbstractTaskEndpoint.php(62): WPML\Core\BackgroundTask\Service\BackgroundTaskService->startByTaskId()
#3 [internal function]: WPML\BackgroundTask\AbstractTaskEndpoint->run()
#4 D:\OpenServer\domains\yappo.local\wordpress\wp-content\plugins\sitepress-multilingual-cms\vendor\otgs\auryn\lib\Executable.php(42): ReflectionMethod->invokeArgs()
#5 [internal function]: WPML\Auryn\Executable->__invoke()
#6 D:\OpenServer\domains\yappo.local\wordpress\wp-content\plugins\sitepress-multilingual-cms\vendor\otgs\auryn\lib\Injector.php(641): call_user_func_array()
#7 D:\OpenServer\domains\yappo.local\wordpress\wp-content\plugins\sitepress-multilingual-cms\classes\container\class-wpml-container.php(110): WPML\Auryn\Injector->execute()
#8 [internal function]: WPML\Container\Container::execute()
#9 D:\OpenServer\domains\yappo.local\wordpress\wp-content\plugins\sitepress-multilingual-cms\vendor\wpml\fp\core\functions.php(154): call_user_func_array()
#10 D:\OpenServer\domains\yappo.local\wordpress\wp-content\plugins\sitepress-multilingual-cms\vendor\wpml\fp\core\Maybe.php(106): WPML\FP\{closure}()
#11 D:\OpenServer\domains\yappo.local\wordpress\wp-content\plugins\sitepress-multilingual-cms\classes\ajax\Factory.php(38): WPML\FP\Just->map()
#12 D:\OpenServer\domains\yappo.local\wordpress\wp-content\plugins\sitepress-multilingual-cms\vendor\wpml\fp\core\Either.php(207): WPML\Ajax\Factory->WPML\Ajax\{closure}()
#13 D:\OpenServer\domains\yappo.local\wordpress\wp-content\plugins\sitepress-multilingual-cms\vendor\wpml\fp\core\Either.php(257): WPML\FP\Right->map()
#14 D:\OpenServer\domains\yappo.local\wordpress\wp-content\plugins\sitepress-multilingual-cms\vendor\wpml\fp\core\Promise.php(24): WPML\FP\Right->chain()
#15 D:\OpenServer\domains\yappo.local\wordpress\wp-content\plugins\sitepress-multilingual-cms\vendor\wpml\fp\core\Promise.php(30): WPML\FP\Promise->resolve()
#16 D:\OpenServer\domains\yappo.local\wordpress\wp-content\plugins\sitepress-multilingual-cms\vendor\wpml\fp\core\Promise.php(30): WPML\FP\Promise->resolve()
#17 D:\OpenServer\domains\yappo.local\wordpress\wp-content\plugins\sitepress-multilingual-cms\vendor\wpml\fp\core\Promise.php(30): WPML\FP\Promise->resolve()
#18 D:\OpenServer\domains\yappo.local\wordpress\wp-content\plugins\sitepress-multilingual-cms\vendor\wpml\fp\core\Promise.php(30): WPML\FP\Promise->resolve()
#19 D:\OpenServer\domains\yappo.local\wordpress\wp-content\plugins\sitepress-multilingual-cms\vendor\wpml\fp\core\Promise.php(30): WPML\FP\Promise->resolve()
#20 D:\OpenServer\domains\yappo.local\wordpress\wp-content\plugins\sitepress-multilingual-cms\vendor\wpml\wp\classes\Hooks.php(50): WPML\FP\Promise->resolve()
#21 D:\OpenServer\domains\yappo.local\wordpress\wp-includes\class-wp-hook.php(308): WPML\LIB\WP\Hooks::WPML\LIB\WP\{closure}()
#22 D:\OpenServer\domains\yappo.local\wordpress\wp-includes\class-wp-hook.php(332): WP_Hook->apply_filters()
#23 D:\OpenServer\domains\yappo.local\wordpress\wp-includes\plugin.php(517): WP_Hook->do_action()
#24 D:\OpenServer\domains\yappo.local\wordpress\wp-admin\admin-ajax.php(188): do_action()
#25 {main}
  thrown - File: D:\OpenServer\domains\yappo.local\wordpress\wp-content\plugins\sitepress-multilingual-cms\vendor\wpml\core-api\core\BackgroundTask\Repository\BackgroundTaskRepository.php Line: 101 | Is it Fatal Error? Yes | Is it Thrown by WP STAGING? No
