[WP STAGING Shutdown Function][E_ERROR][2023-07-21 17:06:28] Uncaught TypeError: implode(): Argument #1 ($pieces) must be of type array, string given in /Applications/XAMPP/xamppfiles/htdocs/NinesQuares/yappo.loc/wordpress/wp-content/plugins/custom-gutenberg-plugin/blocks/ProductCategory/template.php:87
Stack trace:
#0 /Applications/XAMPP/xamppfiles/htdocs/NinesQuares/yappo.loc/wordpress/wp-content/plugins/custom-gutenberg-plugin/blocks/ProductCategory/template.php(87): implode(',', NULL)
#1 /Applications/XAMPP/xamppfiles/htdocs/NinesQuares/yappo.loc/wordpress/wp-content/plugins/advanced-custom-fields-pro/pro/blocks.php(678): include('/Applications/X...')
#2 /Applications/XAMPP/xamppfiles/htdocs/NinesQuares/yappo.loc/wordpress/wp-includes/class-wp-hook.php(308): acf_block_render_template(Array, '', false, 567, Object(WP_Block), Array)
#3 /Applications/XAMPP/xamppfiles/htdocs/NinesQuares/yappo.loc/wordpress/wp-includes/class-wp-hook.php(332): WP_Hook->apply_filters('', Array)
#4 /Applications/XAMPP/xamppfiles/htdocs/NinesQuares/yappo.loc/wordpress/wp-includes/plugin.php(517): WP_Hook->do_action(Array)
#5 /Applications/XAMPP/xamppfiles/htdocs/NinesQuares/yappo.loc/wordpress/wp-content/plugins/advanced-custom-fields-pro/pro/blocks.php(652): do_action('acf_block_rende...', Array, '', false, 567, Object(WP_Block), Array)
#6 /Applications/XAMPP/xamppfiles/htdocs/NinesQuares/yappo.loc/wordpress/wp-content/plugins/advanced-custom-fields-pro/pro/blocks.php(569): acf_render_block(Array, '', false, 567, Object(WP_Block), Array)
#7 /Applications/XAMPP/xamppfiles/htdocs/NinesQuares/yappo.loc/wordpress/wp-content/plugins/advanced-custom-fields-pro/pro/blocks.php(502): acf_rendered_block(Array, '', false, 567, Object(WP_Block))
#8 /Applications/XAMPP/xamppfiles/htdocs/NinesQuares/yappo.loc/wordpress/wp-includes/class-wp-block.php(258): acf_render_block_callback(Array, '', Object(WP_Block))
#9 /Applications/XAMPP/xamppfiles/htdocs/NinesQuares/yappo.loc/wordpress/wp-includes/blocks.php(1072): WP_Block->render()
#10 /Applications/XAMPP/xamppfiles/htdocs/NinesQuares/yappo.loc/wordpress/wp-includes/blocks.php(1110): render_block(Array)
#11 /Applications/XAMPP/xamppfiles/htdocs/NinesQuares/yappo.loc/wordpress/wp-includes/class-wp-hook.php(308): do_blocks('<!-- wp:acf/pro...')
#12 /Applications/XAMPP/xamppfiles/htdocs/NinesQuares/yappo.loc/wordpress/wp-includes/plugin.php(205): WP_Hook->apply_filters('<!-- wp:acf/pro...', Array)
#13 /Applications/XAMPP/xamppfiles/htdocs/NinesQuares/yappo.loc/wordpress/wp-content/plugins/wordpress-seo/src/builders/indexable-link-builder.php(115): apply_filters('the_content', '<!-- wp:acf/pro...')
#14 /Applications/XAMPP/xamppfiles/htdocs/NinesQuares/yappo.loc/wordpress/wp-content/plugins/wordpress-seo/src/actions/indexing/abstract-link-indexing-action.php(65): Yoast\WP\SEO\Builders\Indexable_Link_Builder->build(Object(Yoast\WP\SEO\Models\Indexable), '<!-- wp:acf/pro...')
#15 /Applications/XAMPP/xamppfiles/htdocs/NinesQuares/yappo.loc/wordpress/wp-content/plugins/wordpress-seo/src/integrations/admin/background-indexing-integration.php(219): Yoast\WP\SEO\Actions\Indexing\Abstract_Link_Indexing_Action->index()
#16 /Applications/XAMPP/xamppfiles/htdocs/NinesQuares/yappo.loc/wordpress/wp-includes/class-wp-hook.php(308): Yoast\WP\SEO\Integrations\Admin\Background_Indexing_Integration->index()
#17 /Applications/XAMPP/xamppfiles/htdocs/NinesQuares/yappo.loc/wordpress/wp-includes/class-wp-hook.php(332): WP_Hook->apply_filters('', Array)
#18 /Applications/XAMPP/xamppfiles/htdocs/NinesQuares/yappo.loc/wordpress/wp-includes/plugin.php(565): WP_Hook->do_action(Array)
#19 /Applications/XAMPP/xamppfiles/htdocs/NinesQuares/yappo.loc/wordpress/wp-cron.php(188): do_action_ref_array('wpseo_indexable...', Array)
#20 {main}
  thrown - File: /Applications/XAMPP/xamppfiles/htdocs/NinesQuares/yappo.loc/wordpress/wp-content/plugins/custom-gutenberg-plugin/blocks/ProductCategory/template.php Line: 87 | Is it Fatal Error? Yes | Is it Thrown by WP STAGING? No
[WP STAGING Shutdown Function][E_ERROR][2023-07-21 17:10:08] Uncaught TypeError: implode(): Argument #1 ($pieces) must be of type array, string given in /Applications/XAMPP/xamppfiles/htdocs/NinesQuares/yappo.loc/wordpress/wp-content/plugins/custom-gutenberg-plugin/blocks/ProductCategory/template.php:87
Stack trace:
#0 /Applications/XAMPP/xamppfiles/htdocs/NinesQuares/yappo.loc/wordpress/wp-content/plugins/custom-gutenberg-plugin/blocks/ProductCategory/template.php(87): implode(',', NULL)
#1 /Applications/XAMPP/xamppfiles/htdocs/NinesQuares/yappo.loc/wordpress/wp-content/plugins/advanced-custom-fields-pro/pro/blocks.php(678): include('/Applications/X...')
#2 /Applications/XAMPP/xamppfiles/htdocs/NinesQuares/yappo.loc/wordpress/wp-includes/class-wp-hook.php(308): acf_block_render_template(Array, '', false, 567, Object(WP_Block), Array)
#3 /Applications/XAMPP/xamppfiles/htdocs/NinesQuares/yappo.loc/wordpress/wp-includes/class-wp-hook.php(332): WP_Hook->apply_filters('', Array)
#4 /Applications/XAMPP/xamppfiles/htdocs/NinesQuares/yappo.loc/wordpress/wp-includes/plugin.php(517): WP_Hook->do_action(Array)
#5 /Applications/XAMPP/xamppfiles/htdocs/NinesQuares/yappo.loc/wordpress/wp-content/plugins/advanced-custom-fields-pro/pro/blocks.php(652): do_action('acf_block_rende...', Array, '', false, 567, Object(WP_Block), Array)
#6 /Applications/XAMPP/xamppfiles/htdocs/NinesQuares/yappo.loc/wordpress/wp-content/plugins/advanced-custom-fields-pro/pro/blocks.php(569): acf_render_block(Array, '', false, 567, Object(WP_Block), Array)
#7 /Applications/XAMPP/xamppfiles/htdocs/NinesQuares/yappo.loc/wordpress/wp-content/plugins/advanced-custom-fields-pro/pro/blocks.php(502): acf_rendered_block(Array, '', false, 567, Object(WP_Block))
#8 /Applications/XAMPP/xamppfiles/htdocs/NinesQuares/yappo.loc/wordpress/wp-includes/class-wp-block.php(258): acf_render_block_callback(Array, '', Object(WP_Block))
#9 /Applications/XAMPP/xamppfiles/htdocs/NinesQuares/yappo.loc/wordpress/wp-includes/blocks.php(1072): WP_Block->render()
#10 /Applications/XAMPP/xamppfiles/htdocs/NinesQuares/yappo.loc/wordpress/wp-includes/blocks.php(1110): render_block(Array)
#11 /Applications/XAMPP/xamppfiles/htdocs/NinesQuares/yappo.loc/wordpress/wp-includes/class-wp-hook.php(308): do_blocks('<!-- wp:acf/pro...')
#12 /Applications/XAMPP/xamppfiles/htdocs/NinesQuares/yappo.loc/wordpress/wp-includes/plugin.php(205): WP_Hook->apply_filters('<!-- wp:acf/pro...', Array)
#13 /Applications/XAMPP/xamppfiles/htdocs/NinesQuares/yappo.loc/wordpress/wp-content/plugins/wordpress-seo/src/builders/indexable-link-builder.php(115): apply_filters('the_content', '<!-- wp:acf/pro...')
#14 /Applications/XAMPP/xamppfiles/htdocs/NinesQuares/yappo.loc/wordpress/wp-content/plugins/wordpress-seo/src/actions/indexing/abstract-link-indexing-action.php(65): Yoast\WP\SEO\Builders\Indexable_Link_Builder->build(Object(Yoast\WP\SEO\Models\Indexable), '<!-- wp:acf/pro...')
#15 /Applications/XAMPP/xamppfiles/htdocs/NinesQuares/yappo.loc/wordpress/wp-content/plugins/wordpress-seo/src/integrations/admin/background-indexing-integration.php(219): Yoast\WP\SEO\Actions\Indexing\Abstract_Link_Indexing_Action->index()
#16 /Applications/XAMPP/xamppfiles/htdocs/NinesQuares/yappo.loc/wordpress/wp-includes/class-wp-hook.php(308): Yoast\WP\SEO\Integrations\Admin\Background_Indexing_Integration->index()
#17 /Applications/XAMPP/xamppfiles/htdocs/NinesQuares/yappo.loc/wordpress/wp-includes/class-wp-hook.php(332): WP_Hook->apply_filters('', Array)
#18 /Applications/XAMPP/xamppfiles/htdocs/NinesQuares/yappo.loc/wordpress/wp-includes/plugin.php(565): WP_Hook->do_action(Array)
#19 /Applications/XAMPP/xamppfiles/htdocs/NinesQuares/yappo.loc/wordpress/wp-cron.php(188): do_action_ref_array('wpseo_indexable...', Array)
#20 {main}
  thrown - File: /Applications/XAMPP/xamppfiles/htdocs/NinesQuares/yappo.loc/wordpress/wp-content/plugins/custom-gutenberg-plugin/blocks/ProductCategory/template.php Line: 87 | Is it Fatal Error? Yes | Is it Thrown by WP STAGING? No
[WP STAGING Shutdown Function][E_ERROR][2023-07-21 17:11:34] Uncaught Error: Call to undefined method WP_Post::slug() in /Applications/XAMPP/xamppfiles/htdocs/NinesQuares/yappo.loc/wordpress/wp-includes/query.php:65
Stack trace:
#0 /Applications/XAMPP/xamppfiles/htdocs/NinesQuares/yappo.loc/wordpress/wp-content/themes/yappo/header.php(363): get_queried_object_slug()
#1 /Applications/XAMPP/xamppfiles/htdocs/NinesQuares/yappo.loc/wordpress/wp-includes/template.php(783): require_once('/Applications/X...')
#2 /Applications/XAMPP/xamppfiles/htdocs/NinesQuares/yappo.loc/wordpress/wp-includes/template.php(718): load_template('/Applications/X...', true, Array)
#3 /Applications/XAMPP/xamppfiles/htdocs/NinesQuares/yappo.loc/wordpress/wp-includes/general-template.php(48): locate_template(Array, true, true, Array)
#4 /Applications/XAMPP/xamppfiles/htdocs/NinesQuares/yappo.loc/wordpress/wp-content/themes/yappo/index.php(15): get_header()
#5 /Applications/XAMPP/xamppfiles/htdocs/NinesQuares/yappo.loc/wordpress/wp-includes/template-loader.php(106): include('/Applications/X...')
#6 /Applications/XAMPP/xamppfiles/htdocs/NinesQuares/yappo.loc/wordpress/wp-blog-header.php(19): require_once('/Applications/X...')
#7 /Applications/XAMPP/xamppfiles/htdocs/NinesQuares/yappo.loc/wordpress/index.php(17): require('/Applications/X...')
#8 {main}
  thrown - File: /Applications/XAMPP/xamppfiles/htdocs/NinesQuares/yappo.loc/wordpress/wp-includes/query.php Line: 65 | Is it Fatal Error? Yes | Is it Thrown by WP STAGING? No
[WP STAGING Shutdown Function][E_ERROR][2023-07-21 17:11:48] Uncaught Error: Call to undefined method WP_Post::slug() in /Applications/XAMPP/xamppfiles/htdocs/NinesQuares/yappo.loc/wordpress/wp-includes/query.php:65
Stack trace:
#0 /Applications/XAMPP/xamppfiles/htdocs/NinesQuares/yappo.loc/wordpress/wp-content/themes/yappo/header.php(363): get_queried_object_slug()
#1 /Applications/XAMPP/xamppfiles/htdocs/NinesQuares/yappo.loc/wordpress/wp-includes/template.php(783): require_once('/Applications/X...')
#2 /Applications/XAMPP/xamppfiles/htdocs/NinesQuares/yappo.loc/wordpress/wp-includes/template.php(718): load_template('/Applications/X...', true, Array)
#3 /Applications/XAMPP/xamppfiles/htdocs/NinesQuares/yappo.loc/wordpress/wp-includes/general-template.php(48): locate_template(Array, true, true, Array)
#4 /Applications/XAMPP/xamppfiles/htdocs/NinesQuares/yappo.loc/wordpress/wp-content/themes/yappo/index.php(15): get_header()
#5 /Applications/XAMPP/xamppfiles/htdocs/NinesQuares/yappo.loc/wordpress/wp-includes/template-loader.php(106): include('/Applications/X...')
#6 /Applications/XAMPP/xamppfiles/htdocs/NinesQuares/yappo.loc/wordpress/wp-blog-header.php(19): require_once('/Applications/X...')
#7 /Applications/XAMPP/xamppfiles/htdocs/NinesQuares/yappo.loc/wordpress/index.php(17): require('/Applications/X...')
#8 {main}
  thrown - File: /Applications/XAMPP/xamppfiles/htdocs/NinesQuares/yappo.loc/wordpress/wp-includes/query.php Line: 65 | Is it Fatal Error? Yes | Is it Thrown by WP STAGING? No
[WP STAGING Shutdown Function][E_ERROR][2023-07-21 17:11:52] Uncaught Error: Call to undefined method WP_Post::slug() in /Applications/XAMPP/xamppfiles/htdocs/NinesQuares/yappo.loc/wordpress/wp-includes/query.php:65
Stack trace:
#0 /Applications/XAMPP/xamppfiles/htdocs/NinesQuares/yappo.loc/wordpress/wp-content/themes/yappo/header.php(363): get_queried_object_slug()
#1 /Applications/XAMPP/xamppfiles/htdocs/NinesQuares/yappo.loc/wordpress/wp-includes/template.php(783): require_once('/Applications/X...')
#2 /Applications/XAMPP/xamppfiles/htdocs/NinesQuares/yappo.loc/wordpress/wp-includes/template.php(718): load_template('/Applications/X...', true, Array)
#3 /Applications/XAMPP/xamppfiles/htdocs/NinesQuares/yappo.loc/wordpress/wp-includes/general-template.php(48): locate_template(Array, true, true, Array)
#4 /Applications/XAMPP/xamppfiles/htdocs/NinesQuares/yappo.loc/wordpress/wp-content/themes/yappo/page.php(15): get_header()
#5 /Applications/XAMPP/xamppfiles/htdocs/NinesQuares/yappo.loc/wordpress/wp-includes/template-loader.php(106): include('/Applications/X...')
#6 /Applications/XAMPP/xamppfiles/htdocs/NinesQuares/yappo.loc/wordpress/wp-blog-header.php(19): require_once('/Applications/X...')
#7 /Applications/XAMPP/xamppfiles/htdocs/NinesQuares/yappo.loc/wordpress/index.php(17): require('/Applications/X...')
#8 {main}
  thrown - File: /Applications/XAMPP/xamppfiles/htdocs/NinesQuares/yappo.loc/wordpress/wp-includes/query.php Line: 65 | Is it Fatal Error? Yes | Is it Thrown by WP STAGING? No
[WP STAGING Shutdown Function][E_ERROR][2023-07-25 14:52:46] Uncaught TypeError: implode(): Argument #1 ($pieces) must be of type array, string given in /Applications/XAMPP/xamppfiles/htdocs/NinesQuares/yappo.loc/wordpress/wp-content/plugins/custom-gutenberg-plugin/blocks/ProductCategory/template.php:87
Stack trace:
#0 /Applications/XAMPP/xamppfiles/htdocs/NinesQuares/yappo.loc/wordpress/wp-content/plugins/custom-gutenberg-plugin/blocks/ProductCategory/template.php(87): implode(',', NULL)
#1 /Applications/XAMPP/xamppfiles/htdocs/NinesQuares/yappo.loc/wordpress/wp-content/plugins/advanced-custom-fields-pro/pro/blocks.php(678): include('/Applications/X...')
#2 /Applications/XAMPP/xamppfiles/htdocs/NinesQuares/yappo.loc/wordpress/wp-includes/class-wp-hook.php(308): acf_block_render_template(Array, '', false, 567, Object(WP_Block), Array)
#3 /Applications/XAMPP/xamppfiles/htdocs/NinesQuares/yappo.loc/wordpress/wp-includes/class-wp-hook.php(332): WP_Hook->apply_filters('', Array)
#4 /Applications/XAMPP/xamppfiles/htdocs/NinesQuares/yappo.loc/wordpress/wp-includes/plugin.php(517): WP_Hook->do_action(Array)
#5 /Applications/XAMPP/xamppfiles/htdocs/NinesQuares/yappo.loc/wordpress/wp-content/plugins/advanced-custom-fields-pro/pro/blocks.php(652): do_action('acf_block_rende...', Array, '', false, 567, Object(WP_Block), Array)
#6 /Applications/XAMPP/xamppfiles/htdocs/NinesQuares/yappo.loc/wordpress/wp-content/plugins/advanced-custom-fields-pro/pro/blocks.php(569): acf_render_block(Array, '', false, 567, Object(WP_Block), Array)
#7 /Applications/XAMPP/xamppfiles/htdocs/NinesQuares/yappo.loc/wordpress/wp-content/plugins/advanced-custom-fields-pro/pro/blocks.php(502): acf_rendered_block(Array, '', false, 567, Object(WP_Block))
#8 /Applications/XAMPP/xamppfiles/htdocs/NinesQuares/yappo.loc/wordpress/wp-includes/class-wp-block.php(258): acf_render_block_callback(Array, '', Object(WP_Block))
#9 /Applications/XAMPP/xamppfiles/htdocs/NinesQuares/yappo.loc/wordpress/wp-includes/blocks.php(1072): WP_Block->render()
#10 /Applications/XAMPP/xamppfiles/htdocs/NinesQuares/yappo.loc/wordpress/wp-includes/blocks.php(1110): render_block(Array)
#11 /Applications/XAMPP/xamppfiles/htdocs/NinesQuares/yappo.loc/wordpress/wp-includes/class-wp-hook.php(308): do_blocks('<!-- wp:acf/pro...')
#12 /Applications/XAMPP/xamppfiles/htdocs/NinesQuares/yappo.loc/wordpress/wp-includes/plugin.php(205): WP_Hook->apply_filters('<!-- wp:acf/pro...', Array)
#13 /Applications/XAMPP/xamppfiles/htdocs/NinesQuares/yappo.loc/wordpress/wp-content/plugins/wordpress-seo/src/builders/indexable-link-builder.php(115): apply_filters('the_content', '<!-- wp:acf/pro...')
#14 /Applications/XAMPP/xamppfiles/htdocs/NinesQuares/yappo.loc/wordpress/wp-content/plugins/wordpress-seo/src/actions/indexing/abstract-link-indexing-action.php(65): Yoast\WP\SEO\Builders\Indexable_Link_Builder->build(Object(Yoast\WP\SEO\Models\Indexable), '<!-- wp:acf/pro...')
#15 /Applications/XAMPP/xamppfiles/htdocs/NinesQuares/yappo.loc/wordpress/wp-content/plugins/wordpress-seo/src/integrations/admin/background-indexing-integration.php(219): Yoast\WP\SEO\Actions\Indexing\Abstract_Link_Indexing_Action->index()
#16 /Applications/XAMPP/xamppfiles/htdocs/NinesQuares/yappo.loc/wordpress/wp-includes/class-wp-hook.php(308): Yoast\WP\SEO\Integrations\Admin\Background_Indexing_Integration->index()
#17 /Applications/XAMPP/xamppfiles/htdocs/NinesQuares/yappo.loc/wordpress/wp-includes/class-wp-hook.php(332): WP_Hook->apply_filters('', Array)
#18 /Applications/XAMPP/xamppfiles/htdocs/NinesQuares/yappo.loc/wordpress/wp-includes/plugin.php(565): WP_Hook->do_action(Array)
#19 /Applications/XAMPP/xamppfiles/htdocs/NinesQuares/yappo.loc/wordpress/wp-cron.php(188): do_action_ref_array('wpseo_indexable...', Array)
#20 {main}
  thrown - File: /Applications/XAMPP/xamppfiles/htdocs/NinesQuares/yappo.loc/wordpress/wp-content/plugins/custom-gutenberg-plugin/blocks/ProductCategory/template.php Line: 87 | Is it Fatal Error? Yes | Is it Thrown by WP STAGING? No
[WP STAGING Shutdown Function][E_ERROR][2023-07-25 15:08:07] Uncaught Error: Cannot use object of type WP_Term as array in /Applications/XAMPP/xamppfiles/htdocs/NinesQuares/yappo.loc/wordpress/wp-content/themes/yappo/header.php:140
Stack trace:
#0 /Applications/XAMPP/xamppfiles/htdocs/NinesQuares/yappo.loc/wordpress/wp-includes/template.php(783): require_once()
#1 /Applications/XAMPP/xamppfiles/htdocs/NinesQuares/yappo.loc/wordpress/wp-includes/template.php(718): load_template('/Applications/X...', true, Array)
#2 /Applications/XAMPP/xamppfiles/htdocs/NinesQuares/yappo.loc/wordpress/wp-includes/general-template.php(48): locate_template(Array, true, true, Array)
#3 /Applications/XAMPP/xamppfiles/htdocs/NinesQuares/yappo.loc/wordpress/wp-content/themes/yappo/page.php(15): get_header()
#4 /Applications/XAMPP/xamppfiles/htdocs/NinesQuares/yappo.loc/wordpress/wp-includes/template-loader.php(106): include('/Applications/X...')
#5 /Applications/XAMPP/xamppfiles/htdocs/NinesQuares/yappo.loc/wordpress/wp-blog-header.php(19): require_once('/Applications/X...')
#6 /Applications/XAMPP/xamppfiles/htdocs/NinesQuares/yappo.loc/wordpress/index.php(17): require('/Applications/X...')
#7 {main}
  thrown - File: /Applications/XAMPP/xamppfiles/htdocs/NinesQuares/yappo.loc/wordpress/wp-content/themes/yappo/header.php Line: 140 | Is it Fatal Error? Yes | Is it Thrown by WP STAGING? No
[WP STAGING Shutdown Function][E_ERROR][2023-07-25 15:08:08] Uncaught TypeError: implode(): Argument #1 ($pieces) must be of type array, string given in /Applications/XAMPP/xamppfiles/htdocs/NinesQuares/yappo.loc/wordpress/wp-content/plugins/custom-gutenberg-plugin/blocks/ProductCategory/template.php:87
Stack trace:
#0 /Applications/XAMPP/xamppfiles/htdocs/NinesQuares/yappo.loc/wordpress/wp-content/plugins/custom-gutenberg-plugin/blocks/ProductCategory/template.php(87): implode(',', NULL)
#1 /Applications/XAMPP/xamppfiles/htdocs/NinesQuares/yappo.loc/wordpress/wp-content/plugins/advanced-custom-fields-pro/pro/blocks.php(678): include('/Applications/X...')
#2 /Applications/XAMPP/xamppfiles/htdocs/NinesQuares/yappo.loc/wordpress/wp-includes/class-wp-hook.php(308): acf_block_render_template(Array, '', false, 567, Object(WP_Block), Array)
#3 /Applications/XAMPP/xamppfiles/htdocs/NinesQuares/yappo.loc/wordpress/wp-includes/class-wp-hook.php(332): WP_Hook->apply_filters('', Array)
#4 /Applications/XAMPP/xamppfiles/htdocs/NinesQuares/yappo.loc/wordpress/wp-includes/plugin.php(517): WP_Hook->do_action(Array)
#5 /Applications/XAMPP/xamppfiles/htdocs/NinesQuares/yappo.loc/wordpress/wp-content/plugins/advanced-custom-fields-pro/pro/blocks.php(652): do_action('acf_block_rende...', Array, '', false, 567, Object(WP_Block), Array)
#6 /Applications/XAMPP/xamppfiles/htdocs/NinesQuares/yappo.loc/wordpress/wp-content/plugins/advanced-custom-fields-pro/pro/blocks.php(569): acf_render_block(Array, '', false, 567, Object(WP_Block), Array)
#7 /Applications/XAMPP/xamppfiles/htdocs/NinesQuares/yappo.loc/wordpress/wp-content/plugins/advanced-custom-fields-pro/pro/blocks.php(502): acf_rendered_block(Array, '', false, 567, Object(WP_Block))
#8 /Applications/XAMPP/xamppfiles/htdocs/NinesQuares/yappo.loc/wordpress/wp-includes/class-wp-block.php(258): acf_render_block_callback(Array, '', Object(WP_Block))
#9 /Applications/XAMPP/xamppfiles/htdocs/NinesQuares/yappo.loc/wordpress/wp-includes/blocks.php(1072): WP_Block->render()
#10 /Applications/XAMPP/xamppfiles/htdocs/NinesQuares/yappo.loc/wordpress/wp-includes/blocks.php(1110): render_block(Array)
#11 /Applications/XAMPP/xamppfiles/htdocs/NinesQuares/yappo.loc/wordpress/wp-includes/class-wp-hook.php(308): do_blocks('<!-- wp:acf/pro...')
#12 /Applications/XAMPP/xamppfiles/htdocs/NinesQuares/yappo.loc/wordpress/wp-includes/plugin.php(205): WP_Hook->apply_filters('<!-- wp:acf/pro...', Array)
#13 /Applications/XAMPP/xamppfiles/htdocs/NinesQuares/yappo.loc/wordpress/wp-content/plugins/wordpress-seo/src/builders/indexable-link-builder.php(115): apply_filters('the_content', '<!-- wp:acf/pro...')
#14 /Applications/XAMPP/xamppfiles/htdocs/NinesQuares/yappo.loc/wordpress/wp-content/plugins/wordpress-seo/src/actions/indexing/abstract-link-indexing-action.php(65): Yoast\WP\SEO\Builders\Indexable_Link_Builder->build(Object(Yoast\WP\SEO\Models\Indexable), '<!-- wp:acf/pro...')
#15 /Applications/XAMPP/xamppfiles/htdocs/NinesQuares/yappo.loc/wordpress/wp-content/plugins/wordpress-seo/src/integrations/admin/background-indexing-integration.php(219): Yoast\WP\SEO\Actions\Indexing\Abstract_Link_Indexing_Action->index()
#16 /Applications/XAMPP/xamppfiles/htdocs/NinesQuares/yappo.loc/wordpress/wp-includes/class-wp-hook.php(308): Yoast\WP\SEO\Integrations\Admin\Background_Indexing_Integration->index()
#17 /Applications/XAMPP/xamppfiles/htdocs/NinesQuares/yappo.loc/wordpress/wp-includes/class-wp-hook.php(332): WP_Hook->apply_filters('', Array)
#18 /Applications/XAMPP/xamppfiles/htdocs/NinesQuares/yappo.loc/wordpress/wp-includes/plugin.php(565): WP_Hook->do_action(Array)
#19 /Applications/XAMPP/xamppfiles/htdocs/NinesQuares/yappo.loc/wordpress/wp-cron.php(188): do_action_ref_array('wpseo_indexable...', Array)
#20 {main}
  thrown - File: /Applications/XAMPP/xamppfiles/htdocs/NinesQuares/yappo.loc/wordpress/wp-content/plugins/custom-gutenberg-plugin/blocks/ProductCategory/template.php Line: 87 | Is it Fatal Error? Yes | Is it Thrown by WP STAGING? No
[WP STAGING Shutdown Function][E_ERROR][2023-07-25 15:08:09] Uncaught Error: Cannot use object of type WP_Term as array in /Applications/XAMPP/xamppfiles/htdocs/NinesQuares/yappo.loc/wordpress/wp-content/themes/yappo/header.php:140
Stack trace:
#0 /Applications/XAMPP/xamppfiles/htdocs/NinesQuares/yappo.loc/wordpress/wp-includes/template.php(783): require_once()
#1 /Applications/XAMPP/xamppfiles/htdocs/NinesQuares/yappo.loc/wordpress/wp-includes/template.php(718): load_template('/Applications/X...', true, Array)
#2 /Applications/XAMPP/xamppfiles/htdocs/NinesQuares/yappo.loc/wordpress/wp-includes/general-template.php(48): locate_template(Array, true, true, Array)
#3 /Applications/XAMPP/xamppfiles/htdocs/NinesQuares/yappo.loc/wordpress/wp-content/themes/yappo/404.php(10): get_header()
#4 /Applications/XAMPP/xamppfiles/htdocs/NinesQuares/yappo.loc/wordpress/wp-includes/template-loader.php(106): include('/Applications/X...')
#5 /Applications/XAMPP/xamppfiles/htdocs/NinesQuares/yappo.loc/wordpress/wp-blog-header.php(19): require_once('/Applications/X...')
#6 /Applications/XAMPP/xamppfiles/htdocs/NinesQuares/yappo.loc/wordpress/index.php(17): require('/Applications/X...')
#7 {main}
  thrown - File: /Applications/XAMPP/xamppfiles/htdocs/NinesQuares/yappo.loc/wordpress/wp-content/themes/yappo/header.php Line: 140 | Is it Fatal Error? Yes | Is it Thrown by WP STAGING? No
[WP STAGING Shutdown Function][E_ERROR][2023-07-25 15:08:23] Uncaught Error: Cannot use object of type WP_Term as array in /Applications/XAMPP/xamppfiles/htdocs/NinesQuares/yappo.loc/wordpress/wp-content/themes/yappo/header.php:140
Stack trace:
#0 /Applications/XAMPP/xamppfiles/htdocs/NinesQuares/yappo.loc/wordpress/wp-includes/template.php(783): require_once()
#1 /Applications/XAMPP/xamppfiles/htdocs/NinesQuares/yappo.loc/wordpress/wp-includes/template.php(718): load_template('/Applications/X...', true, Array)
#2 /Applications/XAMPP/xamppfiles/htdocs/NinesQuares/yappo.loc/wordpress/wp-includes/general-template.php(48): locate_template(Array, true, true, Array)
#3 /Applications/XAMPP/xamppfiles/htdocs/NinesQuares/yappo.loc/wordpress/wp-content/themes/yappo/page.php(15): get_header()
#4 /Applications/XAMPP/xamppfiles/htdocs/NinesQuares/yappo.loc/wordpress/wp-includes/template-loader.php(106): include('/Applications/X...')
#5 /Applications/XAMPP/xamppfiles/htdocs/NinesQuares/yappo.loc/wordpress/wp-blog-header.php(19): require_once('/Applications/X...')
#6 /Applications/XAMPP/xamppfiles/htdocs/NinesQuares/yappo.loc/wordpress/index.php(17): require('/Applications/X...')
#7 {main}
  thrown - File: /Applications/XAMPP/xamppfiles/htdocs/NinesQuares/yappo.loc/wordpress/wp-content/themes/yappo/header.php Line: 140 | Is it Fatal Error? Yes | Is it Thrown by WP STAGING? No
[WP STAGING Shutdown Function][E_ERROR][2023-07-25 15:08:25] Uncaught Error: Cannot use object of type WP_Term as array in /Applications/XAMPP/xamppfiles/htdocs/NinesQuares/yappo.loc/wordpress/wp-content/themes/yappo/header.php:140
Stack trace:
#0 /Applications/XAMPP/xamppfiles/htdocs/NinesQuares/yappo.loc/wordpress/wp-includes/template.php(783): require_once()
#1 /Applications/XAMPP/xamppfiles/htdocs/NinesQuares/yappo.loc/wordpress/wp-includes/template.php(718): load_template('/Applications/X...', true, Array)
#2 /Applications/XAMPP/xamppfiles/htdocs/NinesQuares/yappo.loc/wordpress/wp-includes/general-template.php(48): locate_template(Array, true, true, Array)
#3 /Applications/XAMPP/xamppfiles/htdocs/NinesQuares/yappo.loc/wordpress/wp-content/themes/yappo/404.php(10): get_header()
#4 /Applications/XAMPP/xamppfiles/htdocs/NinesQuares/yappo.loc/wordpress/wp-includes/template-loader.php(106): include('/Applications/X...')
#5 /Applications/XAMPP/xamppfiles/htdocs/NinesQuares/yappo.loc/wordpress/wp-blog-header.php(19): require_once('/Applications/X...')
#6 /Applications/XAMPP/xamppfiles/htdocs/NinesQuares/yappo.loc/wordpress/index.php(17): require('/Applications/X...')
#7 {main}
  thrown - File: /Applications/XAMPP/xamppfiles/htdocs/NinesQuares/yappo.loc/wordpress/wp-content/themes/yappo/header.php Line: 140 | Is it Fatal Error? Yes | Is it Thrown by WP STAGING? No
[WP STAGING Shutdown Function][E_ERROR][2023-07-25 15:08:38] Uncaught Error: Cannot use object of type WP_Term as array in /Applications/XAMPP/xamppfiles/htdocs/NinesQuares/yappo.loc/wordpress/wp-content/themes/yappo/header.php:140
Stack trace:
#0 /Applications/XAMPP/xamppfiles/htdocs/NinesQuares/yappo.loc/wordpress/wp-includes/template.php(783): require_once()
#1 /Applications/XAMPP/xamppfiles/htdocs/NinesQuares/yappo.loc/wordpress/wp-includes/template.php(718): load_template('/Applications/X...', true, Array)
#2 /Applications/XAMPP/xamppfiles/htdocs/NinesQuares/yappo.loc/wordpress/wp-includes/general-template.php(48): locate_template(Array, true, true, Array)
#3 /Applications/XAMPP/xamppfiles/htdocs/NinesQuares/yappo.loc/wordpress/wp-content/themes/yappo/page.php(15): get_header()
#4 /Applications/XAMPP/xamppfiles/htdocs/NinesQuares/yappo.loc/wordpress/wp-includes/template-loader.php(106): include('/Applications/X...')
#5 /Applications/XAMPP/xamppfiles/htdocs/NinesQuares/yappo.loc/wordpress/wp-blog-header.php(19): require_once('/Applications/X...')
#6 /Applications/XAMPP/xamppfiles/htdocs/NinesQuares/yappo.loc/wordpress/index.php(17): require('/Applications/X...')
#7 {main}
  thrown - File: /Applications/XAMPP/xamppfiles/htdocs/NinesQuares/yappo.loc/wordpress/wp-content/themes/yappo/header.php Line: 140 | Is it Fatal Error? Yes | Is it Thrown by WP STAGING? No
[WP STAGING Shutdown Function][E_ERROR][2023-07-25 15:08:40] Uncaught Error: Cannot use object of type WP_Term as array in /Applications/XAMPP/xamppfiles/htdocs/NinesQuares/yappo.loc/wordpress/wp-content/themes/yappo/header.php:140
Stack trace:
#0 /Applications/XAMPP/xamppfiles/htdocs/NinesQuares/yappo.loc/wordpress/wp-includes/template.php(783): require_once()
#1 /Applications/XAMPP/xamppfiles/htdocs/NinesQuares/yappo.loc/wordpress/wp-includes/template.php(718): load_template('/Applications/X...', true, Array)
#2 /Applications/XAMPP/xamppfiles/htdocs/NinesQuares/yappo.loc/wordpress/wp-includes/general-template.php(48): locate_template(Array, true, true, Array)
#3 /Applications/XAMPP/xamppfiles/htdocs/NinesQuares/yappo.loc/wordpress/wp-content/themes/yappo/404.php(10): get_header()
#4 /Applications/XAMPP/xamppfiles/htdocs/NinesQuares/yappo.loc/wordpress/wp-includes/template-loader.php(106): include('/Applications/X...')
#5 /Applications/XAMPP/xamppfiles/htdocs/NinesQuares/yappo.loc/wordpress/wp-blog-header.php(19): require_once('/Applications/X...')
#6 /Applications/XAMPP/xamppfiles/htdocs/NinesQuares/yappo.loc/wordpress/index.php(17): require('/Applications/X...')
#7 {main}
  thrown - File: /Applications/XAMPP/xamppfiles/htdocs/NinesQuares/yappo.loc/wordpress/wp-content/themes/yappo/header.php Line: 140 | Is it Fatal Error? Yes | Is it Thrown by WP STAGING? No
[WP STAGING Shutdown Function][E_ERROR][2023-07-25 15:27:01] Uncaught TypeError: implode(): Argument #1 ($pieces) must be of type array, string given in /Applications/XAMPP/xamppfiles/htdocs/NinesQuares/yappo.loc/wordpress/wp-content/plugins/custom-gutenberg-plugin/blocks/ProductCategory/template.php:87
Stack trace:
#0 /Applications/XAMPP/xamppfiles/htdocs/NinesQuares/yappo.loc/wordpress/wp-content/plugins/custom-gutenberg-plugin/blocks/ProductCategory/template.php(87): implode(',', NULL)
#1 /Applications/XAMPP/xamppfiles/htdocs/NinesQuares/yappo.loc/wordpress/wp-content/plugins/advanced-custom-fields-pro/pro/blocks.php(678): include('/Applications/X...')
#2 /Applications/XAMPP/xamppfiles/htdocs/NinesQuares/yappo.loc/wordpress/wp-includes/class-wp-hook.php(308): acf_block_render_template(Array, '', false, 567, Object(WP_Block), Array)
#3 /Applications/XAMPP/xamppfiles/htdocs/NinesQuares/yappo.loc/wordpress/wp-includes/class-wp-hook.php(332): WP_Hook->apply_filters('', Array)
#4 /Applications/XAMPP/xamppfiles/htdocs/NinesQuares/yappo.loc/wordpress/wp-includes/plugin.php(517): WP_Hook->do_action(Array)
#5 /Applications/XAMPP/xamppfiles/htdocs/NinesQuares/yappo.loc/wordpress/wp-content/plugins/advanced-custom-fields-pro/pro/blocks.php(652): do_action('acf_block_rende...', Array, '', false, 567, Object(WP_Block), Array)
#6 /Applications/XAMPP/xamppfiles/htdocs/NinesQuares/yappo.loc/wordpress/wp-content/plugins/advanced-custom-fields-pro/pro/blocks.php(569): acf_render_block(Array, '', false, 567, Object(WP_Block), Array)
#7 /Applications/XAMPP/xamppfiles/htdocs/NinesQuares/yappo.loc/wordpress/wp-content/plugins/advanced-custom-fields-pro/pro/blocks.php(502): acf_rendered_block(Array, '', false, 567, Object(WP_Block))
#8 /Applications/XAMPP/xamppfiles/htdocs/NinesQuares/yappo.loc/wordpress/wp-includes/class-wp-block.php(258): acf_render_block_callback(Array, '', Object(WP_Block))
#9 /Applications/XAMPP/xamppfiles/htdocs/NinesQuares/yappo.loc/wordpress/wp-includes/blocks.php(1072): WP_Block->render()
#10 /Applications/XAMPP/xamppfiles/htdocs/NinesQuares/yappo.loc/wordpress/wp-includes/blocks.php(1110): render_block(Array)
#11 /Applications/XAMPP/xamppfiles/htdocs/NinesQuares/yappo.loc/wordpress/wp-includes/class-wp-hook.php(308): do_blocks('<!-- wp:acf/pro...')
#12 /Applications/XAMPP/xamppfiles/htdocs/NinesQuares/yappo.loc/wordpress/wp-includes/plugin.php(205): WP_Hook->apply_filters('<!-- wp:acf/pro...', Array)
#13 /Applications/XAMPP/xamppfiles/htdocs/NinesQuares/yappo.loc/wordpress/wp-content/plugins/wordpress-seo/src/builders/indexable-link-builder.php(115): apply_filters('the_content', '<!-- wp:acf/pro...')
#14 /Applications/XAMPP/xamppfiles/htdocs/NinesQuares/yappo.loc/wordpress/wp-content/plugins/wordpress-seo/src/actions/indexing/abstract-link-indexing-action.php(65): Yoast\WP\SEO\Builders\Indexable_Link_Builder->build(Object(Yoast\WP\SEO\Models\Indexable), '<!-- wp:acf/pro...')
#15 /Applications/XAMPP/xamppfiles/htdocs/NinesQuares/yappo.loc/wordpress/wp-content/plugins/wordpress-seo/src/integrations/admin/background-indexing-integration.php(219): Yoast\WP\SEO\Actions\Indexing\Abstract_Link_Indexing_Action->index()
#16 /Applications/XAMPP/xamppfiles/htdocs/NinesQuares/yappo.loc/wordpress/wp-includes/class-wp-hook.php(308): Yoast\WP\SEO\Integrations\Admin\Background_Indexing_Integration->index()
#17 /Applications/XAMPP/xamppfiles/htdocs/NinesQuares/yappo.loc/wordpress/wp-includes/class-wp-hook.php(332): WP_Hook->apply_filters('', Array)
#18 /Applications/XAMPP/xamppfiles/htdocs/NinesQuares/yappo.loc/wordpress/wp-includes/plugin.php(565): WP_Hook->do_action(Array)
#19 /Applications/XAMPP/xamppfiles/htdocs/NinesQuares/yappo.loc/wordpress/wp-cron.php(188): do_action_ref_array('wpseo_indexable...', Array)
#20 {main}
  thrown - File: /Applications/XAMPP/xamppfiles/htdocs/NinesQuares/yappo.loc/wordpress/wp-content/plugins/custom-gutenberg-plugin/blocks/ProductCategory/template.php Line: 87 | Is it Fatal Error? Yes | Is it Thrown by WP STAGING? No
[WP STAGING Shutdown Function][E_ERROR][2023-07-25 18:06:06] Uncaught TypeError: implode(): Argument #1 ($pieces) must be of type array, string given in /Applications/XAMPP/xamppfiles/htdocs/NinesQuares/yappo.loc/wordpress/wp-content/plugins/custom-gutenberg-plugin/blocks/ProductCategory/template.php:87
Stack trace:
#0 /Applications/XAMPP/xamppfiles/htdocs/NinesQuares/yappo.loc/wordpress/wp-content/plugins/custom-gutenberg-plugin/blocks/ProductCategory/template.php(87): implode(',', NULL)
#1 /Applications/XAMPP/xamppfiles/htdocs/NinesQuares/yappo.loc/wordpress/wp-content/plugins/advanced-custom-fields-pro/pro/blocks.php(678): include('/Applications/X...')
#2 /Applications/XAMPP/xamppfiles/htdocs/NinesQuares/yappo.loc/wordpress/wp-includes/class-wp-hook.php(308): acf_block_render_template(Array, '', false, 567, Object(WP_Block), Array)
#3 /Applications/XAMPP/xamppfiles/htdocs/NinesQuares/yappo.loc/wordpress/wp-includes/class-wp-hook.php(332): WP_Hook->apply_filters('', Array)
#4 /Applications/XAMPP/xamppfiles/htdocs/NinesQuares/yappo.loc/wordpress/wp-includes/plugin.php(517): WP_Hook->do_action(Array)
#5 /Applications/XAMPP/xamppfiles/htdocs/NinesQuares/yappo.loc/wordpress/wp-content/plugins/advanced-custom-fields-pro/pro/blocks.php(652): do_action('acf_block_rende...', Array, '', false, 567, Object(WP_Block), Array)
#6 /Applications/XAMPP/xamppfiles/htdocs/NinesQuares/yappo.loc/wordpress/wp-content/plugins/advanced-custom-fields-pro/pro/blocks.php(569): acf_render_block(Array, '', false, 567, Object(WP_Block), Array)
#7 /Applications/XAMPP/xamppfiles/htdocs/NinesQuares/yappo.loc/wordpress/wp-content/plugins/advanced-custom-fields-pro/pro/blocks.php(502): acf_rendered_block(Array, '', false, 567, Object(WP_Block))
#8 /Applications/XAMPP/xamppfiles/htdocs/NinesQuares/yappo.loc/wordpress/wp-includes/class-wp-block.php(258): acf_render_block_callback(Array, '', Object(WP_Block))
#9 /Applications/XAMPP/xamppfiles/htdocs/NinesQuares/yappo.loc/wordpress/wp-includes/blocks.php(1072): WP_Block->render()
#10 /Applications/XAMPP/xamppfiles/htdocs/NinesQuares/yappo.loc/wordpress/wp-includes/blocks.php(1110): render_block(Array)
#11 /Applications/XAMPP/xamppfiles/htdocs/NinesQuares/yappo.loc/wordpress/wp-includes/class-wp-hook.php(308): do_blocks('<!-- wp:acf/pro...')
#12 /Applications/XAMPP/xamppfiles/htdocs/NinesQuares/yappo.loc/wordpress/wp-includes/plugin.php(205): WP_Hook->apply_filters('<!-- wp:acf/pro...', Array)
#13 /Applications/XAMPP/xamppfiles/htdocs/NinesQuares/yappo.loc/wordpress/wp-content/plugins/wordpress-seo/src/builders/indexable-link-builder.php(115): apply_filters('the_content', '<!-- wp:acf/pro...')
#14 /Applications/XAMPP/xamppfiles/htdocs/NinesQuares/yappo.loc/wordpress/wp-content/plugins/wordpress-seo/src/actions/indexing/abstract-link-indexing-action.php(65): Yoast\WP\SEO\Builders\Indexable_Link_Builder->build(Object(Yoast\WP\SEO\Models\Indexable), '<!-- wp:acf/pro...')
#15 /Applications/XAMPP/xamppfiles/htdocs/NinesQuares/yappo.loc/wordpress/wp-content/plugins/wordpress-seo/src/integrations/admin/background-indexing-integration.php(219): Yoast\WP\SEO\Actions\Indexing\Abstract_Link_Indexing_Action->index()
#16 /Applications/XAMPP/xamppfiles/htdocs/NinesQuares/yappo.loc/wordpress/wp-includes/class-wp-hook.php(308): Yoast\WP\SEO\Integrations\Admin\Background_Indexing_Integration->index()
#17 /Applications/XAMPP/xamppfiles/htdocs/NinesQuares/yappo.loc/wordpress/wp-includes/class-wp-hook.php(332): WP_Hook->apply_filters('', Array)
#18 /Applications/XAMPP/xamppfiles/htdocs/NinesQuares/yappo.loc/wordpress/wp-includes/plugin.php(565): WP_Hook->do_action(Array)
#19 /Applications/XAMPP/xamppfiles/htdocs/NinesQuares/yappo.loc/wordpress/wp-cron.php(188): do_action_ref_array('wpseo_indexable...', Array)
#20 {main}
  thrown - File: /Applications/XAMPP/xamppfiles/htdocs/NinesQuares/yappo.loc/wordpress/wp-content/plugins/custom-gutenberg-plugin/blocks/ProductCategory/template.php Line: 87 | Is it Fatal Error? Yes | Is it Thrown by WP STAGING? No
