[WP STAGING Shutdown Function][E_ERROR][2023-07-18 20:25:14] Uncaught TypeError: WPML\Core\BackgroundTask\Repository\BackgroundTaskRepository::createFromQueryResult(): Argument #1 ($data) must be of type array, null given, called in /Applications/XAMPP/xamppfiles/htdocs/NinesQuares/yappo.loc/wordpress/wp-content/plugins/sitepress-multilingual-cms/vendor/wpml/core-api/core/BackgroundTask/Repository/BackgroundTaskRepository.php on line 29 and defined in /Applications/XAMPP/xamppfiles/htdocs/NinesQuares/yappo.loc/wordpress/wp-content/plugins/sitepress-multilingual-cms/vendor/wpml/core-api/core/BackgroundTask/Repository/BackgroundTaskRepository.php:101
Stack trace:
#0 /Applications/XAMPP/xamppfiles/htdocs/NinesQuares/yappo.loc/wordpress/wp-content/plugins/sitepress-multilingual-cms/vendor/wpml/core-api/core/BackgroundTask/Repository/BackgroundTaskRepository.php(29): WPML\Core\BackgroundTask\Repository\BackgroundTaskRepository->createFromQueryResult(NULL)
#1 /Applications/XAMPP/xamppfiles/htdocs/NinesQuares/yappo.loc/wordpress/wp-content/plugins/sitepress-multilingual-cms/vendor/wpml/core-api/core/BackgroundTask/Service/BackgroundTaskService.php(54): WPML\Core\BackgroundTask\Repository\BackgroundTaskRepository->getByTaskId(NULL)
#2 /Applications/XAMPP/xamppfiles/htdocs/NinesQuares/yappo.loc/wordpress/wp-content/plugins/sitepress-multilingual-cms/classes/background-task/AbstractTaskEndpoint.php(62): WPML\Core\BackgroundTask\Service\BackgroundTaskService->startByTaskId(NULL)
#3 [internal function]: WPML\BackgroundTask\AbstractTaskEndpoint->run(Object(WPML\Collect\Support\Collection))
#4 /Applications/XAMPP/xamppfiles/htdocs/NinesQuares/yappo.loc/wordpress/wp-content/plugins/sitepress-multilingual-cms/vendor/otgs/auryn/lib/Executable.php(42): ReflectionMethod->invokeArgs(Object(WPML\TM\ATE\Sitekey\Endpoint), Array)
#5 [internal function]: WPML\Auryn\Executable->__invoke(Object(WPML\Collect\Support\Collection))
#6 /Applications/XAMPP/xamppfiles/htdocs/NinesQuares/yappo.loc/wordpress/wp-content/plugins/sitepress-multilingual-cms/vendor/otgs/auryn/lib/Injector.php(641): call_user_func_array(Array, Array)
#7 /Applications/XAMPP/xamppfiles/htdocs/NinesQuares/yappo.loc/wordpress/wp-content/plugins/sitepress-multilingual-cms/classes/container/class-wpml-container.php(110): WPML\Auryn\Injector->execute(Array, Array)
#8 [internal function]: WPML\Container\Container::execute(Array, Array)
#9 /Applications/XAMPP/xamppfiles/htdocs/NinesQuares/yappo.loc/wordpress/wp-content/plugins/sitepress-multilingual-cms/vendor/wpml/fp/core/functions.php(154): call_user_func_array(Array, Array)
#10 /Applications/XAMPP/xamppfiles/htdocs/NinesQuares/yappo.loc/wordpress/wp-content/plugins/sitepress-multilingual-cms/vendor/wpml/fp/core/Maybe.php(106): WPML\FP\{closure}(Array)
#11 /Applications/XAMPP/xamppfiles/htdocs/NinesQuares/yappo.loc/wordpress/wp-content/plugins/sitepress-multilingual-cms/classes/ajax/Factory.php(38): WPML\FP\Just->map(Object(Closure))
#12 /Applications/XAMPP/xamppfiles/htdocs/NinesQuares/yappo.loc/wordpress/wp-content/plugins/sitepress-multilingual-cms/vendor/wpml/fp/core/Either.php(207): WPML\Ajax\Factory->WPML\Ajax\{closure}(Object(WPML\Collect\Support\Collection))
#13 /Applications/XAMPP/xamppfiles/htdocs/NinesQuares/yappo.loc/wordpress/wp-content/plugins/sitepress-multilingual-cms/vendor/wpml/fp/core/Either.php(257): WPML\FP\Right->map(Object(Closure))
#14 /Applications/XAMPP/xamppfiles/htdocs/NinesQuares/yappo.loc/wordpress/wp-content/plugins/sitepress-multilingual-cms/vendor/wpml/fp/core/Promise.php(24): WPML\FP\Right->chain(Object(Closure))
#15 /Applications/XAMPP/xamppfiles/htdocs/NinesQuares/yappo.loc/wordpress/wp-content/plugins/sitepress-multilingual-cms/vendor/wpml/fp/core/Promise.php(30): WPML\FP\Promise->resolve(Object(WPML\FP\Right))
#16 /Applications/XAMPP/xamppfiles/htdocs/NinesQuares/yappo.loc/wordpress/wp-content/plugins/sitepress-multilingual-cms/vendor/wpml/fp/core/Promise.php(30): WPML\FP\Promise->resolve(Object(WPML\FP\Right))
#17 /Applications/XAMPP/xamppfiles/htdocs/NinesQuares/yappo.loc/wordpress/wp-content/plugins/sitepress-multilingual-cms/vendor/wpml/fp/core/Promise.php(30): WPML\FP\Promise->resolve(Object(WPML\FP\Right))
#18 /Applications/XAMPP/xamppfiles/htdocs/NinesQuares/yappo.loc/wordpress/wp-content/plugins/sitepress-multilingual-cms/vendor/wpml/fp/core/Promise.php(30): WPML\FP\Promise->resolve(Object(WPML\FP\Right))
#19 /Applications/XAMPP/xamppfiles/htdocs/NinesQuares/yappo.loc/wordpress/wp-content/plugins/sitepress-multilingual-cms/vendor/wpml/fp/core/Promise.php(30): WPML\FP\Promise->resolve(Object(WPML\FP\Right))
#20 /Applications/XAMPP/xamppfiles/htdocs/NinesQuares/yappo.loc/wordpress/wp-content/plugins/sitepress-multilingual-cms/vendor/wpml/wp/classes/Hooks.php(50): WPML\FP\Promise->resolve(Object(WPML\FP\Right))
#21 /Applications/XAMPP/xamppfiles/htdocs/NinesQuares/yappo.loc/wordpress/wp-includes/class-wp-hook.php(308): WPML\LIB\WP\Hooks::WPML\LIB\WP\{closure}('')
#22 /Applications/XAMPP/xamppfiles/htdocs/NinesQuares/yappo.loc/wordpress/wp-includes/class-wp-hook.php(332): WP_Hook->apply_filters('', Array)
#23 /Applications/XAMPP/xamppfiles/htdocs/NinesQuares/yappo.loc/wordpress/wp-includes/plugin.php(517): WP_Hook->do_action(Array)
#24 /Applications/XAMPP/xamppfiles/htdocs/NinesQuares/yappo.loc/wordpress/wp-admin/admin-ajax.php(188): do_action('wp_ajax_wpml_ac...')
#25 {main}
  thrown - File: /Applications/XAMPP/xamppfiles/htdocs/NinesQuares/yappo.loc/wordpress/wp-content/plugins/sitepress-multilingual-cms/vendor/wpml/core-api/core/BackgroundTask/Repository/BackgroundTaskRepository.php Line: 101 | Is it Fatal Error? Yes | Is it Thrown by WP STAGING? No
[WP STAGING Shutdown Function][E_ERROR][2023-07-19 09:10:56] Uncaught TypeError: WPML\Core\BackgroundTask\Repository\BackgroundTaskRepository::createFromQueryResult(): Argument #1 ($data) must be of type array, null given, called in /Applications/XAMPP/xamppfiles/htdocs/NinesQuares/yappo.loc/wordpress/wp-content/plugins/sitepress-multilingual-cms/vendor/wpml/core-api/core/BackgroundTask/Repository/BackgroundTaskRepository.php on line 29 and defined in /Applications/XAMPP/xamppfiles/htdocs/NinesQuares/yappo.loc/wordpress/wp-content/plugins/sitepress-multilingual-cms/vendor/wpml/core-api/core/BackgroundTask/Repository/BackgroundTaskRepository.php:101
Stack trace:
#0 /Applications/XAMPP/xamppfiles/htdocs/NinesQuares/yappo.loc/wordpress/wp-content/plugins/sitepress-multilingual-cms/vendor/wpml/core-api/core/BackgroundTask/Repository/BackgroundTaskRepository.php(29): WPML\Core\BackgroundTask\Repository\BackgroundTaskRepository->createFromQueryResult(NULL)
#1 /Applications/XAMPP/xamppfiles/htdocs/NinesQuares/yappo.loc/wordpress/wp-content/plugins/sitepress-multilingual-cms/vendor/wpml/core-api/core/BackgroundTask/Service/BackgroundTaskService.php(54): WPML\Core\BackgroundTask\Repository\BackgroundTaskRepository->getByTaskId(NULL)
#2 /Applications/XAMPP/xamppfiles/htdocs/NinesQuares/yappo.loc/wordpress/wp-content/plugins/sitepress-multilingual-cms/classes/background-task/AbstractTaskEndpoint.php(62): WPML\Core\BackgroundTask\Service\BackgroundTaskService->startByTaskId(NULL)
#3 [internal function]: WPML\BackgroundTask\AbstractTaskEndpoint->run(Object(WPML\Collect\Support\Collection))
#4 /Applications/XAMPP/xamppfiles/htdocs/NinesQuares/yappo.loc/wordpress/wp-content/plugins/sitepress-multilingual-cms/vendor/otgs/auryn/lib/Executable.php(42): ReflectionMethod->invokeArgs(Object(WPML\TM\ATE\Sitekey\Endpoint), Array)
#5 [internal function]: WPML\Auryn\Executable->__invoke(Object(WPML\Collect\Support\Collection))
#6 /Applications/XAMPP/xamppfiles/htdocs/NinesQuares/yappo.loc/wordpress/wp-content/plugins/sitepress-multilingual-cms/vendor/otgs/auryn/lib/Injector.php(641): call_user_func_array(Array, Array)
#7 /Applications/XAMPP/xamppfiles/htdocs/NinesQuares/yappo.loc/wordpress/wp-content/plugins/sitepress-multilingual-cms/classes/container/class-wpml-container.php(110): WPML\Auryn\Injector->execute(Array, Array)
#8 [internal function]: WPML\Container\Container::execute(Array, Array)
#9 /Applications/XAMPP/xamppfiles/htdocs/NinesQuares/yappo.loc/wordpress/wp-content/plugins/sitepress-multilingual-cms/vendor/wpml/fp/core/functions.php(154): call_user_func_array(Array, Array)
#10 /Applications/XAMPP/xamppfiles/htdocs/NinesQuares/yappo.loc/wordpress/wp-content/plugins/sitepress-multilingual-cms/vendor/wpml/fp/core/Maybe.php(106): WPML\FP\{closure}(Array)
#11 /Applications/XAMPP/xamppfiles/htdocs/NinesQuares/yappo.loc/wordpress/wp-content/plugins/sitepress-multilingual-cms/classes/ajax/Factory.php(38): WPML\FP\Just->map(Object(Closure))
#12 /Applications/XAMPP/xamppfiles/htdocs/NinesQuares/yappo.loc/wordpress/wp-content/plugins/sitepress-multilingual-cms/vendor/wpml/fp/core/Either.php(207): WPML\Ajax\Factory->WPML\Ajax\{closure}(Object(WPML\Collect\Support\Collection))
#13 /Applications/XAMPP/xamppfiles/htdocs/NinesQuares/yappo.loc/wordpress/wp-content/plugins/sitepress-multilingual-cms/vendor/wpml/fp/core/Either.php(257): WPML\FP\Right->map(Object(Closure))
#14 /Applications/XAMPP/xamppfiles/htdocs/NinesQuares/yappo.loc/wordpress/wp-content/plugins/sitepress-multilingual-cms/vendor/wpml/fp/core/Promise.php(24): WPML\FP\Right->chain(Object(Closure))
#15 /Applications/XAMPP/xamppfiles/htdocs/NinesQuares/yappo.loc/wordpress/wp-content/plugins/sitepress-multilingual-cms/vendor/wpml/fp/core/Promise.php(30): WPML\FP\Promise->resolve(Object(WPML\FP\Right))
#16 /Applications/XAMPP/xamppfiles/htdocs/NinesQuares/yappo.loc/wordpress/wp-content/plugins/sitepress-multilingual-cms/vendor/wpml/fp/core/Promise.php(30): WPML\FP\Promise->resolve(Object(WPML\FP\Right))
#17 /Applications/XAMPP/xamppfiles/htdocs/NinesQuares/yappo.loc/wordpress/wp-content/plugins/sitepress-multilingual-cms/vendor/wpml/fp/core/Promise.php(30): WPML\FP\Promise->resolve(Object(WPML\FP\Right))
#18 /Applications/XAMPP/xamppfiles/htdocs/NinesQuares/yappo.loc/wordpress/wp-content/plugins/sitepress-multilingual-cms/vendor/wpml/fp/core/Promise.php(30): WPML\FP\Promise->resolve(Object(WPML\FP\Right))
#19 /Applications/XAMPP/xamppfiles/htdocs/NinesQuares/yappo.loc/wordpress/wp-content/plugins/sitepress-multilingual-cms/vendor/wpml/fp/core/Promise.php(30): WPML\FP\Promise->resolve(Object(WPML\FP\Right))
#20 /Applications/XAMPP/xamppfiles/htdocs/NinesQuares/yappo.loc/wordpress/wp-content/plugins/sitepress-multilingual-cms/vendor/wpml/wp/classes/Hooks.php(50): WPML\FP\Promise->resolve(Object(WPML\FP\Right))
#21 /Applications/XAMPP/xamppfiles/htdocs/NinesQuares/yappo.loc/wordpress/wp-includes/class-wp-hook.php(308): WPML\LIB\WP\Hooks::WPML\LIB\WP\{closure}('')
#22 /Applications/XAMPP/xamppfiles/htdocs/NinesQuares/yappo.loc/wordpress/wp-includes/class-wp-hook.php(332): WP_Hook->apply_filters('', Array)
#23 /Applications/XAMPP/xamppfiles/htdocs/NinesQuares/yappo.loc/wordpress/wp-includes/plugin.php(517): WP_Hook->do_action(Array)
#24 /Applications/XAMPP/xamppfiles/htdocs/NinesQuares/yappo.loc/wordpress/wp-admin/admin-ajax.php(188): do_action('wp_ajax_wpml_ac...')
#25 {main}
  thrown - File: /Applications/XAMPP/xamppfiles/htdocs/NinesQuares/yappo.loc/wordpress/wp-content/plugins/sitepress-multilingual-cms/vendor/wpml/core-api/core/BackgroundTask/Repository/BackgroundTaskRepository.php Line: 101 | Is it Fatal Error? Yes | Is it Thrown by WP STAGING? No
